INFO:validation.tuning:Finished cross validaton on: {'layerwise_progress_thresh': 0.1, 'kernel_size': 64, 'kernel_mean': 0.0, 'strip_length': 5, 'l2_ratio': 0.00032718713386333166, 'memory_factor': 1, 'kernel_std': 0.7299955116925846, 'progress_thresh': 0.1, 'network_fn': <function kernel_example_layout_fn at 0x7febc8a09f28>, 'batch_size': 32, 'hidden_units': 32, 'lr_decay': 0.6969004822662989, 'max_epochs': 10000, 'n_threads': 4, 'lr': 0.00010969356643054576, 'lr_decay_epochs': 580.803466010396, 'num_layers': 1} 

INFO:validation.tuning:Results: {'val_error': 0.028125000000000001, 'epoch': 332.5, 'val_loss': 0.38983455, 'train_error': 0.11458333134651184, 'train_loss': 0.41946563} 

INFO:validation.tuning:Finished cross validaton on: {'layerwise_progress_thresh': 0.1, 'kernel_size': 64, 'kernel_mean': 0.0, 'strip_length': 5, 'l2_ratio': 0.00016353307572593222, 'memory_factor': 1, 'kernel_std': 0.5571169258135731, 'progress_thresh': 0.1, 'network_fn': <function kernel_example_layout_fn at 0x7febc8a09f28>, 'batch_size': 16, 'hidden_units': 64, 'lr_decay': 0.8110566659606699, 'max_epochs': 10000, 'n_threads': 4, 'lr': 0.00015634590749318792, 'lr_decay_epochs': 949.2850025157093, 'num_layers': 1} 

INFO:validation.tuning:Results: {'val_error': 0.068749994039535522, 'epoch': 115.0, 'val_loss': 0.42856818, 'train_error': 0.12104166746139526, 'train_loss': 0.4249877} 

INFO:validation.tuning:Finished cross validaton on: {'layerwise_progress_thresh': 0.1, 'kernel_size': 32, 'kernel_mean': 0.0, 'strip_length': 5, 'l2_ratio': 0.001744874085603003, 'memory_factor': 1, 'kernel_std': 0.6294537599639284, 'progress_thresh': 0.1, 'network_fn': <function kernel_example_layout_fn at 0x7febc8a09f28>, 'batch_size': 16, 'hidden_units': 64, 'lr_decay': 0.5963687510562868, 'max_epochs': 10000, 'n_threads': 4, 'lr': 0.0008889352527397989, 'lr_decay_epochs': 517.6624384206723, 'num_layers': 1} 

INFO:validation.tuning:Results: {'val_error': 0.056250000000000001, 'epoch': 50.0, 'val_loss': 0.36560652, 'train_error': 0.078124988079071048, 'train_loss': 0.33140951} 

INFO:validation.tuning:Finished cross validaton on: {'layerwise_progress_thresh': 0.1, 'kernel_size': 32, 'kernel_mean': 0.0, 'strip_length': 5, 'l2_ratio': 0.005255795713348152, 'memory_factor': 1, 'kernel_std': 0.017093512581372823, 'progress_thresh': 0.1, 'network_fn': <function kernel_example_layout_fn at 0x7febc8a09f28>, 'batch_size': 16, 'hidden_units': 64, 'lr_decay': 0.9018393578307813, 'max_epochs': 10000, 'n_threads': 4, 'lr': 0.00023723086423683057, 'lr_decay_epochs': 650.985689994215, 'num_layers': 1} 

INFO:validation.tuning:Results: {'val_error': 0.054166662693023684, 'epoch': 137.5, 'val_loss': 0.50856608, 'train_error': 0.17312499284744262, 'train_loss': 0.56146204} 

INFO:validation.tuning:Finished cross validaton on: {'layerwise_progress_thresh': 0.1, 'kernel_size': 64, 'kernel_mean': 0.0, 'strip_length': 5, 'l2_ratio': 0.0005304201591156379, 'memory_factor': 1, 'kernel_std': 0.06957416455646387, 'progress_thresh': 0.1, 'network_fn': <function kernel_example_layout_fn at 0x7febc8a09f28>, 'batch_size': 32, 'hidden_units': 64, 'lr_decay': 0.3747439801525507, 'max_epochs': 10000, 'n_threads': 4, 'lr': 0.0006590060363343021, 'lr_decay_epochs': 900.6632586226675, 'num_layers': 1} 

INFO:validation.tuning:Results: {'val_error': 0.018749999999999999, 'epoch': 117.5, 'val_loss': 0.20780173, 'train_error': 0.11583333015441895, 'train_loss': 0.32667533} 

INFO:validation.tuning:Finished cross validaton on: {'layerwise_progress_thresh': 0.1, 'kernel_size': 32, 'kernel_mean': 0.0, 'strip_length': 5, 'l2_ratio': 0.0021122009277354465, 'memory_factor': 1, 'kernel_std': 0.8508999438512274, 'progress_thresh': 0.1, 'network_fn': <function kernel_example_layout_fn at 0x7febc8a09f28>, 'batch_size': 16, 'hidden_units': 64, 'lr_decay': 0.923174607764401, 'max_epochs': 10000, 'n_threads': 4, 'lr': 1.8671845282162456e-05, 'lr_decay_epochs': 829.4027799959891, 'num_layers': 1} 

INFO:validation.tuning:Results: {'val_error': 0.32083332836627959, 'epoch': 75.0, 'val_loss': 0.72261667, 'train_error': 0.37458333373069763, 'train_loss': 0.72219628} 

INFO:validation.tuning:Finished cross validaton on: {'layerwise_progress_thresh': 0.1, 'kernel_size': 32, 'kernel_mean': 0.0, 'strip_length': 5, 'l2_ratio': 0.00039828179008344203, 'memory_factor': 1, 'kernel_std': 0.5974188104108994, 'progress_thresh': 0.1, 'network_fn': <function kernel_example_layout_fn at 0x7febc8a09f28>, 'batch_size': 32, 'hidden_units': 32, 'lr_decay': 0.6604255745002602, 'max_epochs': 10000, 'n_threads': 4, 'lr': 2.031762733834104e-05, 'lr_decay_epochs': 623.649836823278, 'num_layers': 1} 

INFO:validation.tuning:Results: {'val_error': 0.24374999999999999, 'epoch': 57.5, 'val_loss': 0.65809023, 'train_error': 0.35395834147930144, 'train_loss': 0.66251385} 

INFO:validation.tuning:Finished cross validaton on: {'layerwise_progress_thresh': 0.1, 'kernel_size': 64, 'kernel_mean': 0.0, 'strip_length': 5, 'l2_ratio': 0.000498944521094332, 'memory_factor': 1, 'kernel_std': 0.04955222037721198, 'progress_thresh': 0.1, 'network_fn': <function kernel_example_layout_fn at 0x7febc8a09f28>, 'batch_size': 16, 'hidden_units': 32, 'lr_decay': 0.7693471056935423, 'max_epochs': 10000, 'n_threads': 4, 'lr': 0.0004448025492519212, 'lr_decay_epochs': 525.7738497955456, 'num_layers': 1} 

INFO:validation.tuning:Results: {'val_error': 0.052083325386047361, 'epoch': 85.0, 'val_loss': 0.29534706, 'train_error': 0.14249999523162843, 'train_loss': 0.39984915} 

INFO:validation.tuning:Finished cross validaton on: {'layerwise_progress_thresh': 0.1, 'kernel_size': 64, 'kernel_mean': 0.0, 'strip_length': 5, 'l2_ratio': 0.0006828032729313307, 'memory_factor': 1, 'kernel_std': 0.04054391726467118, 'progress_thresh': 0.1, 'network_fn': <function kernel_example_layout_fn at 0x7febc8a09f28>, 'batch_size': 16, 'hidden_units': 32, 'lr_decay': 0.5170420303308493, 'max_epochs': 10000, 'n_threads': 4, 'lr': 3.155884911408687e-05, 'lr_decay_epochs': 276.2768714671214, 'num_layers': 1} 

INFO:validation.tuning:Results: {'val_error': 0.19583334326744078, 'epoch': 212.5, 'val_loss': 0.5974102, 'train_error': 0.30979167222976683, 'train_loss': 0.62635183} 

INFO:validation.tuning:Finished cross validaton on: {'layerwise_progress_thresh': 0.1, 'kernel_size': 64, 'kernel_mean': 0.0, 'strip_length': 5, 'l2_ratio': 0.000233735435226156, 'memory_factor': 1, 'kernel_std': 0.5282624954607864, 'progress_thresh': 0.1, 'network_fn': <function kernel_example_layout_fn at 0x7febc8a09f28>, 'batch_size': 32, 'hidden_units': 32, 'lr_decay': 0.6205216544136424, 'max_epochs': 10000, 'n_threads': 4, 'lr': 3.063898869127777e-05, 'lr_decay_epochs': 415.01809652792923, 'num_layers': 1} 

INFO:validation.tuning:Results: {'val_error': 0.096875000000000003, 'epoch': 207.5, 'val_loss': 0.6160903, 'train_error': 0.22499999403953552, 'train_loss': 0.63148087} 

INFO:validation.tuning:Finished cross validaton on: {'layerwise_progress_thresh': 0.1, 'kernel_size': 32, 'kernel_mean': 0.0, 'strip_length': 5, 'l2_ratio': 0.0078119996878189355, 'memory_factor': 1, 'kernel_std': 0.49648687384272994, 'progress_thresh': 0.1, 'network_fn': <function kernel_example_layout_fn at 0x7febc8a09f28>, 'batch_size': 32, 'hidden_units': 32, 'lr_decay': 0.11806933524840241, 'max_epochs': 10000, 'n_threads': 4, 'lr': 0.00044476282892028416, 'lr_decay_epochs': 425.7580376772282, 'num_layers': 1} 

INFO:validation.tuning:Results: {'val_error': 0.028125000000000001, 'epoch': 62.5, 'val_loss': 0.36076975, 'train_error': 0.11333333849906921, 'train_loss': 0.41457075} 

INFO:validation.tuning:Finished cross validaton on: {'layerwise_progress_thresh': 0.1, 'kernel_size': 32, 'kernel_mean': 0.0, 'strip_length': 5, 'l2_ratio': 0.0002782084523422311, 'memory_factor': 1, 'kernel_std': 0.5116220890466475, 'progress_thresh': 0.1, 'network_fn': <function kernel_example_layout_fn at 0x7febc8a09f28>, 'batch_size': 32, 'hidden_units': 64, 'lr_decay': 0.7711752864559261, 'max_epochs': 10000, 'n_threads': 4, 'lr': 0.0004917770503340995, 'lr_decay_epochs': 315.26282978134066, 'num_layers': 1} 

INFO:validation.tuning:Results: {'val_error': 0.021874999999999999, 'epoch': 172.5, 'val_loss': 0.29381126, 'train_error': 0.068750005960464475, 'train_loss': 0.26075274} 

INFO:validation.tuning:Finished cross validaton on: {'layerwise_progress_thresh': 0.1, 'kernel_size': 64, 'kernel_mean': 0.0, 'strip_length': 5, 'l2_ratio': 0.003340442901399799, 'memory_factor': 1, 'kernel_std': 0.10327124527036968, 'progress_thresh': 0.1, 'network_fn': <function kernel_example_layout_fn at 0x7febc8a09f28>, 'batch_size': 16, 'hidden_units': 64, 'lr_decay': 0.937849587524044, 'max_epochs': 10000, 'n_threads': 4, 'lr': 0.0004392713784119128, 'lr_decay_epochs': 599.260099028005, 'num_layers': 1} 

INFO:validation.tuning:Results: {'val_error': 0.047916668653488162, 'epoch': 57.5, 'val_loss': 0.30791229, 'train_error': 0.11812500357627868, 'train_loss': 0.3803969} 

INFO:validation.tuning:Finished cross validaton on: {'layerwise_progress_thresh': 0.1, 'kernel_size': 64, 'kernel_mean': 0.0, 'strip_length': 5, 'l2_ratio': 0.000587176370284375, 'memory_factor': 1, 'kernel_std': 0.8029434003326713, 'progress_thresh': 0.1, 'network_fn': <function kernel_example_layout_fn at 0x7febc8a09f28>, 'batch_size': 32, 'hidden_units': 64, 'lr_decay': 0.8910309502338538, 'max_epochs': 10000, 'n_threads': 4, 'lr': 0.000590831307793528, 'lr_decay_epochs': 542.6060491965129, 'num_layers': 1} 

INFO:validation.tuning:Results: {'val_error': 0.084375000000000006, 'epoch': 115.0, 'val_loss': 0.43205458, 'train_error': 0.065208327770233152, 'train_loss': 0.30895972} 

INFO:validation.tuning:Finished cross validaton on: {'layerwise_progress_thresh': 0.1, 'kernel_size': 64, 'kernel_mean': 0.0, 'strip_length': 5, 'l2_ratio': 0.0002960292031258897, 'memory_factor': 1, 'kernel_std': 0.6377332261241018, 'progress_thresh': 0.1, 'network_fn': <function kernel_example_layout_fn at 0x7febc8a09f28>, 'batch_size': 32, 'hidden_units': 64, 'lr_decay': 0.3710339017647377, 'max_epochs': 10000, 'n_threads': 4, 'lr': 2.8981106529785104e-05, 'lr_decay_epochs': 568.6217260615292, 'num_layers': 1} 

INFO:validation.tuning:Results: {'val_error': 0.22812499999999999, 'epoch': 147.5, 'val_loss': 0.64850157, 'train_error': 0.30041666626930236, 'train_loss': 0.64187729} 

INFO:validation.tuning:Finished cross validaton on: {'layerwise_progress_thresh': 0.1, 'kernel_size': 32, 'kernel_mean': 0.0, 'strip_length': 5, 'l2_ratio': 0.0010778320324893145, 'memory_factor': 1, 'kernel_std': 0.5563454036971905, 'progress_thresh': 0.1, 'network_fn': <function kernel_example_layout_fn at 0x7febc8a09f28>, 'batch_size': 32, 'hidden_units': 32, 'lr_decay': 0.5508746940606994, 'max_epochs': 10000, 'n_threads': 4, 'lr': 0.0004306206421773362, 'lr_decay_epochs': 316.0907646922276, 'num_layers': 1} 

INFO:validation.tuning:Results: {'val_error': 0.028125000000000001, 'epoch': 157.5, 'val_loss': 0.34799281, 'train_error': 0.11395833492279053, 'train_loss': 0.3756462} 

INFO:validation.tuning:Finished cross validaton on: {'layerwise_progress_thresh': 0.1, 'kernel_size': 64, 'kernel_mean': 0.0, 'strip_length': 5, 'l2_ratio': 0.0008660144004120877, 'memory_factor': 1, 'kernel_std': 0.0654541438998518, 'progress_thresh': 0.1, 'network_fn': <function kernel_example_layout_fn at 0x7febc8a09f28>, 'batch_size': 16, 'hidden_units': 64, 'lr_decay': 0.6019915713421128, 'max_epochs': 10000, 'n_threads': 4, 'lr': 1.2511325779418783e-05, 'lr_decay_epochs': 270.1085350884732, 'num_layers': 1} 

INFO:validation.tuning:Results: {'val_error': 0.23124999403953553, 'epoch': 115.0, 'val_loss': 0.66521931, 'train_error': 0.33354167342185975, 'train_loss': 0.67739916} 

INFO:validation.tuning:Finished cross validaton on: {'layerwise_progress_thresh': 0.1, 'kernel_size': 32, 'kernel_mean': 0.0, 'strip_length': 5, 'l2_ratio': 0.0014819627950736728, 'memory_factor': 1, 'kernel_std': 0.5346255146242309, 'progress_thresh': 0.1, 'network_fn': <function kernel_example_layout_fn at 0x7febc8a09f28>, 'batch_size': 16, 'hidden_units': 64, 'lr_decay': 0.14326217636536417, 'max_epochs': 10000, 'n_threads': 4, 'lr': 0.0001318771247101019, 'lr_decay_epochs': 439.9697260630775, 'num_layers': 1} 

INFO:validation.tuning:Results: {'val_error': 0.1125, 'epoch': 77.5, 'val_loss': 0.52565253, 'train_error': 0.15937500596046447, 'train_loss': 0.52405673} 

INFO:validation.tuning:Finished cross validaton on: {'layerwise_progress_thresh': 0.1, 'kernel_size': 64, 'kernel_mean': 0.0, 'strip_length': 5, 'l2_ratio': 0.0021070373613663353, 'memory_factor': 1, 'kernel_std': 0.44706282473228265, 'progress_thresh': 0.1, 'network_fn': <function kernel_example_layout_fn at 0x7febc8a09f28>, 'batch_size': 32, 'hidden_units': 32, 'lr_decay': 0.8872618970328165, 'max_epochs': 10000, 'n_threads': 4, 'lr': 0.0007566677625481974, 'lr_decay_epochs': 716.0728493717703, 'num_layers': 1} 

INFO:validation.tuning:Results: {'val_error': 0.043749999999999997, 'epoch': 77.5, 'val_loss': 0.3153238, 'train_error': 0.097291660308837888, 'train_loss': 0.34018847} 

INFO:validation.tuning:Finished cross validaton on: {'layerwise_progress_thresh': 0.1, 'kernel_size': 32, 'kernel_mean': 0.0, 'strip_length': 5, 'l2_ratio': 0.0022185720647574605, 'memory_factor': 1, 'kernel_std': 0.6654449315109348, 'progress_thresh': 0.1, 'network_fn': <function kernel_example_layout_fn at 0x7febc8a09f28>, 'batch_size': 32, 'hidden_units': 64, 'lr_decay': 0.5077467889860012, 'max_epochs': 10000, 'n_threads': 4, 'lr': 0.0001573759229922178, 'lr_decay_epochs': 763.9249654039523, 'num_layers': 1} 

INFO:validation.tuning:Results: {'val_error': 0.071874999999999994, 'epoch': 195.0, 'val_loss': 0.50480306, 'train_error': 0.11979166865348816, 'train_loss': 0.48681587} 

INFO:validation.tuning:Finished cross validaton on: {'layerwise_progress_thresh': 0.1, 'kernel_size': 64, 'kernel_mean': 0.0, 'strip_length': 5, 'l2_ratio': 0.008257766989159403, 'memory_factor': 1, 'kernel_std': 0.42902373324343696, 'progress_thresh': 0.1, 'network_fn': <function kernel_example_layout_fn at 0x7febc8a09f28>, 'batch_size': 32, 'hidden_units': 64, 'lr_decay': 0.6369466372228073, 'max_epochs': 10000, 'n_threads': 4, 'lr': 0.0004825308421904284, 'lr_decay_epochs': 690.5055256524361, 'num_layers': 1} 

INFO:validation.tuning:Results: {'val_error': 0.021874999999999999, 'epoch': 120.0, 'val_loss': 0.30145961, 'train_error': 0.10895833373069763, 'train_loss': 0.38242432} 

INFO:validation.tuning:Finished cross validaton on: {'layerwise_progress_thresh': 0.1, 'kernel_size': 32, 'kernel_mean': 0.0, 'strip_length': 5, 'l2_ratio': 0.009736721366347, 'memory_factor': 1, 'kernel_std': 0.14797508501446305, 'progress_thresh': 0.1, 'network_fn': <function kernel_example_layout_fn at 0x7febc8a09f28>, 'batch_size': 16, 'hidden_units': 64, 'lr_decay': 0.6196159649500681, 'max_epochs': 10000, 'n_threads': 4, 'lr': 0.0002446637370366167, 'lr_decay_epochs': 787.890181856488, 'num_layers': 1} 

INFO:validation.tuning:Results: {'val_error': 0.064583337306976324, 'epoch': 67.5, 'val_loss': 0.41457605, 'train_error': 0.12604165077209473, 'train_loss': 0.47547835} 

INFO:validation.tuning:Finished cross validaton on: {'layerwise_progress_thresh': 0.1, 'kernel_size': 32, 'kernel_mean': 0.0, 'strip_length': 5, 'l2_ratio': 0.00011973140748302585, 'memory_factor': 1, 'kernel_std': 0.2836307338847172, 'progress_thresh': 0.1, 'network_fn': <function kernel_example_layout_fn at 0x7febc8a09f28>, 'batch_size': 32, 'hidden_units': 32, 'lr_decay': 0.5904660803913763, 'max_epochs': 10000, 'n_threads': 4, 'lr': 0.0004300833975580164, 'lr_decay_epochs': 850.8990029686315, 'num_layers': 1} 

INFO:validation.tuning:Results: {'val_error': 0.053124999999999999, 'epoch': 95.0, 'val_loss': 0.35079679, 'train_error': 0.14250000715255737, 'train_loss': 0.4093276} 

INFO:validation.tuning:Finished cross validaton on: {'layerwise_progress_thresh': 0.1, 'kernel_size': 64, 'kernel_mean': 0.0, 'strip_length': 5, 'l2_ratio': 0.0007533178508394391, 'memory_factor': 1, 'kernel_std': 0.4716542146756335, 'progress_thresh': 0.1, 'network_fn': <function kernel_example_layout_fn at 0x7febc8a09f28>, 'batch_size': 16, 'hidden_units': 64, 'lr_decay': 0.4735317655750073, 'max_epochs': 10000, 'n_threads': 4, 'lr': 0.00042339370071961394, 'lr_decay_epochs': 124.30405023248682, 'num_layers': 1} 

INFO:validation.tuning:Results: {'val_error': 0.054166662693023684, 'epoch': 72.5, 'val_loss': 0.33230418, 'train_error': 0.084791666269302374, 'train_loss': 0.31506726} 

INFO:validation.tuning:Finished cross validaton on: {'layerwise_progress_thresh': 0.1, 'kernel_size': 64, 'kernel_mean': 0.0, 'strip_length': 5, 'l2_ratio': 0.004124385011742797, 'memory_factor': 1, 'kernel_std': 0.013732956746272746, 'progress_thresh': 0.1, 'network_fn': <function kernel_example_layout_fn at 0x7febc8a09f28>, 'batch_size': 32, 'hidden_units': 64, 'lr_decay': 0.5794890061891395, 'max_epochs': 10000, 'n_threads': 4, 'lr': 3.004109509264046e-05, 'lr_decay_epochs': 852.7130068107107, 'num_layers': 1} 

INFO:validation.tuning:Results: {'val_error': 0.234375, 'epoch': 105.0, 'val_loss': 0.72185123, 'train_error': 0.42729167044162752, 'train_loss': 0.74946433} 

INFO:validation.tuning:Finished cross validaton on: {'layerwise_progress_thresh': 0.1, 'kernel_size': 64, 'kernel_mean': 0.0, 'strip_length': 5, 'l2_ratio': 0.00020015735328545535, 'memory_factor': 1, 'kernel_std': 0.1538350235239796, 'progress_thresh': 0.1, 'network_fn': <function kernel_example_layout_fn at 0x7febc8a09f28>, 'batch_size': 16, 'hidden_units': 64, 'lr_decay': 0.25129032056441203, 'max_epochs': 10000, 'n_threads': 4, 'lr': 0.0002789485033804631, 'lr_decay_epochs': 353.43919680384886, 'num_layers': 1} 

INFO:validation.tuning:Results: {'val_error': 0.058333331346511842, 'epoch': 82.5, 'val_loss': 0.28358316, 'train_error': 0.12229167222976685, 'train_loss': 0.35187939} 

INFO:validation.tuning:Finished cross validaton on: {'layerwise_progress_thresh': 0.1, 'kernel_size': 32, 'kernel_mean': 0.0, 'strip_length': 5, 'l2_ratio': 0.0005651902653505443, 'memory_factor': 1, 'kernel_std': 0.1845390272527686, 'progress_thresh': 0.1, 'network_fn': <function kernel_example_layout_fn at 0x7febc8a09f28>, 'batch_size': 16, 'hidden_units': 32, 'lr_decay': 0.7024059756194464, 'max_epochs': 10000, 'n_threads': 4, 'lr': 9.644117115547272e-05, 'lr_decay_epochs': 671.2504756239803, 'num_layers': 1} 

INFO:validation.tuning:Results: {'val_error': 0.05208333730697632, 'epoch': 167.5, 'val_loss': 0.34460485, 'train_error': 0.13250000476837159, 'train_loss': 0.42561287} 

INFO:validation.tuning:Finished cross validaton on: {'layerwise_progress_thresh': 0.1, 'kernel_size': 64, 'kernel_mean': 0.0, 'strip_length': 5, 'l2_ratio': 0.004247669251611858, 'memory_factor': 1, 'kernel_std': 0.21298863899169954, 'progress_thresh': 0.1, 'network_fn': <function kernel_example_layout_fn at 0x7febc8a09f28>, 'batch_size': 32, 'hidden_units': 64, 'lr_decay': 0.4016300556194925, 'max_epochs': 10000, 'n_threads': 4, 'lr': 3.092968627432885e-05, 'lr_decay_epochs': 907.3382962796985, 'num_layers': 1} 

INFO:validation.tuning:Results: {'val_error': 0.11874999999999999, 'epoch': 150.0, 'val_loss': 0.63064063, 'train_error': 0.25375000238418577, 'train_loss': 0.67505419} 

INFO:validation.tuning:Finished cross validaton on: {'layerwise_progress_thresh': 0.1, 'kernel_size': 64, 'kernel_mean': 0.0, 'strip_length': 5, 'l2_ratio': 0.0005981887823738514, 'memory_factor': 1, 'kernel_std': 0.9816335352109644, 'progress_thresh': 0.1, 'network_fn': <function kernel_example_layout_fn at 0x7febc8a09f28>, 'batch_size': 32, 'hidden_units': 64, 'lr_decay': 0.5028520589868793, 'max_epochs': 10000, 'n_threads': 4, 'lr': 6.176819893734366e-05, 'lr_decay_epochs': 854.9158051651265, 'num_layers': 1} 

INFO:validation.tuning:Results: {'val_error': 0.1875, 'epoch': 147.5, 'val_loss': 0.62984157, 'train_error': 0.18187500834465026, 'train_loss': 0.57569152} 

INFO:validation.tuning:Finished cross validaton on: {'layerwise_progress_thresh': 0.1, 'kernel_size': 32, 'kernel_mean': 0.0, 'strip_length': 5, 'l2_ratio': 0.0027231722544690967, 'memory_factor': 1, 'kernel_std': 0.01833641647182635, 'progress_thresh': 0.1, 'network_fn': <function kernel_example_layout_fn at 0x7febc8a09f28>, 'batch_size': 32, 'hidden_units': 64, 'lr_decay': 0.7922801028474857, 'max_epochs': 10000, 'n_threads': 4, 'lr': 0.0004197598919493945, 'lr_decay_epochs': 158.80735658582992, 'num_layers': 1} 

INFO:validation.tuning:Results: {'val_error': 0.037499999999999999, 'epoch': 230.0, 'val_loss': 0.3838636, 'train_error': 0.13666667342185973, 'train_loss': 0.47632647} 

INFO:validation.tuning:Finished cross validaton on: {'layerwise_progress_thresh': 0.1, 'kernel_size': 32, 'kernel_mean': 0.0, 'strip_length': 5, 'l2_ratio': 0.0004012048959884161, 'memory_factor': 1, 'kernel_std': 0.41803012470060763, 'progress_thresh': 0.1, 'network_fn': <function kernel_example_layout_fn at 0x7febc8a09f28>, 'batch_size': 16, 'hidden_units': 32, 'lr_decay': 0.9958115548314479, 'max_epochs': 10000, 'n_threads': 4, 'lr': 9.627510155785983e-05, 'lr_decay_epochs': 441.4384172838896, 'num_layers': 1} 

INFO:validation.tuning:Results: {'val_error': 0.045833343267440797, 'epoch': 192.5, 'val_loss': 0.35041171, 'train_error': 0.12062500119209289, 'train_loss': 0.37508419} 

INFO:validation.tuning:Finished cross validaton on: {'layerwise_progress_thresh': 0.1, 'kernel_size': 64, 'kernel_mean': 0.0, 'strip_length': 5, 'l2_ratio': 0.0009535262499670042, 'memory_factor': 1, 'kernel_std': 0.7591045044997045, 'progress_thresh': 0.1, 'network_fn': <function kernel_example_layout_fn at 0x7febc8a09f28>, 'batch_size': 16, 'hidden_units': 64, 'lr_decay': 0.415554217347496, 'max_epochs': 10000, 'n_threads': 4, 'lr': 3.4752056470643214e-05, 'lr_decay_epochs': 643.1968237197244, 'num_layers': 1} 

INFO:validation.tuning:Results: {'val_error': 0.23541667461395263, 'epoch': 95.0, 'val_loss': 0.65241337, 'train_error': 0.26687500476837156, 'train_loss': 0.62903678} 

INFO:validation.tuning:Finished cross validaton on: {'layerwise_progress_thresh': 0.1, 'kernel_size': 64, 'kernel_mean': 0.0, 'strip_length': 5, 'l2_ratio': 0.001073057737886009, 'memory_factor': 1, 'kernel_std': 0.24171736737760485, 'progress_thresh': 0.1, 'network_fn': <function kernel_example_layout_fn at 0x7febc8a09f28>, 'batch_size': 32, 'hidden_units': 32, 'lr_decay': 0.6804962610655622, 'max_epochs': 10000, 'n_threads': 4, 'lr': 0.0008107415273816486, 'lr_decay_epochs': 497.5983268725445, 'num_layers': 1} 

INFO:validation.tuning:Results: {'val_error': 0.046875, 'epoch': 37.5, 'val_loss': 0.29835349, 'train_error': 0.12479166984558106, 'train_loss': 0.38631034} 

INFO:validation.tuning:Finished cross validaton on: {'layerwise_progress_thresh': 0.1, 'kernel_size': 64, 'kernel_mean': 0.0, 'strip_length': 5, 'l2_ratio': 0.0036872166216647315, 'memory_factor': 1, 'kernel_std': 0.6321086974137069, 'progress_thresh': 0.1, 'network_fn': <function kernel_example_layout_fn at 0x7febc8a09f28>, 'batch_size': 32, 'hidden_units': 64, 'lr_decay': 0.2106206223791535, 'max_epochs': 10000, 'n_threads': 4, 'lr': 0.0005532621941849007, 'lr_decay_epochs': 515.8044729624962, 'num_layers': 1} 

INFO:validation.tuning:Results: {'val_error': 0.046875, 'epoch': 145.0, 'val_loss': 0.39683706, 'train_error': 0.067083323001861567, 'train_loss': 0.36369613} 

INFO:validation.tuning:Finished cross validaton on: {'layerwise_progress_thresh': 0.1, 'kernel_size': 64, 'kernel_mean': 0.0, 'strip_length': 5, 'l2_ratio': 0.00019476787264829175, 'memory_factor': 1, 'kernel_std': 0.6478218684905378, 'progress_thresh': 0.1, 'network_fn': <function kernel_example_layout_fn at 0x7febc8a09f28>, 'batch_size': 16, 'hidden_units': 64, 'lr_decay': 0.8753349985207987, 'max_epochs': 10000, 'n_threads': 4, 'lr': 0.00035360818277708616, 'lr_decay_epochs': 114.16527492327911, 'num_layers': 1} 

INFO:validation.tuning:Results: {'val_error': 0.056249994039535525, 'epoch': 92.5, 'val_loss': 0.34788018, 'train_error': 0.073958325386047366, 'train_loss': 0.28895205} 

INFO:validation.tuning:Finished cross validaton on: {'layerwise_progress_thresh': 0.1, 'kernel_size': 64, 'kernel_mean': 0.0, 'strip_length': 5, 'l2_ratio': 0.0028065826717144035, 'memory_factor': 1, 'kernel_std': 0.9656119899200337, 'progress_thresh': 0.1, 'network_fn': <function kernel_example_layout_fn at 0x7febc8a09f28>, 'batch_size': 32, 'hidden_units': 64, 'lr_decay': 0.4996201504730674, 'max_epochs': 10000, 'n_threads': 4, 'lr': 0.0006691039357592251, 'lr_decay_epochs': 555.2906575172678, 'num_layers': 1} 

INFO:validation.tuning:Results: {'val_error': 0.071874999999999994, 'epoch': 100.0, 'val_loss': 0.52553928, 'train_error': 0.045833337306976321, 'train_loss': 0.3749356} 

INFO:validation.tuning:Finished cross validaton on: {'layerwise_progress_thresh': 0.1, 'kernel_size': 32, 'kernel_mean': 0.0, 'strip_length': 5, 'l2_ratio': 0.0009530734334729691, 'memory_factor': 1, 'kernel_std': 0.9961343163533126, 'progress_thresh': 0.1, 'network_fn': <function kernel_example_layout_fn at 0x7febc8a09f28>, 'batch_size': 16, 'hidden_units': 32, 'lr_decay': 0.6496417905326421, 'max_epochs': 10000, 'n_threads': 4, 'lr': 2.2455874624182704e-05, 'lr_decay_epochs': 609.9046065211339, 'num_layers': 1} 

INFO:validation.tuning:Results: {'val_error': 0.22708333730697633, 'epoch': 47.5, 'val_loss': 0.63791138, 'train_error': 0.34916666150093079, 'train_loss': 0.64592344} 

INFO:validation.tuning:Finished cross validaton on: {'layerwise_progress_thresh': 0.1, 'kernel_size': 64, 'kernel_mean': 0.0, 'strip_length': 5, 'l2_ratio': 0.0071106450441570206, 'memory_factor': 1, 'kernel_std': 0.9025893712572725, 'progress_thresh': 0.1, 'network_fn': <function kernel_example_layout_fn at 0x7febc8a09f28>, 'batch_size': 16, 'hidden_units': 64, 'lr_decay': 0.9249470282020549, 'max_epochs': 10000, 'n_threads': 4, 'lr': 6.421956943325375e-05, 'lr_decay_epochs': 271.26630246418995, 'num_layers': 1} 

INFO:validation.tuning:Results: {'val_error': 0.23333334326744079, 'epoch': 157.5, 'val_loss': 0.76797819, 'train_error': 0.13541666269302369, 'train_loss': 0.70960176} 

INFO:validation.tuning:Finished cross validaton on: {'layerwise_progress_thresh': 0.1, 'kernel_size': 64, 'kernel_mean': 0.0, 'strip_length': 5, 'l2_ratio': 0.0005369626988898003, 'memory_factor': 1, 'kernel_std': 0.13863822827290714, 'progress_thresh': 0.1, 'network_fn': <function kernel_example_layout_fn at 0x7febc8a09f28>, 'batch_size': 32, 'hidden_units': 64, 'lr_decay': 0.378989124155549, 'max_epochs': 10000, 'n_threads': 4, 'lr': 1.257314881872964e-05, 'lr_decay_epochs': 300.9453411211908, 'num_layers': 1} 

INFO:validation.tuning:Results: {'val_error': 0.22187499999999999, 'epoch': 117.5, 'val_loss': 0.66800201, 'train_error': 0.34479167461395266, 'train_loss': 0.67970145} 

INFO:validation.tuning:Finished cross validaton on: {'layerwise_progress_thresh': 0.1, 'kernel_size': 32, 'kernel_mean': 0.0, 'strip_length': 5, 'l2_ratio': 0.002237391915202052, 'memory_factor': 1, 'kernel_std': 0.9666648044081629, 'progress_thresh': 0.1, 'network_fn': <function kernel_example_layout_fn at 0x7febc8a09f28>, 'batch_size': 32, 'hidden_units': 32, 'lr_decay': 0.18484304821369912, 'max_epochs': 10000, 'n_threads': 4, 'lr': 0.00030699760696555864, 'lr_decay_epochs': 395.4831014528513, 'num_layers': 1} 

INFO:validation.tuning:Results: {'val_error': 0.1125, 'epoch': 150.0, 'val_loss': 0.48363918, 'train_error': 0.12437500357627869, 'train_loss': 0.44666877} 

INFO:validation.tuning:Finished cross validaton on: {'layerwise_progress_thresh': 0.1, 'kernel_size': 64, 'kernel_mean': 0.0, 'strip_length': 5, 'l2_ratio': 0.000599053845808008, 'memory_factor': 1, 'kernel_std': 0.2756781868905236, 'progress_thresh': 0.1, 'network_fn': <function kernel_example_layout_fn at 0x7febc8a09f28>, 'batch_size': 16, 'hidden_units': 32, 'lr_decay': 0.5107813310438797, 'max_epochs': 10000, 'n_threads': 4, 'lr': 0.0008739869073945515, 'lr_decay_epochs': 304.9717819043452, 'num_layers': 1} 

INFO:validation.tuning:Results: {'val_error': 0.04166666269302368, 'epoch': 70.0, 'val_loss': 0.27283162, 'train_error': 0.10458333492279052, 'train_loss': 0.29986167} 

INFO:validation.tuning:Finished cross validaton on: {'layerwise_progress_thresh': 0.1, 'kernel_size': 64, 'kernel_mean': 0.0, 'strip_length': 5, 'l2_ratio': 0.0007146780803348067, 'memory_factor': 1, 'kernel_std': 0.4790491900272009, 'progress_thresh': 0.1, 'network_fn': <function kernel_example_layout_fn at 0x7febc8a09f28>, 'batch_size': 32, 'hidden_units': 64, 'lr_decay': 0.5078970208730151, 'max_epochs': 10000, 'n_threads': 4, 'lr': 0.00022796880508837067, 'lr_decay_epochs': 794.0950968849705, 'num_layers': 1} 

INFO:validation.tuning:Results: {'val_error': 0.078125, 'epoch': 100.0, 'val_loss': 0.48625731, 'train_error': 0.15604166984558104, 'train_loss': 0.4974753} 

INFO:validation.tuning:Finished cross validaton on: {'layerwise_progress_thresh': 0.1, 'kernel_size': 64, 'kernel_mean': 0.0, 'strip_length': 5, 'l2_ratio': 0.008880622167623883, 'memory_factor': 1, 'kernel_std': 0.8743436770403529, 'progress_thresh': 0.1, 'network_fn': <function kernel_example_layout_fn at 0x7febc8a09f28>, 'batch_size': 32, 'hidden_units': 64, 'lr_decay': 0.37105872533711737, 'max_epochs': 10000, 'n_threads': 4, 'lr': 1.8126744251629136e-05, 'lr_decay_epochs': 174.26379797239395, 'num_layers': 1} 

INFO:validation.tuning:Results: {'val_error': 0.26874999999999999, 'epoch': 122.5, 'val_loss': 0.88412392, 'train_error': 0.37458333671092986, 'train_loss': 0.88735521} 

INFO:validation.tuning:Finished cross validaton on: {'layerwise_progress_thresh': 0.1, 'kernel_size': 32, 'kernel_mean': 0.0, 'strip_length': 5, 'l2_ratio': 0.003423770448156208, 'memory_factor': 1, 'kernel_std': 0.6268306445035525, 'progress_thresh': 0.1, 'network_fn': <function kernel_example_layout_fn at 0x7febc8a09f28>, 'batch_size': 16, 'hidden_units': 32, 'lr_decay': 0.4160946359200933, 'max_epochs': 10000, 'n_threads': 4, 'lr': 2.8686490574262717e-05, 'lr_decay_epochs': 871.5240182753596, 'num_layers': 1} 

INFO:validation.tuning:Results: {'val_error': 0.11666666865348815, 'epoch': 282.5, 'val_loss': 0.56368655, 'train_error': 0.20770833492279053, 'train_loss': 0.59134215} 

INFO:validation.tuning:Finished cross validaton on: {'layerwise_progress_thresh': 0.1, 'kernel_size': 64, 'kernel_mean': 0.0, 'strip_length': 5, 'l2_ratio': 0.00013125936166162513, 'memory_factor': 1, 'kernel_std': 0.3544639710233485, 'progress_thresh': 0.1, 'network_fn': <function kernel_example_layout_fn at 0x7febc8a09f28>, 'batch_size': 16, 'hidden_units': 32, 'lr_decay': 0.5804576763147911, 'max_epochs': 10000, 'n_threads': 4, 'lr': 0.0002592472064323806, 'lr_decay_epochs': 475.7133821971411, 'num_layers': 1} 

INFO:validation.tuning:Results: {'val_error': 0.068749994039535522, 'epoch': 40.0, 'val_loss': 0.39610818, 'train_error': 0.13895833492279053, 'train_loss': 0.43041292} 

INFO:validation.tuning:Finished cross validaton on: {'layerwise_progress_thresh': 0.1, 'kernel_size': 64, 'kernel_mean': 0.0, 'strip_length': 5, 'l2_ratio': 0.000144295026099393, 'memory_factor': 1, 'kernel_std': 0.8986577955013291, 'progress_thresh': 0.1, 'network_fn': <function kernel_example_layout_fn at 0x7febc8a09f28>, 'batch_size': 32, 'hidden_units': 64, 'lr_decay': 0.612394584109966, 'max_epochs': 10000, 'n_threads': 4, 'lr': 2.2368829271704586e-05, 'lr_decay_epochs': 752.9212924817421, 'num_layers': 1} 

INFO:validation.tuning:Results: {'val_error': 0.24374999999999999, 'epoch': 130.0, 'val_loss': 0.67198455, 'train_error': 0.33895834088325499, 'train_loss': 0.66637027} 

INFO:validation.tuning:Finished cross validaton on: {'layerwise_progress_thresh': 0.1, 'kernel_size': 64, 'kernel_mean': 0.0, 'strip_length': 5, 'l2_ratio': 0.00020281166446744621, 'memory_factor': 1, 'kernel_std': 0.22778976793172084, 'progress_thresh': 0.1, 'network_fn': <function kernel_example_layout_fn at 0x7febc8a09f28>, 'batch_size': 16, 'hidden_units': 64, 'lr_decay': 0.24619665909906127, 'max_epochs': 10000, 'n_threads': 4, 'lr': 7.025963248886313e-05, 'lr_decay_epochs': 658.6540648742917, 'num_layers': 1} 

INFO:validation.tuning:Results: {'val_error': 0.054166668653488161, 'epoch': 112.5, 'val_loss': 0.43023285, 'train_error': 0.11625000238418579, 'train_loss': 0.45445761} 

INFO:validation.tuning:Finished cross validaton on: {'layerwise_progress_thresh': 0.1, 'kernel_size': 32, 'kernel_mean': 0.0, 'strip_length': 5, 'l2_ratio': 0.0012646630125676323, 'memory_factor': 1, 'kernel_std': 0.7630070490286852, 'progress_thresh': 0.1, 'network_fn': <function kernel_example_layout_fn at 0x7febc8a09f28>, 'batch_size': 32, 'hidden_units': 64, 'lr_decay': 0.7714628978322926, 'max_epochs': 10000, 'n_threads': 4, 'lr': 1.8874152743590348e-05, 'lr_decay_epochs': 508.92958777914487, 'num_layers': 1} 

INFO:validation.tuning:Results: {'val_error': 0.3125, 'epoch': 72.5, 'val_loss': 0.70287275, 'train_error': 0.40416666567325593, 'train_loss': 0.7080754} 

INFO:validation.tuning:Finished cross validaton on: {'layerwise_progress_thresh': 0.1, 'kernel_size': 32, 'kernel_mean': 0.0, 'strip_length': 5, 'l2_ratio': 0.00033215362197821884, 'memory_factor': 1, 'kernel_std': 0.24743878790786109, 'progress_thresh': 0.1, 'network_fn': <function kernel_example_layout_fn at 0x7febc8a09f28>, 'batch_size': 32, 'hidden_units': 32, 'lr_decay': 0.6483871978286406, 'max_epochs': 10000, 'n_threads': 4, 'lr': 0.0002598963962587111, 'lr_decay_epochs': 355.1382023718136, 'num_layers': 1} 

INFO:validation.tuning:Results: {'val_error': 0.034375000000000003, 'epoch': 100.0, 'val_loss': 0.32790869, 'train_error': 0.12937499880790709, 'train_loss': 0.40247363} 

INFO:validation.tuning:Finished cross validaton on: {'layerwise_progress_thresh': 0.1, 'kernel_size': 64, 'kernel_mean': 0.0, 'strip_length': 5, 'l2_ratio': 0.0005131762500500664, 'memory_factor': 1, 'kernel_std': 0.6680635892989112, 'progress_thresh': 0.1, 'network_fn': <function kernel_example_layout_fn at 0x7febc8a09f28>, 'batch_size': 32, 'hidden_units': 64, 'lr_decay': 0.6636971483302854, 'max_epochs': 10000, 'n_threads': 4, 'lr': 3.078879730594465e-05, 'lr_decay_epochs': 735.0850096347278, 'num_layers': 1} 

INFO:validation.tuning:Results: {'val_error': 0.24374999999999999, 'epoch': 100.0, 'val_loss': 0.65933299, 'train_error': 0.30187500119209287, 'train_loss': 0.64840972} 

INFO:validation.tuning:Using model {'layerwise_progress_thresh': 0.1, 'kernel_size': 64, 'kernel_mean': 0.0, 'strip_length': 5, 'l2_ratio': 0.0005304201591156379, 'memory_factor': 1, 'kernel_std': 0.06957416455646387, 'n_threads': 4, 'progress_thresh': 0.1, 'network_fn': <function kernel_example_layout_fn at 0x7febc8a09f28>, 'batch_size': 32, 'hidden_units': 64, 'lr_decay': 0.3747439801525507, 'max_epochs': 117.5, 'lr': 0.0006590060363343021, 'lr_decay_epochs': 900.6632586226675, 'num_layers': 1} for training with results {'val_error': 0.018749999999999999, 'epoch': 117.5, 'val_loss': 0.20780173, 'train_error': 0.11583333015441895, 'train_loss': 0.32667533}
INFO:validation.tuning:Running training [0] in aus/1519223897196
INFO:training.predict:Queue exhausted. Read all instances
INFO:validation.tuning:Training [0] got results {'train_error': 0.11764705181121826, 'loss': 0.3098492, 'error': 0.11594200134277344, 'l2': 0.017389428, 'train_l2': 0.017380731, 'time(s)': 6.187091588973999, 'train_loss': 0.33038661}
INFO:validation.tuning:Running training [1] in aus/1519223903906
INFO:training.predict:Queue exhausted. Read all instances
INFO:validation.tuning:Training [1] got results {'train_error': 0.11397057771682739, 'loss': 0.30517557, 'error': 0.086956501007080078, 'l2': 0.01789213, 'train_l2': 0.017886212, 'time(s)': 5.9099485874176025, 'train_loss': 0.33485782}
INFO:validation.tuning:Running training [2] in aus/1519223910339
INFO:training.predict:Queue exhausted. Read all instances
INFO:validation.tuning:Training [2] got results {'train_error': 0.095588207244873047, 'loss': 0.28563723, 'error': 0.086956501007080078, 'l2': 0.017056838, 'train_l2': 0.017032655, 'time(s)': 5.950169801712036, 'train_loss': 0.28513017}
INFO:validation.tuning:Running training [3] in aus/1519223916820
INFO:training.predict:Queue exhausted. Read all instances
INFO:validation.tuning:Training [3] got results {'train_error': 0.11397057771682739, 'loss': 0.3405208, 'error': 0.13043481111526489, 'l2': 0.016567994, 'train_l2': 0.016559348, 'time(s)': 6.25590443611145, 'train_loss': 0.33571288}
INFO:validation.tuning:Running training [4] in aus/1519223923609
INFO:training.predict:Queue exhausted. Read all instances
INFO:validation.tuning:Training [4] got results {'train_error': 0.10845589637756348, 'loss': 0.33790776, 'error': 0.14492756128311157, 'l2': 0.016342148, 'train_l2': 0.016339682, 'time(s)': 5.820069789886475, 'train_loss': 0.2998884}
INFO:validation.tuning:Running training [5] in aus/1519223930096
INFO:training.predict:Queue exhausted. Read all instances
INFO:validation.tuning:Training [5] got results {'train_error': 0.13235294818878174, 'loss': 0.29464835, 'error': 0.086956501007080078, 'l2': 0.01731115, 'train_l2': 0.017319312, 'time(s)': 5.782008409500122, 'train_loss': 0.34399775}
INFO:validation.tuning:Running training [6] in aus/1519223936403
INFO:training.predict:Queue exhausted. Read all instances
INFO:validation.tuning:Training [6] got results {'train_error': 0.12867647409439087, 'loss': 0.37009978, 'error': 0.13043481111526489, 'l2': 0.017411493, 'train_l2': 0.017401611, 'time(s)': 5.998896360397339, 'train_loss': 0.30984381}
INFO:validation.tuning:Running training [7] in aus/1519223942927
INFO:training.predict:Queue exhausted. Read all instances
INFO:validation.tuning:Training [7] got results {'train_error': 0.11213237047195435, 'loss': 0.36901426, 'error': 0.13043481111526489, 'l2': 0.015966775, 'train_l2': 0.015958879, 'time(s)': 5.927870512008667, 'train_loss': 0.30318046}
INFO:validation.tuning:Running training [8] in aus/1519223949378
INFO:training.predict:Queue exhausted. Read all instances
INFO:validation.tuning:Training [8] got results {'train_error': 0.11397057771682739, 'loss': 0.28197443, 'error': 0.10144925117492676, 'l2': 0.0165476, 'train_l2': 0.016553041, 'time(s)': 6.013360023498535, 'train_loss': 0.31825948}
INFO:validation.tuning:Running training [9] in aus/1519223955927
INFO:training.predict:Queue exhausted. Read all instances
INFO:validation.tuning:Training [9] got results {'train_error': 0.11213237047195435, 'loss': 0.38957652, 'error': 0.13043481111526489, 'l2': 0.01663056, 'train_l2': 0.016601017, 'time(s)': 5.740589380264282, 'train_loss': 0.30610016}
INFO:__main__:train_error: 0.114890 +- 0.009666
INFO:__main__:loss: 0.328440 +- 0.036572
INFO:__main__:error: 0.114493 +- 0.020952
INFO:__main__:l2: 0.016912 +- 0.000563
INFO:__main__:train_l2: 0.016903 +- 0.000563
INFO:__main__:time(s): 5.958591 +- 0.157005
INFO:__main__:train_loss: 0.316736 +- 0.018021
