INFO:validation.tuning:Finished evaluation on {'lr': 0.00020042240018872825, 'max_epochs': 10000, 'network_fn': <function kernel_example_layout_fn at 0x7f783360af28>, 'kernel_size': 64, 'lr_decay_epochs': 223.08483779636558, 'n_threads': 4, 'num_layers': 1, 'l2_ratio': 0.0038739917401227103, 'lr_decay': 0.6062797756882139, 'memory_factor': 2, 'strip_length': 5, 'kernel_std': 0.19222578827365067, 'batch_size': 128, 'progress_thresh': 0.1, 'hidden_units': 2048, 'layerwise_progress_thresh': 0.1, 'kernel_mean': 0.0}
INFO:validation.tuning:Obtained results {'train_error': 0.13111734390258789, 'train_loss': 0.37652737, 'val_loss': 0.35033655, 'epoch': 670, 'val_error': 0.091619312763214111}
INFO:validation.tuning:Finished evaluation on {'lr': 0.00041925353368714127, 'max_epochs': 10000, 'network_fn': <function kernel_example_layout_fn at 0x7f783360af28>, 'kernel_size': 64, 'lr_decay_epochs': 287.4344055163151, 'n_threads': 4, 'num_layers': 1, 'l2_ratio': 0.008191531953281986, 'lr_decay': 0.6583335369110462, 'memory_factor': 2, 'strip_length': 5, 'kernel_std': 0.6395901899807569, 'batch_size': 128, 'progress_thresh': 0.1, 'hidden_units': 1024, 'layerwise_progress_thresh': 0.1, 'kernel_mean': 0.0}
INFO:validation.tuning:Obtained results {'train_error': 0.13974058628082275, 'train_loss': 0.42718145, 'val_loss': 0.40759742, 'epoch': 145, 'val_error': 0.11505681276321411}
INFO:validation.tuning:Finished evaluation on {'lr': 0.001868115995400204, 'max_epochs': 10000, 'network_fn': <function kernel_example_layout_fn at 0x7f783360af28>, 'kernel_size': 512, 'lr_decay_epochs': 193.5863530050491, 'n_threads': 4, 'num_layers': 1, 'l2_ratio': 0.009984783454861434, 'lr_decay': 0.6580611660829588, 'memory_factor': 2, 'strip_length': 5, 'kernel_std': 0.4826035200295942, 'batch_size': 128, 'progress_thresh': 0.1, 'hidden_units': 512, 'layerwise_progress_thresh': 0.1, 'kernel_mean': 0.0}
INFO:validation.tuning:Obtained results {'train_error': 0.15573406219482422, 'train_loss': 0.44484687, 'val_loss': 0.42410362, 'epoch': 150, 'val_error': 0.13636362552642822}
INFO:validation.tuning:Finished evaluation on {'lr': 0.00045666578467185324, 'max_epochs': 10000, 'network_fn': <function kernel_example_layout_fn at 0x7f783360af28>, 'kernel_size': 512, 'lr_decay_epochs': 922.4636472622851, 'n_threads': 4, 'num_layers': 1, 'l2_ratio': 0.05522796456351977, 'lr_decay': 0.588484554355141, 'memory_factor': 2, 'strip_length': 5, 'kernel_std': 0.5950997073598022, 'batch_size': 128, 'progress_thresh': 0.1, 'hidden_units': 512, 'layerwise_progress_thresh': 0.1, 'kernel_mean': 0.0}
INFO:validation.tuning:Obtained results {'train_error': 0.21160084009170532, 'train_loss': 0.54179984, 'val_loss': 0.52171046, 'epoch': 370, 'val_error': 0.17400568723678589}
INFO:validation.tuning:Finished evaluation on {'lr': 0.00357353403328077, 'max_epochs': 10000, 'network_fn': <function kernel_example_layout_fn at 0x7f783360af28>, 'kernel_size': 128, 'lr_decay_epochs': 625.8292773705923, 'n_threads': 4, 'num_layers': 1, 'l2_ratio': 0.1406879316684092, 'lr_decay': 0.8995299956805892, 'memory_factor': 2, 'strip_length': 5, 'kernel_std': 0.25788516057989475, 'batch_size': 128, 'progress_thresh': 0.1, 'hidden_units': 512, 'layerwise_progress_thresh': 0.1, 'kernel_mean': 0.0}
INFO:validation.tuning:Obtained results {'train_error': 0.27130013704299927, 'train_loss': 0.61553025, 'val_loss': 0.61606622, 'epoch': 30, 'val_error': 0.23934656381607056}
INFO:validation.tuning:Finished evaluation on {'lr': 0.003141471480146418, 'max_epochs': 10000, 'network_fn': <function kernel_example_layout_fn at 0x7f783360af28>, 'kernel_size': 128, 'lr_decay_epochs': 960.5514669832379, 'n_threads': 4, 'num_layers': 1, 'l2_ratio': 0.19722684147262803, 'lr_decay': 0.10618383033946073, 'memory_factor': 2, 'strip_length': 5, 'kernel_std': 0.47910230276311844, 'batch_size': 128, 'progress_thresh': 0.1, 'hidden_units': 1024, 'layerwise_progress_thresh': 0.1, 'kernel_mean': 0.0}
INFO:validation.tuning:Obtained results {'train_error': 0.25891804695129395, 'train_loss': 0.60786772, 'val_loss': 0.60082448, 'epoch': 70, 'val_error': 0.23295456171035767}
INFO:validation.tuning:Finished evaluation on {'lr': 0.0001521680984393501, 'max_epochs': 10000, 'network_fn': <function kernel_example_layout_fn at 0x7f783360af28>, 'kernel_size': 256, 'lr_decay_epochs': 286.0376632931749, 'n_threads': 4, 'num_layers': 1, 'l2_ratio': 0.051833460740463716, 'lr_decay': 0.21516611729445673, 'memory_factor': 2, 'strip_length': 5, 'kernel_std': 0.44547743100421655, 'batch_size': 128, 'progress_thresh': 0.1, 'hidden_units': 512, 'layerwise_progress_thresh': 0.1, 'kernel_mean': 0.0}
INFO:validation.tuning:Obtained results {'train_error': 0.21432781219482422, 'train_loss': 0.54498267, 'val_loss': 0.52896178, 'epoch': 195, 'val_error': 0.20241475105285645}
INFO:validation.tuning:Finished evaluation on {'lr': 0.001047457772724412, 'max_epochs': 10000, 'network_fn': <function kernel_example_layout_fn at 0x7f783360af28>, 'kernel_size': 256, 'lr_decay_epochs': 575.8022351542643, 'n_threads': 4, 'num_layers': 1, 'l2_ratio': 0.8289384007492765, 'lr_decay': 0.7644442523035501, 'memory_factor': 2, 'strip_length': 5, 'kernel_std': 0.21497240638718756, 'batch_size': 128, 'progress_thresh': 0.1, 'hidden_units': 1024, 'layerwise_progress_thresh': 0.1, 'kernel_mean': 0.0}
INFO:validation.tuning:Obtained results {'train_error': 0.34684550762176514, 'train_loss': 15.424102, 'val_loss': 10.429496, 'epoch': 5, 'val_error': 0.34090906381607056}
INFO:validation.tuning:Finished evaluation on {'lr': 0.00281710206604963, 'max_epochs': 10000, 'network_fn': <function kernel_example_layout_fn at 0x7f783360af28>, 'kernel_size': 64, 'lr_decay_epochs': 690.816500094895, 'n_threads': 4, 'num_layers': 1, 'l2_ratio': 0.007538040625845831, 'lr_decay': 0.745677699789253, 'memory_factor': 2, 'strip_length': 5, 'kernel_std': 0.16804624351930503, 'batch_size': 128, 'progress_thresh': 0.1, 'hidden_units': 2048, 'layerwise_progress_thresh': 0.1, 'kernel_mean': 0.0}
INFO:validation.tuning:Obtained results {'train_error': 0.16325175762176514, 'train_loss': 0.45830783, 'val_loss': 0.44845816, 'epoch': 5, 'val_error': 0.13636362552642822}
INFO:validation.tuning:Finished evaluation on {'lr': 0.00033164362043843555, 'max_epochs': 10000, 'network_fn': <function kernel_example_layout_fn at 0x7f783360af28>, 'kernel_size': 512, 'lr_decay_epochs': 314.0535779620276, 'n_threads': 4, 'num_layers': 1, 'l2_ratio': 0.0010849190421726722, 'lr_decay': 0.40805083529713104, 'memory_factor': 2, 'strip_length': 5, 'kernel_std': 0.7020070223598447, 'batch_size': 128, 'progress_thresh': 0.1, 'hidden_units': 1024, 'layerwise_progress_thresh': 0.1, 'kernel_mean': 0.0}
INFO:validation.tuning:Obtained results {'train_error': 0.11563974618911743, 'train_loss': 0.55724072, 'val_loss': 0.66229397, 'epoch': 210, 'val_error': 0.19176137447357178}
INFO:validation.tuning:Finished evaluation on {'lr': 0.0018787847914064138, 'max_epochs': 10000, 'network_fn': <function kernel_example_layout_fn at 0x7f783360af28>, 'kernel_size': 512, 'lr_decay_epochs': 128.0148389633159, 'n_threads': 4, 'num_layers': 1, 'l2_ratio': 0.49086493765987305, 'lr_decay': 0.9727963647253277, 'memory_factor': 2, 'strip_length': 5, 'kernel_std': 0.772588566320007, 'batch_size': 128, 'progress_thresh': 0.1, 'hidden_units': 2048, 'layerwise_progress_thresh': 0.1, 'kernel_mean': 0.0}
INFO:validation.tuning:Obtained results {'train_error': 0.35067808628082275, 'train_loss': 0.63697612, 'val_loss': 0.62841171, 'epoch': 15, 'val_error': 0.33380681276321411}
INFO:validation.tuning:Finished evaluation on {'lr': 0.0010136615053044271, 'max_epochs': 10000, 'network_fn': <function kernel_example_layout_fn at 0x7f783360af28>, 'kernel_size': 256, 'lr_decay_epochs': 113.52901266221848, 'n_threads': 4, 'num_layers': 1, 'l2_ratio': 0.6556026878826535, 'lr_decay': 0.8856546777169885, 'memory_factor': 2, 'strip_length': 5, 'kernel_std': 0.4510123854210261, 'batch_size': 128, 'progress_thresh': 0.1, 'hidden_units': 2048, 'layerwise_progress_thresh': 0.1, 'kernel_mean': 0.0}
INFO:validation.tuning:Obtained results {'train_error': 0.35311025381088257, 'train_loss': 0.64951396, 'val_loss': 0.62155581, 'epoch': 165, 'val_error': 0.3046875}
INFO:validation.tuning:Finished evaluation on {'lr': 0.00032095549247627335, 'max_epochs': 10000, 'network_fn': <function kernel_example_layout_fn at 0x7f783360af28>, 'kernel_size': 256, 'lr_decay_epochs': 134.27562509416117, 'n_threads': 4, 'num_layers': 1, 'l2_ratio': 0.013344668381952902, 'lr_decay': 0.7083932099553144, 'memory_factor': 2, 'strip_length': 5, 'kernel_std': 0.8181077618682043, 'batch_size': 128, 'progress_thresh': 0.1, 'hidden_units': 2048, 'layerwise_progress_thresh': 0.1, 'kernel_mean': 0.0}
INFO:validation.tuning:Obtained results {'train_error': 0.14489978551864624, 'train_loss': 0.42920098, 'val_loss': 0.41035262, 'epoch': 135, 'val_error': 0.125}
INFO:validation.tuning:Finished evaluation on {'lr': 0.00010488980494507615, 'max_epochs': 10000, 'network_fn': <function kernel_example_layout_fn at 0x7f783360af28>, 'kernel_size': 256, 'lr_decay_epochs': 773.0391953098833, 'n_threads': 4, 'num_layers': 1, 'l2_ratio': 0.010921530939992855, 'lr_decay': 0.6818201837952579, 'memory_factor': 2, 'strip_length': 5, 'kernel_std': 0.15025618482874326, 'batch_size': 128, 'progress_thresh': 0.1, 'hidden_units': 512, 'layerwise_progress_thresh': 0.1, 'kernel_mean': 0.0}
INFO:validation.tuning:Obtained results {'train_error': 0.18477296829223633, 'train_loss': 0.50298202, 'val_loss': 0.48062077, 'epoch': 65, 'val_error': 0.16548293828964233}
INFO:validation.tuning:Finished evaluation on {'lr': 0.004819368061919712, 'max_epochs': 10000, 'network_fn': <function kernel_example_layout_fn at 0x7f783360af28>, 'kernel_size': 64, 'lr_decay_epochs': 531.0449267457127, 'n_threads': 4, 'num_layers': 1, 'l2_ratio': 0.00025979036041249887, 'lr_decay': 0.9769794511738907, 'memory_factor': 2, 'strip_length': 5, 'kernel_std': 0.3589478442124482, 'batch_size': 128, 'progress_thresh': 0.1, 'hidden_units': 2048, 'layerwise_progress_thresh': 0.1, 'kernel_mean': 0.0}
INFO:validation.tuning:Obtained results {'train_error': 0.34979361295700073, 'train_loss': 0.67302781, 'val_loss': 0.67087942, 'epoch': 30, 'val_error': 0.34517043828964233}
INFO:validation.tuning:Finished evaluation on {'lr': 0.000886432081002156, 'max_epochs': 10000, 'network_fn': <function kernel_example_layout_fn at 0x7f783360af28>, 'kernel_size': 512, 'lr_decay_epochs': 640.9995539245068, 'n_threads': 4, 'num_layers': 1, 'l2_ratio': 0.021854102250069205, 'lr_decay': 0.8124246385048882, 'memory_factor': 2, 'strip_length': 5, 'kernel_std': 0.10316620648150826, 'batch_size': 128, 'progress_thresh': 0.1, 'hidden_units': 2048, 'layerwise_progress_thresh': 0.1, 'kernel_mean': 0.0}
INFO:validation.tuning:Obtained results {'train_error': 0.21594929695129395, 'train_loss': 0.5430463, 'val_loss': 0.54519057, 'epoch': 135, 'val_error': 0.21377843618392944}
INFO:validation.tuning:Finished evaluation on {'lr': 0.0001447699237259962, 'max_epochs': 10000, 'network_fn': <function kernel_example_layout_fn at 0x7f783360af28>, 'kernel_size': 64, 'lr_decay_epochs': 530.5438319813186, 'n_threads': 4, 'num_layers': 1, 'l2_ratio': 0.0019547957596019426, 'lr_decay': 0.39117328758270786, 'memory_factor': 2, 'strip_length': 5, 'kernel_std': 0.8194558614385211, 'batch_size': 128, 'progress_thresh': 0.1, 'hidden_units': 1024, 'layerwise_progress_thresh': 0.1, 'kernel_mean': 0.0}
INFO:validation.tuning:Obtained results {'train_error': 0.35274171829223633, 'train_loss': 1.0993026, 'val_loss': 1.103186, 'epoch': 45, 'val_error': 0.32244318723678589}
INFO:validation.tuning:Finished evaluation on {'lr': 0.0002895241457887159, 'max_epochs': 10000, 'network_fn': <function kernel_example_layout_fn at 0x7f783360af28>, 'kernel_size': 64, 'lr_decay_epochs': 829.4666769473051, 'n_threads': 4, 'num_layers': 1, 'l2_ratio': 0.0004411510499299768, 'lr_decay': 0.46371824417535246, 'memory_factor': 2, 'strip_length': 5, 'kernel_std': 0.3244846603181843, 'batch_size': 128, 'progress_thresh': 0.1, 'hidden_units': 512, 'layerwise_progress_thresh': 0.1, 'kernel_mean': 0.0}
INFO:validation.tuning:Obtained results {'train_error': 0.11880898475646973, 'train_loss': 0.36402202, 'val_loss': 0.36022419, 'epoch': 125, 'val_error': 0.12215906381607056}
INFO:validation.tuning:Finished evaluation on {'lr': 0.002464563992938034, 'max_epochs': 10000, 'network_fn': <function kernel_example_layout_fn at 0x7f783360af28>, 'kernel_size': 256, 'lr_decay_epochs': 408.6745104059503, 'n_threads': 4, 'num_layers': 1, 'l2_ratio': 0.00019847184199445032, 'lr_decay': 0.6928526864815063, 'memory_factor': 2, 'strip_length': 5, 'kernel_std': 0.6515421102408883, 'batch_size': 128, 'progress_thresh': 0.1, 'hidden_units': 2048, 'layerwise_progress_thresh': 0.1, 'kernel_mean': 0.0}
INFO:validation.tuning:Obtained results {'train_error': 0.35075175762176514, 'train_loss': 0.67600143, 'val_loss': 0.66737229, 'epoch': 95, 'val_error': 0.33238637447357178}
INFO:validation.tuning:Finished evaluation on {'lr': 0.0012896525328613402, 'max_epochs': 10000, 'network_fn': <function kernel_example_layout_fn at 0x7f783360af28>, 'kernel_size': 512, 'lr_decay_epochs': 154.91107191892144, 'n_threads': 4, 'num_layers': 1, 'l2_ratio': 0.6518008459731828, 'lr_decay': 0.9622612596835431, 'memory_factor': 2, 'strip_length': 5, 'kernel_std': 0.08244445660927409, 'batch_size': 128, 'progress_thresh': 0.1, 'hidden_units': 1024, 'layerwise_progress_thresh': 0.1, 'kernel_mean': 0.0}
INFO:validation.tuning:Obtained results {'train_error': 0.34809845685958862, 'train_loss': 0.64650726, 'val_loss': 0.64568365, 'epoch': 20, 'val_error': 0.34659093618392944}
INFO:validation.tuning:Finished evaluation on {'lr': 0.000997579170257045, 'max_epochs': 10000, 'network_fn': <function kernel_example_layout_fn at 0x7f783360af28>, 'kernel_size': 256, 'lr_decay_epochs': 406.4361392124282, 'n_threads': 4, 'num_layers': 1, 'l2_ratio': 0.26054210181902004, 'lr_decay': 0.4053166980942312, 'memory_factor': 2, 'strip_length': 5, 'kernel_std': 0.9543010676234974, 'batch_size': 128, 'progress_thresh': 0.1, 'hidden_units': 512, 'layerwise_progress_thresh': 0.1, 'kernel_mean': 0.0}
INFO:validation.tuning:Obtained results {'train_error': 0.27181601524353027, 'train_loss': 0.60822529, 'val_loss': 0.59238404, 'epoch': 170, 'val_error': 0.23082387447357178}
INFO:validation.tuning:Finished evaluation on {'lr': 0.0002974436195422189, 'max_epochs': 10000, 'network_fn': <function kernel_example_layout_fn at 0x7f783360af28>, 'kernel_size': 256, 'lr_decay_epochs': 591.2015880348445, 'n_threads': 4, 'num_layers': 1, 'l2_ratio': 0.34392795077775284, 'lr_decay': 0.5704179869877493, 'memory_factor': 2, 'strip_length': 5, 'kernel_std': 0.7965634294913202, 'batch_size': 128, 'progress_thresh': 0.1, 'hidden_units': 512, 'layerwise_progress_thresh': 0.1, 'kernel_mean': 0.0}
INFO:validation.tuning:Obtained results {'train_error': 0.34905660152435303, 'train_loss': 11.681121, 'val_loss': 10.581042, 'epoch': 10, 'val_error': 0.34517043828964233}
INFO:validation.tuning:Finished evaluation on {'lr': 0.00013181505075552332, 'max_epochs': 10000, 'network_fn': <function kernel_example_layout_fn at 0x7f783360af28>, 'kernel_size': 256, 'lr_decay_epochs': 177.12668898532417, 'n_threads': 4, 'num_layers': 1, 'l2_ratio': 0.003039603741202885, 'lr_decay': 0.30599006101110693, 'memory_factor': 2, 'strip_length': 5, 'kernel_std': 0.9473352148729467, 'batch_size': 128, 'progress_thresh': 0.1, 'hidden_units': 512, 'layerwise_progress_thresh': 0.1, 'kernel_mean': 0.0}
INFO:validation.tuning:Obtained results {'train_error': 0.15573406219482422, 'train_loss': 0.53465492, 'val_loss': 0.54023767, 'epoch': 300, 'val_error': 0.13068181276321411}
INFO:validation.tuning:Finished evaluation on {'lr': 0.00011944218116752244, 'max_epochs': 10000, 'network_fn': <function kernel_example_layout_fn at 0x7f783360af28>, 'kernel_size': 512, 'lr_decay_epochs': 852.142198068229, 'n_threads': 4, 'num_layers': 1, 'l2_ratio': 0.00017697927157365645, 'lr_decay': 0.8197283722661405, 'memory_factor': 2, 'strip_length': 5, 'kernel_std': 0.6592654431328403, 'batch_size': 128, 'progress_thresh': 0.1, 'hidden_units': 1024, 'layerwise_progress_thresh': 0.1, 'kernel_mean': 0.0}
INFO:validation.tuning:Obtained results {'train_error': 0.25744396448135376, 'train_loss': 0.58745056, 'val_loss': 0.66653264, 'epoch': 95, 'val_error': 0.31107956171035767}
INFO:validation.tuning:Finished evaluation on {'lr': 0.0005109265715263054, 'max_epochs': 10000, 'network_fn': <function kernel_example_layout_fn at 0x7f783360af28>, 'kernel_size': 256, 'lr_decay_epochs': 366.54427592213824, 'n_threads': 4, 'num_layers': 1, 'l2_ratio': 0.00011299345714071066, 'lr_decay': 0.7960798281278147, 'memory_factor': 2, 'strip_length': 5, 'kernel_std': 0.7652685016019687, 'batch_size': 128, 'progress_thresh': 0.1, 'hidden_units': 512, 'layerwise_progress_thresh': 0.1, 'kernel_mean': 0.0}
INFO:validation.tuning:Obtained results {'train_error': 0.10819578170776367, 'train_loss': 0.34776428, 'val_loss': 0.57599014, 'epoch': 230, 'val_error': 0.23508524894714355}
INFO:validation.tuning:Using model {'lr': 0.00020042240018872825, 'network_fn': <function kernel_example_layout_fn at 0x7f783360af28>, 'kernel_size': 64, 'lr_decay': 0.6062797756882139, 'memory_factor': 2, 'kernel_std': 0.19222578827365067, 'batch_size': 128, 'kernel_mean': 0.0, 'l2_ratio': 0.0038739917401227103, 'hidden_units': 2048, 'n_threads': 4, 'num_layers': 1, 'max_epochs': 670, 'lr_decay_epochs': 223.08483779636558, 'strip_length': 5, 'progress_thresh': 0.1, 'layerwise_progress_thresh': 0.1} for training with results {'train_error': 0.13111734390258789, 'train_loss': 0.37652737, 'val_loss': 0.35033655, 'epoch': 670, 'val_error': 0.091619312763214111}
INFO:validation.tuning:Running training [0] in magic/1519244835578
INFO:training.predict:Queue exhausted. Read all instances
INFO:validation.tuning:Training [0] got results {'l2': 0.049637489, 'train_loss': 0.37588114, 'train_error': 0.13307732343673706, 'loss': 0.40564623, 'time(s)': 257.47128105163574, 'error': 0.15194529294967651, 'train_l2': 0.049637955}
INFO:validation.tuning:Running training [1] in magic/1519245105745
INFO:training.predict:Queue exhausted. Read all instances
INFO:validation.tuning:Training [1] got results {'l2': 0.051160052, 'train_loss': 0.37598571, 'train_error': 0.12996554374694824, 'loss': 0.3973918, 'time(s)': 256.37570428848267, 'error': 0.14879071712493896, 'train_l2': 0.051152296}
INFO:validation.tuning:Running training [2] in magic/1519245374850
INFO:training.predict:Queue exhausted. Read all instances
INFO:validation.tuning:Training [2] got results {'l2': 0.052212182, 'train_loss': 0.37235886, 'train_error': 0.1259269118309021, 'loss': 0.39195719, 'time(s)': 255.54228973388672, 'error': 0.14458465576171875, 'train_l2': 0.052204721}
INFO:validation.tuning:Running training [3] in magic/1519245643146
INFO:training.predict:Queue exhausted. Read all instances
INFO:validation.tuning:Training [3] got results {'l2': 0.049824845, 'train_loss': 0.37577012, 'train_error': 0.13221663236618042, 'loss': 0.40098289, 'time(s)': 255.9488844871521, 'error': 0.14563620090484619, 'train_l2': 0.049840383}
INFO:validation.tuning:Running training [4] in magic/1519245911911
INFO:training.predict:Queue exhausted. Read all instances
INFO:validation.tuning:Training [4] got results {'l2': 0.050265018, 'train_loss': 0.37407407, 'train_error': 0.12844282388687134, 'loss': 0.3836408, 'time(s)': 256.32398867607117, 'error': 0.13669818639755249, 'train_l2': 0.050287191}
INFO:validation.tuning:Running training [5] in magic/1519246180920
INFO:training.predict:Queue exhausted. Read all instances
INFO:validation.tuning:Training [5] got results {'l2': 0.051063314, 'train_loss': 0.37614453, 'train_error': 0.13128972053527832, 'loss': 0.39400238, 'time(s)': 255.7298436164856, 'error': 0.14616191387176514, 'train_l2': 0.051081941}
INFO:validation.tuning:Running training [6] in magic/1519246449344
INFO:training.predict:Queue exhausted. Read all instances
INFO:validation.tuning:Training [6] got results {'l2': 0.051049948, 'train_loss': 0.37408251, 'train_error': 0.12844282388687134, 'loss': 0.37727806, 'time(s)': 257.4436149597168, 'error': 0.13038903474807739, 'train_l2': 0.051063128}
INFO:validation.tuning:Running training [7] in magic/1519246719562
INFO:training.predict:Queue exhausted. Read all instances
INFO:validation.tuning:Training [7] got results {'l2': 0.049886771, 'train_loss': 0.37619537, 'train_error': 0.1318855881690979, 'loss': 0.40787873, 'time(s)': 260.06849241256714, 'error': 0.15194529294967651, 'train_l2': 0.049883258}
INFO:validation.tuning:Running training [8] in magic/1519246992352
INFO:training.predict:Queue exhausted. Read all instances
INFO:validation.tuning:Training [8] got results {'l2': 0.050479729, 'train_loss': 0.37295949, 'train_error': 0.1291048526763916, 'loss': 0.38818929, 'time(s)': 257.6698844432831, 'error': 0.1351209282875061, 'train_l2': 0.050452922}
INFO:validation.tuning:Running training [9] in magic/1519247262835
INFO:training.predict:Queue exhausted. Read all instances
INFO:validation.tuning:Training [9] got results {'l2': 0.0504626, 'train_loss': 0.3746132, 'train_error': 0.12923729419708252, 'loss': 0.37395817, 'time(s)': 256.39731192588806, 'error': 0.13196635246276855, 'train_l2': 0.050468884}
INFO:__main__:l2: 0.050604 +- 0.000742
INFO:__main__:train_loss: 0.374806 +- 0.001330
INFO:__main__:train_error: 0.129959 +- 0.002059
INFO:__main__:loss: 0.392093 +- 0.010857
INFO:__main__:time(s): 256.897130 +- 1.273990
INFO:__main__:error: 0.142324 +- 0.007688
INFO:__main__:train_l2: 0.050607 +- 0.000740
