INFO:validation.tuning:Finished evaluation on {'kernel_size': 512, 'max_epochs': 10000, 'policy_seed': 388, 'kernel_mean': 0.0, 'lr': 0.0001, 'batch_size': 128, 'n_threads': 4, 'l2_ratio': 0.001, 'lr_decay': 0.5, 'progress_thresh': 0.1, 'num_layers': 3, 'kernel_std': 1.0, 'layerwise_progress_thresh': 0.1, 'hidden_units': 512, 'network_fn': <function example_layout_fn at 0x7f19613a1400>, 'strip_length': 5, 'switch_policy': <class 'training.policy.CyclicPolicy'>, 'memory_factor': 2, 'lr_decay_epocs': 250}
INFO:validation.tuning:Obtained results {'val_error': 0.11292612552642822, 'val_loss': 0.57028604, 'train_error': 0.077019453048706055, 'train_loss': 0.44478098, 'epoch': 60}
INFO:validation.tuning:Finished evaluation on {'kernel_size': 128, 'max_epochs': 10000, 'policy_seed': 388, 'kernel_mean': 0.0, 'lr': 0.01, 'batch_size': 128, 'n_threads': 4, 'l2_ratio': 0, 'lr_decay': 0.5, 'progress_thresh': 0.1, 'num_layers': 3, 'kernel_std': 1.0, 'layerwise_progress_thresh': 0.1, 'hidden_units': 1024, 'network_fn': <function example_layout_fn at 0x7f19613a1400>, 'strip_length': 5, 'switch_policy': <class 'training.policy.CyclicPolicy'>, 'memory_factor': 2, 'lr_decay_epocs': 250}
INFO:validation.tuning:Obtained results {'val_error': 0.10014206171035767, 'val_loss': 0.28024891, 'train_error': 0.10981720685958862, 'train_loss': 0.26959321, 'epoch': 20}
INFO:validation.tuning:Finished evaluation on {'kernel_size': 256, 'max_epochs': 10000, 'policy_seed': 388, 'kernel_mean': 0.0, 'lr': 0.01, 'batch_size': 128, 'n_threads': 4, 'l2_ratio': 0.01, 'lr_decay': 0.5, 'progress_thresh': 0.1, 'num_layers': 3, 'kernel_std': 1.0, 'layerwise_progress_thresh': 0.1, 'hidden_units': 512, 'network_fn': <function example_layout_fn at 0x7f19613a1400>, 'strip_length': 5, 'switch_policy': <class 'training.policy.CyclicPolicy'>, 'memory_factor': 2, 'lr_decay_epocs': 250}
INFO:validation.tuning:Obtained results {'val_error': 0.12855112552642822, 'val_loss': 0.35382926, 'train_error': 0.13848763704299927, 'train_loss': 0.36341003, 'epoch': 20}
INFO:validation.tuning:Finished evaluation on {'kernel_size': 512, 'max_epochs': 10000, 'policy_seed': 388, 'kernel_mean': 0.0, 'lr': 0.01, 'batch_size': 128, 'n_threads': 4, 'l2_ratio': 0.01, 'lr_decay': 0.5, 'progress_thresh': 0.1, 'num_layers': 3, 'kernel_std': 0.01, 'layerwise_progress_thresh': 0.1, 'hidden_units': 512, 'network_fn': <function example_layout_fn at 0x7f19613a1400>, 'strip_length': 5, 'switch_policy': <class 'training.policy.CyclicPolicy'>, 'memory_factor': 2, 'lr_decay_epocs': 250}
INFO:validation.tuning:Obtained results {'val_error': 0.12215906381607056, 'val_loss': 0.3483018, 'train_error': 0.13612914085388184, 'train_loss': 0.34224963, 'epoch': 185}
INFO:validation.tuning:Finished evaluation on {'kernel_size': 256, 'max_epochs': 10000, 'policy_seed': 388, 'kernel_mean': 0.0, 'lr': 0.001, 'batch_size': 128, 'n_threads': 4, 'l2_ratio': 0.001, 'lr_decay': 0.5, 'progress_thresh': 0.1, 'num_layers': 3, 'kernel_std': 0.25, 'layerwise_progress_thresh': 0.1, 'hidden_units': 1024, 'network_fn': <function example_layout_fn at 0x7f19613a1400>, 'strip_length': 5, 'switch_policy': <class 'training.policy.CyclicPolicy'>, 'memory_factor': 2, 'lr_decay_epocs': 250}
INFO:validation.tuning:Obtained results {'val_error': 0.11860793828964233, 'val_loss': 0.32822427, 'train_error': 0.11011201143264771, 'train_loss': 0.29795763, 'epoch': 55}
INFO:validation.tuning:Finished evaluation on {'kernel_size': 512, 'max_epochs': 10000, 'policy_seed': 388, 'kernel_mean': 0.0, 'lr': 0.001, 'batch_size': 128, 'n_threads': 4, 'l2_ratio': 0.01, 'lr_decay': 0.5, 'progress_thresh': 0.1, 'num_layers': 3, 'kernel_std': 1.0, 'layerwise_progress_thresh': 0.1, 'hidden_units': 2048, 'network_fn': <function example_layout_fn at 0x7f19613a1400>, 'strip_length': 5, 'switch_policy': <class 'training.policy.CyclicPolicy'>, 'memory_factor': 2, 'lr_decay_epocs': 250}
INFO:validation.tuning:Obtained results {'val_error': 0.11434656381607056, 'val_loss': 0.31178203, 'train_error': 0.10561615228652954, 'train_loss': 0.28149444, 'epoch': 310}
INFO:validation.tuning:Finished evaluation on {'kernel_size': 512, 'max_epochs': 10000, 'policy_seed': 388, 'kernel_mean': 0.0, 'lr': 0.01, 'batch_size': 128, 'n_threads': 4, 'l2_ratio': 0.01, 'lr_decay': 0.5, 'progress_thresh': 0.1, 'num_layers': 3, 'kernel_std': 0.5, 'layerwise_progress_thresh': 0.1, 'hidden_units': 2048, 'network_fn': <function example_layout_fn at 0x7f19613a1400>, 'strip_length': 5, 'switch_policy': <class 'training.policy.CyclicPolicy'>, 'memory_factor': 2, 'lr_decay_epocs': 250}
INFO:validation.tuning:Obtained results {'val_error': 0.12002843618392944, 'val_loss': 0.31295732, 'train_error': 0.13480246067047119, 'train_loss': 0.3423655, 'epoch': 210}
INFO:validation.tuning:Finished evaluation on {'kernel_size': 64, 'max_epochs': 10000, 'policy_seed': 388, 'kernel_mean': 0.0, 'lr': 0.0001, 'batch_size': 128, 'n_threads': 4, 'l2_ratio': 0.1, 'lr_decay': 0.5, 'progress_thresh': 0.1, 'num_layers': 3, 'kernel_std': 1.0, 'layerwise_progress_thresh': 0.1, 'hidden_units': 2048, 'network_fn': <function example_layout_fn at 0x7f19613a1400>, 'strip_length': 5, 'switch_policy': <class 'training.policy.CyclicPolicy'>, 'memory_factor': 2, 'lr_decay_epocs': 250}
INFO:validation.tuning:Obtained results {'val_error': 0.11079543828964233, 'val_loss': 0.29076302, 'train_error': 0.098835468292236328, 'train_loss': 0.27947202, 'epoch': 210}
INFO:validation.tuning:Finished evaluation on {'kernel_size': 256, 'max_epochs': 10000, 'policy_seed': 388, 'kernel_mean': 0.0, 'lr': 0.0001, 'batch_size': 128, 'n_threads': 4, 'l2_ratio': 0.0001, 'lr_decay': 0.5, 'progress_thresh': 0.1, 'num_layers': 3, 'kernel_std': 0.5, 'layerwise_progress_thresh': 0.1, 'hidden_units': 512, 'network_fn': <function example_layout_fn at 0x7f19613a1400>, 'strip_length': 5, 'switch_policy': <class 'training.policy.CyclicPolicy'>, 'memory_factor': 2, 'lr_decay_epocs': 250}
INFO:validation.tuning:Obtained results {'val_error': 0.10724431276321411, 'val_loss': 0.34086397, 'train_error': 0.076872050762176514, 'train_loss': 0.25137591, 'epoch': 50}
INFO:validation.tuning:Finished evaluation on {'kernel_size': 256, 'max_epochs': 10000, 'policy_seed': 388, 'kernel_mean': 0.0, 'lr': 0.01, 'batch_size': 128, 'n_threads': 4, 'l2_ratio': 0, 'lr_decay': 0.5, 'progress_thresh': 0.1, 'num_layers': 3, 'kernel_std': 0.5, 'layerwise_progress_thresh': 0.1, 'hidden_units': 1024, 'network_fn': <function example_layout_fn at 0x7f19613a1400>, 'strip_length': 5, 'switch_policy': <class 'training.policy.CyclicPolicy'>, 'memory_factor': 2, 'lr_decay_epocs': 250}
INFO:validation.tuning:Obtained results {'val_error': 0.1015625, 'val_loss': 0.29438606, 'train_error': 0.10546875, 'train_loss': 0.25829339, 'epoch': 25}
INFO:validation.tuning:Finished evaluation on {'kernel_size': 256, 'max_epochs': 10000, 'policy_seed': 388, 'kernel_mean': 0.0, 'lr': 0.01, 'batch_size': 128, 'n_threads': 4, 'l2_ratio': 0.1, 'lr_decay': 0.5, 'progress_thresh': 0.1, 'num_layers': 3, 'kernel_std': 0.1, 'layerwise_progress_thresh': 0.1, 'hidden_units': 2048, 'network_fn': <function example_layout_fn at 0x7f19613a1400>, 'strip_length': 5, 'switch_policy': <class 'training.policy.CyclicPolicy'>, 'memory_factor': 2, 'lr_decay_epocs': 250}
INFO:validation.tuning:Obtained results {'val_error': 0.14133524894714355, 'val_loss': 0.37138996, 'train_error': 0.15094339847564697, 'train_loss': 0.39378801, 'epoch': 25}
INFO:validation.tuning:Finished evaluation on {'kernel_size': 256, 'max_epochs': 10000, 'policy_seed': 388, 'kernel_mean': 0.0, 'lr': 0.0001, 'batch_size': 128, 'n_threads': 4, 'l2_ratio': 0.01, 'lr_decay': 0.5, 'progress_thresh': 0.1, 'num_layers': 3, 'kernel_std': 0.01, 'layerwise_progress_thresh': 0.1, 'hidden_units': 1024, 'network_fn': <function example_layout_fn at 0x7f19613a1400>, 'strip_length': 5, 'switch_policy': <class 'training.policy.CyclicPolicy'>, 'memory_factor': 2, 'lr_decay_epocs': 250}
INFO:validation.tuning:Obtained results {'val_error': 0.12215906381607056, 'val_loss': 0.79837531, 'train_error': 0.10908019542694092, 'train_loss': 0.80283421, 'epoch': 35}
INFO:validation.tuning:Finished evaluation on {'kernel_size': 512, 'max_epochs': 10000, 'policy_seed': 388, 'kernel_mean': 0.0, 'lr': 0.0001, 'batch_size': 128, 'n_threads': 4, 'l2_ratio': 0.1, 'lr_decay': 0.5, 'progress_thresh': 0.1, 'num_layers': 3, 'kernel_std': 0.25, 'layerwise_progress_thresh': 0.1, 'hidden_units': 1024, 'network_fn': <function example_layout_fn at 0x7f19613a1400>, 'strip_length': 5, 'switch_policy': <class 'training.policy.CyclicPolicy'>, 'memory_factor': 2, 'lr_decay_epocs': 250}
INFO:validation.tuning:Obtained results {'val_error': 0.12002843618392944, 'val_loss': 7.9310608, 'train_error': 0.13237029314041138, 'train_loss': 8.2361908, 'epoch': 25}
INFO:validation.tuning:Finished evaluation on {'kernel_size': 128, 'max_epochs': 10000, 'policy_seed': 388, 'kernel_mean': 0.0, 'lr': 0.0001, 'batch_size': 128, 'n_threads': 4, 'l2_ratio': 0.1, 'lr_decay': 0.5, 'progress_thresh': 0.1, 'num_layers': 3, 'kernel_std': 0.25, 'layerwise_progress_thresh': 0.1, 'hidden_units': 1024, 'network_fn': <function example_layout_fn at 0x7f19613a1400>, 'strip_length': 5, 'switch_policy': <class 'training.policy.CyclicPolicy'>, 'memory_factor': 2, 'lr_decay_epocs': 250}
INFO:validation.tuning:Obtained results {'val_error': 0.10795456171035767, 'val_loss': 0.45254862, 'train_error': 0.12301003932952881, 'train_loss': 0.47879317, 'epoch': 65}
INFO:validation.tuning:Finished evaluation on {'kernel_size': 512, 'max_epochs': 10000, 'policy_seed': 388, 'kernel_mean': 0.0, 'lr': 0.001, 'batch_size': 128, 'n_threads': 4, 'l2_ratio': 0.1, 'lr_decay': 0.5, 'progress_thresh': 0.1, 'num_layers': 3, 'kernel_std': 0.5, 'layerwise_progress_thresh': 0.1, 'hidden_units': 1024, 'network_fn': <function example_layout_fn at 0x7f19613a1400>, 'strip_length': 5, 'switch_policy': <class 'training.policy.CyclicPolicy'>, 'memory_factor': 2, 'lr_decay_epocs': 250}
INFO:validation.tuning:Obtained results {'val_error': 0.12428975105285645, 'val_loss': 0.33362654, 'train_error': 0.13627654314041138, 'train_loss': 0.34960899, 'epoch': 55}
INFO:validation.tuning:Finished evaluation on {'kernel_size': 64, 'max_epochs': 10000, 'policy_seed': 388, 'kernel_mean': 0.0, 'lr': 0.001, 'batch_size': 128, 'n_threads': 4, 'l2_ratio': 0.001, 'lr_decay': 0.5, 'progress_thresh': 0.1, 'num_layers': 3, 'kernel_std': 1.0, 'layerwise_progress_thresh': 0.1, 'hidden_units': 1024, 'network_fn': <function example_layout_fn at 0x7f19613a1400>, 'strip_length': 5, 'switch_policy': <class 'training.policy.CyclicPolicy'>, 'memory_factor': 2, 'lr_decay_epocs': 250}
INFO:validation.tuning:Obtained results {'val_error': 0.1015625, 'val_loss': 0.32783028, 'train_error': 0.086158633232116699, 'train_loss': 0.243674, 'epoch': 140}
INFO:validation.tuning:Finished evaluation on {'kernel_size': 64, 'max_epochs': 10000, 'policy_seed': 388, 'kernel_mean': 0.0, 'lr': 0.01, 'batch_size': 128, 'n_threads': 4, 'l2_ratio': 0.0001, 'lr_decay': 0.5, 'progress_thresh': 0.1, 'num_layers': 3, 'kernel_std': 0.25, 'layerwise_progress_thresh': 0.1, 'hidden_units': 1024, 'network_fn': <function example_layout_fn at 0x7f19613a1400>, 'strip_length': 5, 'switch_policy': <class 'training.policy.CyclicPolicy'>, 'memory_factor': 2, 'lr_decay_epocs': 250}
INFO:validation.tuning:Obtained results {'val_error': 0.10582387447357178, 'val_loss': 0.29461396, 'train_error': 0.10797464847564697, 'train_loss': 0.28254291, 'epoch': 200}
INFO:validation.tuning:Finished evaluation on {'kernel_size': 256, 'max_epochs': 10000, 'policy_seed': 388, 'kernel_mean': 0.0, 'lr': 0.0001, 'batch_size': 128, 'n_threads': 4, 'l2_ratio': 0.1, 'lr_decay': 0.5, 'progress_thresh': 0.1, 'num_layers': 3, 'kernel_std': 0.5, 'layerwise_progress_thresh': 0.1, 'hidden_units': 2048, 'network_fn': <function example_layout_fn at 0x7f19613a1400>, 'strip_length': 5, 'switch_policy': <class 'training.policy.CyclicPolicy'>, 'memory_factor': 2, 'lr_decay_epocs': 250}
INFO:validation.tuning:Obtained results {'val_error': 0.12073862552642822, 'val_loss': 0.55491948, 'train_error': 0.1259581446647644, 'train_loss': 0.58664352, 'epoch': 65}
INFO:validation.tuning:Finished evaluation on {'kernel_size': 64, 'max_epochs': 10000, 'policy_seed': 388, 'kernel_mean': 0.0, 'lr': 0.001, 'batch_size': 128, 'n_threads': 4, 'l2_ratio': 0.001, 'lr_decay': 0.5, 'progress_thresh': 0.1, 'num_layers': 3, 'kernel_std': 0.01, 'layerwise_progress_thresh': 0.1, 'hidden_units': 2048, 'network_fn': <function example_layout_fn at 0x7f19613a1400>, 'strip_length': 5, 'switch_policy': <class 'training.policy.CyclicPolicy'>, 'memory_factor': 2, 'lr_decay_epocs': 250}
INFO:validation.tuning:Obtained results {'val_error': 0.10653406381607056, 'val_loss': 0.31210023, 'train_error': 0.12072521448135376, 'train_loss': 0.32489896, 'epoch': 50}
INFO:validation.tuning:Finished evaluation on {'kernel_size': 128, 'max_epochs': 10000, 'policy_seed': 388, 'kernel_mean': 0.0, 'lr': 0.0001, 'batch_size': 128, 'n_threads': 4, 'l2_ratio': 0.0001, 'lr_decay': 0.5, 'progress_thresh': 0.1, 'num_layers': 3, 'kernel_std': 1.0, 'layerwise_progress_thresh': 0.1, 'hidden_units': 512, 'network_fn': <function example_layout_fn at 0x7f19613a1400>, 'strip_length': 5, 'switch_policy': <class 'training.policy.CyclicPolicy'>, 'memory_factor': 2, 'lr_decay_epocs': 250}
INFO:validation.tuning:Obtained results {'val_error': 0.11647725105285645, 'val_loss': 0.34932864, 'train_error': 0.11003834009170532, 'train_loss': 0.32226089, 'epoch': 15}
INFO:validation.tuning:Finished evaluation on {'kernel_size': 256, 'max_epochs': 10000, 'policy_seed': 388, 'kernel_mean': 0.0, 'lr': 0.0001, 'batch_size': 128, 'n_threads': 4, 'l2_ratio': 0.01, 'lr_decay': 0.5, 'progress_thresh': 0.1, 'num_layers': 3, 'kernel_std': 1.0, 'layerwise_progress_thresh': 0.1, 'hidden_units': 512, 'network_fn': <function example_layout_fn at 0x7f19613a1400>, 'strip_length': 5, 'switch_policy': <class 'training.policy.CyclicPolicy'>, 'memory_factor': 2, 'lr_decay_epocs': 250}
INFO:validation.tuning:Obtained results {'val_error': 0.10227274894714355, 'val_loss': 0.65652329, 'train_error': 0.1015625, 'train_loss': 0.64651769, 'epoch': 40}
INFO:validation.tuning:Finished evaluation on {'kernel_size': 128, 'max_epochs': 10000, 'policy_seed': 388, 'kernel_mean': 0.0, 'lr': 0.001, 'batch_size': 128, 'n_threads': 4, 'l2_ratio': 0.0001, 'lr_decay': 0.5, 'progress_thresh': 0.1, 'num_layers': 3, 'kernel_std': 0.25, 'layerwise_progress_thresh': 0.1, 'hidden_units': 512, 'network_fn': <function example_layout_fn at 0x7f19613a1400>, 'strip_length': 5, 'switch_policy': <class 'training.policy.CyclicPolicy'>, 'memory_factor': 2, 'lr_decay_epocs': 250}
INFO:validation.tuning:Obtained results {'val_error': 0.10227274894714355, 'val_loss': 0.37227213, 'train_error': 0.069428086280822754, 'train_loss': 0.21138243, 'epoch': 75}
INFO:validation.tuning:Finished evaluation on {'kernel_size': 256, 'max_epochs': 10000, 'policy_seed': 388, 'kernel_mean': 0.0, 'lr': 0.01, 'batch_size': 128, 'n_threads': 4, 'l2_ratio': 0.1, 'lr_decay': 0.5, 'progress_thresh': 0.1, 'num_layers': 3, 'kernel_std': 0.01, 'layerwise_progress_thresh': 0.1, 'hidden_units': 512, 'network_fn': <function example_layout_fn at 0x7f19613a1400>, 'strip_length': 5, 'switch_policy': <class 'training.policy.CyclicPolicy'>, 'memory_factor': 2, 'lr_decay_epocs': 250}
INFO:validation.tuning:Obtained results {'val_error': 0.10511362552642822, 'val_loss': 0.30896243, 'train_error': 0.14991158246994019, 'train_loss': 0.38332871, 'epoch': 30}
INFO:validation.tuning:Finished evaluation on {'kernel_size': 512, 'max_epochs': 10000, 'policy_seed': 388, 'kernel_mean': 0.0, 'lr': 0.0001, 'batch_size': 128, 'n_threads': 4, 'l2_ratio': 0.1, 'lr_decay': 0.5, 'progress_thresh': 0.1, 'num_layers': 3, 'kernel_std': 1.0, 'layerwise_progress_thresh': 0.1, 'hidden_units': 1024, 'network_fn': <function example_layout_fn at 0x7f19613a1400>, 'strip_length': 5, 'switch_policy': <class 'training.policy.CyclicPolicy'>, 'memory_factor': 2, 'lr_decay_epocs': 250}
INFO:validation.tuning:Obtained results {'val_error': 0.096590936183929443, 'val_loss': 0.30902845, 'train_error': 0.11121755838394165, 'train_loss': 0.31822684, 'epoch': 95}
INFO:validation.tuning:Finished evaluation on {'kernel_size': 512, 'max_epochs': 10000, 'policy_seed': 388, 'kernel_mean': 0.0, 'lr': 0.01, 'batch_size': 128, 'n_threads': 4, 'l2_ratio': 0.01, 'lr_decay': 0.5, 'progress_thresh': 0.1, 'num_layers': 3, 'kernel_std': 0.25, 'layerwise_progress_thresh': 0.1, 'hidden_units': 2048, 'network_fn': <function example_layout_fn at 0x7f19613a1400>, 'strip_length': 5, 'switch_policy': <class 'training.policy.CyclicPolicy'>, 'memory_factor': 2, 'lr_decay_epocs': 250}
INFO:validation.tuning:Obtained results {'val_error': 0.10653406381607056, 'val_loss': 0.31101379, 'train_error': 0.13598173856735229, 'train_loss': 0.35244572, 'epoch': 50}
INFO:validation.tuning:Using model {'kernel_size': 512, 'max_epochs': 95, 'lr': 0.0001, 'batch_size': 128, 'n_threads': 4, 'l2_ratio': 0.1, 'lr_decay': 0.5, 'progress_thresh': 0.1, 'layerwise_progress_thresh': 0.1, 'network_fn': <function example_layout_fn at 0x7f19613a1400>, 'strip_length': 5, 'memory_factor': 2, 'lr_decay_epocs': 250, 'num_layers': 3, 'hidden_units': 1024, 'policy_seed': 388, 'kernel_mean': 0.0, 'kernel_std': 1.0, 'switch_policy': <class 'training.policy.CyclicPolicy'>} for training with results {'val_error': 0.096590936183929443, 'val_loss': 0.30902845, 'train_error': 0.11121755838394165, 'train_loss': 0.31822684, 'epoch': 95}
INFO:validation.tuning:Running training [0] in magic/1518296840549
INFO:training.predict:Queue exhausted. Read all instances
INFO:validation.tuning:Training [0] got results {'time(s)': 57.84166669845581, 'loss': 0.37453124, 'l2': 0.037720185, 'train_error': 0.11268538236618042, 'train_l2': 0.037963897, 'error': 0.14248162508010864, 'train_loss': 0.31093842}
INFO:validation.tuning:Running training [1] in magic/1518296902469
INFO:training.predict:Queue exhausted. Read all instances
INFO:validation.tuning:Training [1] got results {'time(s)': 56.55760192871094, 'loss': 0.36430636, 'l2': 0.036910594, 'train_error': 0.1101033091545105, 'train_l2': 0.037322722, 'error': 0.14458465576171875, 'train_loss': 0.31031251}
INFO:validation.tuning:Running training [2] in magic/1518296964823
INFO:training.predict:Queue exhausted. Read all instances
INFO:validation.tuning:Training [2] got results {'time(s)': 62.72174143791199, 'loss': 0.36629757, 'l2': 0.037809815, 'train_error': 0.11036813259124756, 'train_l2': 0.037477493, 'error': 0.12933754920959473, 'train_loss': 0.31077835}
INFO:validation.tuning:Running training [3] in magic/1518297031362
INFO:training.predict:Queue exhausted. Read all instances
INFO:validation.tuning:Training [3] got results {'time(s)': 55.83964562416077, 'loss': 0.36668393, 'l2': 0.039951347, 'train_error': 0.11162608861923218, 'train_l2': 0.039639041, 'error': 0.13774973154067993, 'train_loss': 0.31211939}
INFO:validation.tuning:Running training [4] in magic/1518297090878
INFO:training.predict:Queue exhausted. Read all instances
INFO:validation.tuning:Training [4] got results {'time(s)': 55.343642234802246, 'loss': 0.35709366, 'l2': 0.039124034, 'train_error': 0.11321502923965454, 'train_l2': 0.039532539, 'error': 0.133017897605896, 'train_loss': 0.3153086}
INFO:validation.tuning:Running training [5] in magic/1518297149938
INFO:training.predict:Queue exhausted. Read all instances
INFO:validation.tuning:Training [5] got results {'time(s)': 55.704500675201416, 'loss': 0.36617482, 'l2': 0.036555551, 'train_error': 0.11354607343673706, 'train_l2': 0.036829296, 'error': 0.14668768644332886, 'train_loss': 0.31190279}
INFO:validation.tuning:Running training [6] in magic/1518297209323
INFO:training.predict:Queue exhausted. Read all instances
INFO:validation.tuning:Training [6] got results {'time(s)': 54.99171996116638, 'loss': 0.37687501, 'l2': 0.036029879, 'train_error': 0.11387711763381958, 'train_l2': 0.035979018, 'error': 0.14668768644332886, 'train_loss': 0.31443483}
INFO:validation.tuning:Running training [7] in magic/1518297268176
INFO:training.predict:Queue exhausted. Read all instances
INFO:validation.tuning:Training [7] got results {'time(s)': 58.25235438346863, 'loss': 0.37623334, 'l2': 0.037261929, 'train_error': 0.11228811740875244, 'train_l2': 0.037098005, 'error': 0.14458465576171875, 'train_loss': 0.30890262}
INFO:validation.tuning:Running training [8] in magic/1518297330092
INFO:training.predict:Queue exhausted. Read all instances
INFO:validation.tuning:Training [8] got results {'time(s)': 55.58667302131653, 'loss': 0.3789266, 'l2': 0.037677716, 'train_error': 0.11586332321166992, 'train_l2': 0.038119704, 'error': 0.15247106552124023, 'train_loss': 0.31782585}
INFO:validation.tuning:Running training [9] in magic/1518297389359
INFO:training.predict:Queue exhausted. Read all instances
INFO:validation.tuning:Training [9] got results {'time(s)': 55.879435539245605, 'loss': 0.37984356, 'l2': 0.038092662, 'train_error': 0.1130826473236084, 'train_l2': 0.038038172, 'error': 0.15194529294967651, 'train_loss': 0.31623319}
INFO:__main__:time(s): 56.871898 +- 2.193202
INFO:__main__:loss: 0.370697 +- 0.007188
INFO:__main__:l2: 0.037713 +- 0.001103
INFO:__main__:train_error: 0.112666 +- 0.001613
INFO:__main__:train_l2: 0.037800 +- 0.001079
INFO:__main__:error: 0.142955 +- 0.007184
INFO:__main__:train_loss: 0.312876 +- 0.002760
