INFO:validation.tuning:Finished evaluation on {'kernel_mean': 0.0, 'num_layers': 1, 'memory_factor': 2, 'layerwise_progress_thresh': 0.1, 'hidden_units': 2048, 'switch_policy': <class 'training.policy.CyclicPolicy'>, 'l2_ratio': 0.1, 'kernel_size': 128, 'kernel_std': 0.01, 'batch_size': 128, 'progress_thresh': 0.1, 'policy_seed': 58, 'network_fn': <function example_layout_fn at 0x7f04efc61400>, 'lr_decay_epocs': 250, 'lr': 0.001, 'max_epochs': 10000, 'lr_decay': 0.5, 'strip_length': 5, 'n_threads': 4}
INFO:validation.tuning:Obtained results {'epoch': 20, 'train_loss': 0.39433926, 'train_error': 0.14910084009170532, 'val_loss': 0.37214562, 'val_error': 0.1484375}
INFO:validation.tuning:Finished evaluation on {'kernel_mean': 0.0, 'num_layers': 1, 'memory_factor': 2, 'layerwise_progress_thresh': 0.1, 'hidden_units': 1024, 'switch_policy': <class 'training.policy.CyclicPolicy'>, 'l2_ratio': 0.0001, 'kernel_size': 512, 'kernel_std': 0.01, 'batch_size': 128, 'progress_thresh': 0.1, 'policy_seed': 58, 'network_fn': <function example_layout_fn at 0x7f04efc61400>, 'lr_decay_epocs': 250, 'lr': 0.001, 'max_epochs': 10000, 'lr_decay': 0.5, 'strip_length': 5, 'n_threads': 4}
INFO:validation.tuning:Obtained results {'epoch': 90, 'train_loss': 0.28406903, 'train_error': 0.11593455076217651, 'val_loss': 0.29643565, 'val_error': 0.10724431276321411}
INFO:validation.tuning:Finished evaluation on {'kernel_mean': 0.0, 'num_layers': 1, 'memory_factor': 2, 'layerwise_progress_thresh': 0.1, 'hidden_units': 2048, 'switch_policy': <class 'training.policy.CyclicPolicy'>, 'l2_ratio': 0.1, 'kernel_size': 128, 'kernel_std': 0.1, 'batch_size': 128, 'progress_thresh': 0.1, 'policy_seed': 58, 'network_fn': <function example_layout_fn at 0x7f04efc61400>, 'lr_decay_epocs': 250, 'lr': 0.0001, 'max_epochs': 10000, 'lr_decay': 0.5, 'strip_length': 5, 'n_threads': 4}
INFO:validation.tuning:Obtained results {'epoch': 75, 'train_loss': 0.40545797, 'train_error': 0.13900351524353027, 'val_loss': 0.37554643, 'val_error': 0.12215906381607056}
INFO:validation.tuning:Finished evaluation on {'kernel_mean': 0.0, 'num_layers': 1, 'memory_factor': 2, 'layerwise_progress_thresh': 0.1, 'hidden_units': 512, 'switch_policy': <class 'training.policy.CyclicPolicy'>, 'l2_ratio': 0.001, 'kernel_size': 256, 'kernel_std': 0.01, 'batch_size': 128, 'progress_thresh': 0.1, 'policy_seed': 58, 'network_fn': <function example_layout_fn at 0x7f04efc61400>, 'lr_decay_epocs': 250, 'lr': 0.01, 'max_epochs': 10000, 'lr_decay': 0.5, 'strip_length': 5, 'n_threads': 4}
INFO:validation.tuning:Obtained results {'epoch': 300, 'train_loss': 0.33048615, 'train_error': 0.12964326143264771, 'val_loss': 0.3029407, 'val_error': 0.11221593618392944}
INFO:validation.tuning:Finished evaluation on {'kernel_mean': 0.0, 'num_layers': 1, 'memory_factor': 2, 'layerwise_progress_thresh': 0.1, 'hidden_units': 1024, 'switch_policy': <class 'training.policy.CyclicPolicy'>, 'l2_ratio': 0.01, 'kernel_size': 512, 'kernel_std': 0.5, 'batch_size': 128, 'progress_thresh': 0.1, 'policy_seed': 58, 'network_fn': <function example_layout_fn at 0x7f04efc61400>, 'lr_decay_epocs': 250, 'lr': 0.001, 'max_epochs': 10000, 'lr_decay': 0.5, 'strip_length': 5, 'n_threads': 4}
INFO:validation.tuning:Obtained results {'epoch': 30, 'train_loss': 0.34096617, 'train_error': 0.13539206981658936, 'val_loss': 0.32052305, 'val_error': 0.11860793828964233}
INFO:validation.tuning:Finished evaluation on {'kernel_mean': 0.0, 'num_layers': 1, 'memory_factor': 2, 'layerwise_progress_thresh': 0.1, 'hidden_units': 512, 'switch_policy': <class 'training.policy.CyclicPolicy'>, 'l2_ratio': 0, 'kernel_size': 64, 'kernel_std': 0.01, 'batch_size': 128, 'progress_thresh': 0.1, 'policy_seed': 58, 'network_fn': <function example_layout_fn at 0x7f04efc61400>, 'lr_decay_epocs': 250, 'lr': 0.001, 'max_epochs': 10000, 'lr_decay': 0.5, 'strip_length': 5, 'n_threads': 4}
INFO:validation.tuning:Obtained results {'epoch': 45, 'train_loss': 0.30071381, 'train_error': 0.12588441371917725, 'val_loss': 0.30077973, 'val_error': 0.12002843618392944}
INFO:validation.tuning:Finished evaluation on {'kernel_mean': 0.0, 'num_layers': 1, 'memory_factor': 2, 'layerwise_progress_thresh': 0.1, 'hidden_units': 2048, 'switch_policy': <class 'training.policy.CyclicPolicy'>, 'l2_ratio': 0.0001, 'kernel_size': 64, 'kernel_std': 0.01, 'batch_size': 128, 'progress_thresh': 0.1, 'policy_seed': 58, 'network_fn': <function example_layout_fn at 0x7f04efc61400>, 'lr_decay_epocs': 250, 'lr': 0.0001, 'max_epochs': 10000, 'lr_decay': 0.5, 'strip_length': 5, 'n_threads': 4}
INFO:validation.tuning:Obtained results {'epoch': 65, 'train_loss': 0.36322057, 'train_error': 0.12949585914611816, 'val_loss': 0.37639406, 'val_error': 0.12784093618392944}
INFO:validation.tuning:Finished evaluation on {'kernel_mean': 0.0, 'num_layers': 1, 'memory_factor': 2, 'layerwise_progress_thresh': 0.1, 'hidden_units': 1024, 'switch_policy': <class 'training.policy.CyclicPolicy'>, 'l2_ratio': 0, 'kernel_size': 512, 'kernel_std': 1.0, 'batch_size': 128, 'progress_thresh': 0.1, 'policy_seed': 58, 'network_fn': <function example_layout_fn at 0x7f04efc61400>, 'lr_decay_epocs': 250, 'lr': 0.01, 'max_epochs': 10000, 'lr_decay': 0.5, 'strip_length': 5, 'n_threads': 4}
INFO:validation.tuning:Obtained results {'epoch': 5, 'train_loss': 0.3275809, 'train_error': 0.13421285152435303, 'val_loss': 0.31062081, 'val_error': 0.12073862552642822}
INFO:validation.tuning:Finished evaluation on {'kernel_mean': 0.0, 'num_layers': 1, 'memory_factor': 2, 'layerwise_progress_thresh': 0.1, 'hidden_units': 2048, 'switch_policy': <class 'training.policy.CyclicPolicy'>, 'l2_ratio': 0.1, 'kernel_size': 64, 'kernel_std': 0.01, 'batch_size': 128, 'progress_thresh': 0.1, 'policy_seed': 58, 'network_fn': <function example_layout_fn at 0x7f04efc61400>, 'lr_decay_epocs': 250, 'lr': 0.001, 'max_epochs': 10000, 'lr_decay': 0.5, 'strip_length': 5, 'n_threads': 4}
INFO:validation.tuning:Obtained results {'epoch': 5, 'train_loss': 4.4850745, 'train_error': 0.15005898475646973, 'val_loss': 3.1418207, 'val_error': 0.125}
INFO:validation.tuning:Finished evaluation on {'kernel_mean': 0.0, 'num_layers': 1, 'memory_factor': 2, 'layerwise_progress_thresh': 0.1, 'hidden_units': 512, 'switch_policy': <class 'training.policy.CyclicPolicy'>, 'l2_ratio': 0.001, 'kernel_size': 128, 'kernel_std': 1.0, 'batch_size': 128, 'progress_thresh': 0.1, 'policy_seed': 58, 'network_fn': <function example_layout_fn at 0x7f04efc61400>, 'lr_decay_epocs': 250, 'lr': 0.0001, 'max_epochs': 10000, 'lr_decay': 0.5, 'strip_length': 5, 'n_threads': 4}
INFO:validation.tuning:Obtained results {'epoch': 45, 'train_loss': 0.40277684, 'train_error': 0.13273876905441284, 'val_loss': 0.4202382, 'val_error': 0.13565343618392944}
INFO:validation.tuning:Finished evaluation on {'kernel_mean': 0.0, 'num_layers': 1, 'memory_factor': 2, 'layerwise_progress_thresh': 0.1, 'hidden_units': 512, 'switch_policy': <class 'training.policy.CyclicPolicy'>, 'l2_ratio': 0.1, 'kernel_size': 512, 'kernel_std': 1.0, 'batch_size': 128, 'progress_thresh': 0.1, 'policy_seed': 58, 'network_fn': <function example_layout_fn at 0x7f04efc61400>, 'lr_decay_epocs': 250, 'lr': 0.001, 'max_epochs': 10000, 'lr_decay': 0.5, 'strip_length': 5, 'n_threads': 4}
INFO:validation.tuning:Obtained results {'epoch': 95, 'train_loss': 0.37424293, 'train_error': 0.14224648475646973, 'val_loss': 0.33669916, 'val_error': 0.11150568723678589}
INFO:validation.tuning:Finished evaluation on {'kernel_mean': 0.0, 'num_layers': 1, 'memory_factor': 2, 'layerwise_progress_thresh': 0.1, 'hidden_units': 1024, 'switch_policy': <class 'training.policy.CyclicPolicy'>, 'l2_ratio': 0.001, 'kernel_size': 512, 'kernel_std': 0.25, 'batch_size': 128, 'progress_thresh': 0.1, 'policy_seed': 58, 'network_fn': <function example_layout_fn at 0x7f04efc61400>, 'lr_decay_epocs': 250, 'lr': 0.0001, 'max_epochs': 10000, 'lr_decay': 0.5, 'strip_length': 5, 'n_threads': 4}
INFO:validation.tuning:Obtained results {'epoch': 55, 'train_loss': 0.41838261, 'train_error': 0.13494986295700073, 'val_loss': 0.41183251, 'val_error': 0.12571024894714355}
INFO:validation.tuning:Finished evaluation on {'kernel_mean': 0.0, 'num_layers': 1, 'memory_factor': 2, 'layerwise_progress_thresh': 0.1, 'hidden_units': 1024, 'switch_policy': <class 'training.policy.CyclicPolicy'>, 'l2_ratio': 0.0001, 'kernel_size': 64, 'kernel_std': 0.01, 'batch_size': 128, 'progress_thresh': 0.1, 'policy_seed': 58, 'network_fn': <function example_layout_fn at 0x7f04efc61400>, 'lr_decay_epocs': 250, 'lr': 0.0001, 'max_epochs': 10000, 'lr_decay': 0.5, 'strip_length': 5, 'n_threads': 4}
INFO:validation.tuning:Obtained results {'epoch': 40, 'train_loss': 0.36698917, 'train_error': 0.13723468780517578, 'val_loss': 0.32047859, 'val_error': 0.098721563816070557}
INFO:validation.tuning:Finished evaluation on {'kernel_mean': 0.0, 'num_layers': 1, 'memory_factor': 2, 'layerwise_progress_thresh': 0.1, 'hidden_units': 2048, 'switch_policy': <class 'training.policy.CyclicPolicy'>, 'l2_ratio': 0.0001, 'kernel_size': 256, 'kernel_std': 0.1, 'batch_size': 128, 'progress_thresh': 0.1, 'policy_seed': 58, 'network_fn': <function example_layout_fn at 0x7f04efc61400>, 'lr_decay_epocs': 250, 'lr': 0.01, 'max_epochs': 10000, 'lr_decay': 0.5, 'strip_length': 5, 'n_threads': 4}
INFO:validation.tuning:Obtained results {'epoch': 180, 'train_loss': 0.30722821, 'train_error': 0.12079894542694092, 'val_loss': 0.25730893, 'val_error': 0.093039751052856445}
INFO:validation.tuning:Finished evaluation on {'kernel_mean': 0.0, 'num_layers': 1, 'memory_factor': 2, 'layerwise_progress_thresh': 0.1, 'hidden_units': 1024, 'switch_policy': <class 'training.policy.CyclicPolicy'>, 'l2_ratio': 0.01, 'kernel_size': 256, 'kernel_std': 0.5, 'batch_size': 128, 'progress_thresh': 0.1, 'policy_seed': 58, 'network_fn': <function example_layout_fn at 0x7f04efc61400>, 'lr_decay_epocs': 250, 'lr': 0.0001, 'max_epochs': 10000, 'lr_decay': 0.5, 'strip_length': 5, 'n_threads': 4}
INFO:validation.tuning:Obtained results {'epoch': 15, 'train_loss': 2.0393393, 'train_error': 0.14792156219482422, 'val_loss': 1.9998358, 'val_error': 0.14630681276321411}
INFO:validation.tuning:Finished evaluation on {'kernel_mean': 0.0, 'num_layers': 1, 'memory_factor': 2, 'layerwise_progress_thresh': 0.1, 'hidden_units': 1024, 'switch_policy': <class 'training.policy.CyclicPolicy'>, 'l2_ratio': 0.0001, 'kernel_size': 64, 'kernel_std': 1.0, 'batch_size': 128, 'progress_thresh': 0.1, 'policy_seed': 58, 'network_fn': <function example_layout_fn at 0x7f04efc61400>, 'lr_decay_epocs': 250, 'lr': 0.0001, 'max_epochs': 10000, 'lr_decay': 0.5, 'strip_length': 5, 'n_threads': 4}
INFO:validation.tuning:Obtained results {'epoch': 90, 'train_loss': 0.33927599, 'train_error': 0.12809550762176514, 'val_loss': 0.34893548, 'val_error': 0.12286931276321411}
INFO:validation.tuning:Finished evaluation on {'kernel_mean': 0.0, 'num_layers': 1, 'memory_factor': 2, 'layerwise_progress_thresh': 0.1, 'hidden_units': 1024, 'switch_policy': <class 'training.policy.CyclicPolicy'>, 'l2_ratio': 0.001, 'kernel_size': 256, 'kernel_std': 1.0, 'batch_size': 128, 'progress_thresh': 0.1, 'policy_seed': 58, 'network_fn': <function example_layout_fn at 0x7f04efc61400>, 'lr_decay_epocs': 250, 'lr': 0.0001, 'max_epochs': 10000, 'lr_decay': 0.5, 'strip_length': 5, 'n_threads': 4}
INFO:validation.tuning:Obtained results {'epoch': 30, 'train_loss': 0.49406454, 'train_error': 0.13605540990829468, 'val_loss': 0.48374394, 'val_error': 0.12784093618392944}
INFO:validation.tuning:Finished evaluation on {'kernel_mean': 0.0, 'num_layers': 1, 'memory_factor': 2, 'layerwise_progress_thresh': 0.1, 'hidden_units': 512, 'switch_policy': <class 'training.policy.CyclicPolicy'>, 'l2_ratio': 0.001, 'kernel_size': 512, 'kernel_std': 1.0, 'batch_size': 128, 'progress_thresh': 0.1, 'policy_seed': 58, 'network_fn': <function example_layout_fn at 0x7f04efc61400>, 'lr_decay_epocs': 250, 'lr': 0.001, 'max_epochs': 10000, 'lr_decay': 0.5, 'strip_length': 5, 'n_threads': 4}
INFO:validation.tuning:Obtained results {'epoch': 55, 'train_loss': 0.32008585, 'train_error': 0.12861144542694092, 'val_loss': 0.28375059, 'val_error': 0.098011374473571777}
INFO:validation.tuning:Finished evaluation on {'kernel_mean': 0.0, 'num_layers': 1, 'memory_factor': 2, 'layerwise_progress_thresh': 0.1, 'hidden_units': 512, 'switch_policy': <class 'training.policy.CyclicPolicy'>, 'l2_ratio': 0.0001, 'kernel_size': 64, 'kernel_std': 0.1, 'batch_size': 128, 'progress_thresh': 0.1, 'policy_seed': 58, 'network_fn': <function example_layout_fn at 0x7f04efc61400>, 'lr_decay_epocs': 250, 'lr': 0.01, 'max_epochs': 10000, 'lr_decay': 0.5, 'strip_length': 5, 'n_threads': 4}
INFO:validation.tuning:Obtained results {'epoch': 105, 'train_loss': 0.30826926, 'train_error': 0.12278890609741211, 'val_loss': 0.28891233, 'val_error': 0.098721563816070557}
INFO:validation.tuning:Finished evaluation on {'kernel_mean': 0.0, 'num_layers': 1, 'memory_factor': 2, 'layerwise_progress_thresh': 0.1, 'hidden_units': 2048, 'switch_policy': <class 'training.policy.CyclicPolicy'>, 'l2_ratio': 0.1, 'kernel_size': 512, 'kernel_std': 0.5, 'batch_size': 128, 'progress_thresh': 0.1, 'policy_seed': 58, 'network_fn': <function example_layout_fn at 0x7f04efc61400>, 'lr_decay_epocs': 250, 'lr': 0.0001, 'max_epochs': 10000, 'lr_decay': 0.5, 'strip_length': 5, 'n_threads': 4}
INFO:validation.tuning:Obtained results {'epoch': 40, 'train_loss': 4.9909186, 'train_error': 0.14585793018341064, 'val_loss': 4.740459, 'val_error': 0.10014206171035767}
INFO:validation.tuning:Finished evaluation on {'kernel_mean': 0.0, 'num_layers': 1, 'memory_factor': 2, 'layerwise_progress_thresh': 0.1, 'hidden_units': 512, 'switch_policy': <class 'training.policy.CyclicPolicy'>, 'l2_ratio': 0.0001, 'kernel_size': 256, 'kernel_std': 1.0, 'batch_size': 128, 'progress_thresh': 0.1, 'policy_seed': 58, 'network_fn': <function example_layout_fn at 0x7f04efc61400>, 'lr_decay_epocs': 250, 'lr': 0.01, 'max_epochs': 10000, 'lr_decay': 0.5, 'strip_length': 5, 'n_threads': 4}
INFO:validation.tuning:Obtained results {'epoch': 65, 'train_loss': 0.31399578, 'train_error': 0.12470519542694092, 'val_loss': 0.30761334, 'val_error': 0.11079543828964233}
INFO:validation.tuning:Finished evaluation on {'kernel_mean': 0.0, 'num_layers': 1, 'memory_factor': 2, 'layerwise_progress_thresh': 0.1, 'hidden_units': 2048, 'switch_policy': <class 'training.policy.CyclicPolicy'>, 'l2_ratio': 0.001, 'kernel_size': 512, 'kernel_std': 0.25, 'batch_size': 128, 'progress_thresh': 0.1, 'policy_seed': 58, 'network_fn': <function example_layout_fn at 0x7f04efc61400>, 'lr_decay_epocs': 250, 'lr': 0.01, 'max_epochs': 10000, 'lr_decay': 0.5, 'strip_length': 5, 'n_threads': 4}
INFO:validation.tuning:Obtained results {'epoch': 120, 'train_loss': 0.33143479, 'train_error': 0.13237029314041138, 'val_loss': 0.30577978, 'val_error': 0.11789774894714355}
INFO:validation.tuning:Finished evaluation on {'kernel_mean': 0.0, 'num_layers': 1, 'memory_factor': 2, 'layerwise_progress_thresh': 0.1, 'hidden_units': 1024, 'switch_policy': <class 'training.policy.CyclicPolicy'>, 'l2_ratio': 0.0001, 'kernel_size': 128, 'kernel_std': 0.01, 'batch_size': 128, 'progress_thresh': 0.1, 'policy_seed': 58, 'network_fn': <function example_layout_fn at 0x7f04efc61400>, 'lr_decay_epocs': 250, 'lr': 0.001, 'max_epochs': 10000, 'lr_decay': 0.5, 'strip_length': 5, 'n_threads': 4}
INFO:validation.tuning:Obtained results {'epoch': 45, 'train_loss': 0.30426669, 'train_error': 0.11939859390258789, 'val_loss': 0.31281269, 'val_error': 0.11576706171035767}
INFO:validation.tuning:Finished evaluation on {'kernel_mean': 0.0, 'num_layers': 1, 'memory_factor': 2, 'layerwise_progress_thresh': 0.1, 'hidden_units': 512, 'switch_policy': <class 'training.policy.CyclicPolicy'>, 'l2_ratio': 0.01, 'kernel_size': 256, 'kernel_std': 0.01, 'batch_size': 128, 'progress_thresh': 0.1, 'policy_seed': 58, 'network_fn': <function example_layout_fn at 0x7f04efc61400>, 'lr_decay_epocs': 250, 'lr': 0.01, 'max_epochs': 10000, 'lr_decay': 0.5, 'strip_length': 5, 'n_threads': 4}
INFO:validation.tuning:Obtained results {'epoch': 55, 'train_loss': 0.35828435, 'train_error': 0.13819283246994019, 'val_loss': 0.31805539, 'val_error': 0.11008524894714355}
INFO:validation.tuning:Finished evaluation on {'kernel_mean': 0.0, 'num_layers': 1, 'memory_factor': 2, 'layerwise_progress_thresh': 0.1, 'hidden_units': 1024, 'switch_policy': <class 'training.policy.CyclicPolicy'>, 'l2_ratio': 0.01, 'kernel_size': 256, 'kernel_std': 0.1, 'batch_size': 128, 'progress_thresh': 0.1, 'policy_seed': 58, 'network_fn': <function example_layout_fn at 0x7f04efc61400>, 'lr_decay_epocs': 250, 'lr': 0.001, 'max_epochs': 10000, 'lr_decay': 0.5, 'strip_length': 5, 'n_threads': 4}
INFO:validation.tuning:Obtained results {'epoch': 10, 'train_loss': 0.3653751, 'train_error': 0.13907724618911743, 'val_loss': 0.30332687, 'val_error': 0.10866475105285645}
INFO:validation.tuning:Using model {'kernel_mean': 0.0, 'num_layers': 1, 'layerwise_progress_thresh': 0.1, 'hidden_units': 2048, 'switch_policy': <class 'training.policy.CyclicPolicy'>, 'kernel_std': 0.1, 'progress_thresh': 0.1, 'policy_seed': 58, 'lr': 0.01, 'lr_decay': 0.5, 'strip_length': 5, 'memory_factor': 2, 'n_threads': 4, 'l2_ratio': 0.0001, 'kernel_size': 256, 'batch_size': 128, 'lr_decay_epocs': 250, 'max_epochs': 180, 'network_fn': <function example_layout_fn at 0x7f04efc61400>} for training with results {'epoch': 180, 'train_loss': 0.30722821, 'train_error': 0.12079894542694092, 'val_loss': 0.25730893, 'val_error': 0.093039751052856445}
INFO:validation.tuning:Running training [0] in magic/1518282448201
INFO:training.predict:Queue exhausted. Read all instances
INFO:validation.tuning:Training [0] got results {'error': 0.13564670085906982, 'l2': 0.011693211, 'train_loss': 0.30144119, 'train_error': 0.12261652946472168, 'loss': 0.33008203, 'time(s)': 87.37596082687378, 'train_l2': 0.01166816}
INFO:validation.tuning:Running training [1] in magic/1518282539614
INFO:training.predict:Queue exhausted. Read all instances
INFO:validation.tuning:Training [1] got results {'error': 0.14090430736541748, 'l2': 0.01186922, 'train_loss': 0.30319282, 'train_error': 0.11990201473236084, 'loss': 0.32194182, 'time(s)': 92.80815505981445, 'train_l2': 0.011871029}
INFO:validation.tuning:Running training [2] in magic/1518282635976
INFO:training.predict:Queue exhausted. Read all instances
INFO:validation.tuning:Training [2] got results {'error': 0.1267087459564209, 'l2': 0.011731205, 'train_loss': 0.30517948, 'train_error': 0.12195444107055664, 'loss': 0.33242881, 'time(s)': 84.49672603607178, 'train_l2': 0.011734787}
INFO:validation.tuning:Running training [3] in magic/1518282723154
INFO:training.predict:Queue exhausted. Read all instances
INFO:validation.tuning:Training [3] got results {'error': 0.12933754920959473, 'l2': 0.011761357, 'train_loss': 0.29392093, 'train_error': 0.11500263214111328, 'loss': 0.31704593, 'time(s)': 82.42936635017395, 'train_l2': 0.011773671}
INFO:validation.tuning:Running training [4] in magic/1518282814066
INFO:training.predict:Queue exhausted. Read all instances
INFO:validation.tuning:Training [4] got results {'error': 0.14090430736541748, 'l2': 0.011879547, 'train_loss': 0.29694781, 'train_error': 0.11864405870437622, 'loss': 0.32827434, 'time(s)': 83.30757665634155, 'train_l2': 0.011855986}
INFO:validation.tuning:Running training [5] in magic/1518282900929
INFO:training.predict:Queue exhausted. Read all instances
INFO:validation.tuning:Training [5] got results {'error': 0.1414300799369812, 'l2': 0.011894642, 'train_loss': 0.30376473, 'train_error': 0.11943858861923218, 'loss': 0.33355436, 'time(s)': 91.89741683006287, 'train_l2': 0.011912457}
INFO:validation.tuning:Running training [6] in magic/1518282997704
INFO:training.predict:Queue exhausted. Read all instances
INFO:validation.tuning:Training [6] got results {'error': 0.12355417013168335, 'l2': 0.012092148, 'train_loss': 0.29692912, 'train_error': 0.11758476495742798, 'loss': 0.30620793, 'time(s)': 98.36726355552673, 'train_l2': 0.012071047}
INFO:validation.tuning:Running training [7] in magic/1518283099626
INFO:training.predict:Queue exhausted. Read all instances
INFO:validation.tuning:Training [7] got results {'error': 0.133017897605896, 'l2': 0.011740168, 'train_loss': 0.3045074, 'train_error': 0.12142479419708252, 'loss': 0.32449743, 'time(s)': 82.68706917762756, 'train_l2': 0.011765742}
INFO:validation.tuning:Running training [8] in magic/1518283185190
INFO:training.predict:Queue exhausted. Read all instances
INFO:validation.tuning:Training [8] got results {'error': 0.1267087459564209, 'l2': 0.012346687, 'train_loss': 0.30045074, 'train_error': 0.11950474977493286, 'loss': 0.31543276, 'time(s)': 81.79697299003601, 'train_l2': 0.012360209}
INFO:validation.tuning:Running training [9] in magic/1518283269878
INFO:training.predict:Queue exhausted. Read all instances
INFO:validation.tuning:Training [9] got results {'error': 0.12828600406646729, 'l2': 0.012070431, 'train_loss': 0.30160171, 'train_error': 0.12155717611312866, 'loss': 0.3083652, 'time(s)': 85.31195950508118, 'train_l2': 0.012086404}
INFO:__main__:error: 0.132650 +- 0.006370
INFO:__main__:l2: 0.011908 +- 0.000196
INFO:__main__:train_loss: 0.300794 +- 0.003546
INFO:__main__:train_error: 0.119763 +- 0.002186
INFO:__main__:loss: 0.321783 +- 0.009250
INFO:__main__:time(s): 87.047847 +- 5.257051
INFO:__main__:train_l2: 0.011910 +- 0.000198
