INFO:validation.tuning:Finished evaluation on {'lr': 0.01, 'lr_decay': 0.5, 'n_threads': 4, 'num_layers': 2, 'kernel_std': 0.1, 'memory_factor': 2, 'kernel_size': 64, 'kernel_mean': 0.0, 'progress_thresh': 0.1, 'lr_decay_epocs': 250, 'batch_size': 128, 'hidden_units': 2048, 'switch_policy': <class 'training.policy.CyclicPolicy'>, 'strip_length': 5, 'policy_seed': 942, 'max_epochs': 10000, 'l2_ratio': 0.001, 'layerwise_progress_thresh': 0.1, 'network_fn': <function example_layout_fn at 0x7f27a9f4e400>}
INFO:validation.tuning:Obtained results {'val_error': 0.10582387447357178, 'val_loss': 0.30043021, 'train_error': 0.12485259771347046, 'train_loss': 0.31319088, 'epoch': 190}
INFO:validation.tuning:Finished evaluation on {'lr': 0.001, 'lr_decay': 0.5, 'n_threads': 4, 'num_layers': 2, 'kernel_std': 1.0, 'memory_factor': 2, 'kernel_size': 128, 'kernel_mean': 0.0, 'progress_thresh': 0.1, 'lr_decay_epocs': 250, 'batch_size': 128, 'hidden_units': 2048, 'switch_policy': <class 'training.policy.CyclicPolicy'>, 'strip_length': 5, 'policy_seed': 942, 'max_epochs': 10000, 'l2_ratio': 0.1, 'layerwise_progress_thresh': 0.1, 'network_fn': <function example_layout_fn at 0x7f27a9f4e400>}
INFO:validation.tuning:Obtained results {'val_error': 0.14204543828964233, 'val_loss': 3.2632978, 'train_error': 0.16944283246994019, 'train_loss': 4.6340704, 'epoch': 5}
INFO:validation.tuning:Finished evaluation on {'lr': 0.01, 'lr_decay': 0.5, 'n_threads': 4, 'num_layers': 2, 'kernel_std': 0.1, 'memory_factor': 2, 'kernel_size': 64, 'kernel_mean': 0.0, 'progress_thresh': 0.1, 'lr_decay_epocs': 250, 'batch_size': 128, 'hidden_units': 1024, 'switch_policy': <class 'training.policy.CyclicPolicy'>, 'strip_length': 5, 'policy_seed': 942, 'max_epochs': 10000, 'l2_ratio': 0.01, 'layerwise_progress_thresh': 0.1, 'network_fn': <function example_layout_fn at 0x7f27a9f4e400>}
INFO:validation.tuning:Obtained results {'val_error': 0.12428975105285645, 'val_loss': 0.33424699, 'train_error': 0.13067513704299927, 'train_loss': 0.33464551, 'epoch': 350}
INFO:validation.tuning:Finished evaluation on {'lr': 0.001, 'lr_decay': 0.5, 'n_threads': 4, 'num_layers': 2, 'kernel_std': 0.01, 'memory_factor': 2, 'kernel_size': 64, 'kernel_mean': 0.0, 'progress_thresh': 0.1, 'lr_decay_epocs': 250, 'batch_size': 128, 'hidden_units': 2048, 'switch_policy': <class 'training.policy.CyclicPolicy'>, 'strip_length': 5, 'policy_seed': 942, 'max_epochs': 10000, 'l2_ratio': 0.0001, 'layerwise_progress_thresh': 0.1, 'network_fn': <function example_layout_fn at 0x7f27a9f4e400>}
INFO:validation.tuning:Obtained results {'val_error': 0.11434656381607056, 'val_loss': 0.31844914, 'train_error': 0.10362619161605835, 'train_loss': 0.28209239, 'epoch': 55}
INFO:validation.tuning:Finished evaluation on {'lr': 0.01, 'lr_decay': 0.5, 'n_threads': 4, 'num_layers': 2, 'kernel_std': 0.1, 'memory_factor': 2, 'kernel_size': 512, 'kernel_mean': 0.0, 'progress_thresh': 0.1, 'lr_decay_epocs': 250, 'batch_size': 128, 'hidden_units': 2048, 'switch_policy': <class 'training.policy.CyclicPolicy'>, 'strip_length': 5, 'policy_seed': 942, 'max_epochs': 10000, 'l2_ratio': 0.001, 'layerwise_progress_thresh': 0.1, 'network_fn': <function example_layout_fn at 0x7f27a9f4e400>}
INFO:validation.tuning:Obtained results {'val_error': 0.092329561710357666, 'val_loss': 0.27330396, 'train_error': 0.13001179695129395, 'train_loss': 0.33116692, 'epoch': 45}
INFO:validation.tuning:Finished evaluation on {'lr': 0.0001, 'lr_decay': 0.5, 'n_threads': 4, 'num_layers': 2, 'kernel_std': 1.0, 'memory_factor': 2, 'kernel_size': 256, 'kernel_mean': 0.0, 'progress_thresh': 0.1, 'lr_decay_epocs': 250, 'batch_size': 128, 'hidden_units': 1024, 'switch_policy': <class 'training.policy.CyclicPolicy'>, 'strip_length': 5, 'policy_seed': 942, 'max_epochs': 10000, 'l2_ratio': 0.0001, 'layerwise_progress_thresh': 0.1, 'network_fn': <function example_layout_fn at 0x7f27a9f4e400>}
INFO:validation.tuning:Obtained results {'val_error': 0.12073862552642822, 'val_loss': 0.38192865, 'train_error': 0.10119396448135376, 'train_loss': 0.30829719, 'epoch': 50}
INFO:validation.tuning:Finished evaluation on {'lr': 0.001, 'lr_decay': 0.5, 'n_threads': 4, 'num_layers': 2, 'kernel_std': 0.25, 'memory_factor': 2, 'kernel_size': 256, 'kernel_mean': 0.0, 'progress_thresh': 0.1, 'lr_decay_epocs': 250, 'batch_size': 128, 'hidden_units': 2048, 'switch_policy': <class 'training.policy.CyclicPolicy'>, 'strip_length': 5, 'policy_seed': 942, 'max_epochs': 10000, 'l2_ratio': 0.0001, 'layerwise_progress_thresh': 0.1, 'network_fn': <function example_layout_fn at 0x7f27a9f4e400>}
INFO:validation.tuning:Obtained results {'val_error': 0.11150568723678589, 'val_loss': 0.30871466, 'train_error': 0.11667156219482422, 'train_loss': 0.32135236, 'epoch': 25}
INFO:validation.tuning:Finished evaluation on {'lr': 0.0001, 'lr_decay': 0.5, 'n_threads': 4, 'num_layers': 2, 'kernel_std': 0.25, 'memory_factor': 2, 'kernel_size': 256, 'kernel_mean': 0.0, 'progress_thresh': 0.1, 'lr_decay_epocs': 250, 'batch_size': 128, 'hidden_units': 512, 'switch_policy': <class 'training.policy.CyclicPolicy'>, 'strip_length': 5, 'policy_seed': 942, 'max_epochs': 10000, 'l2_ratio': 0.0001, 'layerwise_progress_thresh': 0.1, 'network_fn': <function example_layout_fn at 0x7f27a9f4e400>}
INFO:validation.tuning:Obtained results {'val_error': 0.12784093618392944, 'val_loss': 0.34955257, 'train_error': 0.13251769542694092, 'train_loss': 0.36165097, 'epoch': 5}
INFO:validation.tuning:Finished evaluation on {'lr': 0.01, 'lr_decay': 0.5, 'n_threads': 4, 'num_layers': 2, 'kernel_std': 0.25, 'memory_factor': 2, 'kernel_size': 256, 'kernel_mean': 0.0, 'progress_thresh': 0.1, 'lr_decay_epocs': 250, 'batch_size': 128, 'hidden_units': 1024, 'switch_policy': <class 'training.policy.CyclicPolicy'>, 'strip_length': 5, 'policy_seed': 942, 'max_epochs': 10000, 'l2_ratio': 0.01, 'layerwise_progress_thresh': 0.1, 'network_fn': <function example_layout_fn at 0x7f27a9f4e400>}
INFO:validation.tuning:Obtained results {'val_error': 0.12144887447357178, 'val_loss': 0.33108568, 'train_error': 0.13443398475646973, 'train_loss': 0.34999928, 'epoch': 35}
INFO:validation.tuning:Finished evaluation on {'lr': 0.0001, 'lr_decay': 0.5, 'n_threads': 4, 'num_layers': 2, 'kernel_std': 0.1, 'memory_factor': 2, 'kernel_size': 256, 'kernel_mean': 0.0, 'progress_thresh': 0.1, 'lr_decay_epocs': 250, 'batch_size': 128, 'hidden_units': 1024, 'switch_policy': <class 'training.policy.CyclicPolicy'>, 'strip_length': 5, 'policy_seed': 942, 'max_epochs': 10000, 'l2_ratio': 0, 'layerwise_progress_thresh': 0.1, 'network_fn': <function example_layout_fn at 0x7f27a9f4e400>}
INFO:validation.tuning:Obtained results {'val_error': 0.10298293828964233, 'val_loss': 0.27579919, 'train_error': 0.069575488567352295, 'train_loss': 0.16998984, 'epoch': 160}
INFO:validation.tuning:Finished evaluation on {'lr': 0.01, 'lr_decay': 0.5, 'n_threads': 4, 'num_layers': 2, 'kernel_std': 1.0, 'memory_factor': 2, 'kernel_size': 64, 'kernel_mean': 0.0, 'progress_thresh': 0.1, 'lr_decay_epocs': 250, 'batch_size': 128, 'hidden_units': 2048, 'switch_policy': <class 'training.policy.CyclicPolicy'>, 'strip_length': 5, 'policy_seed': 942, 'max_epochs': 10000, 'l2_ratio': 0.1, 'layerwise_progress_thresh': 0.1, 'network_fn': <function example_layout_fn at 0x7f27a9f4e400>}
INFO:validation.tuning:Obtained results {'val_error': 0.12215906381607056, 'val_loss': 0.34899196, 'train_error': 0.14932191371917725, 'train_loss': 0.38279483, 'epoch': 135}
INFO:validation.tuning:Finished evaluation on {'lr': 0.001, 'lr_decay': 0.5, 'n_threads': 4, 'num_layers': 2, 'kernel_std': 1.0, 'memory_factor': 2, 'kernel_size': 512, 'kernel_mean': 0.0, 'progress_thresh': 0.1, 'lr_decay_epocs': 250, 'batch_size': 128, 'hidden_units': 512, 'switch_policy': <class 'training.policy.CyclicPolicy'>, 'strip_length': 5, 'policy_seed': 942, 'max_epochs': 10000, 'l2_ratio': 0.0001, 'layerwise_progress_thresh': 0.1, 'network_fn': <function example_layout_fn at 0x7f27a9f4e400>}
INFO:validation.tuning:Obtained results {'val_error': 0.10511362552642822, 'val_loss': 0.30730519, 'train_error': 0.083210468292236328, 'train_loss': 0.22731921, 'epoch': 95}
INFO:validation.tuning:Finished evaluation on {'lr': 0.01, 'lr_decay': 0.5, 'n_threads': 4, 'num_layers': 2, 'kernel_std': 0.1, 'memory_factor': 2, 'kernel_size': 64, 'kernel_mean': 0.0, 'progress_thresh': 0.1, 'lr_decay_epocs': 250, 'batch_size': 128, 'hidden_units': 2048, 'switch_policy': <class 'training.policy.CyclicPolicy'>, 'strip_length': 5, 'policy_seed': 942, 'max_epochs': 10000, 'l2_ratio': 0.1, 'layerwise_progress_thresh': 0.1, 'network_fn': <function example_layout_fn at 0x7f27a9f4e400>}
INFO:validation.tuning:Obtained results {'val_error': 0.12926137447357178, 'val_loss': 0.34698942, 'train_error': 0.15005898475646973, 'train_loss': 0.38952655, 'epoch': 65}
INFO:validation.tuning:Finished evaluation on {'lr': 0.0001, 'lr_decay': 0.5, 'n_threads': 4, 'num_layers': 2, 'kernel_std': 0.1, 'memory_factor': 2, 'kernel_size': 64, 'kernel_mean': 0.0, 'progress_thresh': 0.1, 'lr_decay_epocs': 250, 'batch_size': 128, 'hidden_units': 1024, 'switch_policy': <class 'training.policy.CyclicPolicy'>, 'strip_length': 5, 'policy_seed': 942, 'max_epochs': 10000, 'l2_ratio': 0.01, 'layerwise_progress_thresh': 0.1, 'network_fn': <function example_layout_fn at 0x7f27a9f4e400>}
INFO:validation.tuning:Obtained results {'val_error': 0.10724431276321411, 'val_loss': 0.55737472, 'train_error': 0.12020933628082275, 'train_loss': 0.56663591, 'epoch': 45}
INFO:validation.tuning:Finished evaluation on {'lr': 0.0001, 'lr_decay': 0.5, 'n_threads': 4, 'num_layers': 2, 'kernel_std': 0.01, 'memory_factor': 2, 'kernel_size': 256, 'kernel_mean': 0.0, 'progress_thresh': 0.1, 'lr_decay_epocs': 250, 'batch_size': 128, 'hidden_units': 1024, 'switch_policy': <class 'training.policy.CyclicPolicy'>, 'strip_length': 5, 'policy_seed': 942, 'max_epochs': 10000, 'l2_ratio': 0.1, 'layerwise_progress_thresh': 0.1, 'network_fn': <function example_layout_fn at 0x7f27a9f4e400>}
INFO:validation.tuning:Obtained results {'val_error': 0.12144887447357178, 'val_loss': 0.31777945, 'train_error': 0.11880898475646973, 'train_loss': 0.323535, 'epoch': 150}
INFO:validation.tuning:Finished evaluation on {'lr': 0.01, 'lr_decay': 0.5, 'n_threads': 4, 'num_layers': 2, 'kernel_std': 0.01, 'memory_factor': 2, 'kernel_size': 128, 'kernel_mean': 0.0, 'progress_thresh': 0.1, 'lr_decay_epocs': 250, 'batch_size': 128, 'hidden_units': 1024, 'switch_policy': <class 'training.policy.CyclicPolicy'>, 'strip_length': 5, 'policy_seed': 942, 'max_epochs': 10000, 'l2_ratio': 0, 'layerwise_progress_thresh': 0.1, 'network_fn': <function example_layout_fn at 0x7f27a9f4e400>}
INFO:validation.tuning:Obtained results {'val_error': 0.11434656381607056, 'val_loss': 0.31205297, 'train_error': 0.08800119161605835, 'train_loss': 0.21358544, 'epoch': 50}
INFO:validation.tuning:Finished evaluation on {'lr': 0.0001, 'lr_decay': 0.5, 'n_threads': 4, 'num_layers': 2, 'kernel_std': 0.1, 'memory_factor': 2, 'kernel_size': 256, 'kernel_mean': 0.0, 'progress_thresh': 0.1, 'lr_decay_epocs': 250, 'batch_size': 128, 'hidden_units': 1024, 'switch_policy': <class 'training.policy.CyclicPolicy'>, 'strip_length': 5, 'policy_seed': 942, 'max_epochs': 10000, 'l2_ratio': 0, 'layerwise_progress_thresh': 0.1, 'network_fn': <function example_layout_fn at 0x7f27a9f4e400>}
INFO:validation.tuning:Obtained results {'val_error': 0.10369318723678589, 'val_loss': 0.26345208, 'train_error': 0.09949880838394165, 'train_loss': 0.24544099, 'epoch': 45}
INFO:validation.tuning:Finished evaluation on {'lr': 0.01, 'lr_decay': 0.5, 'n_threads': 4, 'num_layers': 2, 'kernel_std': 1.0, 'memory_factor': 2, 'kernel_size': 64, 'kernel_mean': 0.0, 'progress_thresh': 0.1, 'lr_decay_epocs': 250, 'batch_size': 128, 'hidden_units': 1024, 'switch_policy': <class 'training.policy.CyclicPolicy'>, 'strip_length': 5, 'policy_seed': 942, 'max_epochs': 10000, 'l2_ratio': 0.0001, 'layerwise_progress_thresh': 0.1, 'network_fn': <function example_layout_fn at 0x7f27a9f4e400>}
INFO:validation.tuning:Obtained results {'val_error': 0.11008524894714355, 'val_loss': 0.30183804, 'train_error': 0.10804831981658936, 'train_loss': 0.28420481, 'epoch': 90}
INFO:validation.tuning:Finished evaluation on {'lr': 0.001, 'lr_decay': 0.5, 'n_threads': 4, 'num_layers': 2, 'kernel_std': 0.1, 'memory_factor': 2, 'kernel_size': 256, 'kernel_mean': 0.0, 'progress_thresh': 0.1, 'lr_decay_epocs': 250, 'batch_size': 128, 'hidden_units': 2048, 'switch_policy': <class 'training.policy.CyclicPolicy'>, 'strip_length': 5, 'policy_seed': 942, 'max_epochs': 10000, 'l2_ratio': 0.0001, 'layerwise_progress_thresh': 0.1, 'network_fn': <function example_layout_fn at 0x7f27a9f4e400>}
INFO:validation.tuning:Obtained results {'val_error': 0.095170438289642334, 'val_loss': 0.28529948, 'train_error': 0.11195456981658936, 'train_loss': 0.29602993, 'epoch': 40}
INFO:validation.tuning:Finished evaluation on {'lr': 0.001, 'lr_decay': 0.5, 'n_threads': 4, 'num_layers': 2, 'kernel_std': 0.01, 'memory_factor': 2, 'kernel_size': 512, 'kernel_mean': 0.0, 'progress_thresh': 0.1, 'lr_decay_epocs': 250, 'batch_size': 128, 'hidden_units': 512, 'switch_policy': <class 'training.policy.CyclicPolicy'>, 'strip_length': 5, 'policy_seed': 942, 'max_epochs': 10000, 'l2_ratio': 0.1, 'layerwise_progress_thresh': 0.1, 'network_fn': <function example_layout_fn at 0x7f27a9f4e400>}
INFO:validation.tuning:Obtained results {'val_error': 0.10653406381607056, 'val_loss': 0.29638052, 'train_error': 0.1298643946647644, 'train_loss': 0.33600464, 'epoch': 135}
INFO:validation.tuning:Finished evaluation on {'lr': 0.001, 'lr_decay': 0.5, 'n_threads': 4, 'num_layers': 2, 'kernel_std': 1.0, 'memory_factor': 2, 'kernel_size': 512, 'kernel_mean': 0.0, 'progress_thresh': 0.1, 'lr_decay_epocs': 250, 'batch_size': 128, 'hidden_units': 1024, 'switch_policy': <class 'training.policy.CyclicPolicy'>, 'strip_length': 5, 'policy_seed': 942, 'max_epochs': 10000, 'l2_ratio': 0.001, 'layerwise_progress_thresh': 0.1, 'network_fn': <function example_layout_fn at 0x7f27a9f4e400>}
INFO:validation.tuning:Obtained results {'val_error': 0.10724431276321411, 'val_loss': 0.3243655, 'train_error': 0.095961093902587891, 'train_loss': 0.2574794, 'epoch': 130}
INFO:validation.tuning:Finished evaluation on {'lr': 0.0001, 'lr_decay': 0.5, 'n_threads': 4, 'num_layers': 2, 'kernel_std': 0.01, 'memory_factor': 2, 'kernel_size': 256, 'kernel_mean': 0.0, 'progress_thresh': 0.1, 'lr_decay_epocs': 250, 'batch_size': 128, 'hidden_units': 512, 'switch_policy': <class 'training.policy.CyclicPolicy'>, 'strip_length': 5, 'policy_seed': 942, 'max_epochs': 10000, 'l2_ratio': 0.001, 'layerwise_progress_thresh': 0.1, 'network_fn': <function example_layout_fn at 0x7f27a9f4e400>}
INFO:validation.tuning:Obtained results {'val_error': 0.1015625, 'val_loss': 0.44254598, 'train_error': 0.10001474618911743, 'train_loss': 0.39546347, 'epoch': 65}
INFO:validation.tuning:Finished evaluation on {'lr': 0.001, 'lr_decay': 0.5, 'n_threads': 4, 'num_layers': 2, 'kernel_std': 1.0, 'memory_factor': 2, 'kernel_size': 128, 'kernel_mean': 0.0, 'progress_thresh': 0.1, 'lr_decay_epocs': 250, 'batch_size': 128, 'hidden_units': 1024, 'switch_policy': <class 'training.policy.CyclicPolicy'>, 'strip_length': 5, 'policy_seed': 942, 'max_epochs': 10000, 'l2_ratio': 0.01, 'layerwise_progress_thresh': 0.1, 'network_fn': <function example_layout_fn at 0x7f27a9f4e400>}
INFO:validation.tuning:Obtained results {'val_error': 0.098721563816070557, 'val_loss': 0.26956087, 'train_error': 0.10384726524353027, 'train_loss': 0.27589509, 'epoch': 345}
INFO:validation.tuning:Finished evaluation on {'lr': 0.001, 'lr_decay': 0.5, 'n_threads': 4, 'num_layers': 2, 'kernel_std': 0.1, 'memory_factor': 2, 'kernel_size': 512, 'kernel_mean': 0.0, 'progress_thresh': 0.1, 'lr_decay_epocs': 250, 'batch_size': 128, 'hidden_units': 512, 'switch_policy': <class 'training.policy.CyclicPolicy'>, 'strip_length': 5, 'policy_seed': 942, 'max_epochs': 10000, 'l2_ratio': 0, 'layerwise_progress_thresh': 0.1, 'network_fn': <function example_layout_fn at 0x7f27a9f4e400>}
INFO:validation.tuning:Obtained results {'val_error': 0.11789774894714355, 'val_loss': 0.38768348, 'train_error': 0.0546875, 'train_loss': 0.14034431, 'epoch': 135}
INFO:validation.tuning:Finished evaluation on {'lr': 0.0001, 'lr_decay': 0.5, 'n_threads': 4, 'num_layers': 2, 'kernel_std': 0.5, 'memory_factor': 2, 'kernel_size': 256, 'kernel_mean': 0.0, 'progress_thresh': 0.1, 'lr_decay_epocs': 250, 'batch_size': 128, 'hidden_units': 2048, 'switch_policy': <class 'training.policy.CyclicPolicy'>, 'strip_length': 5, 'policy_seed': 942, 'max_epochs': 10000, 'l2_ratio': 0.001, 'layerwise_progress_thresh': 0.1, 'network_fn': <function example_layout_fn at 0x7f27a9f4e400>}
INFO:validation.tuning:Obtained results {'val_error': 0.12571024894714355, 'val_loss': 0.84612566, 'train_error': 0.11586081981658936, 'train_loss': 0.83134538, 'epoch': 20}
INFO:validation.tuning:Using model {'n_threads': 4, 'kernel_std': 0.1, 'memory_factor': 2, 'kernel_size': 512, 'lr_decay_epocs': 250, 'batch_size': 128, 'switch_policy': <class 'training.policy.CyclicPolicy'>, 'strip_length': 5, 'policy_seed': 942, 'network_fn': <function example_layout_fn at 0x7f27a9f4e400>, 'lr': 0.01, 'kernel_mean': 0.0, 'progress_thresh': 0.1, 'hidden_units': 2048, 'num_layers': 2, 'layerwise_progress_thresh': 0.1, 'max_epochs': 45, 'l2_ratio': 0.001, 'lr_decay': 0.5} for training with results {'val_error': 0.092329561710357666, 'val_loss': 0.27330396, 'train_error': 0.13001179695129395, 'train_loss': 0.33116692, 'epoch': 45}
INFO:validation.tuning:Running training [0] in magic/1518285723463
INFO:training.predict:Queue exhausted. Read all instances
INFO:validation.tuning:Training [0] got results {'train_l2': 0.016183417, 'loss': 0.3481898, 'error': 0.14826500415802002, 'l2': 0.016489644, 'train_error': 0.13023042678833008, 'train_loss': 0.33287454, 'time(s)': 38.229193687438965}
INFO:validation.tuning:Running training [1] in magic/1518285765000
INFO:training.predict:Queue exhausted. Read all instances
INFO:validation.tuning:Training [1] got results {'train_l2': 0.016349547, 'loss': 0.32541552, 'error': 0.12618297338485718, 'l2': 0.016285447, 'train_error': 0.12255030870437622, 'train_loss': 0.31413576, 'time(s)': 38.204330921173096}
INFO:validation.tuning:Running training [2] in magic/1518285806582
INFO:training.predict:Queue exhausted. Read all instances
INFO:validation.tuning:Training [2] got results {'train_l2': 0.016047146, 'loss': 0.34168082, 'error': 0.14090430736541748, 'l2': 0.01589887, 'train_error': 0.12831038236618042, 'train_loss': 0.32527283, 'time(s)': 38.23958492279053}
INFO:validation.tuning:Running training [3] in magic/1518285848112
INFO:training.predict:Queue exhausted. Read all instances
INFO:validation.tuning:Training [3] got results {'train_l2': 0.016306503, 'loss': 0.35935867, 'error': 0.14826500415802002, 'l2': 0.016035346, 'train_error': 0.1259269118309021, 'train_loss': 0.32299104, 'time(s)': 38.159257888793945}
INFO:validation.tuning:Running training [4] in magic/1518285890837
INFO:training.predict:Queue exhausted. Read all instances
INFO:validation.tuning:Training [4] got results {'train_l2': 0.01601598, 'loss': 0.33522376, 'error': 0.133017897605896, 'l2': 0.015718764, 'train_error': 0.12539726495742798, 'train_loss': 0.32226118, 'time(s)': 38.262486696243286}
INFO:validation.tuning:Running training [5] in magic/1518285932510
INFO:training.predict:Queue exhausted. Read all instances
INFO:validation.tuning:Training [5] got results {'train_l2': 0.01561309, 'loss': 0.33543003, 'error': 0.13406938314437866, 'l2': 0.015645802, 'train_error': 0.12360966205596924, 'train_loss': 0.32015491, 'time(s)': 38.31210160255432}
INFO:validation.tuning:Running training [6] in magic/1518285974109
INFO:training.predict:Queue exhausted. Read all instances
INFO:validation.tuning:Training [6] got results {'train_l2': 0.016207639, 'loss': 0.33829823, 'error': 0.14405888319015503, 'l2': 0.016306356, 'train_error': 0.12751591205596924, 'train_loss': 0.32650504, 'time(s)': 38.24160623550415}
INFO:validation.tuning:Running training [7] in magic/1518286015677
INFO:training.predict:Queue exhausted. Read all instances
INFO:validation.tuning:Training [7] got results {'train_l2': 0.016091887, 'loss': 0.33814695, 'error': 0.133017897605896, 'l2': 0.015924394, 'train_error': 0.12652277946472168, 'train_loss': 0.32264459, 'time(s)': 38.36621022224426}
INFO:validation.tuning:Running training [8] in magic/1518286057336
INFO:training.predict:Queue exhausted. Read all instances
INFO:validation.tuning:Training [8] got results {'train_l2': 0.016437007, 'loss': 0.33600849, 'error': 0.13564670085906982, 'l2': 0.016617075, 'train_error': 0.12956833839416504, 'train_loss': 0.32627311, 'time(s)': 38.26033329963684}
INFO:validation.tuning:Running training [9] in magic/1518286098990
INFO:training.predict:Queue exhausted. Read all instances
INFO:validation.tuning:Training [9] got results {'train_l2': 0.017150529, 'loss': 0.3443948, 'error': 0.14616191387176514, 'l2': 0.01708445, 'train_error': 0.12824416160583496, 'train_loss': 0.32952669, 'time(s)': 38.36660838127136}
INFO:__main__:train_l2: 0.016240 +- 0.000373
INFO:__main__:loss: 0.340215 +- 0.008615
INFO:__main__:error: 0.138959 +- 0.007236
INFO:__main__:l2: 0.016201 +- 0.000423
INFO:__main__:train_error: 0.126788 +- 0.002353
INFO:__main__:train_loss: 0.324264 +- 0.004895
INFO:__main__:time(s): 38.264171 +- 0.063360
