INFO:validation.tuning:Finished evaluation on {'lr_decay_epocs': 250, 'kernel_mean': 0.0, 'layerwise_progress_thresh': 0.1, 'lr_decay': 0.5, 'switch_policy': <class 'training.policy.CyclicPolicy'>, 'hidden_units': 2048, 'progress_thresh': 0.1, 'network_fn': <function example_layout_fn at 0x7f1da968d400>, 'n_threads': 4, 'max_epochs': 10000, 'batch_size': 128, 'kernel_size': 256, 'memory_factor': 2, 'l2_ratio': 0.0001, 'lr': 0.001, 'kernel_std': 0.01, 'strip_length': 5, 'num_layers': 4, 'policy_seed': 417}
INFO:validation.tuning:Obtained results {'train_error': 0.093602597713470459, 'val_error': 0.10582387447357178, 'epoch': 75, 'train_loss': 0.2632874, 'val_loss': 0.31599975}
INFO:validation.tuning:Finished evaluation on {'lr_decay_epocs': 250, 'kernel_mean': 0.0, 'layerwise_progress_thresh': 0.1, 'lr_decay': 0.5, 'switch_policy': <class 'training.policy.CyclicPolicy'>, 'hidden_units': 2048, 'progress_thresh': 0.1, 'network_fn': <function example_layout_fn at 0x7f1da968d400>, 'n_threads': 4, 'max_epochs': 10000, 'batch_size': 128, 'kernel_size': 256, 'memory_factor': 2, 'l2_ratio': 0.0001, 'lr': 0.0001, 'kernel_std': 0.5, 'strip_length': 5, 'num_layers': 4, 'policy_seed': 417}
INFO:validation.tuning:Obtained results {'train_error': 0.067364394664764404, 'val_error': 0.12073862552642822, 'epoch': 45, 'train_loss': 0.37335169, 'val_loss': 0.57877445}
INFO:validation.tuning:Finished evaluation on {'lr_decay_epocs': 250, 'kernel_mean': 0.0, 'layerwise_progress_thresh': 0.1, 'lr_decay': 0.5, 'switch_policy': <class 'training.policy.CyclicPolicy'>, 'hidden_units': 1024, 'progress_thresh': 0.1, 'network_fn': <function example_layout_fn at 0x7f1da968d400>, 'n_threads': 4, 'max_epochs': 10000, 'batch_size': 128, 'kernel_size': 512, 'memory_factor': 2, 'l2_ratio': 0.0001, 'lr': 0.0001, 'kernel_std': 0.25, 'strip_length': 5, 'num_layers': 4, 'policy_seed': 417}
INFO:validation.tuning:Obtained results {'train_error': 0.0065595507621765137, 'val_error': 0.10795456171035767, 'epoch': 255, 'train_loss': 0.11717147, 'val_loss': 0.63996071}
INFO:validation.tuning:Finished evaluation on {'lr_decay_epocs': 250, 'kernel_mean': 0.0, 'layerwise_progress_thresh': 0.1, 'lr_decay': 0.5, 'switch_policy': <class 'training.policy.CyclicPolicy'>, 'hidden_units': 1024, 'progress_thresh': 0.1, 'network_fn': <function example_layout_fn at 0x7f1da968d400>, 'n_threads': 4, 'max_epochs': 10000, 'batch_size': 128, 'kernel_size': 256, 'memory_factor': 2, 'l2_ratio': 0.1, 'lr': 0.01, 'kernel_std': 0.5, 'strip_length': 5, 'num_layers': 4, 'policy_seed': 417}
INFO:validation.tuning:Obtained results {'train_error': 0.15131193399429321, 'val_error': 0.140625, 'epoch': 25, 'train_loss': 0.41349965, 'val_loss': 0.40637156}
INFO:validation.tuning:Finished evaluation on {'lr_decay_epocs': 250, 'kernel_mean': 0.0, 'layerwise_progress_thresh': 0.1, 'lr_decay': 0.5, 'switch_policy': <class 'training.policy.CyclicPolicy'>, 'hidden_units': 1024, 'progress_thresh': 0.1, 'network_fn': <function example_layout_fn at 0x7f1da968d400>, 'n_threads': 4, 'max_epochs': 10000, 'batch_size': 128, 'kernel_size': 64, 'memory_factor': 2, 'l2_ratio': 0.001, 'lr': 0.0001, 'kernel_std': 0.25, 'strip_length': 5, 'num_layers': 4, 'policy_seed': 417}
INFO:validation.tuning:Obtained results {'train_error': 0.082252383232116699, 'val_error': 0.11292612552642822, 'epoch': 30, 'train_loss': 0.79782099, 'val_loss': 0.88143831}
INFO:validation.tuning:Finished evaluation on {'lr_decay_epocs': 250, 'kernel_mean': 0.0, 'layerwise_progress_thresh': 0.1, 'lr_decay': 0.5, 'switch_policy': <class 'training.policy.CyclicPolicy'>, 'hidden_units': 2048, 'progress_thresh': 0.1, 'network_fn': <function example_layout_fn at 0x7f1da968d400>, 'n_threads': 4, 'max_epochs': 10000, 'batch_size': 128, 'kernel_size': 64, 'memory_factor': 2, 'l2_ratio': 0.001, 'lr': 0.001, 'kernel_std': 0.25, 'strip_length': 5, 'num_layers': 4, 'policy_seed': 417}
INFO:validation.tuning:Obtained results {'train_error': 0.11961966753005981, 'val_error': 0.10440343618392944, 'epoch': 60, 'train_loss': 0.31778163, 'val_loss': 0.32044718}
INFO:validation.tuning:Finished evaluation on {'lr_decay_epocs': 250, 'kernel_mean': 0.0, 'layerwise_progress_thresh': 0.1, 'lr_decay': 0.5, 'switch_policy': <class 'training.policy.CyclicPolicy'>, 'hidden_units': 1024, 'progress_thresh': 0.1, 'network_fn': <function example_layout_fn at 0x7f1da968d400>, 'n_threads': 4, 'max_epochs': 10000, 'batch_size': 128, 'kernel_size': 64, 'memory_factor': 2, 'l2_ratio': 0.001, 'lr': 0.001, 'kernel_std': 0.01, 'strip_length': 5, 'num_layers': 4, 'policy_seed': 417}
INFO:validation.tuning:Obtained results {'train_error': 0.12979066371917725, 'val_error': 0.11647725105285645, 'epoch': 15, 'train_loss': 0.37233388, 'val_loss': 0.35904187}
INFO:validation.tuning:Finished evaluation on {'lr_decay_epocs': 250, 'kernel_mean': 0.0, 'layerwise_progress_thresh': 0.1, 'lr_decay': 0.5, 'switch_policy': <class 'training.policy.CyclicPolicy'>, 'hidden_units': 1024, 'progress_thresh': 0.1, 'network_fn': <function example_layout_fn at 0x7f1da968d400>, 'n_threads': 4, 'max_epochs': 10000, 'batch_size': 128, 'kernel_size': 512, 'memory_factor': 2, 'l2_ratio': 0, 'lr': 0.0001, 'kernel_std': 0.5, 'strip_length': 5, 'num_layers': 4, 'policy_seed': 417}
INFO:validation.tuning:Obtained results {'train_error': 0.0013266801834106445, 'val_error': 0.11292612552642822, 'epoch': 645, 'train_loss': 0.0034783757, 'val_loss': 0.7523787}
INFO:validation.tuning:Finished evaluation on {'lr_decay_epocs': 250, 'kernel_mean': 0.0, 'layerwise_progress_thresh': 0.1, 'lr_decay': 0.5, 'switch_policy': <class 'training.policy.CyclicPolicy'>, 'hidden_units': 512, 'progress_thresh': 0.1, 'network_fn': <function example_layout_fn at 0x7f1da968d400>, 'n_threads': 4, 'max_epochs': 10000, 'batch_size': 128, 'kernel_size': 512, 'memory_factor': 2, 'l2_ratio': 0, 'lr': 0.0001, 'kernel_std': 0.01, 'strip_length': 5, 'num_layers': 4, 'policy_seed': 417}
INFO:validation.tuning:Obtained results {'train_error': 0.08778005838394165, 'val_error': 0.10795456171035767, 'epoch': 20, 'train_loss': 0.21850601, 'val_loss': 0.30519551}
INFO:validation.tuning:Finished evaluation on {'lr_decay_epocs': 250, 'kernel_mean': 0.0, 'layerwise_progress_thresh': 0.1, 'lr_decay': 0.5, 'switch_policy': <class 'training.policy.CyclicPolicy'>, 'hidden_units': 512, 'progress_thresh': 0.1, 'network_fn': <function example_layout_fn at 0x7f1da968d400>, 'n_threads': 4, 'max_epochs': 10000, 'batch_size': 128, 'kernel_size': 128, 'memory_factor': 2, 'l2_ratio': 0.01, 'lr': 0.001, 'kernel_std': 1.0, 'strip_length': 5, 'num_layers': 4, 'policy_seed': 417}
INFO:validation.tuning:Obtained results {'train_error': 0.12109375, 'val_error': 0.10866475105285645, 'epoch': 45, 'train_loss': 0.32235858, 'val_loss': 0.32167098}
INFO:validation.tuning:Finished evaluation on {'lr_decay_epocs': 250, 'kernel_mean': 0.0, 'layerwise_progress_thresh': 0.1, 'lr_decay': 0.5, 'switch_policy': <class 'training.policy.CyclicPolicy'>, 'hidden_units': 2048, 'progress_thresh': 0.1, 'network_fn': <function example_layout_fn at 0x7f1da968d400>, 'n_threads': 4, 'max_epochs': 10000, 'batch_size': 128, 'kernel_size': 128, 'memory_factor': 2, 'l2_ratio': 0.01, 'lr': 0.01, 'kernel_std': 0.5, 'strip_length': 5, 'num_layers': 4, 'policy_seed': 417}
INFO:validation.tuning:Obtained results {'train_error': 0.13362324237823486, 'val_error': 0.13423293828964233, 'epoch': 30, 'train_loss': 0.34989578, 'val_loss': 0.35595128}
INFO:validation.tuning:Finished evaluation on {'lr_decay_epocs': 250, 'kernel_mean': 0.0, 'layerwise_progress_thresh': 0.1, 'lr_decay': 0.5, 'switch_policy': <class 'training.policy.CyclicPolicy'>, 'hidden_units': 2048, 'progress_thresh': 0.1, 'network_fn': <function example_layout_fn at 0x7f1da968d400>, 'n_threads': 4, 'max_epochs': 10000, 'batch_size': 128, 'kernel_size': 128, 'memory_factor': 2, 'l2_ratio': 0.01, 'lr': 0.001, 'kernel_std': 1.0, 'strip_length': 5, 'num_layers': 4, 'policy_seed': 417}
INFO:validation.tuning:Obtained results {'train_error': 0.11851418018341064, 'val_error': 0.096590936183929443, 'epoch': 130, 'train_loss': 0.31826907, 'val_loss': 0.30054396}
INFO:validation.tuning:Finished evaluation on {'lr_decay_epocs': 250, 'kernel_mean': 0.0, 'layerwise_progress_thresh': 0.1, 'lr_decay': 0.5, 'switch_policy': <class 'training.policy.CyclicPolicy'>, 'hidden_units': 1024, 'progress_thresh': 0.1, 'network_fn': <function example_layout_fn at 0x7f1da968d400>, 'n_threads': 4, 'max_epochs': 10000, 'batch_size': 128, 'kernel_size': 256, 'memory_factor': 2, 'l2_ratio': 0.0001, 'lr': 0.0001, 'kernel_std': 0.1, 'strip_length': 5, 'num_layers': 4, 'policy_seed': 417}
INFO:validation.tuning:Obtained results {'train_error': 0.029702246189117432, 'val_error': 0.10795456171035767, 'epoch': 75, 'train_loss': 0.20637417, 'val_loss': 0.53862458}
INFO:validation.tuning:Finished evaluation on {'lr_decay_epocs': 250, 'kernel_mean': 0.0, 'layerwise_progress_thresh': 0.1, 'lr_decay': 0.5, 'switch_policy': <class 'training.policy.CyclicPolicy'>, 'hidden_units': 2048, 'progress_thresh': 0.1, 'network_fn': <function example_layout_fn at 0x7f1da968d400>, 'n_threads': 4, 'max_epochs': 10000, 'batch_size': 128, 'kernel_size': 512, 'memory_factor': 2, 'l2_ratio': 0, 'lr': 0.01, 'kernel_std': 0.25, 'strip_length': 5, 'num_layers': 4, 'policy_seed': 417}
INFO:validation.tuning:Obtained results {'train_error': 0.091833710670471191, 'val_error': 0.11434656381607056, 'epoch': 45, 'train_loss': 0.22458102, 'val_loss': 0.33098793}
INFO:validation.tuning:Finished evaluation on {'lr_decay_epocs': 250, 'kernel_mean': 0.0, 'layerwise_progress_thresh': 0.1, 'lr_decay': 0.5, 'switch_policy': <class 'training.policy.CyclicPolicy'>, 'hidden_units': 512, 'progress_thresh': 0.1, 'network_fn': <function example_layout_fn at 0x7f1da968d400>, 'n_threads': 4, 'max_epochs': 10000, 'batch_size': 128, 'kernel_size': 256, 'memory_factor': 2, 'l2_ratio': 0.01, 'lr': 0.001, 'kernel_std': 1.0, 'strip_length': 5, 'num_layers': 4, 'policy_seed': 417}
INFO:validation.tuning:Obtained results {'train_error': 0.10731130838394165, 'val_error': 0.086647748947143555, 'epoch': 220, 'train_loss': 0.2851876, 'val_loss': 0.24703589}
INFO:validation.tuning:Finished evaluation on {'lr_decay_epocs': 250, 'kernel_mean': 0.0, 'layerwise_progress_thresh': 0.1, 'lr_decay': 0.5, 'switch_policy': <class 'training.policy.CyclicPolicy'>, 'hidden_units': 512, 'progress_thresh': 0.1, 'network_fn': <function example_layout_fn at 0x7f1da968d400>, 'n_threads': 4, 'max_epochs': 10000, 'batch_size': 128, 'kernel_size': 256, 'memory_factor': 2, 'l2_ratio': 0.1, 'lr': 0.01, 'kernel_std': 1.0, 'strip_length': 5, 'num_layers': 4, 'policy_seed': 417}
INFO:validation.tuning:Obtained results {'train_error': 0.14630013704299927, 'val_error': 0.12713068723678589, 'epoch': 105, 'train_loss': 0.38094872, 'val_loss': 0.34834453}
INFO:validation.tuning:Finished evaluation on {'lr_decay_epocs': 250, 'kernel_mean': 0.0, 'layerwise_progress_thresh': 0.1, 'lr_decay': 0.5, 'switch_policy': <class 'training.policy.CyclicPolicy'>, 'hidden_units': 1024, 'progress_thresh': 0.1, 'network_fn': <function example_layout_fn at 0x7f1da968d400>, 'n_threads': 4, 'max_epochs': 10000, 'batch_size': 128, 'kernel_size': 512, 'memory_factor': 2, 'l2_ratio': 0, 'lr': 0.01, 'kernel_std': 1.0, 'strip_length': 5, 'num_layers': 4, 'policy_seed': 417}
INFO:validation.tuning:Obtained results {'train_error': 0.10731130838394165, 'val_error': 0.109375, 'epoch': 25, 'train_loss': 0.26598871, 'val_loss': 0.28416678}
INFO:validation.tuning:Finished evaluation on {'lr_decay_epocs': 250, 'kernel_mean': 0.0, 'layerwise_progress_thresh': 0.1, 'lr_decay': 0.5, 'switch_policy': <class 'training.policy.CyclicPolicy'>, 'hidden_units': 512, 'progress_thresh': 0.1, 'network_fn': <function example_layout_fn at 0x7f1da968d400>, 'n_threads': 4, 'max_epochs': 10000, 'batch_size': 128, 'kernel_size': 64, 'memory_factor': 2, 'l2_ratio': 0, 'lr': 0.01, 'kernel_std': 1.0, 'strip_length': 5, 'num_layers': 4, 'policy_seed': 417}
INFO:validation.tuning:Obtained results {'train_error': 0.092865586280822754, 'val_error': 0.10369318723678589, 'epoch': 40, 'train_loss': 0.22355117, 'val_loss': 0.28892052}
INFO:validation.tuning:Finished evaluation on {'lr_decay_epocs': 250, 'kernel_mean': 0.0, 'layerwise_progress_thresh': 0.1, 'lr_decay': 0.5, 'switch_policy': <class 'training.policy.CyclicPolicy'>, 'hidden_units': 2048, 'progress_thresh': 0.1, 'network_fn': <function example_layout_fn at 0x7f1da968d400>, 'n_threads': 4, 'max_epochs': 10000, 'batch_size': 128, 'kernel_size': 512, 'memory_factor': 2, 'l2_ratio': 0.01, 'lr': 0.01, 'kernel_std': 0.25, 'strip_length': 5, 'num_layers': 4, 'policy_seed': 417}
INFO:validation.tuning:Obtained results {'train_error': 0.13929831981658936, 'val_error': 0.11363637447357178, 'epoch': 45, 'train_loss': 0.35451925, 'val_loss': 0.3265425}
INFO:validation.tuning:Finished evaluation on {'lr_decay_epocs': 250, 'kernel_mean': 0.0, 'layerwise_progress_thresh': 0.1, 'lr_decay': 0.5, 'switch_policy': <class 'training.policy.CyclicPolicy'>, 'hidden_units': 1024, 'progress_thresh': 0.1, 'network_fn': <function example_layout_fn at 0x7f1da968d400>, 'n_threads': 4, 'max_epochs': 10000, 'batch_size': 128, 'kernel_size': 256, 'memory_factor': 2, 'l2_ratio': 0, 'lr': 0.01, 'kernel_std': 0.25, 'strip_length': 5, 'num_layers': 4, 'policy_seed': 417}
INFO:validation.tuning:Obtained results {'train_error': 0.071860253810882568, 'val_error': 0.11931818723678589, 'epoch': 70, 'train_loss': 0.17371199, 'val_loss': 0.37372777}
INFO:validation.tuning:Finished evaluation on {'lr_decay_epocs': 250, 'kernel_mean': 0.0, 'layerwise_progress_thresh': 0.1, 'lr_decay': 0.5, 'switch_policy': <class 'training.policy.CyclicPolicy'>, 'hidden_units': 512, 'progress_thresh': 0.1, 'network_fn': <function example_layout_fn at 0x7f1da968d400>, 'n_threads': 4, 'max_epochs': 10000, 'batch_size': 128, 'kernel_size': 64, 'memory_factor': 2, 'l2_ratio': 0.001, 'lr': 0.01, 'kernel_std': 0.01, 'strip_length': 5, 'num_layers': 4, 'policy_seed': 417}
INFO:validation.tuning:Obtained results {'train_error': 0.12551593780517578, 'val_error': 0.12073862552642822, 'epoch': 80, 'train_loss': 0.32267812, 'val_loss': 0.31659815}
INFO:validation.tuning:Finished evaluation on {'lr_decay_epocs': 250, 'kernel_mean': 0.0, 'layerwise_progress_thresh': 0.1, 'lr_decay': 0.5, 'switch_policy': <class 'training.policy.CyclicPolicy'>, 'hidden_units': 2048, 'progress_thresh': 0.1, 'network_fn': <function example_layout_fn at 0x7f1da968d400>, 'n_threads': 4, 'max_epochs': 10000, 'batch_size': 128, 'kernel_size': 64, 'memory_factor': 2, 'l2_ratio': 0.001, 'lr': 0.01, 'kernel_std': 0.01, 'strip_length': 5, 'num_layers': 4, 'policy_seed': 417}
INFO:validation.tuning:Obtained results {'train_error': 0.12993806600570679, 'val_error': 0.11647725105285645, 'epoch': 40, 'train_loss': 0.33635578, 'val_loss': 0.33071873}
INFO:validation.tuning:Finished evaluation on {'lr_decay_epocs': 250, 'kernel_mean': 0.0, 'layerwise_progress_thresh': 0.1, 'lr_decay': 0.5, 'switch_policy': <class 'training.policy.CyclicPolicy'>, 'hidden_units': 2048, 'progress_thresh': 0.1, 'network_fn': <function example_layout_fn at 0x7f1da968d400>, 'n_threads': 4, 'max_epochs': 10000, 'batch_size': 128, 'kernel_size': 128, 'memory_factor': 2, 'l2_ratio': 0, 'lr': 0.0001, 'kernel_std': 0.25, 'strip_length': 5, 'num_layers': 4, 'policy_seed': 417}
INFO:validation.tuning:Obtained results {'train_error': 0.076356112957000732, 'val_error': 0.13068181276321411, 'epoch': 35, 'train_loss': 0.18119146, 'val_loss': 0.3037596}
INFO:validation.tuning:Finished evaluation on {'lr_decay_epocs': 250, 'kernel_mean': 0.0, 'layerwise_progress_thresh': 0.1, 'lr_decay': 0.5, 'switch_policy': <class 'training.policy.CyclicPolicy'>, 'hidden_units': 2048, 'progress_thresh': 0.1, 'network_fn': <function example_layout_fn at 0x7f1da968d400>, 'n_threads': 4, 'max_epochs': 10000, 'batch_size': 128, 'kernel_size': 256, 'memory_factor': 2, 'l2_ratio': 0.001, 'lr': 0.0001, 'kernel_std': 0.5, 'strip_length': 5, 'num_layers': 4, 'policy_seed': 417}
INFO:validation.tuning:Obtained results {'train_error': 0.10510021448135376, 'val_error': 0.11079543828964233, 'epoch': 35, 'train_loss': 0.62554443, 'val_loss': 0.6535877}
INFO:validation.tuning:Finished evaluation on {'lr_decay_epocs': 250, 'kernel_mean': 0.0, 'layerwise_progress_thresh': 0.1, 'lr_decay': 0.5, 'switch_policy': <class 'training.policy.CyclicPolicy'>, 'hidden_units': 2048, 'progress_thresh': 0.1, 'network_fn': <function example_layout_fn at 0x7f1da968d400>, 'n_threads': 4, 'max_epochs': 10000, 'batch_size': 128, 'kernel_size': 64, 'memory_factor': 2, 'l2_ratio': 0.01, 'lr': 0.01, 'kernel_std': 0.01, 'strip_length': 5, 'num_layers': 4, 'policy_seed': 417}
INFO:validation.tuning:Obtained results {'train_error': 0.13229656219482422, 'val_error': 0.11221593618392944, 'epoch': 680, 'train_loss': 0.33445764, 'val_loss': 0.30831471}
INFO:validation.tuning:Using model {'kernel_mean': 0.0, 'layerwise_progress_thresh': 0.1, 'switch_policy': <class 'training.policy.CyclicPolicy'>, 'kernel_size': 256, 'n_threads': 4, 'max_epochs': 220, 'batch_size': 128, 'memory_factor': 2, 'lr': 0.001, 'num_layers': 4, 'policy_seed': 417, 'strip_length': 5, 'hidden_units': 512, 'progress_thresh': 0.1, 'network_fn': <function example_layout_fn at 0x7f1da968d400>, 'lr_decay_epocs': 250, 'lr_decay': 0.5, 'l2_ratio': 0.01, 'kernel_std': 1.0} for training with results {'train_error': 0.10731130838394165, 'val_error': 0.086647748947143555, 'epoch': 220, 'train_loss': 0.2851876, 'val_loss': 0.24703589}
INFO:validation.tuning:Running training [0] in magic/1518345545985
INFO:training.predict:Queue exhausted. Read all instances
INFO:validation.tuning:Training [0] got results {'train_error': 0.10944122076034546, 'loss': 0.3289192, 'time(s)': 91.71385717391968, 'l2': 0.022901628, 'train_l2': 0.02278544, 'train_loss': 0.28917912, 'error': 0.12460565567016602}
INFO:validation.tuning:Running training [1] in magic/1518345641235
INFO:training.predict:Queue exhausted. Read all instances
INFO:validation.tuning:Training [1] got results {'train_error': 0.10858052968978882, 'loss': 0.33446497, 'time(s)': 110.80716753005981, 'l2': 0.021896306, 'train_l2': 0.02185623, 'train_loss': 0.28816962, 'error': 0.14248162508010864}
INFO:validation.tuning:Running training [2] in magic/1518345755676
INFO:training.predict:Queue exhausted. Read all instances
INFO:validation.tuning:Training [2] got results {'train_error': 0.10805082321166992, 'loss': 0.35496503, 'time(s)': 103.04091429710388, 'l2': 0.022378178, 'train_l2': 0.022284716, 'train_loss': 0.28644729, 'error': 0.13196635246276855}
INFO:validation.tuning:Running training [3] in magic/1518345862187
INFO:training.predict:Queue exhausted. Read all instances
INFO:validation.tuning:Training [3] got results {'train_error': 0.1101033091545105, 'loss': 0.31462216, 'time(s)': 104.53328347206116, 'l2': 0.021960858, 'train_l2': 0.021866972, 'train_loss': 0.28873956, 'error': 0.11619347333908081}
INFO:validation.tuning:Running training [4] in magic/1518345970219
INFO:training.predict:Queue exhausted. Read all instances
INFO:validation.tuning:Training [4] got results {'train_error': 0.11208951473236084, 'loss': 0.34695467, 'time(s)': 97.86184668540955, 'l2': 0.021528434, 'train_l2': 0.021574384, 'train_loss': 0.29199708, 'error': 0.13722395896911621}
INFO:validation.tuning:Running training [5] in magic/1518346071740
INFO:training.predict:Queue exhausted. Read all instances
INFO:validation.tuning:Training [5] got results {'train_error': 0.1034163236618042, 'loss': 0.35194364, 'time(s)': 112.60883855819702, 'l2': 0.02239012, 'train_l2': 0.022464221, 'train_loss': 0.2810609, 'error': 0.14511042833328247}
INFO:validation.tuning:Running training [6] in magic/1518346187955
INFO:training.predict:Queue exhausted. Read all instances
INFO:validation.tuning:Training [6] got results {'train_error': 0.10672670602798462, 'loss': 0.33073562, 'time(s)': 110.38745164871216, 'l2': 0.021018516, 'train_l2': 0.0210681, 'train_loss': 0.28175813, 'error': 0.13459515571594238}
INFO:validation.tuning:Running training [7] in magic/1518346301822
INFO:training.predict:Queue exhausted. Read all instances
INFO:validation.tuning:Training [7] got results {'train_error': 0.10811704397201538, 'loss': 0.34567514, 'time(s)': 95.90561962127686, 'l2': 0.021688979, 'train_l2': 0.021756582, 'train_loss': 0.2894994, 'error': 0.12933754920959473}
INFO:validation.tuning:Running training [8] in magic/1518346403552
INFO:training.predict:Queue exhausted. Read all instances
INFO:validation.tuning:Training [8] got results {'train_error': 0.1121557354927063, 'loss': 0.36935544, 'time(s)': 106.42468428611755, 'l2': 0.021002261, 'train_l2': 0.021024896, 'train_loss': 0.29082119, 'error': 0.13827550411224365}
INFO:validation.tuning:Running training [9] in magic/1518346513628
INFO:training.predict:Queue exhausted. Read all instances
INFO:validation.tuning:Training [9] got results {'train_error': 0.10977226495742798, 'loss': 0.36004317, 'time(s)': 112.20944881439209, 'l2': 0.022650938, 'train_l2': 0.02242752, 'train_loss': 0.28888744, 'error': 0.15089380741119385}
INFO:__main__:train_error: 0.108845 +- 0.002439
INFO:__main__:loss: 0.343768 +- 0.015659
INFO:__main__:time(s): 104.549311 +- 6.977502
INFO:__main__:l2: 0.021942 +- 0.000615
INFO:__main__:train_l2: 0.021911 +- 0.000558
INFO:__main__:train_loss: 0.287656 +- 0.003425
INFO:__main__:error: 0.135068 +- 0.009642
