INFO:validation.tuning:Finished evaluation on {'hidden_units': 2048, 'kernel_mean': 0.0, 'progress_thresh': 0.1, 'strip_length': 5, 'switch_policy': <class 'training.policy.CyclicPolicy'>, 'num_layers': 1, 'memory_factor': 2, 'kernel_std': 1.0, 'lr_decay_epocs': 250, 'policy_seed': 23, 'batch_size': 128, 'l2_ratio': 0, 'layerwise_progress_thresh': 0.1, 'max_epochs': 10000, 'n_threads': 4, 'lr_decay': 0.5, 'kernel_size': 64, 'lr': 0.0001}
INFO:validation.tuning:Obtained results {'train_loss': 0.57731104, 'switch_epochs': [315], 'epoch': 190, 'val_loss': 0.57812232, 'val_error': 0.30042612552642822, 'train_error': 0.30402415990829468}
INFO:validation.tuning:Finished evaluation on {'hidden_units': 512, 'kernel_mean': 0.0, 'progress_thresh': 0.1, 'strip_length': 5, 'switch_policy': <class 'training.policy.CyclicPolicy'>, 'num_layers': 1, 'memory_factor': 2, 'kernel_std': 0.01, 'lr_decay_epocs': 250, 'policy_seed': 23, 'batch_size': 128, 'l2_ratio': 0.0001, 'layerwise_progress_thresh': 0.1, 'max_epochs': 10000, 'n_threads': 4, 'lr_decay': 0.5, 'kernel_size': 128, 'lr': 0.001}
INFO:validation.tuning:Obtained results {'train_loss': 0.37313196, 'switch_epochs': [300], 'epoch': 50, 'val_loss': 0.35576472, 'val_error': 0.12855112552642822, 'train_error': 0.14851123094558716}
INFO:validation.tuning:Finished evaluation on {'hidden_units': 1024, 'kernel_mean': 0.0, 'progress_thresh': 0.1, 'strip_length': 5, 'switch_policy': <class 'training.policy.CyclicPolicy'>, 'num_layers': 1, 'memory_factor': 2, 'kernel_std': 0.01, 'lr_decay_epocs': 250, 'policy_seed': 23, 'batch_size': 128, 'l2_ratio': 0.01, 'layerwise_progress_thresh': 0.1, 'max_epochs': 10000, 'n_threads': 4, 'lr_decay': 0.5, 'kernel_size': 256, 'lr': 0.0001}
INFO:validation.tuning:Obtained results {'train_loss': 0.56331766, 'switch_epochs': [85], 'epoch': 70, 'val_loss': 0.55363858, 'val_error': 0.20454543828964233, 'train_error': 0.21867626905441284}
INFO:validation.tuning:Finished evaluation on {'hidden_units': 2048, 'kernel_mean': 0.0, 'progress_thresh': 0.1, 'strip_length': 5, 'switch_policy': <class 'training.policy.CyclicPolicy'>, 'num_layers': 1, 'memory_factor': 2, 'kernel_std': 0.25, 'lr_decay_epocs': 250, 'policy_seed': 23, 'batch_size': 128, 'l2_ratio': 0.1, 'layerwise_progress_thresh': 0.1, 'max_epochs': 10000, 'n_threads': 4, 'lr_decay': 0.5, 'kernel_size': 128, 'lr': 0.001}
INFO:validation.tuning:Obtained results {'train_loss': 0.64619869, 'switch_epochs': [445], 'epoch': 110, 'val_loss': 0.64266402, 'val_error': 0.34232956171035767, 'train_error': 0.34795105457305908}
INFO:validation.tuning:Finished evaluation on {'hidden_units': 1024, 'kernel_mean': 0.0, 'progress_thresh': 0.1, 'strip_length': 5, 'switch_policy': <class 'training.policy.CyclicPolicy'>, 'num_layers': 1, 'memory_factor': 2, 'kernel_std': 0.25, 'lr_decay_epocs': 250, 'policy_seed': 23, 'batch_size': 128, 'l2_ratio': 0.1, 'layerwise_progress_thresh': 0.1, 'max_epochs': 10000, 'n_threads': 4, 'lr_decay': 0.5, 'kernel_size': 512, 'lr': 0.0001}
INFO:validation.tuning:Obtained results {'train_loss': 0.65696639, 'switch_epochs': [250], 'epoch': 40, 'val_loss': 0.64864159, 'val_error': 0.33025568723678589, 'train_error': 0.35318398475646973}
INFO:validation.tuning:Finished evaluation on {'hidden_units': 1024, 'kernel_mean': 0.0, 'progress_thresh': 0.1, 'strip_length': 5, 'switch_policy': <class 'training.policy.CyclicPolicy'>, 'num_layers': 1, 'memory_factor': 2, 'kernel_std': 0.1, 'lr_decay_epocs': 250, 'policy_seed': 23, 'batch_size': 128, 'l2_ratio': 0, 'layerwise_progress_thresh': 0.1, 'max_epochs': 10000, 'n_threads': 4, 'lr_decay': 0.5, 'kernel_size': 512, 'lr': 0.0001}
INFO:validation.tuning:Obtained results {'train_loss': 0.30816168, 'switch_epochs': [115], 'epoch': 100, 'val_loss': 0.31621051, 'val_error': 0.12357956171035767, 'train_error': 0.12883251905441284}
INFO:validation.tuning:Finished evaluation on {'hidden_units': 1024, 'kernel_mean': 0.0, 'progress_thresh': 0.1, 'strip_length': 5, 'switch_policy': <class 'training.policy.CyclicPolicy'>, 'num_layers': 1, 'memory_factor': 2, 'kernel_std': 0.1, 'lr_decay_epocs': 250, 'policy_seed': 23, 'batch_size': 128, 'l2_ratio': 0.0001, 'layerwise_progress_thresh': 0.1, 'max_epochs': 10000, 'n_threads': 4, 'lr_decay': 0.5, 'kernel_size': 64, 'lr': 0.0001}
INFO:validation.tuning:Obtained results {'train_loss': 0.3968834, 'switch_epochs': [135], 'epoch': 85, 'val_loss': 0.39711002, 'val_error': 0.15340906381607056, 'train_error': 0.15978771448135376}
INFO:validation.tuning:Finished evaluation on {'hidden_units': 512, 'kernel_mean': 0.0, 'progress_thresh': 0.1, 'strip_length': 5, 'switch_policy': <class 'training.policy.CyclicPolicy'>, 'num_layers': 1, 'memory_factor': 2, 'kernel_std': 0.1, 'lr_decay_epocs': 250, 'policy_seed': 23, 'batch_size': 128, 'l2_ratio': 0.01, 'layerwise_progress_thresh': 0.1, 'max_epochs': 10000, 'n_threads': 4, 'lr_decay': 0.5, 'kernel_size': 64, 'lr': 0.001}
INFO:validation.tuning:Obtained results {'train_loss': 0.52709889, 'switch_epochs': [110], 'epoch': 95, 'val_loss': 0.51506478, 'val_error': 0.19460225105285645, 'train_error': 0.20946341753005981}
INFO:validation.tuning:Finished evaluation on {'hidden_units': 512, 'kernel_mean': 0.0, 'progress_thresh': 0.1, 'strip_length': 5, 'switch_policy': <class 'training.policy.CyclicPolicy'>, 'num_layers': 1, 'memory_factor': 2, 'kernel_std': 0.25, 'lr_decay_epocs': 250, 'policy_seed': 23, 'batch_size': 128, 'l2_ratio': 0.001, 'layerwise_progress_thresh': 0.1, 'max_epochs': 10000, 'n_threads': 4, 'lr_decay': 0.5, 'kernel_size': 512, 'lr': 0.01}
INFO:validation.tuning:Obtained results {'train_loss': 0.37312832, 'switch_epochs': [295], 'epoch': 260, 'val_loss': 0.34503791, 'val_error': 0.12642043828964233, 'train_error': 0.13480246067047119}
INFO:validation.tuning:Finished evaluation on {'hidden_units': 2048, 'kernel_mean': 0.0, 'progress_thresh': 0.1, 'strip_length': 5, 'switch_policy': <class 'training.policy.CyclicPolicy'>, 'num_layers': 1, 'memory_factor': 2, 'kernel_std': 0.25, 'lr_decay_epocs': 250, 'policy_seed': 23, 'batch_size': 128, 'l2_ratio': 0.1, 'layerwise_progress_thresh': 0.1, 'max_epochs': 10000, 'n_threads': 4, 'lr_decay': 0.5, 'kernel_size': 128, 'lr': 0.0001}
INFO:validation.tuning:Obtained results {'train_loss': 29.554352, 'switch_epochs': [70], 'epoch': 5, 'val_loss': 26.339727, 'val_error': 0.28196024894714355, 'train_error': 0.27771228551864624}
INFO:validation.tuning:Finished evaluation on {'hidden_units': 512, 'kernel_mean': 0.0, 'progress_thresh': 0.1, 'strip_length': 5, 'switch_policy': <class 'training.policy.CyclicPolicy'>, 'num_layers': 1, 'memory_factor': 2, 'kernel_std': 0.25, 'lr_decay_epocs': 250, 'policy_seed': 23, 'batch_size': 128, 'l2_ratio': 0, 'layerwise_progress_thresh': 0.1, 'max_epochs': 10000, 'n_threads': 4, 'lr_decay': 0.5, 'kernel_size': 128, 'lr': 0.0001}
INFO:validation.tuning:Obtained results {'train_loss': 0.40269509, 'switch_epochs': [100], 'epoch': 65, 'val_loss': 0.40492821, 'val_error': 0.16832387447357178, 'train_error': 0.17614978551864624}
INFO:validation.tuning:Finished evaluation on {'hidden_units': 2048, 'kernel_mean': 0.0, 'progress_thresh': 0.1, 'strip_length': 5, 'switch_policy': <class 'training.policy.CyclicPolicy'>, 'num_layers': 1, 'memory_factor': 2, 'kernel_std': 0.5, 'lr_decay_epocs': 250, 'policy_seed': 23, 'batch_size': 128, 'l2_ratio': 0.01, 'layerwise_progress_thresh': 0.1, 'max_epochs': 10000, 'n_threads': 4, 'lr_decay': 0.5, 'kernel_size': 128, 'lr': 0.001}
INFO:validation.tuning:Obtained results {'train_loss': 0.58180177, 'switch_epochs': [230], 'epoch': 55, 'val_loss': 0.56585151, 'val_error': 0.22798293828964233, 'train_error': 0.25840210914611816}
INFO:validation.tuning:Finished evaluation on {'hidden_units': 2048, 'kernel_mean': 0.0, 'progress_thresh': 0.1, 'strip_length': 5, 'switch_policy': <class 'training.policy.CyclicPolicy'>, 'num_layers': 1, 'memory_factor': 2, 'kernel_std': 0.25, 'lr_decay_epocs': 250, 'policy_seed': 23, 'batch_size': 128, 'l2_ratio': 0.0001, 'layerwise_progress_thresh': 0.1, 'max_epochs': 10000, 'n_threads': 4, 'lr_decay': 0.5, 'kernel_size': 128, 'lr': 0.001}
INFO:validation.tuning:Obtained results {'train_loss': 0.38896543, 'switch_epochs': [340], 'epoch': 125, 'val_loss': 0.35633975, 'val_error': 0.13920456171035767, 'train_error': 0.16089326143264771}
INFO:validation.tuning:Finished evaluation on {'hidden_units': 512, 'kernel_mean': 0.0, 'progress_thresh': 0.1, 'strip_length': 5, 'switch_policy': <class 'training.policy.CyclicPolicy'>, 'num_layers': 1, 'memory_factor': 2, 'kernel_std': 0.5, 'lr_decay_epocs': 250, 'policy_seed': 23, 'batch_size': 128, 'l2_ratio': 0, 'layerwise_progress_thresh': 0.1, 'max_epochs': 10000, 'n_threads': 4, 'lr_decay': 0.5, 'kernel_size': 256, 'lr': 0.01}
INFO:validation.tuning:Obtained results {'train_loss': 0.39926788, 'switch_epochs': [35], 'epoch': 20, 'val_loss': 0.4005883, 'val_error': 0.17826706171035767, 'train_error': 0.17327535152435303}
INFO:validation.tuning:Finished evaluation on {'hidden_units': 512, 'kernel_mean': 0.0, 'progress_thresh': 0.1, 'strip_length': 5, 'switch_policy': <class 'training.policy.CyclicPolicy'>, 'num_layers': 1, 'memory_factor': 2, 'kernel_std': 1.0, 'lr_decay_epocs': 250, 'policy_seed': 23, 'batch_size': 128, 'l2_ratio': 0.01, 'layerwise_progress_thresh': 0.1, 'max_epochs': 10000, 'n_threads': 4, 'lr_decay': 0.5, 'kernel_size': 64, 'lr': 0.01}
INFO:validation.tuning:Obtained results {'train_loss': 0.6311357, 'switch_epochs': [215], 'epoch': 80, 'val_loss': 0.61275357, 'val_error': 0.28551137447357178, 'train_error': 0.32576650381088257}
INFO:validation.tuning:Finished evaluation on {'hidden_units': 1024, 'kernel_mean': 0.0, 'progress_thresh': 0.1, 'strip_length': 5, 'switch_policy': <class 'training.policy.CyclicPolicy'>, 'num_layers': 1, 'memory_factor': 2, 'kernel_std': 0.1, 'lr_decay_epocs': 250, 'policy_seed': 23, 'batch_size': 128, 'l2_ratio': 0.1, 'layerwise_progress_thresh': 0.1, 'max_epochs': 10000, 'n_threads': 4, 'lr_decay': 0.5, 'kernel_size': 256, 'lr': 0.01}
INFO:validation.tuning:Obtained results {'train_loss': 0.65076131, 'switch_epochs': [40], 'epoch': 25, 'val_loss': 0.62958425, 'val_error': 0.31960225105285645, 'train_error': 0.35480540990829468}
INFO:validation.tuning:Finished evaluation on {'hidden_units': 2048, 'kernel_mean': 0.0, 'progress_thresh': 0.1, 'strip_length': 5, 'switch_policy': <class 'training.policy.CyclicPolicy'>, 'num_layers': 1, 'memory_factor': 2, 'kernel_std': 1.0, 'lr_decay_epocs': 250, 'policy_seed': 23, 'batch_size': 128, 'l2_ratio': 0.0001, 'layerwise_progress_thresh': 0.1, 'max_epochs': 10000, 'n_threads': 4, 'lr_decay': 0.5, 'kernel_size': 256, 'lr': 0.01}
INFO:validation.tuning:Obtained results {'train_loss': 0.50600719, 'switch_epochs': [80], 'epoch': 30, 'val_loss': 0.52675474, 'val_error': 0.22869318723678589, 'train_error': 0.2216981053352356}
INFO:validation.tuning:Finished evaluation on {'hidden_units': 512, 'kernel_mean': 0.0, 'progress_thresh': 0.1, 'strip_length': 5, 'switch_policy': <class 'training.policy.CyclicPolicy'>, 'num_layers': 1, 'memory_factor': 2, 'kernel_std': 1.0, 'lr_decay_epocs': 250, 'policy_seed': 23, 'batch_size': 128, 'l2_ratio': 0.0001, 'layerwise_progress_thresh': 0.1, 'max_epochs': 10000, 'n_threads': 4, 'lr_decay': 0.5, 'kernel_size': 128, 'lr': 0.01}
INFO:validation.tuning:Obtained results {'train_loss': 0.55637544, 'switch_epochs': [25], 'epoch': 10, 'val_loss': 0.53140247, 'val_error': 0.26207387447357178, 'train_error': 0.29083138704299927}
INFO:validation.tuning:Finished evaluation on {'hidden_units': 512, 'kernel_mean': 0.0, 'progress_thresh': 0.1, 'strip_length': 5, 'switch_policy': <class 'training.policy.CyclicPolicy'>, 'num_layers': 1, 'memory_factor': 2, 'kernel_std': 1.0, 'lr_decay_epocs': 250, 'policy_seed': 23, 'batch_size': 128, 'l2_ratio': 0.1, 'layerwise_progress_thresh': 0.1, 'max_epochs': 10000, 'n_threads': 4, 'lr_decay': 0.5, 'kernel_size': 512, 'lr': 0.01}
INFO:validation.tuning:Obtained results {'train_loss': 0.64626282, 'switch_epochs': [75], 'epoch': 60, 'val_loss': 0.65166205, 'val_error': 0.35369318723678589, 'train_error': 0.34603476524353027}
INFO:validation.tuning:Finished evaluation on {'hidden_units': 1024, 'kernel_mean': 0.0, 'progress_thresh': 0.1, 'strip_length': 5, 'switch_policy': <class 'training.policy.CyclicPolicy'>, 'num_layers': 1, 'memory_factor': 2, 'kernel_std': 0.5, 'lr_decay_epocs': 250, 'policy_seed': 23, 'batch_size': 128, 'l2_ratio': 0.001, 'layerwise_progress_thresh': 0.1, 'max_epochs': 10000, 'n_threads': 4, 'lr_decay': 0.5, 'kernel_size': 512, 'lr': 0.0001}
INFO:validation.tuning:Obtained results {'train_loss': 0.38029119, 'switch_epochs': [285], 'epoch': 260, 'val_loss': 0.39098358, 'val_error': 0.14417612552642822, 'train_error': 0.14283609390258789}
INFO:validation.tuning:Finished evaluation on {'hidden_units': 2048, 'kernel_mean': 0.0, 'progress_thresh': 0.1, 'strip_length': 5, 'switch_policy': <class 'training.policy.CyclicPolicy'>, 'num_layers': 1, 'memory_factor': 2, 'kernel_std': 1.0, 'lr_decay_epocs': 250, 'policy_seed': 23, 'batch_size': 128, 'l2_ratio': 0.001, 'layerwise_progress_thresh': 0.1, 'max_epochs': 10000, 'n_threads': 4, 'lr_decay': 0.5, 'kernel_size': 128, 'lr': 0.001}
INFO:validation.tuning:Obtained results {'train_loss': 0.51484662, 'switch_epochs': [250], 'epoch': 205, 'val_loss': 0.48771775, 'val_error': 0.21519887447357178, 'train_error': 0.24063974618911743}
INFO:validation.tuning:Finished evaluation on {'hidden_units': 2048, 'kernel_mean': 0.0, 'progress_thresh': 0.1, 'strip_length': 5, 'switch_policy': <class 'training.policy.CyclicPolicy'>, 'num_layers': 1, 'memory_factor': 2, 'kernel_std': 0.5, 'lr_decay_epocs': 250, 'policy_seed': 23, 'batch_size': 128, 'l2_ratio': 0.0001, 'layerwise_progress_thresh': 0.1, 'max_epochs': 10000, 'n_threads': 4, 'lr_decay': 0.5, 'kernel_size': 256, 'lr': 0.01}
INFO:validation.tuning:Obtained results {'train_loss': 0.41955927, 'switch_epochs': [30], 'epoch': 15, 'val_loss': 0.4012574, 'val_error': 0.15696024894714355, 'train_error': 0.17113798856735229}
INFO:validation.tuning:Finished evaluation on {'hidden_units': 512, 'kernel_mean': 0.0, 'progress_thresh': 0.1, 'strip_length': 5, 'switch_policy': <class 'training.policy.CyclicPolicy'>, 'num_layers': 1, 'memory_factor': 2, 'kernel_std': 1.0, 'lr_decay_epocs': 250, 'policy_seed': 23, 'batch_size': 128, 'l2_ratio': 0.001, 'layerwise_progress_thresh': 0.1, 'max_epochs': 10000, 'n_threads': 4, 'lr_decay': 0.5, 'kernel_size': 128, 'lr': 0.0001}
INFO:validation.tuning:Obtained results {'train_loss': 0.54211974, 'switch_epochs': [250], 'epoch': 145, 'val_loss': 0.52205271, 'val_error': 0.23650568723678589, 'train_error': 0.26901531219482422}
INFO:validation.tuning:Finished evaluation on {'hidden_units': 512, 'kernel_mean': 0.0, 'progress_thresh': 0.1, 'strip_length': 5, 'switch_policy': <class 'training.policy.CyclicPolicy'>, 'num_layers': 1, 'memory_factor': 2, 'kernel_std': 1.0, 'lr_decay_epocs': 250, 'policy_seed': 23, 'batch_size': 128, 'l2_ratio': 0.01, 'layerwise_progress_thresh': 0.1, 'max_epochs': 10000, 'n_threads': 4, 'lr_decay': 0.5, 'kernel_size': 128, 'lr': 0.001}
INFO:validation.tuning:Obtained results {'train_loss': 0.60931271, 'switch_epochs': [155], 'epoch': 80, 'val_loss': 0.60589749, 'val_error': 0.27556818723678589, 'train_error': 0.29702240228652954}
INFO:validation.tuning:Finished evaluation on {'hidden_units': 1024, 'kernel_mean': 0.0, 'progress_thresh': 0.1, 'strip_length': 5, 'switch_policy': <class 'training.policy.CyclicPolicy'>, 'num_layers': 1, 'memory_factor': 2, 'kernel_std': 0.5, 'lr_decay_epocs': 250, 'policy_seed': 23, 'batch_size': 128, 'l2_ratio': 0.001, 'layerwise_progress_thresh': 0.1, 'max_epochs': 10000, 'n_threads': 4, 'lr_decay': 0.5, 'kernel_size': 512, 'lr': 0.0001}
INFO:validation.tuning:Obtained results {'train_loss': 0.38891071, 'switch_epochs': [195], 'epoch': 120, 'val_loss': 0.40962201, 'val_error': 0.15482956171035767, 'train_error': 0.15168040990829468}
INFO:validation.tuning:Using model {'hidden_units': 1024, 'kernel_mean': 0.0, 'switch_policy': <class 'training.policy.CyclicPolicy'>, 'num_layers': 1, 'kernel_std': 0.1, 'batch_size': 128, 'switch_epochs': [115], 'l2_ratio': 0, 'lr_decay_epocs': 250, 'lr': 0.0001, 'strip_length': 5, 'kernel_size': 512, 'memory_factor': 2, 'n_threads': 4, 'policy_seed': 23, 'layerwise_progress_thresh': 0.1, 'max_epochs': 100, 'lr_decay': 0.5, 'progress_thresh': 0.1} for training with results {'train_loss': 0.30816168, 'switch_epochs': [115], 'epoch': 100, 'val_loss': 0.31621051, 'val_error': 0.12357956171035767, 'train_error': 0.12883251905441284}
INFO:validation.tuning:Running training [0] in magic/1516874177722
INFO:training.predict:Queue exhausted. Read all instances
INFO:validation.tuning:Training [0] got results {'train_loss': 0.30495375, 'train_l2': 0.0, 'l2': 0.0, 'time(s)': 38.54935145378113, 'loss': 0.34809718, 'train_error': 0.12539726495742798, 'error': 0.14248162508010864}
INFO:validation.tuning:Running training [1] in magic/1516874221357
INFO:training.predict:Queue exhausted. Read all instances
INFO:validation.tuning:Training [1] got results {'train_loss': 0.30402988, 'train_l2': 0.0, 'l2': 0.0, 'time(s)': 38.767688274383545, 'loss': 0.31891742, 'train_error': 0.12473517656326294, 'error': 0.13091480731964111}
INFO:validation.tuning:Running training [2] in magic/1516874263307
INFO:training.predict:Queue exhausted. Read all instances
INFO:validation.tuning:Training [2] got results {'train_loss': 0.31426466, 'train_l2': 0.0, 'l2': 0.0, 'time(s)': 38.649351835250854, 'loss': 0.31494606, 'train_error': 0.13062763214111328, 'error': 0.12776023149490356}
INFO:validation.tuning:Running training [3] in magic/1516874305037
INFO:training.predict:Queue exhausted. Read all instances
INFO:validation.tuning:Training [3] got results {'train_loss': 0.31332064, 'train_l2': 0.0, 'l2': 0.0, 'time(s)': 38.71332120895386, 'loss': 0.33008185, 'train_error': 0.12943589687347412, 'error': 0.13669818639755249}
INFO:validation.tuning:Running training [4] in magic/1516874346866
INFO:training.predict:Queue exhausted. Read all instances
INFO:validation.tuning:Training [4] got results {'train_loss': 0.30973423, 'train_l2': 0.0, 'l2': 0.0, 'time(s)': 38.692299127578735, 'loss': 0.32847446, 'train_error': 0.12526482343673706, 'error': 0.12723451852798462}
INFO:validation.tuning:Running training [5] in magic/1516874388616
INFO:training.predict:Queue exhausted. Read all instances
INFO:validation.tuning:Training [5] got results {'train_loss': 0.31148097, 'train_l2': 0.0, 'l2': 0.0, 'time(s)': 38.78676748275757, 'loss': 0.330632, 'train_error': 0.12976694107055664, 'error': 0.13617247343063354}
INFO:validation.tuning:Running training [6] in magic/1516874430471
INFO:training.predict:Queue exhausted. Read all instances
INFO:validation.tuning:Training [6] got results {'train_loss': 0.30285078, 'train_l2': 0.0, 'l2': 0.0, 'time(s)': 38.80978798866272, 'loss': 0.31598794, 'train_error': 0.12658900022506714, 'error': 0.12986332178115845}
INFO:validation.tuning:Running training [7] in magic/1516874472379
INFO:training.predict:Queue exhausted. Read all instances
INFO:validation.tuning:Training [7] got results {'train_loss': 0.30501169, 'train_l2': 0.0, 'l2': 0.0, 'time(s)': 38.75370526313782, 'loss': 0.31788537, 'train_error': 0.12447035312652588, 'error': 0.12513142824172974}
INFO:validation.tuning:Running training [8] in magic/1516874514212
INFO:training.predict:Queue exhausted. Read all instances
INFO:validation.tuning:Training [8] got results {'train_loss': 0.31175181, 'train_l2': 0.0, 'l2': 0.0, 'time(s)': 38.95111441612244, 'loss': 0.32071549, 'train_error': 0.1307600736618042, 'error': 0.12828600406646729}
INFO:validation.tuning:Running training [9] in magic/1516874556249
INFO:training.predict:Queue exhausted. Read all instances
INFO:validation.tuning:Training [9] got results {'train_loss': 0.30563149, 'train_l2': 0.0, 'l2': 0.0, 'time(s)': 39.872180700302124, 'loss': 0.32762298, 'train_error': 0.12586069107055664, 'error': 0.13774973154067993}
