2018-01-24 13:05:55,453 INFO     Finished evaluation on {'lr_decay_epocs': 250, 'progress_thresh': 0.1, 'lr_decay': 0.5, 'hidden_units': 1024, 'kernel_size': 64, 'max_epochs': 10000, 'lr': 0.01, 'strip_length': 5, 'n_threads': 4, 'batch_size': 128, 'kernel_mean': 0.0, 'l2_ratio': 0.01, 'max_layers': 4, 'memory_factor': 2, 'kernel_std': 0.01}
2018-01-24 13:05:55,453 INFO     Obtained results {'train_error': 0.22457253932952881, 'train_epochs': [95], 'train_loss': 0.56222159, 'val_error': 0.18110793828964233, 'num_layers': 1, 'val_loss': 0.55278581}
2018-01-24 13:08:29,802 INFO     Finished evaluation on {'lr_decay_epocs': 250, 'progress_thresh': 0.1, 'lr_decay': 0.5, 'hidden_units': 1024, 'kernel_size': 64, 'max_epochs': 10000, 'lr': 0.01, 'strip_length': 5, 'n_threads': 4, 'batch_size': 128, 'kernel_mean': 0.0, 'l2_ratio': 0.0001, 'max_layers': 4, 'memory_factor': 2, 'kernel_std': 0.01}
2018-01-24 13:08:29,802 INFO     Obtained results {'train_error': 0.14954304695129395, 'train_epochs': [220, 225], 'train_loss': 0.38757539, 'val_error': 0.11576706171035767, 'num_layers': 2, 'val_loss': 0.3521001}
2018-01-24 13:08:57,113 INFO     Finished evaluation on {'lr_decay_epocs': 250, 'progress_thresh': 0.1, 'lr_decay': 0.5, 'hidden_units': 1024, 'kernel_size': 512, 'max_epochs': 10000, 'lr': 0.01, 'strip_length': 5, 'n_threads': 4, 'batch_size': 128, 'kernel_mean': 0.0, 'l2_ratio': 0.01, 'max_layers': 4, 'memory_factor': 2, 'kernel_std': 0.01}
2018-01-24 13:08:57,113 INFO     Obtained results {'train_error': 0.23481720685958862, 'train_epochs': [5], 'train_loss': 0.58784133, 'val_error': 0.21022725105285645, 'num_layers': 1, 'val_loss': 0.57332957}
2018-01-24 13:10:37,021 INFO     Finished evaluation on {'lr_decay_epocs': 250, 'progress_thresh': 0.1, 'lr_decay': 0.5, 'hidden_units': 2048, 'kernel_size': 128, 'max_epochs': 10000, 'lr': 0.01, 'strip_length': 5, 'n_threads': 4, 'batch_size': 128, 'kernel_mean': 0.0, 'l2_ratio': 0.1, 'max_layers': 4, 'memory_factor': 2, 'kernel_std': 0.1}
2018-01-24 13:10:37,021 INFO     Obtained results {'train_error': 0.3513413667678833, 'train_epochs': [100], 'train_loss': 0.64967787, 'val_error': 0.32954543828964233, 'num_layers': 1, 'val_loss': 0.6357072}
2018-01-24 13:11:29,995 INFO     Finished evaluation on {'lr_decay_epocs': 250, 'progress_thresh': 0.1, 'lr_decay': 0.5, 'hidden_units': 2048, 'kernel_size': 256, 'max_epochs': 10000, 'lr': 0.01, 'strip_length': 5, 'n_threads': 4, 'batch_size': 128, 'kernel_mean': 0.0, 'l2_ratio': 0.01, 'max_layers': 4, 'memory_factor': 2, 'kernel_std': 0.5}
2018-01-24 13:11:29,995 INFO     Obtained results {'train_error': 0.20496755838394165, 'train_epochs': [15], 'train_loss': 0.57890284, 'val_error': 0.1875, 'num_layers': 1, 'val_loss': 0.55726123}
2018-01-24 13:12:41,338 INFO     Finished evaluation on {'lr_decay_epocs': 250, 'progress_thresh': 0.1, 'lr_decay': 0.5, 'hidden_units': 1024, 'kernel_size': 256, 'max_epochs': 10000, 'lr': 0.01, 'strip_length': 5, 'n_threads': 4, 'batch_size': 128, 'kernel_mean': 0.0, 'l2_ratio': 0.01, 'max_layers': 4, 'memory_factor': 2, 'kernel_std': 1.0}
2018-01-24 13:12:41,338 INFO     Obtained results {'train_error': 0.24484080076217651, 'train_epochs': [5, 60], 'train_loss': 0.54233885, 'val_error': 0.24360793828964233, 'num_layers': 2, 'val_loss': 0.52647942}
2018-01-24 13:16:11,961 INFO     Finished evaluation on {'lr_decay_epocs': 250, 'progress_thresh': 0.1, 'lr_decay': 0.5, 'hidden_units': 512, 'kernel_size': 64, 'max_epochs': 10000, 'lr': 0.01, 'strip_length': 5, 'n_threads': 4, 'batch_size': 128, 'kernel_mean': 0.0, 'l2_ratio': 0.01, 'max_layers': 4, 'memory_factor': 2, 'kernel_std': 1.0}
2018-01-24 13:16:11,961 INFO     Obtained results {'train_error': 0.30114978551864624, 'train_epochs': [175, 180, 320], 'train_loss': 0.59324884, 'val_error': 0.28480112552642822, 'num_layers': 3, 'val_loss': 0.57533962}
2018-01-24 13:17:48,036 INFO     Finished evaluation on {'lr_decay_epocs': 250, 'progress_thresh': 0.1, 'lr_decay': 0.5, 'hidden_units': 512, 'kernel_size': 256, 'max_epochs': 10000, 'lr': 0.0001, 'strip_length': 5, 'n_threads': 4, 'batch_size': 128, 'kernel_mean': 0.0, 'l2_ratio': 0.001, 'max_layers': 4, 'memory_factor': 2, 'kernel_std': 0.5}
2018-01-24 13:17:48,037 INFO     Obtained results {'train_error': 0.17290681600570679, 'train_epochs': [135], 'train_loss': 0.42423904, 'val_error': 0.17045456171035767, 'num_layers': 1, 'val_loss': 0.41839552}
2018-01-24 13:19:25,122 INFO     Finished evaluation on {'lr_decay_epocs': 250, 'progress_thresh': 0.1, 'lr_decay': 0.5, 'hidden_units': 512, 'kernel_size': 128, 'max_epochs': 10000, 'lr': 0.01, 'strip_length': 5, 'n_threads': 4, 'batch_size': 128, 'kernel_mean': 0.0, 'l2_ratio': 0, 'max_layers': 4, 'memory_factor': 2, 'kernel_std': 0.5}
2018-01-24 13:19:25,123 INFO     Obtained results {'train_error': 0.21646523475646973, 'train_epochs': [10], 'train_loss': 0.46264035, 'val_error': 0.18465906381607056, 'num_layers': 1, 'val_loss': 0.44459608}
2018-01-24 13:21:49,476 INFO     Finished evaluation on {'lr_decay_epocs': 250, 'progress_thresh': 0.1, 'lr_decay': 0.5, 'hidden_units': 512, 'kernel_size': 64, 'max_epochs': 10000, 'lr': 0.001, 'strip_length': 5, 'n_threads': 4, 'batch_size': 128, 'kernel_mean': 0.0, 'l2_ratio': 0.001, 'max_layers': 4, 'memory_factor': 2, 'kernel_std': 0.5}
2018-01-24 13:21:49,476 INFO     Obtained results {'train_error': 0.26628834009170532, 'train_epochs': [20, 70], 'train_loss': 0.54221827, 'val_error': 0.19957387447357178, 'num_layers': 2, 'val_loss': 0.48019469}
2018-01-24 13:23:49,626 INFO     Finished evaluation on {'lr_decay_epocs': 250, 'progress_thresh': 0.1, 'lr_decay': 0.5, 'hidden_units': 512, 'kernel_size': 64, 'max_epochs': 10000, 'lr': 0.001, 'strip_length': 5, 'n_threads': 4, 'batch_size': 128, 'kernel_mean': 0.0, 'l2_ratio': 0.1, 'max_layers': 4, 'memory_factor': 2, 'kernel_std': 0.01}
2018-01-24 13:23:49,627 INFO     Obtained results {'train_error': 0.35237324237823486, 'train_epochs': [5, 35, 95], 'train_loss': 0.64892513, 'val_error': 0.328125, 'num_layers': 3, 'val_loss': 0.63410342}
2018-01-24 13:25:52,245 INFO     Finished evaluation on {'lr_decay_epocs': 250, 'progress_thresh': 0.1, 'lr_decay': 0.5, 'hidden_units': 512, 'kernel_size': 128, 'max_epochs': 10000, 'lr': 0.0001, 'strip_length': 5, 'n_threads': 4, 'batch_size': 128, 'kernel_mean': 0.0, 'l2_ratio': 0.1, 'max_layers': 4, 'memory_factor': 2, 'kernel_std': 1.0}
2018-01-24 13:25:52,245 INFO     Obtained results {'train_error': 0.34949880838394165, 'train_epochs': [25, 30, 70], 'train_loss': 0.65593934, 'val_error': 0.32315343618392944, 'num_layers': 3, 'val_loss': 0.64642262}
2018-01-24 13:29:17,243 INFO     Finished evaluation on {'lr_decay_epocs': 250, 'progress_thresh': 0.1, 'lr_decay': 0.5, 'hidden_units': 512, 'kernel_size': 64, 'max_epochs': 10000, 'lr': 0.0001, 'strip_length': 5, 'n_threads': 4, 'batch_size': 128, 'kernel_mean': 0.0, 'l2_ratio': 0.0001, 'max_layers': 4, 'memory_factor': 2, 'kernel_std': 0.25}
2018-01-24 13:29:17,243 INFO     Obtained results {'train_error': 0.19892394542694092, 'train_epochs': [85, 225], 'train_loss': 0.45141196, 'val_error': 0.19034093618392944, 'num_layers': 2, 'val_loss': 0.43976557}
2018-01-24 13:31:41,234 INFO     Finished evaluation on {'lr_decay_epocs': 250, 'progress_thresh': 0.1, 'lr_decay': 0.5, 'hidden_units': 512, 'kernel_size': 256, 'max_epochs': 10000, 'lr': 0.0001, 'strip_length': 5, 'n_threads': 4, 'batch_size': 128, 'kernel_mean': 0.0, 'l2_ratio': 0.01, 'max_layers': 4, 'memory_factor': 2, 'kernel_std': 0.25}
2018-01-24 13:31:41,235 INFO     Obtained results {'train_error': 0.17128539085388184, 'train_epochs': [30, 205], 'train_loss': 0.45519978, 'val_error': 0.1484375, 'num_layers': 2, 'val_loss': 0.44381592}
2018-01-24 13:34:52,314 INFO     Finished evaluation on {'lr_decay_epocs': 250, 'progress_thresh': 0.1, 'lr_decay': 0.5, 'hidden_units': 512, 'kernel_size': 512, 'max_epochs': 10000, 'lr': 0.001, 'strip_length': 5, 'n_threads': 4, 'batch_size': 128, 'kernel_mean': 0.0, 'l2_ratio': 0.0001, 'max_layers': 4, 'memory_factor': 2, 'kernel_std': 0.25}
2018-01-24 13:34:52,314 INFO     Obtained results {'train_error': 0.13797169923782349, 'train_epochs': [10], 'train_loss': 0.34704524, 'val_error': 0.12215906381607056, 'num_layers': 1, 'val_loss': 0.33422005}
2018-01-24 13:37:13,037 INFO     Finished evaluation on {'lr_decay_epocs': 250, 'progress_thresh': 0.1, 'lr_decay': 0.5, 'hidden_units': 1024, 'kernel_size': 512, 'max_epochs': 10000, 'lr': 0.0001, 'strip_length': 5, 'n_threads': 4, 'batch_size': 128, 'kernel_mean': 0.0, 'l2_ratio': 0.01, 'max_layers': 4, 'memory_factor': 2, 'kernel_std': 0.1}
2018-01-24 13:37:13,037 INFO     Obtained results {'train_error': 0.16848468780517578, 'train_epochs': [215], 'train_loss': 0.49606562, 'val_error': 0.15340906381607056, 'num_layers': 1, 'val_loss': 0.48370868}
2018-01-24 13:41:23,056 INFO     Finished evaluation on {'lr_decay_epocs': 250, 'progress_thresh': 0.1, 'lr_decay': 0.5, 'hidden_units': 2048, 'kernel_size': 128, 'max_epochs': 10000, 'lr': 0.01, 'strip_length': 5, 'n_threads': 4, 'batch_size': 128, 'kernel_mean': 0.0, 'l2_ratio': 0.0001, 'max_layers': 4, 'memory_factor': 2, 'kernel_std': 0.01}
2018-01-24 13:41:23,056 INFO     Obtained results {'train_error': 0.14195168018341064, 'train_epochs': [515], 'train_loss': 0.36106321, 'val_error': 0.13636362552642822, 'num_layers': 1, 'val_loss': 0.33922416}
2018-01-24 13:43:46,867 INFO     Finished evaluation on {'lr_decay_epocs': 250, 'progress_thresh': 0.1, 'lr_decay': 0.5, 'hidden_units': 2048, 'kernel_size': 512, 'max_epochs': 10000, 'lr': 0.01, 'strip_length': 5, 'n_threads': 4, 'batch_size': 128, 'kernel_mean': 0.0, 'l2_ratio': 0, 'max_layers': 4, 'memory_factor': 2, 'kernel_std': 0.01}
2018-01-24 13:43:46,867 INFO     Obtained results {'train_error': 0.13922464847564697, 'train_epochs': [55], 'train_loss': 0.33621827, 'val_error': 0.125, 'num_layers': 1, 'val_loss': 0.32657644}
2018-01-24 13:47:26,906 INFO     Finished evaluation on {'lr_decay_epocs': 250, 'progress_thresh': 0.1, 'lr_decay': 0.5, 'hidden_units': 2048, 'kernel_size': 64, 'max_epochs': 10000, 'lr': 0.01, 'strip_length': 5, 'n_threads': 4, 'batch_size': 128, 'kernel_mean': 0.0, 'l2_ratio': 0, 'max_layers': 4, 'memory_factor': 2, 'kernel_std': 0.5}
2018-01-24 13:47:26,906 INFO     Obtained results {'train_error': 0.2658461332321167, 'train_epochs': [30], 'train_loss': 0.53746176, 'val_error': 0.23721593618392944, 'num_layers': 1, 'val_loss': 0.51127553}
2018-01-24 13:51:08,214 INFO     Finished evaluation on {'lr_decay_epocs': 250, 'progress_thresh': 0.1, 'lr_decay': 0.5, 'hidden_units': 2048, 'kernel_size': 64, 'max_epochs': 10000, 'lr': 0.01, 'strip_length': 5, 'n_threads': 4, 'batch_size': 128, 'kernel_mean': 0.0, 'l2_ratio': 0.01, 'max_layers': 4, 'memory_factor': 2, 'kernel_std': 0.1}
2018-01-24 13:51:08,215 INFO     Obtained results {'train_error': 0.18153005838394165, 'train_epochs': [60, 165], 'train_loss': 0.49520895, 'val_error': 0.17258524894714355, 'num_layers': 2, 'val_loss': 0.49722195}
2018-01-24 13:51:55,693 INFO     Finished evaluation on {'lr_decay_epocs': 250, 'progress_thresh': 0.1, 'lr_decay': 0.5, 'hidden_units': 2048, 'kernel_size': 64, 'max_epochs': 10000, 'lr': 0.0001, 'strip_length': 5, 'n_threads': 4, 'batch_size': 128, 'kernel_mean': 0.0, 'l2_ratio': 0.01, 'max_layers': 4, 'memory_factor': 2, 'kernel_std': 0.1}
2018-01-24 13:51:55,693 INFO     Obtained results {'train_error': 0.20297759771347046, 'train_epochs': [65], 'train_loss': 0.53574586, 'val_error': 0.18465906381607056, 'num_layers': 1, 'val_loss': 0.53044134}
2018-01-24 13:54:32,302 INFO     Finished evaluation on {'lr_decay_epocs': 250, 'progress_thresh': 0.1, 'lr_decay': 0.5, 'hidden_units': 1024, 'kernel_size': 512, 'max_epochs': 10000, 'lr': 0.0001, 'strip_length': 5, 'n_threads': 4, 'batch_size': 128, 'kernel_mean': 0.0, 'l2_ratio': 0.001, 'max_layers': 4, 'memory_factor': 2, 'kernel_std': 0.1}
2018-01-24 13:54:32,302 INFO     Obtained results {'train_error': 0.12993806600570679, 'train_epochs': [50], 'train_loss': 0.35987884, 'val_error': 0.12357956171035767, 'num_layers': 1, 'val_loss': 0.34489408}
2018-01-24 13:55:20,988 INFO     Finished evaluation on {'lr_decay_epocs': 250, 'progress_thresh': 0.1, 'lr_decay': 0.5, 'hidden_units': 1024, 'kernel_size': 64, 'max_epochs': 10000, 'lr': 0.01, 'strip_length': 5, 'n_threads': 4, 'batch_size': 128, 'kernel_mean': 0.0, 'l2_ratio': 0.001, 'max_layers': 4, 'memory_factor': 2, 'kernel_std': 1.0}
2018-01-24 13:55:20,988 INFO     Obtained results {'train_error': 0.31235259771347046, 'train_epochs': [35], 'train_loss': 0.59886521, 'val_error': 0.33167612552642822, 'num_layers': 1, 'val_loss': 0.60718203}
2018-01-24 13:57:40,815 INFO     Finished evaluation on {'lr_decay_epocs': 250, 'progress_thresh': 0.1, 'lr_decay': 0.5, 'hidden_units': 1024, 'kernel_size': 64, 'max_epochs': 10000, 'lr': 0.0001, 'strip_length': 5, 'n_threads': 4, 'batch_size': 128, 'kernel_mean': 0.0, 'l2_ratio': 0.01, 'max_layers': 4, 'memory_factor': 2, 'kernel_std': 1.0}
2018-01-24 13:57:40,815 INFO     Obtained results {'train_error': 0.31065744161605835, 'train_epochs': [10], 'train_loss': 1.488101, 'val_error': 0.28338068723678589, 'num_layers': 1, 'val_loss': 1.4039063}
2018-01-24 13:59:26,248 INFO     Finished evaluation on {'lr_decay_epocs': 250, 'progress_thresh': 0.1, 'lr_decay': 0.5, 'hidden_units': 2048, 'kernel_size': 128, 'max_epochs': 10000, 'lr': 0.001, 'strip_length': 5, 'n_threads': 4, 'batch_size': 128, 'kernel_mean': 0.0, 'l2_ratio': 0.1, 'max_layers': 4, 'memory_factor': 2, 'kernel_std': 0.1}
2018-01-24 13:59:26,249 INFO     Obtained results {'train_error': 0.35038328170776367, 'train_epochs': [45, 55], 'train_loss': 0.64796877, 'val_error': 0.296875, 'num_layers': 2, 'val_loss': 0.61688954}
2018-01-24 13:59:26,250 INFO     Using model {'batch_size': 128, 'train_epochs': [220, 225], 'lr_decay_epocs': 250, 'n_threads': 4, 'lr_decay': 0.5, 'hidden_units': 1024, 'kernel_size': 64, 'lr': 0.01, 'strip_length': 5, 'progress_thresh': 0.1, 'kernel_mean': 0.0, 'l2_ratio': 0.0001, 'max_layers': 4, 'num_layers': 2, 'memory_factor': 2, 'kernel_std': 0.01} for training with results {'train_error': 0.14954304695129395, 'train_epochs': [220, 225], 'train_loss': 0.38757539, 'val_error': 0.11576706171035767, 'num_layers': 2, 'val_loss': 0.3521001}
2018-01-24 13:59:26,250 INFO     Running training [0] in magic/1516798766251
2018-01-24 13:59:26,250 INFO     [1] Training up to epoch 220 in folder magic/1516798766251/layer_1
2018-01-24 14:00:45,866 INFO     [2] Training up to epoch 225 in folder magic/1516798766251
2018-01-24 14:00:48,807 INFO     Layerwise fine-tuning: training 20 epochs per layer using <class 'training.policy.CyclicPolicy'> policy
2018-01-24 14:01:04,486 INFO     Running prediction [0] from on magic/1516798766251
2018-01-24 14:01:12,465 INFO     Queue exhausted. Read all instances
2018-01-24 14:01:12,473 INFO     Training [0] got results {'train_error': 0.13420283794403076, 'error': 0.12776023149490356, 'l2': 0.056612674, 'train_loss': 0.32763734, 'time(s)': 98.23569512367249, 'loss': 0.36449981, 'train_l2': 0.0050409208}
2018-01-24 14:01:12,473 INFO     Running training [1] in magic/1516798872474
2018-01-24 14:01:12,473 INFO     [1] Training up to epoch 220 in folder magic/1516798872474/layer_1
2018-01-24 14:02:44,736 INFO     [2] Training up to epoch 225 in folder magic/1516798872474
2018-01-24 14:02:47,280 INFO     Layerwise fine-tuning: training 20 epochs per layer using <class 'training.policy.CyclicPolicy'> policy
2018-01-24 14:03:06,284 INFO     Running prediction [1] from on magic/1516798872474
2018-01-24 14:03:14,265 INFO     Queue exhausted. Read all instances
2018-01-24 14:03:14,273 INFO     Training [1] got results {'train_error': 0.1309586763381958, 'error': 0.12933754920959473, 'l2': 0.051479056, 'train_loss': 0.32627973, 'time(s)': 113.81017518043518, 'loss': 0.36907235, 'train_l2': 0.0044362596}
2018-01-24 14:03:14,273 INFO     Running training [2] in magic/1516798994273
2018-01-24 14:03:14,273 INFO     [1] Training up to epoch 220 in folder magic/1516798994273/layer_1
2018-01-24 14:04:34,633 INFO     [2] Training up to epoch 225 in folder magic/1516798994273
2018-01-24 14:04:37,281 INFO     Layerwise fine-tuning: training 20 epochs per layer using <class 'training.policy.CyclicPolicy'> policy
2018-01-24 14:04:52,683 INFO     Running prediction [2] from on magic/1516798994273
2018-01-24 14:05:00,745 INFO     Queue exhausted. Read all instances
2018-01-24 14:05:00,753 INFO     Training [2] got results {'train_error': 0.13347458839416504, 'error': 0.14195585250854492, 'l2': 0.051557418, 'train_loss': 0.32589328, 'time(s)': 98.41036796569824, 'loss': 0.3808656, 'train_l2': 0.0042353552}
2018-01-24 14:05:00,753 INFO     Running training [3] in magic/1516799100754
2018-01-24 14:05:00,754 INFO     [1] Training up to epoch 220 in folder magic/1516799100754/layer_1
2018-01-24 14:06:22,020 INFO     [2] Training up to epoch 225 in folder magic/1516799100754
2018-01-24 14:06:24,839 INFO     Layerwise fine-tuning: training 20 epochs per layer using <class 'training.policy.CyclicPolicy'> policy
2018-01-24 14:06:40,758 INFO     Running prediction [3] from on magic/1516799100754
2018-01-24 14:06:49,089 INFO     Queue exhausted. Read all instances
2018-01-24 14:06:49,097 INFO     Training [3] got results {'train_error': 0.14214777946472168, 'error': 0.13564670085906982, 'l2': 0.065488532, 'train_loss': 0.34205517, 'time(s)': 100.00460290908813, 'loss': 0.39409322, 'train_l2': 0.0044676415}
2018-01-24 14:06:49,097 INFO     Running training [4] in magic/1516799209098
2018-01-24 14:06:49,097 INFO     [1] Training up to epoch 220 in folder magic/1516799209098/layer_1
2018-01-24 14:08:09,724 INFO     [2] Training up to epoch 225 in folder magic/1516799209098
2018-01-24 14:08:12,284 INFO     Layerwise fine-tuning: training 20 epochs per layer using <class 'training.policy.CyclicPolicy'> policy
2018-01-24 14:08:30,538 INFO     Running prediction [4] from on magic/1516799209098
2018-01-24 14:08:38,520 INFO     Queue exhausted. Read all instances
2018-01-24 14:08:38,528 INFO     Training [4] got results {'train_error': 0.13512974977493286, 'error': 0.13617247343063354, 'l2': 0.052086614, 'train_loss': 0.32470372, 'time(s)': 101.44102096557617, 'loss': 0.38311854, 'train_l2': 0.0038870247}
2018-01-24 14:08:38,528 INFO     Running training [5] in magic/1516799318528
2018-01-24 14:08:38,528 INFO     [1] Training up to epoch 220 in folder magic/1516799318528/layer_1
2018-01-24 14:10:00,521 INFO     [2] Training up to epoch 225 in folder magic/1516799318528
2018-01-24 14:10:03,038 INFO     Layerwise fine-tuning: training 20 epochs per layer using <class 'training.policy.CyclicPolicy'> policy
2018-01-24 14:10:18,515 INFO     Running prediction [5] from on magic/1516799318528
2018-01-24 14:10:26,497 INFO     Queue exhausted. Read all instances
2018-01-24 14:10:26,505 INFO     Training [5] got results {'train_error': 0.12956833839416504, 'error': 0.12776023149490356, 'l2': 0.05591239, 'train_loss': 0.31973901, 'time(s)': 99.98699021339417, 'loss': 0.37354216, 'train_l2': 0.0041552335}
2018-01-24 14:10:26,505 INFO     Running training [6] in magic/1516799426506
2018-01-24 14:10:26,505 INFO     [1] Training up to epoch 220 in folder magic/1516799426506/layer_1
2018-01-24 14:11:46,329 INFO     [2] Training up to epoch 225 in folder magic/1516799426506
2018-01-24 14:11:49,187 INFO     Layerwise fine-tuning: training 20 epochs per layer using <class 'training.policy.CyclicPolicy'> policy
2018-01-24 14:12:04,971 INFO     Running prediction [6] from on magic/1516799426506
2018-01-24 14:12:13,456 INFO     Queue exhausted. Read all instances
2018-01-24 14:12:13,464 INFO     Training [6] got results {'train_error': 0.13460010290145874, 'error': 0.14511042833328247, 'l2': 0.059080351, 'train_loss': 0.32941431, 'time(s)': 98.46586894989014, 'loss': 0.39801469, 'train_l2': 0.004307772}
2018-01-24 14:12:13,465 INFO     Running training [7] in magic/1516799533465
2018-01-24 14:12:13,465 INFO     [1] Training up to epoch 220 in folder magic/1516799533465/layer_1
2018-01-24 14:13:34,711 INFO     [2] Training up to epoch 225 in folder magic/1516799533465
2018-01-24 14:13:37,417 INFO     Layerwise fine-tuning: training 20 epochs per layer using <class 'training.policy.CyclicPolicy'> policy
2018-01-24 14:13:55,628 INFO     Running prediction [7] from on magic/1516799533465
2018-01-24 14:14:03,624 INFO     Queue exhausted. Read all instances
2018-01-24 14:14:03,632 INFO     Training [7] got results {'train_error': 0.13804292678833008, 'error': 0.1351209282875061, 'l2': 0.048514582, 'train_loss': 0.32681546, 'time(s)': 102.16296744346619, 'loss': 0.37166965, 'train_l2': 0.0047096289}
2018-01-24 14:14:03,633 INFO     Running training [8] in magic/1516799643633
2018-01-24 14:14:03,633 INFO     [1] Training up to epoch 220 in folder magic/1516799643633/layer_1
2018-01-24 14:15:26,521 INFO     [2] Training up to epoch 225 in folder magic/1516799643633
2018-01-24 14:15:29,202 INFO     Layerwise fine-tuning: training 20 epochs per layer using <class 'training.policy.CyclicPolicy'> policy
2018-01-24 14:15:45,027 INFO     Running prediction [8] from on magic/1516799643633
2018-01-24 14:15:53,008 INFO     Queue exhausted. Read all instances
2018-01-24 14:15:53,016 INFO     Training [8] got results {'train_error': 0.13572561740875244, 'error': 0.1351209282875061, 'l2': 0.057071257, 'train_loss': 0.32821584, 'time(s)': 101.39434003829956, 'loss': 0.39061126, 'train_l2': 0.0042659757}
2018-01-24 14:15:53,016 INFO     Running training [9] in magic/1516799753017
2018-01-24 14:15:53,016 INFO     [1] Training up to epoch 220 in folder magic/1516799753017/layer_1
2018-01-24 14:17:13,655 INFO     [2] Training up to epoch 225 in folder magic/1516799753017
2018-01-24 14:17:16,258 INFO     Layerwise fine-tuning: training 20 epochs per layer using <class 'training.policy.CyclicPolicy'> policy
2018-01-24 14:17:34,959 INFO     Running prediction [9] from on magic/1516799753017
2018-01-24 14:17:42,945 INFO     Queue exhausted. Read all instances
2018-01-24 14:17:42,953 INFO     Training [9] got results {'train_error': 0.13042902946472168, 'error': 0.13880127668380737, 'l2': 0.049853388, 'train_loss': 0.3143993, 'time(s)': 101.94299221038818, 'loss': 0.37789705, 'train_l2': 0.0038644532}
2018-01-24 14:17:42,953 INFO     train_error: 0.134428 +- 0.003570
2018-01-24 14:17:42,953 INFO     error: 0.135279 +- 0.005504
2018-01-24 14:17:42,954 INFO     l2: 0.054766 +- 0.004849
2018-01-24 14:17:42,954 INFO     train_loss: 0.326515 +- 0.006712
2018-01-24 14:17:42,954 INFO     time(s): 101.585502 +- 4.313358
2018-01-24 14:17:42,954 INFO     loss: 0.380338 +- 0.010584
2018-01-24 14:17:42,954 INFO     train_l2: 0.004337 +- 0.000337
