INFO:validation.tuning:Finished evaluation on {'hidden_units': 512, 'lr_decay_epochs': 946.1918995484342, 'network_fn': <function kernel_example_layout_fn at 0x7f13f0644f28>, 'strip_length': 5, 'kernel_mean': 0.0, 'num_layers': 2, 'kernel_std': 0.7057433739465213, 'l2_ratio': 0.3263094904703027, 'lr': 0.00047630081742394757, 'memory_factor': 2, 'batch_norm': True, 'n_threads': 4, 'progress_thresh': 0.1, 'max_epochs': 10000, 'kernel_size': 512, 'lr_decay': 0.5791025626225415, 'batch_size': 128}
INFO:validation.tuning:Obtained results {'val_error': 0.33451706171035767, 'train_loss': 0.70274699, 'train_error': 0.3513413667678833, 'epoch': 125, 'val_loss': 0.67980009}
INFO:validation.tuning:Finished evaluation on {'hidden_units': 512, 'lr_decay_epochs': 557.3329572886112, 'network_fn': <function kernel_example_layout_fn at 0x7f13f0644f28>, 'strip_length': 5, 'kernel_mean': 0.0, 'num_layers': 2, 'kernel_std': 0.6509828861321559, 'l2_ratio': 0.09579916347082827, 'lr': 0.00048246767435627144, 'memory_factor': 2, 'batch_norm': True, 'n_threads': 4, 'progress_thresh': 0.1, 'max_epochs': 10000, 'kernel_size': 64, 'lr_decay': 0.2052112473909103, 'batch_size': 128}
INFO:validation.tuning:Obtained results {'val_error': 0.31676137447357178, 'train_loss': 0.6550656, 'train_error': 0.35148876905441284, 'epoch': 125, 'val_loss': 0.63293278}
INFO:validation.tuning:Finished evaluation on {'hidden_units': 2048, 'lr_decay_epochs': 859.252571435553, 'network_fn': <function kernel_example_layout_fn at 0x7f13f0644f28>, 'strip_length': 5, 'kernel_mean': 0.0, 'num_layers': 2, 'kernel_std': 0.994206226198558, 'l2_ratio': 0.0002443644415697891, 'lr': 0.0013431562293562543, 'memory_factor': 2, 'batch_norm': True, 'n_threads': 4, 'progress_thresh': 0.1, 'max_epochs': 10000, 'kernel_size': 256, 'lr_decay': 0.9168385455289392, 'batch_size': 128}
INFO:validation.tuning:Obtained results {'val_error': 0.33735793828964233, 'train_loss': 1.0646124, 'train_error': 0.35045695304870605, 'epoch': 5, 'val_loss': 1.0593705}
INFO:validation.tuning:Finished evaluation on {'hidden_units': 2048, 'lr_decay_epochs': 299.81237074359507, 'network_fn': <function kernel_example_layout_fn at 0x7f13f0644f28>, 'strip_length': 5, 'kernel_mean': 0.0, 'num_layers': 2, 'kernel_std': 0.6566273913219767, 'l2_ratio': 0.0027682124312376406, 'lr': 0.00011306154630735068, 'memory_factor': 2, 'batch_norm': True, 'n_threads': 4, 'progress_thresh': 0.1, 'max_epochs': 10000, 'kernel_size': 512, 'lr_decay': 0.8028383390480501, 'batch_size': 128}
INFO:validation.tuning:Obtained results {'val_error': 0.3359375, 'train_loss': 2.5471094, 'train_error': 0.34824585914611816, 'epoch': 45, 'val_loss': 2.5313551}
INFO:validation.tuning:Finished evaluation on {'hidden_units': 512, 'lr_decay_epochs': 409.53812867480536, 'network_fn': <function kernel_example_layout_fn at 0x7f13f0644f28>, 'strip_length': 5, 'kernel_mean': 0.0, 'num_layers': 2, 'kernel_std': 0.03950803877747129, 'l2_ratio': 0.0038980580853087304, 'lr': 0.00019079411841244623, 'memory_factor': 2, 'batch_norm': True, 'n_threads': 4, 'progress_thresh': 0.1, 'max_epochs': 10000, 'kernel_size': 256, 'lr_decay': 0.7886763777108105, 'batch_size': 128}
INFO:validation.tuning:Obtained results {'val_error': 0.10014206171035767, 'train_loss': 0.35352847, 'train_error': 0.12242043018341064, 'epoch': 55, 'val_loss': 0.32783505}
INFO:validation.tuning:Finished evaluation on {'hidden_units': 1024, 'lr_decay_epochs': 486.3112794777263, 'network_fn': <function kernel_example_layout_fn at 0x7f13f0644f28>, 'strip_length': 5, 'kernel_mean': 0.0, 'num_layers': 2, 'kernel_std': 0.5562790140944182, 'l2_ratio': 0.0007616573582724553, 'lr': 0.0005355695016463139, 'memory_factor': 2, 'batch_norm': True, 'n_threads': 4, 'progress_thresh': 0.1, 'max_epochs': 10000, 'kernel_size': 256, 'lr_decay': 0.29619185367055934, 'batch_size': 128}
INFO:validation.tuning:Obtained results {'val_error': 0.32599431276321411, 'train_loss': 1.0419688, 'train_error': 0.35067808628082275, 'epoch': 20, 'val_loss': 1.0247426}
INFO:validation.tuning:Finished evaluation on {'hidden_units': 2048, 'lr_decay_epochs': 633.5559234105734, 'network_fn': <function kernel_example_layout_fn at 0x7f13f0644f28>, 'strip_length': 5, 'kernel_mean': 0.0, 'num_layers': 2, 'kernel_std': 0.8472329207944255, 'l2_ratio': 0.1917957106776193, 'lr': 0.0007352982850355334, 'memory_factor': 2, 'batch_norm': True, 'n_threads': 4, 'progress_thresh': 0.1, 'max_epochs': 10000, 'kernel_size': 64, 'lr_decay': 0.4167323056321004, 'batch_size': 128}
INFO:validation.tuning:Obtained results {'val_error': 0.33735793828964233, 'train_loss': 0.69850254, 'train_error': 0.35067808628082275, 'epoch': 20, 'val_loss': 0.68615013}
INFO:validation.tuning:Finished evaluation on {'hidden_units': 1024, 'lr_decay_epochs': 633.2160315676708, 'network_fn': <function kernel_example_layout_fn at 0x7f13f0644f28>, 'strip_length': 5, 'kernel_mean': 0.0, 'num_layers': 2, 'kernel_std': 0.6599433572267621, 'l2_ratio': 0.13782549305754732, 'lr': 0.000961091690856173, 'memory_factor': 2, 'batch_norm': True, 'n_threads': 4, 'progress_thresh': 0.1, 'max_epochs': 10000, 'kernel_size': 256, 'lr_decay': 0.3640692709232909, 'batch_size': 128}
INFO:validation.tuning:Obtained results {'val_error': 0.33025568723678589, 'train_loss': 0.67544591, 'train_error': 0.34618216753005981, 'epoch': 155, 'val_loss': 0.65965867}
INFO:validation.tuning:Finished evaluation on {'hidden_units': 2048, 'lr_decay_epochs': 270.26851374978435, 'network_fn': <function kernel_example_layout_fn at 0x7f13f0644f28>, 'strip_length': 5, 'kernel_mean': 0.0, 'num_layers': 2, 'kernel_std': 0.9741972384825125, 'l2_ratio': 0.2984006334826898, 'lr': 0.00034214432135371036, 'memory_factor': 2, 'batch_norm': True, 'n_threads': 4, 'progress_thresh': 0.1, 'max_epochs': 10000, 'kernel_size': 512, 'lr_decay': 0.6381939799815337, 'batch_size': 128}
INFO:validation.tuning:Obtained results {'val_error': 0.33380681276321411, 'train_loss': 31.760817, 'train_error': 0.35369986295700073, 'epoch': 10, 'val_loss': 28.146498}
INFO:validation.tuning:Finished evaluation on {'hidden_units': 512, 'lr_decay_epochs': 894.5938731890794, 'network_fn': <function kernel_example_layout_fn at 0x7f13f0644f28>, 'strip_length': 5, 'kernel_mean': 0.0, 'num_layers': 2, 'kernel_std': 0.10813646029809462, 'l2_ratio': 0.009731538983695949, 'lr': 0.00021988091694953392, 'memory_factor': 2, 'batch_norm': True, 'n_threads': 4, 'progress_thresh': 0.1, 'max_epochs': 10000, 'kernel_size': 512, 'lr_decay': 0.8928070930833673, 'batch_size': 128}
INFO:validation.tuning:Obtained results {'val_error': 0.10511362552642822, 'train_loss': 0.49416357, 'train_error': 0.11711376905441284, 'epoch': 25, 'val_loss': 0.48562241}
INFO:validation.tuning:Finished evaluation on {'hidden_units': 2048, 'lr_decay_epochs': 557.5164082852148, 'network_fn': <function kernel_example_layout_fn at 0x7f13f0644f28>, 'strip_length': 5, 'kernel_mean': 0.0, 'num_layers': 2, 'kernel_std': 0.4150824922513666, 'l2_ratio': 0.3364829328503176, 'lr': 0.00012530070259616325, 'memory_factor': 2, 'batch_norm': True, 'n_threads': 4, 'progress_thresh': 0.1, 'max_epochs': 10000, 'kernel_size': 64, 'lr_decay': 0.44988962894078777, 'batch_size': 128}
INFO:validation.tuning:Obtained results {'val_error': 0.33309656381607056, 'train_loss': 22.324686, 'train_error': 0.34625589847564697, 'epoch': 30, 'val_loss': 21.166264}
INFO:validation.tuning:Finished evaluation on {'hidden_units': 512, 'lr_decay_epochs': 266.97566766775225, 'network_fn': <function kernel_example_layout_fn at 0x7f13f0644f28>, 'strip_length': 5, 'kernel_mean': 0.0, 'num_layers': 2, 'kernel_std': 0.22653037816086277, 'l2_ratio': 0.400510075846784, 'lr': 0.002486298395237951, 'memory_factor': 2, 'batch_norm': True, 'n_threads': 4, 'progress_thresh': 0.1, 'max_epochs': 10000, 'kernel_size': 512, 'lr_decay': 0.5339766153540897, 'batch_size': 128}
INFO:validation.tuning:Obtained results {'val_error': 0.13991475105285645, 'train_loss': 0.59097832, 'train_error': 0.17408609390258789, 'epoch': 150, 'val_loss': 0.56107593}
INFO:validation.tuning:Finished evaluation on {'hidden_units': 2048, 'lr_decay_epochs': 302.58950694177224, 'network_fn': <function kernel_example_layout_fn at 0x7f13f0644f28>, 'strip_length': 5, 'kernel_mean': 0.0, 'num_layers': 2, 'kernel_std': 0.8428468434069507, 'l2_ratio': 0.23631877772820137, 'lr': 0.0012790994234599994, 'memory_factor': 2, 'batch_norm': True, 'n_threads': 4, 'progress_thresh': 0.1, 'max_epochs': 10000, 'kernel_size': 256, 'lr_decay': 0.29704939589626045, 'batch_size': 128}
INFO:validation.tuning:Obtained results {'val_error': 0.32599431276321411, 'train_loss': 0.72825646, 'train_error': 0.35333138704299927, 'epoch': 90, 'val_loss': 0.71411121}
INFO:validation.tuning:Finished evaluation on {'hidden_units': 512, 'lr_decay_epochs': 494.24614092588683, 'network_fn': <function kernel_example_layout_fn at 0x7f13f0644f28>, 'strip_length': 5, 'kernel_mean': 0.0, 'num_layers': 2, 'kernel_std': 0.16995123689076336, 'l2_ratio': 0.29108906890745934, 'lr': 0.0002917315055507847, 'memory_factor': 2, 'batch_norm': True, 'n_threads': 4, 'progress_thresh': 0.1, 'max_epochs': 10000, 'kernel_size': 64, 'lr_decay': 0.902047118446327, 'batch_size': 128}
INFO:validation.tuning:Obtained results {'val_error': 0.1328125, 'train_loss': 0.5394159, 'train_error': 0.14858490228652954, 'epoch': 60, 'val_loss': 0.53292811}
INFO:validation.tuning:Finished evaluation on {'hidden_units': 1024, 'lr_decay_epochs': 102.76597361609097, 'network_fn': <function kernel_example_layout_fn at 0x7f13f0644f28>, 'strip_length': 5, 'kernel_mean': 0.0, 'num_layers': 2, 'kernel_std': 0.3231593757295697, 'l2_ratio': 0.0014343717177968526, 'lr': 0.004597704356440982, 'memory_factor': 2, 'batch_norm': True, 'n_threads': 4, 'progress_thresh': 0.1, 'max_epochs': 10000, 'kernel_size': 128, 'lr_decay': 0.7978101918857398, 'batch_size': 128}
INFO:validation.tuning:Obtained results {'val_error': 0.33025568723678589, 'train_loss': 1.1809125, 'train_error': 0.35414206981658936, 'epoch': 40, 'val_loss': 1.1718078}
INFO:validation.tuning:Finished evaluation on {'hidden_units': 2048, 'lr_decay_epochs': 433.15917730786174, 'network_fn': <function kernel_example_layout_fn at 0x7f13f0644f28>, 'strip_length': 5, 'kernel_mean': 0.0, 'num_layers': 2, 'kernel_std': 0.5273974362764564, 'l2_ratio': 0.045238180560847885, 'lr': 0.00023468191368339238, 'memory_factor': 2, 'batch_norm': True, 'n_threads': 4, 'progress_thresh': 0.1, 'max_epochs': 10000, 'kernel_size': 64, 'lr_decay': 0.32067640252617957, 'batch_size': 128}
INFO:validation.tuning:Obtained results {'val_error': 0.32741475105285645, 'train_loss': 0.66834015, 'train_error': 0.35097289085388184, 'epoch': 60, 'val_loss': 0.65283114}
INFO:validation.tuning:Finished evaluation on {'hidden_units': 2048, 'lr_decay_epochs': 940.6449020978147, 'network_fn': <function kernel_example_layout_fn at 0x7f13f0644f28>, 'strip_length': 5, 'kernel_mean': 0.0, 'num_layers': 2, 'kernel_std': 0.10826641467662916, 'l2_ratio': 0.0009633375666912451, 'lr': 0.004133726097059206, 'memory_factor': 2, 'batch_norm': True, 'n_threads': 4, 'progress_thresh': 0.1, 'max_epochs': 10000, 'kernel_size': 128, 'lr_decay': 0.3898025176974339, 'batch_size': 128}
INFO:validation.tuning:Obtained results {'val_error': 0.33948862552642822, 'train_loss': 0.96587259, 'train_error': 0.34898293018341064, 'epoch': 40, 'val_loss': 0.95073074}
INFO:validation.tuning:Finished evaluation on {'hidden_units': 512, 'lr_decay_epochs': 838.5500711203498, 'network_fn': <function kernel_example_layout_fn at 0x7f13f0644f28>, 'strip_length': 5, 'kernel_mean': 0.0, 'num_layers': 2, 'kernel_std': 0.169425090768403, 'l2_ratio': 0.612958681102128, 'lr': 0.004762553712188916, 'memory_factor': 2, 'batch_norm': True, 'n_threads': 4, 'progress_thresh': 0.1, 'max_epochs': 10000, 'kernel_size': 128, 'lr_decay': 0.19819040504900612, 'batch_size': 128}
INFO:validation.tuning:Obtained results {'val_error': 0.25639206171035767, 'train_loss': 0.64692384, 'train_error': 0.33247345685958862, 'epoch': 20, 'val_loss': 0.64328456}
INFO:validation.tuning:Finished evaluation on {'hidden_units': 512, 'lr_decay_epochs': 614.9204454126134, 'network_fn': <function kernel_example_layout_fn at 0x7f13f0644f28>, 'strip_length': 5, 'kernel_mean': 0.0, 'num_layers': 2, 'kernel_std': 0.9850056642054079, 'l2_ratio': 0.012677200854657096, 'lr': 0.00048757281967855043, 'memory_factor': 2, 'batch_norm': True, 'n_threads': 4, 'progress_thresh': 0.1, 'max_epochs': 10000, 'kernel_size': 128, 'lr_decay': 0.9787468329970719, 'batch_size': 128}
INFO:validation.tuning:Obtained results {'val_error': 0.33025568723678589, 'train_loss': 0.68763602, 'train_error': 0.35333138704299927, 'epoch': 70, 'val_loss': 0.67311192}
INFO:validation.tuning:Finished evaluation on {'hidden_units': 1024, 'lr_decay_epochs': 829.6391774503852, 'network_fn': <function kernel_example_layout_fn at 0x7f13f0644f28>, 'strip_length': 5, 'kernel_mean': 0.0, 'num_layers': 2, 'kernel_std': 0.10730688527782102, 'l2_ratio': 0.001486724022759269, 'lr': 0.0015101945651218177, 'memory_factor': 2, 'batch_norm': True, 'n_threads': 4, 'progress_thresh': 0.1, 'max_epochs': 10000, 'kernel_size': 256, 'lr_decay': 0.1172574153026612, 'batch_size': 128}
INFO:validation.tuning:Obtained results {'val_error': 0.12642043828964233, 'train_loss': 0.36223388, 'train_error': 0.11571341753005981, 'epoch': 50, 'val_loss': 0.39757577}
INFO:validation.tuning:Finished evaluation on {'hidden_units': 1024, 'lr_decay_epochs': 533.4482455526022, 'network_fn': <function kernel_example_layout_fn at 0x7f13f0644f28>, 'strip_length': 5, 'kernel_mean': 0.0, 'num_layers': 2, 'kernel_std': 0.701456825380177, 'l2_ratio': 0.025715085304221192, 'lr': 0.003252442039106029, 'memory_factor': 2, 'batch_norm': True, 'n_threads': 4, 'progress_thresh': 0.1, 'max_epochs': 10000, 'kernel_size': 128, 'lr_decay': 0.8467332655242478, 'batch_size': 128}
INFO:validation.tuning:Obtained results {'val_error': 0.30894887447357178, 'train_loss': 1.1631072, 'train_error': 0.35215210914611816, 'epoch': 25, 'val_loss': 1.1654544}
INFO:validation.tuning:Finished evaluation on {'hidden_units': 2048, 'lr_decay_epochs': 792.7094955349411, 'network_fn': <function kernel_example_layout_fn at 0x7f13f0644f28>, 'strip_length': 5, 'kernel_mean': 0.0, 'num_layers': 2, 'kernel_std': 0.048055703062248656, 'l2_ratio': 0.0020777970715204212, 'lr': 0.002558025913567621, 'memory_factor': 2, 'batch_norm': True, 'n_threads': 4, 'progress_thresh': 0.1, 'max_epochs': 10000, 'kernel_size': 64, 'lr_decay': 0.19556656827711266, 'batch_size': 128}
INFO:validation.tuning:Obtained results {'val_error': 0.13707387447357178, 'train_loss': 0.38872978, 'train_error': 0.13841390609741211, 'epoch': 60, 'val_loss': 0.38573712}
INFO:validation.tuning:Finished evaluation on {'hidden_units': 2048, 'lr_decay_epochs': 883.3672992066483, 'network_fn': <function kernel_example_layout_fn at 0x7f13f0644f28>, 'strip_length': 5, 'kernel_mean': 0.0, 'num_layers': 2, 'kernel_std': 0.04575172871331037, 'l2_ratio': 0.005180135162017595, 'lr': 0.0012177382909598093, 'memory_factor': 2, 'batch_norm': True, 'n_threads': 4, 'progress_thresh': 0.1, 'max_epochs': 10000, 'kernel_size': 512, 'lr_decay': 0.7963498749992518, 'batch_size': 128}
INFO:validation.tuning:Obtained results {'val_error': 0.11434656381607056, 'train_loss': 0.34705415, 'train_error': 0.11460793018341064, 'epoch': 380, 'val_loss': 0.35067195}
INFO:validation.tuning:Finished evaluation on {'hidden_units': 2048, 'lr_decay_epochs': 509.44222721107064, 'network_fn': <function kernel_example_layout_fn at 0x7f13f0644f28>, 'strip_length': 5, 'kernel_mean': 0.0, 'num_layers': 2, 'kernel_std': 0.45114568494648677, 'l2_ratio': 0.00018415729670135365, 'lr': 0.00039120280592579886, 'memory_factor': 2, 'batch_norm': True, 'n_threads': 4, 'progress_thresh': 0.1, 'max_epochs': 10000, 'kernel_size': 256, 'lr_decay': 0.8624475125484349, 'batch_size': 128}
INFO:validation.tuning:Obtained results {'val_error': 0.32528406381607056, 'train_loss': 0.92608422, 'train_error': 0.35355246067047119, 'epoch': 15, 'val_loss': 0.91317534}
INFO:validation.tuning:Finished evaluation on {'hidden_units': 1024, 'lr_decay_epochs': 129.24509373305676, 'network_fn': <function kernel_example_layout_fn at 0x7f13f0644f28>, 'strip_length': 5, 'kernel_mean': 0.0, 'num_layers': 2, 'kernel_std': 0.6074829427114892, 'l2_ratio': 0.008278390484338474, 'lr': 0.00539135117547549, 'memory_factor': 2, 'batch_norm': True, 'n_threads': 4, 'progress_thresh': 0.1, 'max_epochs': 10000, 'kernel_size': 128, 'lr_decay': 0.5024968215125646, 'batch_size': 128}
INFO:validation.tuning:Obtained results {'val_error': 0.31463068723678589, 'train_loss': 1.7908105, 'train_error': 0.34971994161605835, 'epoch': 75, 'val_loss': 1.827652}
INFO:validation.tuning:Using model {'lr': 0.00019079411841244623, 'memory_factor': 2, 'max_epochs': 55, 'n_threads': 4, 'batch_size': 128, 'hidden_units': 512, 'lr_decay': 0.7886763777108105, 'kernel_mean': 0.0, 'l2_ratio': 0.0038980580853087304, 'num_layers': 2, 'progress_thresh': 0.1, 'batch_norm': True, 'kernel_std': 0.03950803877747129, 'strip_length': 5, 'lr_decay_epochs': 409.53812867480536, 'kernel_size': 256, 'network_fn': <function kernel_example_layout_fn at 0x7f13f0644f28>} for training with results {'val_error': 0.10014206171035767, 'train_loss': 0.35352847, 'train_error': 0.12242043018341064, 'epoch': 55, 'val_loss': 0.32783505}
INFO:validation.tuning:Running training [0] in magic/1520617684609
INFO:training.predict:Queue exhausted. Read all instances
INFO:validation.tuning:Training [0] got results {'train_l2': 0.050082643, 'l2': 0.049734633, 'loss': 0.39471942, 'train_loss': 0.34438926, 'error': 0.14195585250854492, 'train_error': 0.12096130847930908, 'time(s)': 26.433741092681885}
INFO:validation.tuning:Running training [1] in magic/1520617725943
INFO:training.predict:Queue exhausted. Read all instances
INFO:validation.tuning:Training [1] got results {'train_l2': 0.049363758, 'l2': 0.049220499, 'loss': 0.39092255, 'train_loss': 0.33969674, 'error': 0.15036803483963013, 'train_error': 0.11758476495742798, 'time(s)': 25.60115957260132}
INFO:validation.tuning:Running training [2] in magic/1520617766223
INFO:training.predict:Queue exhausted. Read all instances
INFO:validation.tuning:Training [2] got results {'train_l2': 0.051173698, 'l2': 0.050875489, 'loss': 0.39819518, 'train_loss': 0.34176823, 'error': 0.14248162508010864, 'train_error': 0.11751854419708252, 'time(s)': 26.32325506210327}
INFO:validation.tuning:Running training [3] in magic/1520617807157
INFO:training.predict:Queue exhausted. Read all instances
INFO:validation.tuning:Training [3] got results {'train_l2': 0.049491141, 'l2': 0.049505971, 'loss': 0.3863419, 'train_loss': 0.34132794, 'error': 0.14458465576171875, 'train_error': 0.11837923526763916, 'time(s)': 25.870348691940308}
INFO:validation.tuning:Running training [4] in magic/1520617847794
INFO:training.predict:Queue exhausted. Read all instances
INFO:validation.tuning:Training [4] got results {'train_l2': 0.048002638, 'l2': 0.047886841, 'loss': 0.38231593, 'train_loss': 0.3441675, 'error': 0.1414300799369812, 'train_error': 0.1218220591545105, 'time(s)': 25.711104154586792}
INFO:validation.tuning:Running training [5] in magic/1520617888105
INFO:training.predict:Queue exhausted. Read all instances
INFO:validation.tuning:Training [5] got results {'train_l2': 0.048745722, 'l2': 0.048422214, 'loss': 0.39232871, 'train_loss': 0.34707388, 'error': 0.15089380741119385, 'train_error': 0.12149101495742798, 'time(s)': 26.272972106933594}
INFO:validation.tuning:Running training [6] in magic/1520617929080
INFO:training.predict:Queue exhausted. Read all instances
INFO:validation.tuning:Training [6] got results {'train_l2': 0.050573926, 'l2': 0.050485678, 'loss': 0.38797691, 'train_loss': 0.34521499, 'error': 0.14405888319015503, 'train_error': 0.11950474977493286, 'time(s)': 25.84029507637024}
INFO:validation.tuning:Running training [7] in magic/1520617969616
INFO:training.predict:Queue exhausted. Read all instances
INFO:validation.tuning:Training [7] got results {'train_l2': 0.051426832, 'l2': 0.051090773, 'loss': 0.38384715, 'train_loss': 0.34736761, 'error': 0.14090430736541748, 'train_error': 0.11976957321166992, 'time(s)': 26.340498208999634}
INFO:validation.tuning:Running training [8] in magic/1520618010613
INFO:training.predict:Queue exhausted. Read all instances
INFO:validation.tuning:Training [8] got results {'train_l2': 0.049957734, 'l2': 0.049431078, 'loss': 0.39385679, 'train_loss': 0.34924278, 'error': 0.13459515571594238, 'train_error': 0.12248408794403076, 'time(s)': 25.888754844665527}
INFO:validation.tuning:Running training [9] in magic/1520618051145
INFO:training.predict:Queue exhausted. Read all instances
INFO:validation.tuning:Training [9] got results {'train_l2': 0.048791356, 'l2': 0.048598241, 'loss': 0.40007037, 'train_loss': 0.34463841, 'error': 0.14826500415802002, 'train_error': 0.12023305892944336, 'time(s)': 26.36468005180359}
INFO:__main__:train_l2: 0.049761 +- 0.001042
INFO:__main__:l2: 0.049525 +- 0.001005
INFO:__main__:loss: 0.391057 +- 0.005614
INFO:__main__:train_loss: 0.344489 +- 0.002803
INFO:__main__:error: 0.143954 +- 0.004666
INFO:__main__:train_error: 0.119975 +- 0.001661
INFO:__main__:time(s): 26.064681 +- 0.295205
