2018-01-24 16:12:27,194 INFO     Finished evaluation on {'max_epochs': 10000, 'hidden_units': 2048, 'kernel_std': 1.0, 'l2_ratio': 0.001, 'memory_factor': 2, 'progress_thresh': 0.1, 'n_threads': 4, 'kernel_mean': 0.0, 'strip_length': 5, 'kernel_size': 512, 'lr_decay_epocs': 250, 'max_layers': 3, 'lr_decay': 0.5, 'lr': 0.001, 'batch_size': 128}
2018-01-24 16:12:27,194 INFO     Obtained results {'train_epochs': [195], 'val_error': 0.171875, 'val_loss': 0.44162074, 'num_layers': 1, 'train_error': 0.18484669923782349, 'train_loss': 0.45011741}
2018-01-24 16:13:51,802 INFO     Finished evaluation on {'max_epochs': 10000, 'hidden_units': 2048, 'kernel_std': 1.0, 'l2_ratio': 0.1, 'memory_factor': 2, 'progress_thresh': 0.1, 'n_threads': 4, 'kernel_mean': 0.0, 'strip_length': 5, 'kernel_size': 512, 'lr_decay_epocs': 250, 'max_layers': 3, 'lr_decay': 0.5, 'lr': 0.001, 'batch_size': 128}
2018-01-24 16:13:51,802 INFO     Obtained results {'train_epochs': [125], 'val_error': 0.34659093618392944, 'val_loss': 0.64538503, 'num_layers': 1, 'train_error': 0.34986734390258789, 'train_loss': 0.64742267}
2018-01-24 16:16:17,272 INFO     Finished evaluation on {'max_epochs': 10000, 'hidden_units': 1024, 'kernel_std': 1.0, 'l2_ratio': 0.001, 'memory_factor': 2, 'progress_thresh': 0.1, 'n_threads': 4, 'kernel_mean': 0.0, 'strip_length': 5, 'kernel_size': 128, 'lr_decay_epocs': 250, 'max_layers': 3, 'lr_decay': 0.5, 'lr': 0.001, 'batch_size': 128}
2018-01-24 16:16:17,272 INFO     Obtained results {'train_epochs': [45], 'val_error': 0.24502843618392944, 'val_loss': 0.54024625, 'num_layers': 1, 'train_error': 0.26444578170776367, 'train_loss': 0.54046416}
2018-01-24 16:18:34,087 INFO     Finished evaluation on {'max_epochs': 10000, 'hidden_units': 1024, 'kernel_std': 0.25, 'l2_ratio': 0.1, 'memory_factor': 2, 'progress_thresh': 0.1, 'n_threads': 4, 'kernel_mean': 0.0, 'strip_length': 5, 'kernel_size': 512, 'lr_decay_epocs': 250, 'max_layers': 3, 'lr_decay': 0.5, 'lr': 0.001, 'batch_size': 128}
2018-01-24 16:18:34,087 INFO     Obtained results {'train_epochs': [50, 75], 'val_error': 0.29616475105285645, 'val_loss': 0.61507773, 'num_layers': 2, 'train_error': 0.35384726524353027, 'train_loss': 0.64981043}
2018-01-24 16:24:48,853 INFO     Finished evaluation on {'max_epochs': 10000, 'hidden_units': 1024, 'kernel_std': 1.0, 'l2_ratio': 0.01, 'memory_factor': 2, 'progress_thresh': 0.1, 'n_threads': 4, 'kernel_mean': 0.0, 'strip_length': 5, 'kernel_size': 512, 'lr_decay_epocs': 250, 'max_layers': 3, 'lr_decay': 0.5, 'lr': 0.001, 'batch_size': 128}
2018-01-24 16:24:48,853 INFO     Obtained results {'train_epochs': [470, 490, 620], 'val_error': 0.20951706171035767, 'val_loss': 0.49857789, 'num_layers': 3, 'train_error': 0.20260906219482422, 'train_loss': 0.47440761}
2018-01-24 16:29:07,782 INFO     Finished evaluation on {'max_epochs': 10000, 'hidden_units': 512, 'kernel_std': 0.5, 'l2_ratio': 0, 'memory_factor': 2, 'progress_thresh': 0.1, 'n_threads': 4, 'kernel_mean': 0.0, 'strip_length': 5, 'kernel_size': 64, 'lr_decay_epocs': 250, 'max_layers': 3, 'lr_decay': 0.5, 'lr': 0.001, 'batch_size': 128}
2018-01-24 16:29:07,783 INFO     Obtained results {'train_epochs': [195], 'val_error': 0.24786931276321411, 'val_loss': 0.52729779, 'num_layers': 1, 'train_error': 0.24174529314041138, 'train_loss': 0.50433612}
2018-01-24 16:33:13,316 INFO     Finished evaluation on {'max_epochs': 10000, 'hidden_units': 1024, 'kernel_std': 1.0, 'l2_ratio': 0.0001, 'memory_factor': 2, 'progress_thresh': 0.1, 'n_threads': 4, 'kernel_mean': 0.0, 'strip_length': 5, 'kernel_size': 512, 'lr_decay_epocs': 250, 'max_layers': 3, 'lr_decay': 0.5, 'lr': 0.01, 'batch_size': 128}
2018-01-24 16:33:13,316 INFO     Obtained results {'train_epochs': [95, 310], 'val_error': 0.17116475105285645, 'val_loss': 0.46974716, 'num_layers': 2, 'train_error': 0.16317808628082275, 'train_loss': 0.39208245}
2018-01-24 16:34:05,398 INFO     Finished evaluation on {'max_epochs': 10000, 'hidden_units': 512, 'kernel_std': 0.25, 'l2_ratio': 0.1, 'memory_factor': 2, 'progress_thresh': 0.1, 'n_threads': 4, 'kernel_mean': 0.0, 'strip_length': 5, 'kernel_size': 64, 'lr_decay_epocs': 250, 'max_layers': 3, 'lr_decay': 0.5, 'lr': 0.01, 'batch_size': 128}
2018-01-24 16:34:05,398 INFO     Obtained results {'train_epochs': [15], 'val_error': 0.32386362552642822, 'val_loss': 0.63176787, 'num_layers': 1, 'train_error': 0.34868806600570679, 'train_loss': 0.64668953}
2018-01-24 16:41:43,406 INFO     Finished evaluation on {'max_epochs': 10000, 'hidden_units': 1024, 'kernel_std': 0.5, 'l2_ratio': 0.01, 'memory_factor': 2, 'progress_thresh': 0.1, 'n_threads': 4, 'kernel_mean': 0.0, 'strip_length': 5, 'kernel_size': 128, 'lr_decay_epocs': 250, 'max_layers': 3, 'lr_decay': 0.5, 'lr': 0.01, 'batch_size': 128}
2018-01-24 16:41:43,406 INFO     Obtained results {'train_epochs': [520, 820], 'val_error': 0.20170456171035767, 'val_loss': 0.50725812, 'num_layers': 2, 'train_error': 0.22059255838394165, 'train_loss': 0.51686543}
2018-01-24 16:44:22,713 INFO     Finished evaluation on {'max_epochs': 10000, 'hidden_units': 2048, 'kernel_std': 0.01, 'l2_ratio': 0.0001, 'memory_factor': 2, 'progress_thresh': 0.1, 'n_threads': 4, 'kernel_mean': 0.0, 'strip_length': 5, 'kernel_size': 64, 'lr_decay_epocs': 250, 'max_layers': 3, 'lr_decay': 0.5, 'lr': 0.01, 'batch_size': 128}
2018-01-24 16:44:22,714 INFO     Obtained results {'train_epochs': [25, 30, 130], 'val_error': 0.13849431276321411, 'val_loss': 0.35777479, 'num_layers': 3, 'train_error': 0.15101706981658936, 'train_loss': 0.36792147}
2018-01-24 16:45:54,252 INFO     Finished evaluation on {'max_epochs': 10000, 'hidden_units': 2048, 'kernel_std': 0.01, 'l2_ratio': 0.1, 'memory_factor': 2, 'progress_thresh': 0.1, 'n_threads': 4, 'kernel_mean': 0.0, 'strip_length': 5, 'kernel_size': 128, 'lr_decay_epocs': 250, 'max_layers': 3, 'lr_decay': 0.5, 'lr': 0.0001, 'batch_size': 128}
2018-01-24 16:45:54,252 INFO     Obtained results {'train_epochs': [20, 80, 165], 'val_error': 0.30752843618392944, 'val_loss': 0.62402564, 'num_layers': 3, 'train_error': 0.35303658246994019, 'train_loss': 0.64955252}
2018-01-24 16:47:32,458 INFO     Finished evaluation on {'max_epochs': 10000, 'hidden_units': 1024, 'kernel_std': 1.0, 'l2_ratio': 0.01, 'memory_factor': 2, 'progress_thresh': 0.1, 'n_threads': 4, 'kernel_mean': 0.0, 'strip_length': 5, 'kernel_size': 512, 'lr_decay_epocs': 250, 'max_layers': 3, 'lr_decay': 0.5, 'lr': 0.0001, 'batch_size': 128}
2018-01-24 16:47:32,458 INFO     Obtained results {'train_epochs': [55, 65], 'val_error': 0.21590906381607056, 'val_loss': 0.52363253, 'num_layers': 2, 'train_error': 0.21477001905441284, 'train_loss': 0.54165781}
2018-01-24 16:51:33,068 INFO     Finished evaluation on {'max_epochs': 10000, 'hidden_units': 1024, 'kernel_std': 0.1, 'l2_ratio': 0, 'memory_factor': 2, 'progress_thresh': 0.1, 'n_threads': 4, 'kernel_mean': 0.0, 'strip_length': 5, 'kernel_size': 64, 'lr_decay_epocs': 250, 'max_layers': 3, 'lr_decay': 0.5, 'lr': 0.01, 'batch_size': 128}
2018-01-24 16:51:33,068 INFO     Obtained results {'train_epochs': [170], 'val_error': 0.15625, 'val_loss': 0.37164247, 'num_layers': 1, 'train_error': 0.17386496067047119, 'train_loss': 0.39864454}
2018-01-24 16:55:53,841 INFO     Finished evaluation on {'max_epochs': 10000, 'hidden_units': 2048, 'kernel_std': 0.1, 'l2_ratio': 0.001, 'memory_factor': 2, 'progress_thresh': 0.1, 'n_threads': 4, 'kernel_mean': 0.0, 'strip_length': 5, 'kernel_size': 128, 'lr_decay_epocs': 250, 'max_layers': 3, 'lr_decay': 0.5, 'lr': 0.01, 'batch_size': 128}
2018-01-24 16:55:53,841 INFO     Obtained results {'train_epochs': [65, 195], 'val_error': 0.1328125, 'val_loss': 0.36303237, 'num_layers': 2, 'train_error': 0.14482605457305908, 'train_loss': 0.36165279}
2018-01-24 16:57:32,670 INFO     Finished evaluation on {'max_epochs': 10000, 'hidden_units': 2048, 'kernel_std': 0.5, 'l2_ratio': 0.001, 'memory_factor': 2, 'progress_thresh': 0.1, 'n_threads': 4, 'kernel_mean': 0.0, 'strip_length': 5, 'kernel_size': 512, 'lr_decay_epocs': 250, 'max_layers': 3, 'lr_decay': 0.5, 'lr': 0.001, 'batch_size': 128}
2018-01-24 16:57:32,670 INFO     Obtained results {'train_epochs': [85], 'val_error': 0.140625, 'val_loss': 0.37685773, 'num_layers': 1, 'train_error': 0.14607900381088257, 'train_loss': 0.38415301}
2018-01-24 16:59:24,248 INFO     Finished evaluation on {'max_epochs': 10000, 'hidden_units': 2048, 'kernel_std': 1.0, 'l2_ratio': 0.1, 'memory_factor': 2, 'progress_thresh': 0.1, 'n_threads': 4, 'kernel_mean': 0.0, 'strip_length': 5, 'kernel_size': 256, 'lr_decay_epocs': 250, 'max_layers': 3, 'lr_decay': 0.5, 'lr': 0.001, 'batch_size': 128}
2018-01-24 16:59:24,248 INFO     Obtained results {'train_epochs': [40], 'val_error': 0.35085225105285645, 'val_loss': 0.64799386, 'num_layers': 1, 'train_error': 0.34772998094558716, 'train_loss': 0.64605129}
2018-01-24 17:00:46,844 INFO     Finished evaluation on {'max_epochs': 10000, 'hidden_units': 2048, 'kernel_std': 1.0, 'l2_ratio': 0.0001, 'memory_factor': 2, 'progress_thresh': 0.1, 'n_threads': 4, 'kernel_mean': 0.0, 'strip_length': 5, 'kernel_size': 64, 'lr_decay_epocs': 250, 'max_layers': 3, 'lr_decay': 0.5, 'lr': 0.0001, 'batch_size': 128}
2018-01-24 17:00:46,844 INFO     Obtained results {'train_epochs': [10], 'val_error': 0.29900568723678589, 'val_loss': 0.63201594, 'num_layers': 1, 'train_error': 0.28685140609741211, 'train_loss': 0.61592066}
2018-01-24 17:02:02,507 INFO     Finished evaluation on {'max_epochs': 10000, 'hidden_units': 512, 'kernel_std': 1.0, 'l2_ratio': 0.1, 'memory_factor': 2, 'progress_thresh': 0.1, 'n_threads': 4, 'kernel_mean': 0.0, 'strip_length': 5, 'kernel_size': 256, 'lr_decay_epocs': 250, 'max_layers': 3, 'lr_decay': 0.5, 'lr': 0.0001, 'batch_size': 128}
2018-01-24 17:02:02,507 INFO     Obtained results {'train_epochs': [25], 'val_error': 0.33522725105285645, 'val_loss': 0.66183811, 'num_layers': 1, 'train_error': 0.34927773475646973, 'train_loss': 0.66557509}
2018-01-24 17:04:28,124 INFO     Finished evaluation on {'max_epochs': 10000, 'hidden_units': 512, 'kernel_std': 0.25, 'l2_ratio': 0.001, 'memory_factor': 2, 'progress_thresh': 0.1, 'n_threads': 4, 'kernel_mean': 0.0, 'strip_length': 5, 'kernel_size': 512, 'lr_decay_epocs': 250, 'max_layers': 3, 'lr_decay': 0.5, 'lr': 0.0001, 'batch_size': 128}
2018-01-24 17:04:28,124 INFO     Obtained results {'train_epochs': [55], 'val_error': 0.11363637447357178, 'val_loss': 0.33828333, 'num_layers': 1, 'train_error': 0.14180421829223633, 'train_loss': 0.37563929}
2018-01-24 17:06:27,610 INFO     Finished evaluation on {'max_epochs': 10000, 'hidden_units': 1024, 'kernel_std': 0.25, 'l2_ratio': 0.0001, 'memory_factor': 2, 'progress_thresh': 0.1, 'n_threads': 4, 'kernel_mean': 0.0, 'strip_length': 5, 'kernel_size': 512, 'lr_decay_epocs': 250, 'max_layers': 3, 'lr_decay': 0.5, 'lr': 0.01, 'batch_size': 128}
2018-01-24 17:06:27,610 INFO     Obtained results {'train_epochs': [5], 'val_error': 0.12713068723678589, 'val_loss': 0.34897369, 'num_layers': 1, 'train_error': 0.14541566371917725, 'train_loss': 0.37231404}
2018-01-24 17:07:48,114 INFO     Finished evaluation on {'max_epochs': 10000, 'hidden_units': 1024, 'kernel_std': 0.01, 'l2_ratio': 0.01, 'memory_factor': 2, 'progress_thresh': 0.1, 'n_threads': 4, 'kernel_mean': 0.0, 'strip_length': 5, 'kernel_size': 512, 'lr_decay_epocs': 250, 'max_layers': 3, 'lr_decay': 0.5, 'lr': 0.01, 'batch_size': 128}
2018-01-24 17:07:48,115 INFO     Obtained results {'train_epochs': [80], 'val_error': 0.19105112552642822, 'val_loss': 0.55872625, 'num_layers': 1, 'train_error': 0.22258251905441284, 'train_loss': 0.57098413}
2018-01-24 17:08:59,150 INFO     Finished evaluation on {'max_epochs': 10000, 'hidden_units': 2048, 'kernel_std': 0.01, 'l2_ratio': 0.01, 'memory_factor': 2, 'progress_thresh': 0.1, 'n_threads': 4, 'kernel_mean': 0.0, 'strip_length': 5, 'kernel_size': 256, 'lr_decay_epocs': 250, 'max_layers': 3, 'lr_decay': 0.5, 'lr': 0.001, 'batch_size': 128}
2018-01-24 17:08:59,151 INFO     Obtained results {'train_epochs': [120], 'val_error': 0.16974431276321411, 'val_loss': 0.53465468, 'num_layers': 1, 'train_error': 0.21963441371917725, 'train_loss': 0.55880541}
2018-01-24 17:13:14,076 INFO     Finished evaluation on {'max_epochs': 10000, 'hidden_units': 1024, 'kernel_std': 0.1, 'l2_ratio': 0.001, 'memory_factor': 2, 'progress_thresh': 0.1, 'n_threads': 4, 'kernel_mean': 0.0, 'strip_length': 5, 'kernel_size': 512, 'lr_decay_epocs': 250, 'max_layers': 3, 'lr_decay': 0.5, 'lr': 0.001, 'batch_size': 128}
2018-01-24 17:13:14,076 INFO     Obtained results {'train_epochs': [125, 225, 405], 'val_error': 0.11292612552642822, 'val_loss': 0.32014939, 'num_layers': 3, 'train_error': 0.12979066371917725, 'train_loss': 0.32884127}
2018-01-24 17:16:14,655 INFO     Finished evaluation on {'max_epochs': 10000, 'hidden_units': 2048, 'kernel_std': 0.01, 'l2_ratio': 0, 'memory_factor': 2, 'progress_thresh': 0.1, 'n_threads': 4, 'kernel_mean': 0.0, 'strip_length': 5, 'kernel_size': 64, 'lr_decay_epocs': 250, 'max_layers': 3, 'lr_decay': 0.5, 'lr': 0.01, 'batch_size': 128}
2018-01-24 17:16:14,655 INFO     Obtained results {'train_epochs': [315], 'val_error': 0.12428975105285645, 'val_loss': 0.35492265, 'num_layers': 1, 'train_error': 0.14703714847564697, 'train_loss': 0.35455093}
2018-01-24 17:19:55,330 INFO     Finished evaluation on {'max_epochs': 10000, 'hidden_units': 2048, 'kernel_std': 0.1, 'l2_ratio': 0.1, 'memory_factor': 2, 'progress_thresh': 0.1, 'n_threads': 4, 'kernel_mean': 0.0, 'strip_length': 5, 'kernel_size': 128, 'lr_decay_epocs': 250, 'max_layers': 3, 'lr_decay': 0.5, 'lr': 0.001, 'batch_size': 128}
2018-01-24 17:19:55,330 INFO     Obtained results {'train_epochs': [5, 95], 'val_error': 0.30184656381607056, 'val_loss': 0.6190815, 'num_layers': 2, 'train_error': 0.36070168018341064, 'train_loss': 0.65394372}
2018-01-24 17:19:55,332 INFO     Using model {'hidden_units': 1024, 'kernel_std': 0.1, 'l2_ratio': 0.001, 'kernel_size': 512, 'progress_thresh': 0.1, 'train_epochs': [125, 225, 405], 'n_threads': 4, 'num_layers': 3, 'kernel_mean': 0.0, 'strip_length': 5, 'memory_factor': 2, 'lr_decay_epocs': 250, 'max_layers': 3, 'lr_decay': 0.5, 'lr': 0.001, 'batch_size': 128} for training with results {'train_epochs': [125, 225, 405], 'val_error': 0.11292612552642822, 'val_loss': 0.32014939, 'num_layers': 3, 'train_error': 0.12979066371917725, 'train_loss': 0.32884127}
2018-01-24 17:19:55,332 INFO     Running training [0] in magic/1516810795332
2018-01-24 17:19:55,332 INFO     [1] Training up to epoch 125 in folder magic/1516810795332/layer_1
2018-01-24 17:20:50,785 INFO     [2] Training up to epoch 225 in folder magic/1516810795332/layer_2
2018-01-24 17:21:32,444 INFO     [3] Training up to epoch 405 in folder magic/1516810795332
2018-01-24 17:22:52,109 INFO     Traditional fine-tuning: training 20 extra epochs for the whole network
2018-01-24 17:23:02,130 INFO     Running prediction [0] from on magic/1516810795332
2018-01-24 17:23:45,543 INFO     Queue exhausted. Read all instances
2018-01-24 17:23:45,551 INFO     Training [0] got results {'time(s)': 186.79812908172607, 'train_l2': 0.040380791, 'loss': 0.37869164, 'l2': 0.04193807, 'train_error': 0.1359904408454895, 'train_loss': 0.36841252, 'error': 0.14458465576171875}
2018-01-24 17:23:45,551 INFO     Running training [1] in magic/1516811025552
2018-01-24 17:23:45,551 INFO     [1] Training up to epoch 125 in folder magic/1516811025552/layer_1
2018-01-24 17:24:34,131 INFO     [2] Training up to epoch 225 in folder magic/1516811025552/layer_2
2018-01-24 17:25:19,454 INFO     [3] Training up to epoch 405 in folder magic/1516811025552
2018-01-24 17:26:38,192 INFO     Traditional fine-tuning: training 20 extra epochs for the whole network
2018-01-24 17:26:48,434 INFO     Running prediction [1] from on magic/1516811025552
2018-01-24 17:27:31,829 INFO     Queue exhausted. Read all instances
2018-01-24 17:27:31,837 INFO     Training [1] got results {'time(s)': 182.88260674476624, 'train_l2': 0.041036088, 'loss': 0.38581631, 'l2': 0.04025574, 'train_error': 0.1357918381690979, 'train_loss': 0.36024407, 'error': 0.1414300799369812}
2018-01-24 17:27:31,837 INFO     Running training [2] in magic/1516811251837
2018-01-24 17:27:31,837 INFO     [1] Training up to epoch 125 in folder magic/1516811251837/layer_1
2018-01-24 17:28:20,887 INFO     [2] Training up to epoch 225 in folder magic/1516811251837/layer_2
2018-01-24 17:29:02,635 INFO     [3] Training up to epoch 405 in folder magic/1516811251837
2018-01-24 17:30:21,383 INFO     Traditional fine-tuning: training 20 extra epochs for the whole network
2018-01-24 17:30:31,320 INFO     Running prediction [2] from on magic/1516811251837
2018-01-24 17:31:14,698 INFO     Queue exhausted. Read all instances
2018-01-24 17:31:14,706 INFO     Training [2] got results {'time(s)': 179.48282051086426, 'train_l2': 0.039872773, 'loss': 0.36084068, 'l2': 0.040223632, 'train_error': 0.1326138973236084, 'train_loss': 0.36141706, 'error': 0.1351209282875061}
2018-01-24 17:31:14,706 INFO     Running training [3] in magic/1516811474706
2018-01-24 17:31:14,706 INFO     [1] Training up to epoch 125 in folder magic/1516811474706/layer_1
2018-01-24 17:32:15,310 INFO     [2] Training up to epoch 225 in folder magic/1516811474706/layer_2
2018-01-24 17:32:57,107 INFO     [3] Training up to epoch 405 in folder magic/1516811474706
2018-01-24 17:34:18,070 INFO     Traditional fine-tuning: training 20 extra epochs for the whole network
2018-01-24 17:34:28,529 INFO     Running prediction [3] from on magic/1516811474706
2018-01-24 17:35:11,916 INFO     Queue exhausted. Read all instances
2018-01-24 17:35:11,924 INFO     Training [3] got results {'time(s)': 193.8232445716858, 'train_l2': 0.040096276, 'loss': 0.35479808, 'l2': 0.038865097, 'train_error': 0.14009535312652588, 'train_loss': 0.37017429, 'error': 0.12986332178115845}
2018-01-24 17:35:11,925 INFO     Running training [4] in magic/1516811711925
2018-01-24 17:35:11,925 INFO     [1] Training up to epoch 125 in folder magic/1516811711925/layer_1
2018-01-24 17:36:10,578 INFO     [2] Training up to epoch 225 in folder magic/1516811711925/layer_2
2018-01-24 17:36:52,087 INFO     [3] Training up to epoch 405 in folder magic/1516811711925
2018-01-24 17:38:10,725 INFO     Traditional fine-tuning: training 20 extra epochs for the whole network
2018-01-24 17:38:21,289 INFO     Running prediction [4] from on magic/1516811711925
2018-01-24 17:39:04,678 INFO     Queue exhausted. Read all instances
2018-01-24 17:39:04,686 INFO     Training [4] got results {'time(s)': 189.3648166656494, 'train_l2': 0.039450489, 'loss': 0.37974021, 'l2': 0.040332075, 'train_error': 0.13751322031021118, 'train_loss': 0.36517441, 'error': 0.13932704925537109}
2018-01-24 17:39:04,686 INFO     Running training [5] in magic/1516811944687
2018-01-24 17:39:04,686 INFO     [1] Training up to epoch 125 in folder magic/1516811944687/layer_1
2018-01-24 17:39:59,939 INFO     [2] Training up to epoch 225 in folder magic/1516811944687/layer_2
2018-01-24 17:40:42,259 INFO     [3] Training up to epoch 405 in folder magic/1516811944687
2018-01-24 17:42:01,742 INFO     Traditional fine-tuning: training 20 extra epochs for the whole network
2018-01-24 17:42:11,078 INFO     Running prediction [5] from on magic/1516811944687
2018-01-24 17:42:54,475 INFO     Queue exhausted. Read all instances
2018-01-24 17:42:54,484 INFO     Training [5] got results {'time(s)': 186.39139103889465, 'train_l2': 0.042230267, 'loss': 0.3747488, 'l2': 0.042047478, 'train_error': 0.13572561740875244, 'train_loss': 0.36552018, 'error': 0.14248162508010864}
2018-01-24 17:42:54,484 INFO     Running training [6] in magic/1516812174484
2018-01-24 17:42:54,484 INFO     [1] Training up to epoch 125 in folder magic/1516812174484/layer_1
2018-01-24 17:43:44,894 INFO     [2] Training up to epoch 225 in folder magic/1516812174484/layer_2
2018-01-24 17:44:26,360 INFO     [3] Training up to epoch 405 in folder magic/1516812174484
2018-01-24 17:45:50,026 INFO     Traditional fine-tuning: training 20 extra epochs for the whole network
2018-01-24 17:45:59,369 INFO     Running prediction [6] from on magic/1516812174484
2018-01-24 17:46:42,795 INFO     Queue exhausted. Read all instances
2018-01-24 17:46:42,813 INFO     Training [6] got results {'time(s)': 184.88489818572998, 'train_l2': 0.040116947, 'loss': 0.3467924, 'l2': 0.038980205, 'train_error': 0.13215041160583496, 'train_loss': 0.35596356, 'error': 0.12513142824172974}
2018-01-24 17:46:42,813 INFO     Running training [7] in magic/1516812402814
2018-01-24 17:46:42,813 INFO     [1] Training up to epoch 125 in folder magic/1516812402814/layer_1
2018-01-24 17:47:31,865 INFO     [2] Training up to epoch 225 in folder magic/1516812402814/layer_2
2018-01-24 17:48:17,236 INFO     [3] Training up to epoch 405 in folder magic/1516812402814
2018-01-24 17:49:37,610 INFO     Traditional fine-tuning: training 20 extra epochs for the whole network
2018-01-24 17:49:47,520 INFO     Running prediction [7] from on magic/1516812402814
2018-01-24 17:50:30,987 INFO     Queue exhausted. Read all instances
2018-01-24 17:50:30,995 INFO     Training [7] got results {'time(s)': 184.70671820640564, 'train_l2': 0.041382093, 'loss': 0.37019229, 'l2': 0.039276075, 'train_error': 0.1355932354927063, 'train_loss': 0.36592811, 'error': 0.13880127668380737}
2018-01-24 17:50:30,995 INFO     Running training [8] in magic/1516812630996
2018-01-24 17:50:30,995 INFO     [1] Training up to epoch 125 in folder magic/1516812630996/layer_1
2018-01-24 17:51:21,354 INFO     [2] Training up to epoch 225 in folder magic/1516812630996/layer_2
2018-01-24 17:52:07,364 INFO     [3] Training up to epoch 405 in folder magic/1516812630996
2018-01-24 17:53:33,370 INFO     Traditional fine-tuning: training 20 extra epochs for the whole network
2018-01-24 17:53:43,847 INFO     Running prediction [8] from on magic/1516812630996
2018-01-24 17:54:27,284 INFO     Queue exhausted. Read all instances
2018-01-24 17:54:27,301 INFO     Training [8] got results {'time(s)': 192.8519241809845, 'train_l2': 0.041381773, 'loss': 0.35303116, 'l2': 0.041313194, 'train_error': 0.13347458839416504, 'train_loss': 0.36668471, 'error': 0.13406938314437866}
2018-01-24 17:54:27,301 INFO     Running training [9] in magic/1516812867301
2018-01-24 17:54:27,301 INFO     [1] Training up to epoch 125 in folder magic/1516812867301/layer_1
2018-01-24 17:55:17,973 INFO     [2] Training up to epoch 225 in folder magic/1516812867301/layer_2
2018-01-24 17:56:00,720 INFO     [3] Training up to epoch 405 in folder magic/1516812867301
2018-01-24 17:57:20,683 INFO     Traditional fine-tuning: training 20 extra epochs for the whole network
2018-01-24 17:57:30,725 INFO     Running prediction [9] from on magic/1516812867301
2018-01-24 17:58:14,300 INFO     Queue exhausted. Read all instances
2018-01-24 17:58:14,308 INFO     Training [9] got results {'time(s)': 183.4241750240326, 'train_l2': 0.039469134, 'loss': 0.35462436, 'l2': 0.039930768, 'train_error': 0.13565945625305176, 'train_loss': 0.36434075, 'error': 0.12618297338485718}
2018-01-24 17:58:14,308 INFO     time(s): 186.461072 +- 4.241238
2018-01-24 17:58:14,308 INFO     train_l2: 0.040542 +- 0.000878
2018-01-24 17:58:14,308 INFO     loss: 0.365928 +- 0.012866
2018-01-24 17:58:14,308 INFO     l2: 0.040316 +- 0.001084
2018-01-24 17:58:14,308 INFO     train_error: 0.135461 +- 0.002218
2018-01-24 17:58:14,309 INFO     train_loss: 0.364386 +- 0.003952
2018-01-24 17:58:14,309 INFO     error: 0.135699 +- 0.006480
