2018-01-24 20:51:56,404 INFO     Finished evaluation on {'kernel_mean': 0.0, 'max_layers': 3, 'lr': 0.0001, 'strip_length': 5, 'lr_decay_epocs': 250, 'kernel_size': 512, 'progress_thresh': 0.1, 'max_epochs': 10000, 'l2_ratio': 0.001, 'memory_factor': 2, 'batch_size': 128, 'lr_decay': 0.5, 'kernel_std': 0.01, 'hidden_units': 1024, 'n_threads': 4}
2018-01-24 20:51:56,404 INFO     Obtained results {'val_loss': 0.39067328, 'train_epochs': [65, 260, 500], 'val_error': 0.13210225105285645, 'train_error': 0.15816628932952881, 'train_loss': 0.42471257, 'num_layers': 3}
2018-01-24 20:53:24,913 INFO     Finished evaluation on {'kernel_mean': 0.0, 'max_layers': 3, 'lr': 0.001, 'strip_length': 5, 'lr_decay_epocs': 250, 'kernel_size': 512, 'progress_thresh': 0.1, 'max_epochs': 10000, 'l2_ratio': 0, 'memory_factor': 2, 'batch_size': 128, 'lr_decay': 0.5, 'kernel_std': 1.0, 'hidden_units': 1024, 'n_threads': 4}
2018-01-24 20:53:24,914 INFO     Obtained results {'val_loss': 0.42486498, 'train_epochs': [105], 'val_error': 0.19673293828964233, 'train_error': 0.17460203170776367, 'train_loss': 0.39650351, 'num_layers': 1}
2018-01-24 20:58:04,931 INFO     Finished evaluation on {'kernel_mean': 0.0, 'max_layers': 3, 'lr': 0.0001, 'strip_length': 5, 'lr_decay_epocs': 250, 'kernel_size': 512, 'progress_thresh': 0.1, 'max_epochs': 10000, 'l2_ratio': 0.1, 'memory_factor': 2, 'batch_size': 128, 'lr_decay': 0.5, 'kernel_std': 1.0, 'hidden_units': 1024, 'n_threads': 4}
2018-01-24 20:58:04,931 INFO     Obtained results {'val_loss': 0.62294382, 'train_epochs': [155], 'val_error': 0.30965906381607056, 'train_error': 0.35008841753005981, 'train_loss': 0.6475181, 'num_layers': 1}
2018-01-24 20:59:36,120 INFO     Finished evaluation on {'kernel_mean': 0.0, 'max_layers': 3, 'lr': 0.0001, 'strip_length': 5, 'lr_decay_epocs': 250, 'kernel_size': 64, 'progress_thresh': 0.1, 'max_epochs': 10000, 'l2_ratio': 0.01, 'memory_factor': 2, 'batch_size': 128, 'lr_decay': 0.5, 'kernel_std': 0.1, 'hidden_units': 1024, 'n_threads': 4}
2018-01-24 20:59:36,120 INFO     Obtained results {'val_loss': 0.53103775, 'train_epochs': [35], 'val_error': 0.18892043828964233, 'train_error': 0.20128244161605835, 'train_loss': 0.52837074, 'num_layers': 1}
2018-01-24 21:00:23,123 INFO     Finished evaluation on {'kernel_mean': 0.0, 'max_layers': 3, 'lr': 0.001, 'strip_length': 5, 'lr_decay_epocs': 250, 'kernel_size': 256, 'progress_thresh': 0.1, 'max_epochs': 10000, 'l2_ratio': 0.01, 'memory_factor': 2, 'batch_size': 128, 'lr_decay': 0.5, 'kernel_std': 0.5, 'hidden_units': 2048, 'n_threads': 4}
2018-01-24 21:00:23,123 INFO     Obtained results {'val_loss': 0.56801111, 'train_epochs': [30], 'val_error': 0.20667612552642822, 'train_error': 0.21477001905441284, 'train_loss': 0.5615437, 'num_layers': 1}
2018-01-24 21:05:46,449 INFO     Finished evaluation on {'kernel_mean': 0.0, 'max_layers': 3, 'lr': 0.01, 'strip_length': 5, 'lr_decay_epocs': 250, 'kernel_size': 256, 'progress_thresh': 0.1, 'max_epochs': 10000, 'l2_ratio': 0.0001, 'memory_factor': 2, 'batch_size': 128, 'lr_decay': 0.5, 'kernel_std': 0.5, 'hidden_units': 2048, 'n_threads': 4}
2018-01-24 21:05:46,449 INFO     Obtained results {'val_loss': 0.38400784, 'train_epochs': [115], 'val_error': 0.13991475105285645, 'train_error': 0.16833728551864624, 'train_loss': 0.41661713, 'num_layers': 1}
2018-01-24 21:09:54,469 INFO     Finished evaluation on {'kernel_mean': 0.0, 'max_layers': 3, 'lr': 0.001, 'strip_length': 5, 'lr_decay_epocs': 250, 'kernel_size': 64, 'progress_thresh': 0.1, 'max_epochs': 10000, 'l2_ratio': 0, 'memory_factor': 2, 'batch_size': 128, 'lr_decay': 0.5, 'kernel_std': 0.01, 'hidden_units': 2048, 'n_threads': 4}
2018-01-24 21:09:54,469 INFO     Obtained results {'val_loss': 0.32850626, 'train_epochs': [175, 250], 'val_error': 0.12357956171035767, 'train_error': 0.14666861295700073, 'train_loss': 0.3591733, 'num_layers': 2}
2018-01-24 21:15:05,614 INFO     Finished evaluation on {'kernel_mean': 0.0, 'max_layers': 3, 'lr': 0.0001, 'strip_length': 5, 'lr_decay_epocs': 250, 'kernel_size': 256, 'progress_thresh': 0.1, 'max_epochs': 10000, 'l2_ratio': 0.01, 'memory_factor': 2, 'batch_size': 128, 'lr_decay': 0.5, 'kernel_std': 1.0, 'hidden_units': 2048, 'n_threads': 4}
2018-01-24 21:15:05,614 INFO     Obtained results {'val_loss': 0.51871455, 'train_epochs': [160, 225], 'val_error': 0.23650568723678589, 'train_error': 0.26230835914611816, 'train_loss': 0.54332083, 'num_layers': 2}
2018-01-24 21:17:58,783 INFO     Finished evaluation on {'kernel_mean': 0.0, 'max_layers': 3, 'lr': 0.001, 'strip_length': 5, 'lr_decay_epocs': 250, 'kernel_size': 64, 'progress_thresh': 0.1, 'max_epochs': 10000, 'l2_ratio': 0.01, 'memory_factor': 2, 'batch_size': 128, 'lr_decay': 0.5, 'kernel_std': 0.25, 'hidden_units': 1024, 'n_threads': 4}
2018-01-24 21:17:58,784 INFO     Obtained results {'val_loss': 0.43211409, 'train_epochs': [35, 80, 145], 'val_error': 0.15767043828964233, 'train_error': 0.18160378932952881, 'train_loss': 0.4686805, 'num_layers': 3}
2018-01-24 21:20:31,132 INFO     Finished evaluation on {'kernel_mean': 0.0, 'max_layers': 3, 'lr': 0.01, 'strip_length': 5, 'lr_decay_epocs': 250, 'kernel_size': 512, 'progress_thresh': 0.1, 'max_epochs': 10000, 'l2_ratio': 0.0001, 'memory_factor': 2, 'batch_size': 128, 'lr_decay': 0.5, 'kernel_std': 0.5, 'hidden_units': 1024, 'n_threads': 4}
2018-01-24 21:20:31,132 INFO     Obtained results {'val_loss': 0.34198281, 'train_epochs': [95], 'val_error': 0.11505681276321411, 'train_error': 0.14917451143264771, 'train_loss': 0.37776554, 'num_layers': 1}
2018-01-24 21:22:54,759 INFO     Finished evaluation on {'kernel_mean': 0.0, 'max_layers': 3, 'lr': 0.001, 'strip_length': 5, 'lr_decay_epocs': 250, 'kernel_size': 512, 'progress_thresh': 0.1, 'max_epochs': 10000, 'l2_ratio': 0, 'memory_factor': 2, 'batch_size': 128, 'lr_decay': 0.5, 'kernel_std': 1.0, 'hidden_units': 2048, 'n_threads': 4}
2018-01-24 21:22:54,759 INFO     Obtained results {'val_loss': 0.45493594, 'train_epochs': [200], 'val_error': 0.19957387447357178, 'train_error': 0.18882668018341064, 'train_loss': 0.42462188, 'num_layers': 1}
2018-01-24 21:25:02,779 INFO     Finished evaluation on {'kernel_mean': 0.0, 'max_layers': 3, 'lr': 0.001, 'strip_length': 5, 'lr_decay_epocs': 250, 'kernel_size': 128, 'progress_thresh': 0.1, 'max_epochs': 10000, 'l2_ratio': 0.01, 'memory_factor': 2, 'batch_size': 128, 'lr_decay': 0.5, 'kernel_std': 1.0, 'hidden_units': 512, 'n_threads': 4}
2018-01-24 21:25:02,779 INFO     Obtained results {'val_loss': 0.61798221, 'train_epochs': [90], 'val_error': 0.29048293828964233, 'train_error': 0.31670105457305908, 'train_loss': 0.6249572, 'num_layers': 1}
2018-01-24 21:27:00,898 INFO     Finished evaluation on {'kernel_mean': 0.0, 'max_layers': 3, 'lr': 0.01, 'strip_length': 5, 'lr_decay_epocs': 250, 'kernel_size': 128, 'progress_thresh': 0.1, 'max_epochs': 10000, 'l2_ratio': 0.001, 'memory_factor': 2, 'batch_size': 128, 'lr_decay': 0.5, 'kernel_std': 0.25, 'hidden_units': 2048, 'n_threads': 4}
2018-01-24 21:27:00,898 INFO     Obtained results {'val_loss': 0.38238934, 'train_epochs': [115], 'val_error': 0.14346593618392944, 'train_error': 0.16015625, 'train_loss': 0.40959051, 'num_layers': 1}
2018-01-24 21:29:05,166 INFO     Finished evaluation on {'kernel_mean': 0.0, 'max_layers': 3, 'lr': 0.01, 'strip_length': 5, 'lr_decay_epocs': 250, 'kernel_size': 128, 'progress_thresh': 0.1, 'max_epochs': 10000, 'l2_ratio': 0, 'memory_factor': 2, 'batch_size': 128, 'lr_decay': 0.5, 'kernel_std': 0.1, 'hidden_units': 512, 'n_threads': 4}
2018-01-24 21:29:05,166 INFO     Obtained results {'val_loss': 0.32502338, 'train_epochs': [25], 'val_error': 0.11860793828964233, 'train_error': 0.14541566371917725, 'train_loss': 0.34955445, 'num_layers': 1}
2018-01-24 21:31:40,092 INFO     Finished evaluation on {'kernel_mean': 0.0, 'max_layers': 3, 'lr': 0.001, 'strip_length': 5, 'lr_decay_epocs': 250, 'kernel_size': 128, 'progress_thresh': 0.1, 'max_epochs': 10000, 'l2_ratio': 0.0001, 'memory_factor': 2, 'batch_size': 128, 'lr_decay': 0.5, 'kernel_std': 1.0, 'hidden_units': 512, 'n_threads': 4}
2018-01-24 21:31:40,092 INFO     Obtained results {'val_loss': 0.53736901, 'train_epochs': [330], 'val_error': 0.25994318723678589, 'train_error': 0.25221109390258789, 'train_loss': 0.52086109, 'num_layers': 1}
2018-01-24 21:34:24,907 INFO     Finished evaluation on {'kernel_mean': 0.0, 'max_layers': 3, 'lr': 0.01, 'strip_length': 5, 'lr_decay_epocs': 250, 'kernel_size': 64, 'progress_thresh': 0.1, 'max_epochs': 10000, 'l2_ratio': 0, 'memory_factor': 2, 'batch_size': 128, 'lr_decay': 0.5, 'kernel_std': 0.01, 'hidden_units': 1024, 'n_threads': 4}
2018-01-24 21:34:24,907 INFO     Obtained results {'val_loss': 0.33555672, 'train_epochs': [200], 'val_error': 0.13068181276321411, 'train_error': 0.15079599618911743, 'train_loss': 0.35933533, 'num_layers': 1}
2018-01-24 21:39:38,142 INFO     Finished evaluation on {'kernel_mean': 0.0, 'max_layers': 3, 'lr': 0.01, 'strip_length': 5, 'lr_decay_epocs': 250, 'kernel_size': 128, 'progress_thresh': 0.1, 'max_epochs': 10000, 'l2_ratio': 0.1, 'memory_factor': 2, 'batch_size': 128, 'lr_decay': 0.5, 'kernel_std': 0.01, 'hidden_units': 2048, 'n_threads': 4}
2018-01-24 21:39:38,143 INFO     Obtained results {'val_loss': 0.62776792, 'train_epochs': [145, 270], 'val_error': 0.31534093618392944, 'train_error': 0.35436320304870605, 'train_loss': 0.65153158, 'num_layers': 2}
2018-01-24 21:40:18,069 INFO     Finished evaluation on {'kernel_mean': 0.0, 'max_layers': 3, 'lr': 0.01, 'strip_length': 5, 'lr_decay_epocs': 250, 'kernel_size': 256, 'progress_thresh': 0.1, 'max_epochs': 10000, 'l2_ratio': 0.01, 'memory_factor': 2, 'batch_size': 128, 'lr_decay': 0.5, 'kernel_std': 0.25, 'hidden_units': 512, 'n_threads': 4}
2018-01-24 21:40:18,069 INFO     Obtained results {'val_loss': 0.4992114, 'train_epochs': [40], 'val_error': 0.15625, 'train_error': 0.1767393946647644, 'train_loss': 0.52480179, 'num_layers': 1}
2018-01-24 21:41:17,817 INFO     Finished evaluation on {'kernel_mean': 0.0, 'max_layers': 3, 'lr': 0.01, 'strip_length': 5, 'lr_decay_epocs': 250, 'kernel_size': 256, 'progress_thresh': 0.1, 'max_epochs': 10000, 'l2_ratio': 0.001, 'memory_factor': 2, 'batch_size': 128, 'lr_decay': 0.5, 'kernel_std': 1.0, 'hidden_units': 2048, 'n_threads': 4}
2018-01-24 21:41:17,818 INFO     Obtained results {'val_loss': 0.53788948, 'train_epochs': [70], 'val_error': 0.22869318723678589, 'train_error': 0.23496460914611816, 'train_loss': 0.53094226, 'num_layers': 1}
2018-01-24 21:43:48,457 INFO     Finished evaluation on {'kernel_mean': 0.0, 'max_layers': 3, 'lr': 0.001, 'strip_length': 5, 'lr_decay_epocs': 250, 'kernel_size': 256, 'progress_thresh': 0.1, 'max_epochs': 10000, 'l2_ratio': 0.01, 'memory_factor': 2, 'batch_size': 128, 'lr_decay': 0.5, 'kernel_std': 0.5, 'hidden_units': 1024, 'n_threads': 4}
2018-01-24 21:43:48,457 INFO     Obtained results {'val_loss': 0.53057885, 'train_epochs': [240], 'val_error': 0.18181818723678589, 'train_error': 0.20084023475646973, 'train_loss': 0.54952133, 'num_layers': 1}
2018-01-24 21:45:17,177 INFO     Finished evaluation on {'kernel_mean': 0.0, 'max_layers': 3, 'lr': 0.001, 'strip_length': 5, 'lr_decay_epocs': 250, 'kernel_size': 64, 'progress_thresh': 0.1, 'max_epochs': 10000, 'l2_ratio': 0.01, 'memory_factor': 2, 'batch_size': 128, 'lr_decay': 0.5, 'kernel_std': 1.0, 'hidden_units': 1024, 'n_threads': 4}
2018-01-24 21:45:17,177 INFO     Obtained results {'val_loss': 0.6204558, 'train_epochs': [45], 'val_error': 0.296875, 'train_error': 0.32230246067047119, 'train_loss': 0.62482941, 'num_layers': 1}
2018-01-24 21:47:43,172 INFO     Finished evaluation on {'kernel_mean': 0.0, 'max_layers': 3, 'lr': 0.001, 'strip_length': 5, 'lr_decay_epocs': 250, 'kernel_size': 512, 'progress_thresh': 0.1, 'max_epochs': 10000, 'l2_ratio': 0.0001, 'memory_factor': 2, 'batch_size': 128, 'lr_decay': 0.5, 'kernel_std': 0.01, 'hidden_units': 2048, 'n_threads': 4}
2018-01-24 21:47:43,172 INFO     Obtained results {'val_loss': 0.32813969, 'train_epochs': [20, 245, 270], 'val_error': 0.11789774894714355, 'train_error': 0.14777415990829468, 'train_loss': 0.37064072, 'num_layers': 3}
2018-01-24 21:48:33,047 INFO     Finished evaluation on {'kernel_mean': 0.0, 'max_layers': 3, 'lr': 0.001, 'strip_length': 5, 'lr_decay_epocs': 250, 'kernel_size': 64, 'progress_thresh': 0.1, 'max_epochs': 10000, 'l2_ratio': 0, 'memory_factor': 2, 'batch_size': 128, 'lr_decay': 0.5, 'kernel_std': 1.0, 'hidden_units': 2048, 'n_threads': 4}
2018-01-24 21:48:33,048 INFO     Obtained results {'val_loss': 0.57684857, 'train_epochs': [40], 'val_error': 0.296875, 'train_error': 0.30793040990829468, 'train_loss': 0.57499039, 'num_layers': 1}
2018-01-24 21:52:41,460 INFO     Finished evaluation on {'kernel_mean': 0.0, 'max_layers': 3, 'lr': 0.0001, 'strip_length': 5, 'lr_decay_epocs': 250, 'kernel_size': 128, 'progress_thresh': 0.1, 'max_epochs': 10000, 'l2_ratio': 0.01, 'memory_factor': 2, 'batch_size': 128, 'lr_decay': 0.5, 'kernel_std': 0.5, 'hidden_units': 512, 'n_threads': 4}
2018-01-24 21:52:41,460 INFO     Obtained results {'val_loss': 0.45805949, 'train_epochs': [85, 220, 325], 'val_error': 0.18039774894714355, 'train_error': 0.21558076143264771, 'train_loss': 0.49421692, 'num_layers': 3}
2018-01-24 21:56:22,241 INFO     Finished evaluation on {'kernel_mean': 0.0, 'max_layers': 3, 'lr': 0.01, 'strip_length': 5, 'lr_decay_epocs': 250, 'kernel_size': 128, 'progress_thresh': 0.1, 'max_epochs': 10000, 'l2_ratio': 0.0001, 'memory_factor': 2, 'batch_size': 128, 'lr_decay': 0.5, 'kernel_std': 0.25, 'hidden_units': 1024, 'n_threads': 4}
2018-01-24 21:56:22,242 INFO     Obtained results {'val_loss': 0.35639572, 'train_epochs': [80, 260], 'val_error': 0.140625, 'train_error': 0.16258841753005981, 'train_loss': 0.38337538, 'num_layers': 2}
2018-01-24 21:56:22,243 INFO     Using model {'num_layers': 1, 'kernel_mean': 0.0, 'max_layers': 3, 'lr': 0.01, 'strip_length': 5, 'train_epochs': [95], 'kernel_size': 512, 'memory_factor': 2, 'progress_thresh': 0.1, 'hidden_units': 1024, 'lr_decay_epocs': 250, 'lr_decay': 0.5, 'batch_size': 128, 'kernel_std': 0.5, 'l2_ratio': 0.0001, 'n_threads': 4} for training with results {'val_loss': 0.34198281, 'train_epochs': [95], 'val_error': 0.11505681276321411, 'train_error': 0.14917451143264771, 'train_loss': 0.37776554, 'num_layers': 1}
2018-01-24 21:56:22,243 INFO     Running training [0] in magic/1516827382243
2018-01-24 21:56:22,243 INFO     [1] Training up to epoch 95 in folder magic/1516827382243
2018-01-24 21:56:59,964 INFO     Running prediction [0] from on magic/1516827382243
2018-01-24 21:57:03,077 INFO     Queue exhausted. Read all instances
2018-01-24 21:57:03,085 INFO     Training [0] got results {'l2': 0.021070322, 'loss': 0.40281308, 'error': 0.14879071712493896, 'train_error': 0.1436043381690979, 'train_l2': 0.027839079, 'train_loss': 0.3717669, 'time(s)': 37.72081542015076}
2018-01-24 21:57:03,085 INFO     Running training [1] in magic/1516827423086
2018-01-24 21:57:03,085 INFO     [1] Training up to epoch 95 in folder magic/1516827423086
2018-01-24 21:57:41,325 INFO     Running prediction [1] from on magic/1516827423086
2018-01-24 21:57:44,652 INFO     Queue exhausted. Read all instances
2018-01-24 21:57:44,670 INFO     Training [1] got results {'l2': 0.021321137, 'loss': 0.38218886, 'error': 0.15036803483963013, 'train_error': 0.14711332321166992, 'train_l2': 0.025433181, 'train_loss': 0.37295723, 'time(s)': 38.23991084098816}
2018-01-24 21:57:44,670 INFO     Running training [2] in magic/1516827464671
2018-01-24 21:57:44,671 INFO     [1] Training up to epoch 95 in folder magic/1516827464671
2018-01-24 21:58:22,896 INFO     Running prediction [2] from on magic/1516827464671
2018-01-24 21:58:25,945 INFO     Queue exhausted. Read all instances
2018-01-24 21:58:25,949 INFO     Training [2] got results {'l2': 0.024442824, 'loss': 0.40252474, 'error': 0.1624605655670166, 'train_error': 0.14413398504257202, 'train_l2': 0.023444435, 'train_loss': 0.36121026, 'time(s)': 38.22567367553711}
2018-01-24 21:58:25,949 INFO     Running training [3] in magic/1516827505950
2018-01-24 21:58:25,949 INFO     [1] Training up to epoch 95 in folder magic/1516827505950
2018-01-24 21:59:04,079 INFO     Running prediction [3] from on magic/1516827505950
2018-01-24 21:59:16,181 INFO     Queue exhausted. Read all instances
2018-01-24 21:59:16,199 INFO     Training [3] got results {'l2': 0.0196853, 'loss': 0.37769485, 'error': 0.14616191387176514, 'train_error': 0.1443326473236084, 'train_l2': 0.023326797, 'train_loss': 0.36888123, 'time(s)': 38.1300892829895}
2018-01-24 21:59:16,200 INFO     Running training [4] in magic/1516827556200
2018-01-24 21:59:16,200 INFO     [1] Training up to epoch 95 in folder magic/1516827556200
2018-01-24 21:59:55,085 INFO     Running prediction [4] from on magic/1516827556200
2018-01-24 21:59:58,290 INFO     Queue exhausted. Read all instances
2018-01-24 21:59:58,298 INFO     Training [4] got results {'l2': 0.024723113, 'loss': 0.40127951, 'error': 0.16298633813858032, 'train_error': 0.15194648504257202, 'train_l2': 0.025666794, 'train_loss': 0.38125229, 'time(s)': 38.885151624679565}
2018-01-24 21:59:58,298 INFO     Running training [5] in magic/1516827598298
2018-01-24 21:59:58,298 INFO     [1] Training up to epoch 95 in folder magic/1516827598298
2018-01-24 22:00:47,341 INFO     Running prediction [5] from on magic/1516827598298
2018-01-24 22:00:50,406 INFO     Queue exhausted. Read all instances
2018-01-24 22:00:50,410 INFO     Training [5] got results {'l2': 0.019063037, 'loss': 0.38900596, 'error': 0.15089380741119385, 'train_error': 0.1394994854927063, 'train_l2': 0.022611257, 'train_loss': 0.36015406, 'time(s)': 49.043489933013916}
2018-01-24 22:00:50,410 INFO     Running training [6] in magic/1516827650411
2018-01-24 22:00:50,410 INFO     [1] Training up to epoch 95 in folder magic/1516827650411
2018-01-24 22:01:39,344 INFO     Running prediction [6] from on magic/1516827650411
2018-01-24 22:01:42,404 INFO     Queue exhausted. Read all instances
2018-01-24 22:01:42,408 INFO     Training [6] got results {'l2': 0.026079921, 'loss': 0.39950353, 'error': 0.15825444459915161, 'train_error': 0.14698094129562378, 'train_l2': 0.023078505, 'train_loss': 0.36986813, 'time(s)': 48.93423938751221}
2018-01-24 22:01:42,408 INFO     Running training [7] in magic/1516827702408
2018-01-24 22:01:42,408 INFO     [1] Training up to epoch 95 in folder magic/1516827702408
2018-01-24 22:02:20,496 INFO     Running prediction [7] from on magic/1516827702408
2018-01-24 22:02:25,526 INFO     Queue exhausted. Read all instances
2018-01-24 22:02:25,530 INFO     Training [7] got results {'l2': 0.021204907, 'loss': 0.38066959, 'error': 0.15667718648910522, 'train_error': 0.14333951473236084, 'train_l2': 0.022888673, 'train_loss': 0.36376822, 'time(s)': 38.087857723236084}
2018-01-24 22:02:25,530 INFO     Running training [8] in magic/1516827745531
2018-01-24 22:02:25,530 INFO     [1] Training up to epoch 95 in folder magic/1516827745531
2018-01-24 22:03:03,556 INFO     Running prediction [8] from on magic/1516827745531
2018-01-24 22:03:06,607 INFO     Queue exhausted. Read all instances
2018-01-24 22:03:06,615 INFO     Training [8] got results {'l2': 0.017257614, 'loss': 0.37778342, 'error': 0.15141957998275757, 'train_error': 0.14876854419708252, 'train_l2': 0.021187402, 'train_loss': 0.372466, 'time(s)': 38.025386333465576}
2018-01-24 22:03:06,615 INFO     Running training [9] in magic/1516827786615
2018-01-24 22:03:06,615 INFO     [1] Training up to epoch 95 in folder magic/1516827786615
2018-01-24 22:03:50,633 INFO     Running prediction [9] from on magic/1516827786615
2018-01-24 22:04:01,860 INFO     Queue exhausted. Read all instances
2018-01-24 22:04:01,878 INFO     Training [9] got results {'l2': 0.021474047, 'loss': 0.39473906, 'error': 0.14931648969650269, 'train_error': 0.14439880847930908, 'train_l2': 0.024486659, 'train_loss': 0.3628616, 'time(s)': 44.017794132232666}
2018-01-24 22:04:01,879 INFO     l2: 0.021632 +- 0.002596
2018-01-24 22:04:01,879 INFO     loss: 0.390820 +- 0.010020
2018-01-24 22:04:01,880 INFO     error: 0.153733 +- 0.005629
2018-01-24 22:04:01,880 INFO     train_error: 0.145412 +- 0.003251
2018-01-24 22:04:01,881 INFO     train_l2: 0.023996 +- 0.001803
2018-01-24 22:04:01,881 INFO     train_loss: 0.368519 +- 0.006228
2018-01-24 22:04:01,881 INFO     time(s): 40.931041 +- 4.391074
