2018-01-24 14:23:33,382 INFO     Finished evaluation on {'batch_size': 128, 'memory_factor': 2, 'kernel_size': 64, 'n_threads': 4, 'max_layers': 4, 'lr_decay_epocs': 250, 'kernel_std': 0.1, 'kernel_mean': 0.0, 'progress_thresh': 0.1, 'lr': 0.01, 'max_epochs': 10000, 'l2_ratio': 0.0001, 'strip_length': 5, 'lr_decay': 0.5, 'hidden_units': 2048}
2018-01-24 14:23:33,382 INFO     Obtained results {'val_loss': 0.35467708, 'train_error': 0.16885316371917725, 'train_epochs': [130], 'num_layers': 1, 'val_error': 0.140625, 'train_loss': 0.39922985}
2018-01-24 14:25:14,842 INFO     Finished evaluation on {'batch_size': 128, 'memory_factor': 2, 'kernel_size': 128, 'n_threads': 4, 'max_layers': 4, 'lr_decay_epocs': 250, 'kernel_std': 0.01, 'kernel_mean': 0.0, 'progress_thresh': 0.1, 'lr': 0.0001, 'max_epochs': 10000, 'l2_ratio': 0, 'strip_length': 5, 'lr_decay': 0.5, 'hidden_units': 1024}
2018-01-24 14:25:14,842 INFO     Obtained results {'val_loss': 0.36445606, 'train_error': 0.14202535152435303, 'train_epochs': [195], 'num_layers': 1, 'val_error': 0.13778406381607056, 'train_loss': 0.35020024}
2018-01-24 14:30:27,112 INFO     Finished evaluation on {'batch_size': 128, 'memory_factor': 2, 'kernel_size': 256, 'n_threads': 4, 'max_layers': 4, 'lr_decay_epocs': 250, 'kernel_std': 0.5, 'kernel_mean': 0.0, 'progress_thresh': 0.1, 'lr': 0.0001, 'max_epochs': 10000, 'l2_ratio': 0.01, 'strip_length': 5, 'lr_decay': 0.5, 'hidden_units': 1024}
2018-01-24 14:30:27,112 INFO     Obtained results {'val_loss': 0.5174641, 'train_error': 0.22199290990829468, 'train_epochs': [65], 'num_layers': 1, 'val_error': 0.15980112552642822, 'train_loss': 0.56600446}
2018-01-24 14:34:48,848 INFO     Finished evaluation on {'batch_size': 128, 'memory_factor': 2, 'kernel_size': 256, 'n_threads': 4, 'max_layers': 4, 'lr_decay_epocs': 250, 'kernel_std': 1.0, 'kernel_mean': 0.0, 'progress_thresh': 0.1, 'lr': 0.0001, 'max_epochs': 10000, 'l2_ratio': 0.001, 'strip_length': 5, 'lr_decay': 0.5, 'hidden_units': 512}
2018-01-24 14:34:48,848 INFO     Obtained results {'val_loss': 0.46701157, 'train_error': 0.21550709009170532, 'train_epochs': [145, 535], 'num_layers': 2, 'val_error': 0.20880681276321411, 'train_loss': 0.45903355}
2018-01-24 14:35:19,636 INFO     Finished evaluation on {'batch_size': 128, 'memory_factor': 2, 'kernel_size': 128, 'n_threads': 4, 'max_layers': 4, 'lr_decay_epocs': 250, 'kernel_std': 0.1, 'kernel_mean': 0.0, 'progress_thresh': 0.1, 'lr': 0.001, 'max_epochs': 10000, 'l2_ratio': 0.0001, 'strip_length': 5, 'lr_decay': 0.5, 'hidden_units': 512}
2018-01-24 14:35:19,636 INFO     Obtained results {'val_loss': 0.32457086, 'train_error': 0.14276236295700073, 'train_epochs': [25], 'num_layers': 1, 'val_error': 0.12784093618392944, 'train_loss': 0.35071325}
2018-01-24 14:37:13,287 INFO     Finished evaluation on {'batch_size': 128, 'memory_factor': 2, 'kernel_size': 64, 'n_threads': 4, 'max_layers': 4, 'lr_decay_epocs': 250, 'kernel_std': 0.5, 'kernel_mean': 0.0, 'progress_thresh': 0.1, 'lr': 0.001, 'max_epochs': 10000, 'l2_ratio': 0.001, 'strip_length': 5, 'lr_decay': 0.5, 'hidden_units': 512}
2018-01-24 14:37:13,287 INFO     Obtained results {'val_loss': 0.48927936, 'train_error': 0.23658609390258789, 'train_epochs': [60], 'num_layers': 1, 'val_error': 0.20028406381607056, 'train_loss': 0.5163151}
2018-01-24 14:40:22,868 INFO     Finished evaluation on {'batch_size': 128, 'memory_factor': 2, 'kernel_size': 512, 'n_threads': 4, 'max_layers': 4, 'lr_decay_epocs': 250, 'kernel_std': 0.01, 'kernel_mean': 0.0, 'progress_thresh': 0.1, 'lr': 0.001, 'max_epochs': 10000, 'l2_ratio': 0.1, 'strip_length': 5, 'lr_decay': 0.5, 'hidden_units': 512}
2018-01-24 14:40:22,868 INFO     Obtained results {'val_loss': 0.61646706, 'train_error': 0.3556898832321167, 'train_epochs': [100], 'num_layers': 1, 'val_error': 0.29900568723678589, 'train_loss': 0.65099257}
2018-01-24 14:42:41,144 INFO     Finished evaluation on {'batch_size': 128, 'memory_factor': 2, 'kernel_size': 128, 'n_threads': 4, 'max_layers': 4, 'lr_decay_epocs': 250, 'kernel_std': 1.0, 'kernel_mean': 0.0, 'progress_thresh': 0.1, 'lr': 0.001, 'max_epochs': 10000, 'l2_ratio': 0.001, 'strip_length': 5, 'lr_decay': 0.5, 'hidden_units': 512}
2018-01-24 14:42:41,144 INFO     Obtained results {'val_loss': 0.5112192, 'train_error': 0.26577240228652954, 'train_epochs': [15], 'num_layers': 1, 'val_error': 0.23792612552642822, 'train_loss': 0.54514563}
2018-01-24 14:43:08,776 INFO     Finished evaluation on {'batch_size': 128, 'memory_factor': 2, 'kernel_size': 256, 'n_threads': 4, 'max_layers': 4, 'lr_decay_epocs': 250, 'kernel_std': 0.25, 'kernel_mean': 0.0, 'progress_thresh': 0.1, 'lr': 0.01, 'max_epochs': 10000, 'l2_ratio': 0.1, 'strip_length': 5, 'lr_decay': 0.5, 'hidden_units': 1024}
2018-01-24 14:43:08,777 INFO     Obtained results {'val_loss': 0.63682139, 'train_error': 0.35170990228652954, 'train_epochs': [15], 'num_layers': 1, 'val_error': 0.33167612552642822, 'train_loss': 0.6486966}
2018-01-24 14:44:56,618 INFO     Finished evaluation on {'batch_size': 128, 'memory_factor': 2, 'kernel_size': 256, 'n_threads': 4, 'max_layers': 4, 'lr_decay_epocs': 250, 'kernel_std': 1.0, 'kernel_mean': 0.0, 'progress_thresh': 0.1, 'lr': 0.0001, 'max_epochs': 10000, 'l2_ratio': 0, 'strip_length': 5, 'lr_decay': 0.5, 'hidden_units': 2048}
2018-01-24 14:44:56,618 INFO     Obtained results {'val_loss': 0.48435876, 'train_error': 0.22007668018341064, 'train_epochs': [75], 'num_layers': 1, 'val_error': 0.21235793828964233, 'train_loss': 0.47171485}
2018-01-24 14:50:03,147 INFO     Finished evaluation on {'batch_size': 128, 'memory_factor': 2, 'kernel_size': 128, 'n_threads': 4, 'max_layers': 4, 'lr_decay_epocs': 250, 'kernel_std': 0.1, 'kernel_mean': 0.0, 'progress_thresh': 0.1, 'lr': 0.01, 'max_epochs': 10000, 'l2_ratio': 0.001, 'strip_length': 5, 'lr_decay': 0.5, 'hidden_units': 2048}
2018-01-24 14:50:03,147 INFO     Obtained results {'val_loss': 0.32228124, 'train_error': 0.14224648475646973, 'train_epochs': [30, 370], 'num_layers': 2, 'val_error': 0.12073862552642822, 'train_loss': 0.36080626}
2018-01-24 14:51:16,252 INFO     Finished evaluation on {'batch_size': 128, 'memory_factor': 2, 'kernel_size': 256, 'n_threads': 4, 'max_layers': 4, 'lr_decay_epocs': 250, 'kernel_std': 0.25, 'kernel_mean': 0.0, 'progress_thresh': 0.1, 'lr': 0.01, 'max_epochs': 10000, 'l2_ratio': 0.0001, 'strip_length': 5, 'lr_decay': 0.5, 'hidden_units': 2048}
2018-01-24 14:51:16,252 INFO     Obtained results {'val_loss': 0.37909669, 'train_error': 0.14593160152435303, 'train_epochs': [35], 'num_layers': 1, 'val_error': 0.14346593618392944, 'train_loss': 0.37085015}
2018-01-24 14:55:28,419 INFO     Finished evaluation on {'batch_size': 128, 'memory_factor': 2, 'kernel_size': 128, 'n_threads': 4, 'max_layers': 4, 'lr_decay_epocs': 250, 'kernel_std': 1.0, 'kernel_mean': 0.0, 'progress_thresh': 0.1, 'lr': 0.001, 'max_epochs': 10000, 'l2_ratio': 0.01, 'strip_length': 5, 'lr_decay': 0.5, 'hidden_units': 2048}
2018-01-24 14:55:28,420 INFO     Obtained results {'val_loss': 0.5299542, 'train_error': 0.26031839847564697, 'train_epochs': [280, 370], 'num_layers': 2, 'val_error': 0.22940343618392944, 'train_loss': 0.55267024}
2018-01-24 14:59:49,177 INFO     Finished evaluation on {'batch_size': 128, 'memory_factor': 2, 'kernel_size': 512, 'n_threads': 4, 'max_layers': 4, 'lr_decay_epocs': 250, 'kernel_std': 0.25, 'kernel_mean': 0.0, 'progress_thresh': 0.1, 'lr': 0.0001, 'max_epochs': 10000, 'l2_ratio': 0.1, 'strip_length': 5, 'lr_decay': 0.5, 'hidden_units': 1024}
2018-01-24 14:59:49,178 INFO     Obtained results {'val_loss': 0.6347447, 'train_error': 0.35119396448135376, 'train_epochs': [15, 120], 'num_layers': 2, 'val_error': 0.32883524894714355, 'train_loss': 0.6482023}
2018-01-24 15:02:55,031 INFO     Finished evaluation on {'batch_size': 128, 'memory_factor': 2, 'kernel_size': 64, 'n_threads': 4, 'max_layers': 4, 'lr_decay_epocs': 250, 'kernel_std': 1.0, 'kernel_mean': 0.0, 'progress_thresh': 0.1, 'lr': 0.0001, 'max_epochs': 10000, 'l2_ratio': 0.01, 'strip_length': 5, 'lr_decay': 0.5, 'hidden_units': 512}
2018-01-24 15:02:55,031 INFO     Obtained results {'val_loss': 0.61869973, 'train_error': 0.30137085914611816, 'train_epochs': [25], 'num_layers': 1, 'val_error': 0.28125, 'train_loss': 0.63934362}
2018-01-24 15:06:19,986 INFO     Finished evaluation on {'batch_size': 128, 'memory_factor': 2, 'kernel_size': 64, 'n_threads': 4, 'max_layers': 4, 'lr_decay_epocs': 250, 'kernel_std': 0.25, 'kernel_mean': 0.0, 'progress_thresh': 0.1, 'lr': 0.001, 'max_epochs': 10000, 'l2_ratio': 0.001, 'strip_length': 5, 'lr_decay': 0.5, 'hidden_units': 512}
2018-01-24 15:06:19,986 INFO     Obtained results {'val_loss': 0.42445594, 'train_error': 0.19951355457305908, 'train_epochs': [10], 'num_layers': 1, 'val_error': 0.16974431276321411, 'train_loss': 0.45788571}
2018-01-24 15:07:24,608 INFO     Finished evaluation on {'batch_size': 128, 'memory_factor': 2, 'kernel_size': 256, 'n_threads': 4, 'max_layers': 4, 'lr_decay_epocs': 250, 'kernel_std': 0.25, 'kernel_mean': 0.0, 'progress_thresh': 0.1, 'lr': 0.01, 'max_epochs': 10000, 'l2_ratio': 0.1, 'strip_length': 5, 'lr_decay': 0.5, 'hidden_units': 2048}
2018-01-24 15:07:24,608 INFO     Obtained results {'val_loss': 0.63526005, 'train_error': 0.35878539085388184, 'train_epochs': [60], 'num_layers': 1, 'val_error': 0.32386362552642822, 'train_loss': 0.65475118}
2018-01-24 15:08:46,191 INFO     Finished evaluation on {'batch_size': 128, 'memory_factor': 2, 'kernel_size': 256, 'n_threads': 4, 'max_layers': 4, 'lr_decay_epocs': 250, 'kernel_std': 0.01, 'kernel_mean': 0.0, 'progress_thresh': 0.1, 'lr': 0.01, 'max_epochs': 10000, 'l2_ratio': 0, 'strip_length': 5, 'lr_decay': 0.5, 'hidden_units': 1024}
2018-01-24 15:08:46,191 INFO     Obtained results {'val_loss': 0.38144347, 'train_error': 0.14150941371917725, 'train_epochs': [75], 'num_layers': 1, 'val_error': 0.12571024894714355, 'train_loss': 0.34264493}
2018-01-24 15:09:36,049 INFO     Finished evaluation on {'batch_size': 128, 'memory_factor': 2, 'kernel_size': 256, 'n_threads': 4, 'max_layers': 4, 'lr_decay_epocs': 250, 'kernel_std': 0.25, 'kernel_mean': 0.0, 'progress_thresh': 0.1, 'lr': 0.01, 'max_epochs': 10000, 'l2_ratio': 0.1, 'strip_length': 5, 'lr_decay': 0.5, 'hidden_units': 512}
2018-01-24 15:09:36,049 INFO     Obtained results {'val_loss': 0.63575613, 'train_error': 0.34942513704299927, 'train_epochs': [15], 'num_layers': 1, 'val_error': 0.33167612552642822, 'train_loss': 0.64729297}
2018-01-24 15:10:48,629 INFO     Finished evaluation on {'batch_size': 128, 'memory_factor': 2, 'kernel_size': 128, 'n_threads': 4, 'max_layers': 4, 'lr_decay_epocs': 250, 'kernel_std': 0.01, 'kernel_mean': 0.0, 'progress_thresh': 0.1, 'lr': 0.001, 'max_epochs': 10000, 'l2_ratio': 0, 'strip_length': 5, 'lr_decay': 0.5, 'hidden_units': 1024}
2018-01-24 15:10:48,629 INFO     Obtained results {'val_loss': 0.35223362, 'train_error': 0.14703714847564697, 'train_epochs': [75], 'num_layers': 1, 'val_error': 0.12926137447357178, 'train_loss': 0.35361061}
2018-01-24 15:14:10,459 INFO     Finished evaluation on {'batch_size': 128, 'memory_factor': 2, 'kernel_size': 128, 'n_threads': 4, 'max_layers': 4, 'lr_decay_epocs': 250, 'kernel_std': 0.1, 'kernel_mean': 0.0, 'progress_thresh': 0.1, 'lr': 0.0001, 'max_epochs': 10000, 'l2_ratio': 0.0001, 'strip_length': 5, 'lr_decay': 0.5, 'hidden_units': 1024}
2018-01-24 15:14:10,459 INFO     Obtained results {'val_loss': 0.31340259, 'train_error': 0.13745576143264771, 'train_epochs': [55, 355], 'num_layers': 2, 'val_error': 0.11860793828964233, 'train_loss': 0.33593431}
2018-01-24 15:17:41,704 INFO     Finished evaluation on {'batch_size': 128, 'memory_factor': 2, 'kernel_size': 64, 'n_threads': 4, 'max_layers': 4, 'lr_decay_epocs': 250, 'kernel_std': 0.01, 'kernel_mean': 0.0, 'progress_thresh': 0.1, 'lr': 0.001, 'max_epochs': 10000, 'l2_ratio': 0, 'strip_length': 5, 'lr_decay': 0.5, 'hidden_units': 1024}
2018-01-24 15:17:41,704 INFO     Obtained results {'val_loss': 0.34118575, 'train_error': 0.14150941371917725, 'train_epochs': [60, 465], 'num_layers': 2, 'val_error': 0.12428975105285645, 'train_loss': 0.34633029}
2018-01-24 15:18:32,367 INFO     Finished evaluation on {'batch_size': 128, 'memory_factor': 2, 'kernel_size': 64, 'n_threads': 4, 'max_layers': 4, 'lr_decay_epocs': 250, 'kernel_std': 0.1, 'kernel_mean': 0.0, 'progress_thresh': 0.1, 'lr': 0.01, 'max_epochs': 10000, 'l2_ratio': 0.01, 'strip_length': 5, 'lr_decay': 0.5, 'hidden_units': 2048}
2018-01-24 15:18:32,367 INFO     Obtained results {'val_loss': 0.47807649, 'train_error': 0.18403595685958862, 'train_epochs': [85], 'num_layers': 1, 'val_error': 0.15553975105285645, 'train_loss': 0.50087917}
2018-01-24 15:19:27,131 INFO     Finished evaluation on {'batch_size': 128, 'memory_factor': 2, 'kernel_size': 512, 'n_threads': 4, 'max_layers': 4, 'lr_decay_epocs': 250, 'kernel_std': 0.5, 'kernel_mean': 0.0, 'progress_thresh': 0.1, 'lr': 0.001, 'max_epochs': 10000, 'l2_ratio': 0.1, 'strip_length': 5, 'lr_decay': 0.5, 'hidden_units': 2048}
2018-01-24 15:19:27,131 INFO     Obtained results {'val_loss': 0.62594503, 'train_error': 0.35215210914611816, 'train_epochs': [10, 50], 'num_layers': 2, 'val_error': 0.31463068723678589, 'train_loss': 0.64878088}
2018-01-24 15:21:20,594 INFO     Finished evaluation on {'batch_size': 128, 'memory_factor': 2, 'kernel_size': 64, 'n_threads': 4, 'max_layers': 4, 'lr_decay_epocs': 250, 'kernel_std': 0.25, 'kernel_mean': 0.0, 'progress_thresh': 0.1, 'lr': 0.0001, 'max_epochs': 10000, 'l2_ratio': 0.01, 'strip_length': 5, 'lr_decay': 0.5, 'hidden_units': 512}
2018-01-24 15:21:20,594 INFO     Obtained results {'val_loss': 0.4913708, 'train_error': 0.22228771448135376, 'train_epochs': [20, 200], 'num_layers': 2, 'val_error': 0.18963068723678589, 'train_loss': 0.52242678}
2018-01-24 15:21:20,596 INFO     Using model {'batch_size': 128, 'memory_factor': 2, 'kernel_size': 128, 'lr_decay': 0.5, 'num_layers': 2, 'n_threads': 4, 'max_layers': 4, 'lr_decay_epocs': 250, 'kernel_std': 0.1, 'progress_thresh': 0.1, 'lr': 0.0001, 'train_epochs': [55, 355], 'l2_ratio': 0.0001, 'strip_length': 5, 'kernel_mean': 0.0, 'hidden_units': 1024} for training with results {'val_loss': 0.31340259, 'train_error': 0.13745576143264771, 'train_epochs': [55, 355], 'num_layers': 2, 'val_error': 0.11860793828964233, 'train_loss': 0.33593431}
2018-01-24 15:21:20,596 INFO     Running training [0] in magic/1516803680596
2018-01-24 15:21:20,596 INFO     [1] Training up to epoch 55 in folder magic/1516803680596/layer_1
2018-01-24 15:21:40,998 INFO     [2] Training up to epoch 355 in folder magic/1516803680596
2018-01-24 15:23:36,608 INFO     Traditional fine-tuning: training 20 extra epochs for the whole network
2018-01-24 15:23:44,708 INFO     Running prediction [0] from on magic/1516803680596
2018-01-24 15:23:57,365 INFO     Queue exhausted. Read all instances
2018-01-24 15:23:57,375 INFO     Training [0] got results {'l2': 0.027071055, 'train_error': 0.11937236785888672, 'train_l2': 0.027064633, 'time(s)': 144.1119773387909, 'train_loss': 0.31369755, 'error': 0.13354361057281494, 'loss': 0.35408959}
2018-01-24 15:23:57,375 INFO     Running training [1] in magic/1516803837376
2018-01-24 15:23:57,375 INFO     [1] Training up to epoch 55 in folder magic/1516803837376/layer_1
2018-01-24 15:24:24,087 INFO     [2] Training up to epoch 355 in folder magic/1516803837376
2018-01-24 15:26:17,522 INFO     Traditional fine-tuning: training 20 extra epochs for the whole network
2018-01-24 15:26:26,171 INFO     Running prediction [1] from on magic/1516803837376
2018-01-24 15:26:38,793 INFO     Queue exhausted. Read all instances
2018-01-24 15:26:38,801 INFO     Training [1] got results {'l2': 0.026137624, 'train_error': 0.12010061740875244, 'train_l2': 0.026158823, 'time(s)': 148.7952160835266, 'train_loss': 0.31403038, 'error': 0.12986332178115845, 'loss': 0.33190435}
2018-01-24 15:26:38,801 INFO     Running training [2] in magic/1516803998801
2018-01-24 15:26:38,801 INFO     [1] Training up to epoch 55 in folder magic/1516803998801/layer_1
2018-01-24 15:27:05,677 INFO     [2] Training up to epoch 355 in folder magic/1516803998801
2018-01-24 15:29:06,216 INFO     Traditional fine-tuning: training 20 extra epochs for the whole network
2018-01-24 15:29:14,709 INFO     Running prediction [2] from on magic/1516803998801
2018-01-24 15:29:27,317 INFO     Queue exhausted. Read all instances
2018-01-24 15:29:27,326 INFO     Training [2] got results {'l2': 0.026692616, 'train_error': 0.11778336763381958, 'train_l2': 0.026690874, 'time(s)': 155.90837597846985, 'train_loss': 0.30649331, 'error': 0.14300733804702759, 'loss': 0.3513242}
2018-01-24 15:29:27,326 INFO     Running training [3] in magic/1516804167326
2018-01-24 15:29:27,326 INFO     [1] Training up to epoch 55 in folder magic/1516804167326/layer_1
2018-01-24 15:29:47,872 INFO     [2] Training up to epoch 355 in folder magic/1516804167326
2018-01-24 15:32:09,856 INFO     Traditional fine-tuning: training 20 extra epochs for the whole network
2018-01-24 15:32:18,515 INFO     Running prediction [3] from on magic/1516804167326
2018-01-24 15:32:31,087 INFO     Queue exhausted. Read all instances
2018-01-24 15:32:31,095 INFO     Training [3] got results {'l2': 0.027513007, 'train_error': 0.12208688259124756, 'train_l2': 0.027524956, 'time(s)': 171.18900299072266, 'train_loss': 0.31699714, 'error': 0.13196635246276855, 'loss': 0.34381598}
2018-01-24 15:32:31,095 INFO     Running training [4] in magic/1516804351095
2018-01-24 15:32:31,095 INFO     [1] Training up to epoch 55 in folder magic/1516804351095/layer_1
2018-01-24 15:32:51,698 INFO     [2] Training up to epoch 355 in folder magic/1516804351095
2018-01-24 15:34:45,969 INFO     Traditional fine-tuning: training 20 extra epochs for the whole network
2018-01-24 15:34:55,626 INFO     Running prediction [4] from on magic/1516804351095
2018-01-24 15:35:08,218 INFO     Queue exhausted. Read all instances
2018-01-24 15:35:08,226 INFO     Training [4] got results {'l2': 0.027411424, 'train_error': 0.12380826473236084, 'train_l2': 0.027424654, 'time(s)': 144.5311563014984, 'train_loss': 0.3171165, 'error': 0.12828600406646729, 'loss': 0.33819646}
2018-01-24 15:35:08,226 INFO     Running training [5] in magic/1516804508227
2018-01-24 15:35:08,226 INFO     [1] Training up to epoch 55 in folder magic/1516804508227/layer_1
2018-01-24 15:35:28,921 INFO     [2] Training up to epoch 355 in folder magic/1516804508227
2018-01-24 15:37:20,952 INFO     Traditional fine-tuning: training 20 extra epochs for the whole network
2018-01-24 15:37:29,199 INFO     Running prediction [5] from on magic/1516804508227
2018-01-24 15:37:41,893 INFO     Queue exhausted. Read all instances
2018-01-24 15:37:41,901 INFO     Training [5] got results {'l2': 0.027336331, 'train_error': 0.11758476495742798, 'train_l2': 0.027346412, 'time(s)': 140.97223544120789, 'train_loss': 0.30861712, 'error': 0.13038903474807739, 'loss': 0.33955142}
2018-01-24 15:37:41,901 INFO     Running training [6] in magic/1516804661901
2018-01-24 15:37:41,901 INFO     [1] Training up to epoch 55 in folder magic/1516804661901/layer_1
2018-01-24 15:38:11,113 INFO     [2] Training up to epoch 355 in folder magic/1516804661901
2018-01-24 15:40:03,890 INFO     Traditional fine-tuning: training 20 extra epochs for the whole network
2018-01-24 15:40:12,126 INFO     Running prediction [6] from on magic/1516804661901
2018-01-24 15:40:24,688 INFO     Queue exhausted. Read all instances
2018-01-24 15:40:24,696 INFO     Training [6] got results {'l2': 0.026281038, 'train_error': 0.11705505847930908, 'train_l2': 0.026291532, 'time(s)': 150.22517132759094, 'train_loss': 0.30637258, 'error': 0.12407994270324707, 'loss': 0.32985532}
2018-01-24 15:40:24,696 INFO     Running training [7] in magic/1516804824696
2018-01-24 15:40:24,696 INFO     [1] Training up to epoch 55 in folder magic/1516804824696/layer_1
2018-01-24 15:40:45,269 INFO     [2] Training up to epoch 355 in folder magic/1516804824696
2018-01-24 15:43:13,630 INFO     Traditional fine-tuning: training 20 extra epochs for the whole network
2018-01-24 15:43:22,107 INFO     Running prediction [7] from on magic/1516804824696
2018-01-24 15:43:34,692 INFO     Queue exhausted. Read all instances
2018-01-24 15:43:34,700 INFO     Training [7] got results {'l2': 0.026669411, 'train_error': 0.11573094129562378, 'train_l2': 0.026676657, 'time(s)': 177.4112491607666, 'train_loss': 0.30376244, 'error': 0.12145107984542847, 'loss': 0.33302614}
2018-01-24 15:43:34,701 INFO     Running training [8] in magic/1516805014701
2018-01-24 15:43:34,701 INFO     [1] Training up to epoch 55 in folder magic/1516805014701/layer_1
2018-01-24 15:43:55,377 INFO     [2] Training up to epoch 355 in folder magic/1516805014701
2018-01-24 15:45:46,973 INFO     Traditional fine-tuning: training 20 extra epochs for the whole network
2018-01-24 15:45:57,421 INFO     Running prediction [8] from on magic/1516805014701
2018-01-24 15:46:10,352 INFO     Queue exhausted. Read all instances
2018-01-24 15:46:10,360 INFO     Training [8] got results {'l2': 0.027414827, 'train_error': 0.11632680892944336, 'train_l2': 0.027411334, 'time(s)': 142.72030448913574, 'train_loss': 0.30813935, 'error': 0.13091480731964111, 'loss': 0.33953869}
2018-01-24 15:46:10,360 INFO     Running training [9] in magic/1516805170360
2018-01-24 15:46:10,360 INFO     [1] Training up to epoch 55 in folder magic/1516805170360/layer_1
2018-01-24 15:46:31,412 INFO     [2] Training up to epoch 355 in folder magic/1516805170360
2018-01-24 15:48:23,473 INFO     Traditional fine-tuning: training 20 extra epochs for the whole network
2018-01-24 15:48:31,519 INFO     Running prediction [9] from on magic/1516805170360
2018-01-24 15:48:44,258 INFO     Queue exhausted. Read all instances
2018-01-24 15:48:44,266 INFO     Training [9] got results {'l2': 0.027012469, 'train_error': 0.11612820625305176, 'train_l2': 0.027023725, 'time(s)': 141.1591386795044, 'train_loss': 0.30687264, 'error': 0.12092536687850952, 'loss': 0.32638299}
2018-01-24 15:48:44,266 INFO     l2: 0.026954 +- 0.000465
2018-01-24 15:48:44,266 INFO     train_error: 0.118598 +- 0.002564
2018-01-24 15:48:44,266 INFO     train_l2: 0.026961 +- 0.000463
2018-01-24 15:48:44,267 INFO     time(s): 151.702383 +- 12.186110
2018-01-24 15:48:44,267 INFO     train_loss: 0.310210 +- 0.004567
2018-01-24 15:48:44,267 INFO     error: 0.129443 +- 0.006139
2018-01-24 15:48:44,267 INFO     loss: 0.338769 +- 0.008558
