2018-01-24 09:13:38,055 INFO     Finished evaluation on {'max_layers': 3, 'memory_factor': 2, 'hidden_units': 512, 'kernel_mean': 0.0, 'l2_ratio': 0.01, 'strip_length': 5, 'lr': 0.01, 'batch_size': 128, 'progress_thresh': 0.1, 'lr_decay': 0.5, 'n_threads': 4, 'lr_decay_epocs': 250, 'kernel_size': 512, 'kernel_std': 0.1, 'max_epochs': 10000}
2018-01-24 09:13:38,055 INFO     Obtained results {'train_error': 0.1728331446647644, 'train_loss': 0.50741136, 'val_error': 0.14204543828964233, 'train_epochs': [200], 'num_layers': 1, 'val_loss': 0.49936059}
2018-01-24 09:14:33,411 INFO     Finished evaluation on {'max_layers': 3, 'memory_factor': 2, 'hidden_units': 512, 'kernel_mean': 0.0, 'l2_ratio': 0.1, 'strip_length': 5, 'lr': 0.001, 'batch_size': 128, 'progress_thresh': 0.1, 'lr_decay': 0.5, 'n_threads': 4, 'lr_decay_epocs': 250, 'kernel_size': 256, 'kernel_std': 1.0, 'max_epochs': 10000}
2018-01-24 09:14:33,411 INFO     Obtained results {'train_error': 0.34935140609741211, 'train_loss': 0.6470769, 'val_error': 0.32741475105285645, 'train_epochs': [100], 'num_layers': 1, 'val_loss': 0.63359815}
2018-01-24 09:17:09,863 INFO     Finished evaluation on {'max_layers': 3, 'memory_factor': 2, 'hidden_units': 2048, 'kernel_mean': 0.0, 'l2_ratio': 0, 'strip_length': 5, 'lr': 0.01, 'batch_size': 128, 'progress_thresh': 0.1, 'lr_decay': 0.5, 'n_threads': 4, 'lr_decay_epocs': 250, 'kernel_size': 64, 'kernel_std': 0.5, 'max_epochs': 10000}
2018-01-24 09:17:09,864 INFO     Obtained results {'train_error': 0.25405365228652954, 'train_loss': 0.51824009, 'val_error': 0.22585225105285645, 'train_epochs': [30], 'num_layers': 1, 'val_loss': 0.48037785}
2018-01-24 09:20:11,362 INFO     Finished evaluation on {'max_layers': 3, 'memory_factor': 2, 'hidden_units': 2048, 'kernel_mean': 0.0, 'l2_ratio': 0.0001, 'strip_length': 5, 'lr': 0.001, 'batch_size': 128, 'progress_thresh': 0.1, 'lr_decay': 0.5, 'n_threads': 4, 'lr_decay_epocs': 250, 'kernel_size': 64, 'kernel_std': 0.5, 'max_epochs': 10000}
2018-01-24 09:20:11,362 INFO     Obtained results {'train_error': 0.2385023832321167, 'train_loss': 0.50259358, 'val_error': 0.21235793828964233, 'train_epochs': [60], 'num_layers': 1, 'val_loss': 0.47818032}
2018-01-24 09:21:12,947 INFO     Finished evaluation on {'max_layers': 3, 'memory_factor': 2, 'hidden_units': 512, 'kernel_mean': 0.0, 'l2_ratio': 0.001, 'strip_length': 5, 'lr': 0.001, 'batch_size': 128, 'progress_thresh': 0.1, 'lr_decay': 0.5, 'n_threads': 4, 'lr_decay_epocs': 250, 'kernel_size': 64, 'kernel_std': 0.5, 'max_epochs': 10000}
2018-01-24 09:21:12,947 INFO     Obtained results {'train_error': 0.22847878932952881, 'train_loss': 0.50469947, 'val_error': 0.234375, 'train_epochs': [50], 'num_layers': 1, 'val_loss': 0.50396687}
2018-01-24 09:26:02,743 INFO     Finished evaluation on {'max_layers': 3, 'memory_factor': 2, 'hidden_units': 1024, 'kernel_mean': 0.0, 'l2_ratio': 0, 'strip_length': 5, 'lr': 0.001, 'batch_size': 128, 'progress_thresh': 0.1, 'lr_decay': 0.5, 'n_threads': 4, 'lr_decay_epocs': 250, 'kernel_size': 64, 'kernel_std': 0.01, 'max_epochs': 10000}
2018-01-24 09:26:02,743 INFO     Obtained results {'train_error': 0.14202535152435303, 'train_loss': 0.34179035, 'val_error': 0.11008524894714355, 'train_epochs': [255, 650], 'num_layers': 2, 'val_loss': 0.31751019}
2018-01-24 09:27:24,173 INFO     Finished evaluation on {'max_layers': 3, 'memory_factor': 2, 'hidden_units': 2048, 'kernel_mean': 0.0, 'l2_ratio': 0.001, 'strip_length': 5, 'lr': 0.0001, 'batch_size': 128, 'progress_thresh': 0.1, 'lr_decay': 0.5, 'n_threads': 4, 'lr_decay_epocs': 250, 'kernel_size': 512, 'kernel_std': 0.1, 'max_epochs': 10000}
2018-01-24 09:27:24,173 INFO     Obtained results {'train_error': 0.13996165990829468, 'train_loss': 0.55231911, 'val_error': 0.11931818723678589, 'train_epochs': [15, 20], 'num_layers': 2, 'val_loss': 0.50802797}
2018-01-24 09:27:53,077 INFO     Finished evaluation on {'max_layers': 3, 'memory_factor': 2, 'hidden_units': 1024, 'kernel_mean': 0.0, 'l2_ratio': 0.1, 'strip_length': 5, 'lr': 0.0001, 'batch_size': 128, 'progress_thresh': 0.1, 'lr_decay': 0.5, 'n_threads': 4, 'lr_decay_epocs': 250, 'kernel_size': 256, 'kernel_std': 0.25, 'max_epochs': 10000}
2018-01-24 09:27:53,077 INFO     Obtained results {'train_error': 0.3115418553352356, 'train_loss': 10.039982, 'val_error': 0.31747156381607056, 'train_epochs': [5], 'num_layers': 1, 'val_loss': 8.558342}
2018-01-24 09:29:09,158 INFO     Finished evaluation on {'max_layers': 3, 'memory_factor': 2, 'hidden_units': 1024, 'kernel_mean': 0.0, 'l2_ratio': 0, 'strip_length': 5, 'lr': 0.01, 'batch_size': 128, 'progress_thresh': 0.1, 'lr_decay': 0.5, 'n_threads': 4, 'lr_decay_epocs': 250, 'kernel_size': 256, 'kernel_std': 1.0, 'max_epochs': 10000}
2018-01-24 09:29:09,158 INFO     Obtained results {'train_error': 0.24019753932952881, 'train_loss': 0.50980169, 'val_error': 0.23934656381607056, 'train_epochs': [65], 'num_layers': 1, 'val_loss': 0.50320774}
2018-01-24 09:31:41,084 INFO     Finished evaluation on {'max_layers': 3, 'memory_factor': 2, 'hidden_units': 1024, 'kernel_mean': 0.0, 'l2_ratio': 0.01, 'strip_length': 5, 'lr': 0.01, 'batch_size': 128, 'progress_thresh': 0.1, 'lr_decay': 0.5, 'n_threads': 4, 'lr_decay_epocs': 250, 'kernel_size': 512, 'kernel_std': 1.0, 'max_epochs': 10000}
2018-01-24 09:31:41,084 INFO     Obtained results {'train_error': 0.22464621067047119, 'train_loss': 0.52630109, 'val_error': 0.20880681276321411, 'train_epochs': [30, 130], 'num_layers': 2, 'val_loss': 0.52405107}
2018-01-24 09:35:34,881 INFO     Finished evaluation on {'max_layers': 3, 'memory_factor': 2, 'hidden_units': 1024, 'kernel_mean': 0.0, 'l2_ratio': 0.0001, 'strip_length': 5, 'lr': 0.01, 'batch_size': 128, 'progress_thresh': 0.1, 'lr_decay': 0.5, 'n_threads': 4, 'lr_decay_epocs': 250, 'kernel_size': 512, 'kernel_std': 1.0, 'max_epochs': 10000}
2018-01-24 09:35:34,881 INFO     Obtained results {'train_error': 0.17762380838394165, 'train_loss': 0.41512993, 'val_error': 0.19247156381607056, 'train_epochs': [25, 480], 'num_layers': 2, 'val_loss': 0.48130053}
2018-01-24 09:38:45,110 INFO     Finished evaluation on {'max_layers': 3, 'memory_factor': 2, 'hidden_units': 2048, 'kernel_mean': 0.0, 'l2_ratio': 0.1, 'strip_length': 5, 'lr': 0.0001, 'batch_size': 128, 'progress_thresh': 0.1, 'lr_decay': 0.5, 'n_threads': 4, 'lr_decay_epocs': 250, 'kernel_size': 512, 'kernel_std': 0.01, 'max_epochs': 10000}
2018-01-24 09:38:45,110 INFO     Obtained results {'train_error': 0.35355246067047119, 'train_loss': 0.64964044, 'val_error': 0.33948862552642822, 'train_epochs': [15, 25, 160], 'num_layers': 3, 'val_loss': 0.64096165}
2018-01-24 09:40:57,082 INFO     Finished evaluation on {'max_layers': 3, 'memory_factor': 2, 'hidden_units': 2048, 'kernel_mean': 0.0, 'l2_ratio': 0, 'strip_length': 5, 'lr': 0.001, 'batch_size': 128, 'progress_thresh': 0.1, 'lr_decay': 0.5, 'n_threads': 4, 'lr_decay_epocs': 250, 'kernel_size': 256, 'kernel_std': 0.1, 'max_epochs': 10000}
2018-01-24 09:40:57,082 INFO     Obtained results {'train_error': 0.12691628932952881, 'train_loss': 0.3060731, 'val_error': 0.11008524894714355, 'train_epochs': [200, 225], 'num_layers': 2, 'val_loss': 0.29634663}
2018-01-24 09:45:49,255 INFO     Finished evaluation on {'max_layers': 3, 'memory_factor': 2, 'hidden_units': 512, 'kernel_mean': 0.0, 'l2_ratio': 0.01, 'strip_length': 5, 'lr': 0.0001, 'batch_size': 128, 'progress_thresh': 0.1, 'lr_decay': 0.5, 'n_threads': 4, 'lr_decay_epocs': 250, 'kernel_size': 128, 'kernel_std': 0.5, 'max_epochs': 10000}
2018-01-24 09:45:49,255 INFO     Obtained results {'train_error': 0.22774171829223633, 'train_loss': 0.52221721, 'val_error': 0.21732956171035767, 'train_epochs': [235, 285], 'num_layers': 2, 'val_loss': 0.52866256}
2018-01-24 09:47:19,161 INFO     Finished evaluation on {'max_layers': 3, 'memory_factor': 2, 'hidden_units': 2048, 'kernel_mean': 0.0, 'l2_ratio': 0, 'strip_length': 5, 'lr': 0.0001, 'batch_size': 128, 'progress_thresh': 0.1, 'lr_decay': 0.5, 'n_threads': 4, 'lr_decay_epocs': 250, 'kernel_size': 128, 'kernel_std': 0.25, 'max_epochs': 10000}
2018-01-24 09:47:19,161 INFO     Obtained results {'train_error': 0.17106425762176514, 'train_loss': 0.39400703, 'val_error': 0.12997156381607056, 'train_epochs': [80], 'num_layers': 1, 'val_loss': 0.34996483}
2018-01-24 09:49:30,234 INFO     Finished evaluation on {'max_layers': 3, 'memory_factor': 2, 'hidden_units': 1024, 'kernel_mean': 0.0, 'l2_ratio': 0.001, 'strip_length': 5, 'lr': 0.001, 'batch_size': 128, 'progress_thresh': 0.1, 'lr_decay': 0.5, 'n_threads': 4, 'lr_decay_epocs': 250, 'kernel_size': 64, 'kernel_std': 1.0, 'max_epochs': 10000}
2018-01-24 09:49:30,234 INFO     Obtained results {'train_error': 0.29908609390258789, 'train_loss': 0.57384294, 'val_error': 0.30965906381607056, 'train_epochs': [5, 30, 60], 'num_layers': 3, 'val_loss': 0.59412324}
2018-01-24 09:50:38,095 INFO     Finished evaluation on {'max_layers': 3, 'memory_factor': 2, 'hidden_units': 512, 'kernel_mean': 0.0, 'l2_ratio': 0, 'strip_length': 5, 'lr': 0.0001, 'batch_size': 128, 'progress_thresh': 0.1, 'lr_decay': 0.5, 'n_threads': 4, 'lr_decay_epocs': 250, 'kernel_size': 256, 'kernel_std': 0.01, 'max_epochs': 10000}
2018-01-24 09:50:38,096 INFO     Obtained results {'train_error': 0.14703714847564697, 'train_loss': 0.3629967, 'val_error': 0.12997156381607056, 'train_epochs': [85], 'num_layers': 1, 'val_loss': 0.32621074}
2018-01-24 09:53:13,753 INFO     Finished evaluation on {'max_layers': 3, 'memory_factor': 2, 'hidden_units': 1024, 'kernel_mean': 0.0, 'l2_ratio': 0.01, 'strip_length': 5, 'lr': 0.001, 'batch_size': 128, 'progress_thresh': 0.1, 'lr_decay': 0.5, 'n_threads': 4, 'lr_decay_epocs': 250, 'kernel_size': 256, 'kernel_std': 0.01, 'max_epochs': 10000}
2018-01-24 09:53:13,753 INFO     Obtained results {'train_error': 0.21882373094558716, 'train_loss': 0.55284935, 'val_error': 0.18607956171035767, 'train_epochs': [220], 'num_layers': 1, 'val_loss': 0.53556198}
2018-01-24 09:56:41,333 INFO     Finished evaluation on {'max_layers': 3, 'memory_factor': 2, 'hidden_units': 2048, 'kernel_mean': 0.0, 'l2_ratio': 0.01, 'strip_length': 5, 'lr': 0.0001, 'batch_size': 128, 'progress_thresh': 0.1, 'lr_decay': 0.5, 'n_threads': 4, 'lr_decay_epocs': 250, 'kernel_size': 512, 'kernel_std': 0.25, 'max_epochs': 10000}
2018-01-24 09:56:41,333 INFO     Obtained results {'train_error': 0.15713441371917725, 'train_loss': 0.4392263, 'val_error': 0.14985793828964233, 'train_epochs': [45, 125], 'num_layers': 2, 'val_loss': 0.44428924}
2018-01-24 09:57:32,787 INFO     Finished evaluation on {'max_layers': 3, 'memory_factor': 2, 'hidden_units': 2048, 'kernel_mean': 0.0, 'l2_ratio': 0.001, 'strip_length': 5, 'lr': 0.0001, 'batch_size': 128, 'progress_thresh': 0.1, 'lr_decay': 0.5, 'n_threads': 4, 'lr_decay_epocs': 250, 'kernel_size': 128, 'kernel_std': 0.25, 'max_epochs': 10000}
2018-01-24 09:57:32,787 INFO     Obtained results {'train_error': 0.16354656219482422, 'train_loss': 0.41259083, 'val_error': 0.1484375, 'train_epochs': [35], 'num_layers': 1, 'val_loss': 0.3936758}
2018-01-24 10:02:52,608 INFO     Finished evaluation on {'max_layers': 3, 'memory_factor': 2, 'hidden_units': 1024, 'kernel_mean': 0.0, 'l2_ratio': 0, 'strip_length': 5, 'lr': 0.001, 'batch_size': 128, 'progress_thresh': 0.1, 'lr_decay': 0.5, 'n_threads': 4, 'lr_decay_epocs': 250, 'kernel_size': 256, 'kernel_std': 0.5, 'max_epochs': 10000}
2018-01-24 10:02:52,608 INFO     Obtained results {'train_error': 0.1603773832321167, 'train_loss': 0.3791129, 'val_error': 0.125, 'train_epochs': [340], 'num_layers': 1, 'val_loss': 0.33575711}
2018-01-24 10:08:00,779 INFO     Finished evaluation on {'max_layers': 3, 'memory_factor': 2, 'hidden_units': 1024, 'kernel_mean': 0.0, 'l2_ratio': 0.001, 'strip_length': 5, 'lr': 0.01, 'batch_size': 128, 'progress_thresh': 0.1, 'lr_decay': 0.5, 'n_threads': 4, 'lr_decay_epocs': 250, 'kernel_size': 128, 'kernel_std': 0.5, 'max_epochs': 10000}
2018-01-24 10:08:00,779 INFO     Obtained results {'train_error': 0.20489388704299927, 'train_loss': 0.48105377, 'val_error': 0.19034093618392944, 'train_epochs': [350], 'num_layers': 1, 'val_loss': 0.46154821}
2018-01-24 10:10:51,242 INFO     Finished evaluation on {'max_layers': 3, 'memory_factor': 2, 'hidden_units': 2048, 'kernel_mean': 0.0, 'l2_ratio': 0.01, 'strip_length': 5, 'lr': 0.001, 'batch_size': 128, 'progress_thresh': 0.1, 'lr_decay': 0.5, 'n_threads': 4, 'lr_decay_epocs': 250, 'kernel_size': 512, 'kernel_std': 0.01, 'max_epochs': 10000}
2018-01-24 10:10:51,242 INFO     Obtained results {'train_error': 0.21233785152435303, 'train_loss': 0.54812527, 'val_error': 0.20596593618392944, 'train_epochs': [100], 'num_layers': 1, 'val_loss': 0.55462003}
2018-01-24 10:13:24,129 INFO     Finished evaluation on {'max_layers': 3, 'memory_factor': 2, 'hidden_units': 512, 'kernel_mean': 0.0, 'l2_ratio': 0.1, 'strip_length': 5, 'lr': 0.01, 'batch_size': 128, 'progress_thresh': 0.1, 'lr_decay': 0.5, 'n_threads': 4, 'lr_decay_epocs': 250, 'kernel_size': 128, 'kernel_std': 0.25, 'max_epochs': 10000}
2018-01-24 10:13:24,130 INFO     Obtained results {'train_error': 0.35436320304870605, 'train_loss': 0.6509369, 'val_error': 0.32528406381607056, 'train_epochs': [270], 'num_layers': 1, 'val_loss': 0.63291925}
2018-01-24 10:15:52,139 INFO     Finished evaluation on {'max_layers': 3, 'memory_factor': 2, 'hidden_units': 1024, 'kernel_mean': 0.0, 'l2_ratio': 0.01, 'strip_length': 5, 'lr': 0.0001, 'batch_size': 128, 'progress_thresh': 0.1, 'lr_decay': 0.5, 'n_threads': 4, 'lr_decay_epocs': 250, 'kernel_size': 512, 'kernel_std': 0.25, 'max_epochs': 10000}
2018-01-24 10:15:52,139 INFO     Obtained results {'train_error': 0.15978771448135376, 'train_loss': 0.49970448, 'val_error': 0.11647725105285645, 'train_epochs': [235], 'num_layers': 1, 'val_loss': 0.46446073}
2018-01-24 10:15:52,140 INFO     Using model {'max_layers': 3, 'memory_factor': 2, 'hidden_units': 1024, 'lr_decay_epocs': 250, 'l2_ratio': 0, 'num_layers': 2, 'strip_length': 5, 'lr': 0.001, 'batch_size': 128, 'progress_thresh': 0.1, 'lr_decay': 0.5, 'kernel_std': 0.01, 'kernel_mean': 0.0, 'kernel_size': 64, 'train_epochs': [255, 650], 'n_threads': 4} for training with results {'train_error': 0.14202535152435303, 'train_loss': 0.34179035, 'val_error': 0.11008524894714355, 'train_epochs': [255, 650], 'num_layers': 2, 'val_loss': 0.31751019}
2018-01-24 10:15:52,140 INFO     Running training [0] in magic/1516785352141
2018-01-24 10:15:52,141 INFO     [1] Training up to epoch 255 in folder magic/1516785352141/layer_1
2018-01-24 10:17:23,424 INFO     [2] Training up to epoch 650 in folder magic/1516785352141
2018-01-24 10:19:47,121 INFO     Layerwise fine-tuning: training 20 epochs per layer using <class 'training.policy.CyclicPolicy'> policy
2018-01-24 10:20:06,609 INFO     Running prediction [0] from on magic/1516785352141
2018-01-24 10:20:14,571 INFO     Queue exhausted. Read all instances
2018-01-24 10:20:14,579 INFO     Training [0] got results {'loss': 0.31296346, 'train_error': 0.13069385290145874, 'train_loss': 0.31421623, 'train_l2': 0.0, 'error': 0.12460565567016602, 'l2': 0.0, 'time(s)': 254.4683985710144}
2018-01-24 10:20:14,579 INFO     Running training [1] in magic/1516785614579
2018-01-24 10:20:14,579 INFO     [1] Training up to epoch 255 in folder magic/1516785614579/layer_1
2018-01-24 10:21:47,564 INFO     [2] Training up to epoch 650 in folder magic/1516785614579
2018-01-24 10:24:11,285 INFO     Layerwise fine-tuning: training 20 epochs per layer using <class 'training.policy.CyclicPolicy'> policy
2018-01-24 10:24:26,658 INFO     Running prediction [1] from on magic/1516785614579
2018-01-24 10:24:34,581 INFO     Queue exhausted. Read all instances
2018-01-24 10:24:34,589 INFO     Training [1] got results {'loss': 0.33941451, 'train_error': 0.13248145580291748, 'train_loss': 0.31713745, 'train_l2': 0.0, 'error': 0.14353311061859131, 'l2': 0.0, 'time(s)': 252.07895040512085}
2018-01-24 10:24:34,589 INFO     Running training [2] in magic/1516785874589
2018-01-24 10:24:34,589 INFO     [1] Training up to epoch 255 in folder magic/1516785874589/layer_1
2018-01-24 10:26:06,105 INFO     [2] Training up to epoch 650 in folder magic/1516785874589
2018-01-24 10:28:31,298 INFO     Layerwise fine-tuning: training 20 epochs per layer using <class 'training.policy.CyclicPolicy'> policy
2018-01-24 10:28:46,737 INFO     Running prediction [2] from on magic/1516785874589
2018-01-24 10:28:55,044 INFO     Queue exhausted. Read all instances
2018-01-24 10:28:55,052 INFO     Training [2] got results {'loss': 0.32167503, 'train_error': 0.13274627923965454, 'train_loss': 0.32219413, 'train_l2': 0.0, 'error': 0.13091480731964111, 'l2': 0.0, 'time(s)': 252.14821195602417}
2018-01-24 10:28:55,052 INFO     Running training [3] in magic/1516786135053
2018-01-24 10:28:55,052 INFO     [1] Training up to epoch 255 in folder magic/1516786135053/layer_1
2018-01-24 10:30:28,891 INFO     [2] Training up to epoch 650 in folder magic/1516786135053
2018-01-24 10:32:54,814 INFO     Layerwise fine-tuning: training 20 epochs per layer using <class 'training.policy.CyclicPolicy'> policy
2018-01-24 10:33:10,198 INFO     Running prediction [3] from on magic/1516786135053
2018-01-24 10:33:18,278 INFO     Queue exhausted. Read all instances
2018-01-24 10:33:18,286 INFO     Training [3] got results {'loss': 0.30908227, 'train_error': 0.12725108861923218, 'train_loss': 0.30399671, 'train_l2': 0.0, 'error': 0.13249212503433228, 'l2': 0.0, 'time(s)': 255.14513754844666}
2018-01-24 10:33:18,286 INFO     Running training [4] in magic/1516786398287
2018-01-24 10:33:18,286 INFO     [1] Training up to epoch 255 in folder magic/1516786398287/layer_1
2018-01-24 10:34:48,913 INFO     [2] Training up to epoch 650 in folder magic/1516786398287
2018-01-24 10:38:27,438 INFO     Layerwise fine-tuning: training 20 epochs per layer using <class 'training.policy.CyclicPolicy'> policy
2018-01-24 10:38:42,958 INFO     Running prediction [4] from on magic/1516786398287
2018-01-24 10:38:51,088 INFO     Queue exhausted. Read all instances
2018-01-24 10:38:51,096 INFO     Training [4] got results {'loss': 0.30872616, 'train_error': 0.13241523504257202, 'train_loss': 0.31623915, 'train_l2': 0.0, 'error': 0.12828600406646729, 'l2': 0.0, 'time(s)': 324.67132472991943}
2018-01-24 10:38:51,096 INFO     Running training [5] in magic/1516786731097
2018-01-24 10:38:51,096 INFO     [1] Training up to epoch 255 in folder magic/1516786731097/layer_1
2018-01-24 10:40:22,550 INFO     [2] Training up to epoch 650 in folder magic/1516786731097
2018-01-24 10:43:42,758 INFO     Layerwise fine-tuning: training 20 epochs per layer using <class 'training.policy.CyclicPolicy'> policy
2018-01-24 10:43:58,097 INFO     Running prediction [5] from on magic/1516786731097
2018-01-24 10:44:06,951 INFO     Queue exhausted. Read all instances
2018-01-24 10:44:06,959 INFO     Training [5] got results {'loss': 0.30917057, 'train_error': 0.12877380847930908, 'train_loss': 0.30898786, 'train_l2': 0.0, 'error': 0.12881177663803101, 'l2': 0.0, 'time(s)': 307.0004861354828}
2018-01-24 10:44:06,959 INFO     Running training [6] in magic/1516787046960
2018-01-24 10:44:06,959 INFO     [1] Training up to epoch 255 in folder magic/1516787046960/layer_1
2018-01-24 10:46:06,898 INFO     [2] Training up to epoch 650 in folder magic/1516787046960
2018-01-24 10:48:30,027 INFO     Layerwise fine-tuning: training 20 epochs per layer using <class 'training.policy.CyclicPolicy'> policy
2018-01-24 10:48:45,805 INFO     Running prediction [6] from on magic/1516787046960
2018-01-24 10:48:53,733 INFO     Queue exhausted. Read all instances
2018-01-24 10:48:53,741 INFO     Training [6] got results {'loss': 0.32929507, 'train_error': 0.1261255145072937, 'train_loss': 0.30488268, 'train_l2': 0.0, 'error': 0.13354361057281494, 'l2': 0.0, 'time(s)': 278.84554982185364}
2018-01-24 10:48:53,741 INFO     Running training [7] in magic/1516787333742
2018-01-24 10:48:53,741 INFO     [1] Training up to epoch 255 in folder magic/1516787333742/layer_1
2018-01-24 10:50:24,264 INFO     [2] Training up to epoch 650 in folder magic/1516787333742
2018-01-24 10:54:08,599 INFO     Layerwise fine-tuning: training 20 epochs per layer using <class 'training.policy.CyclicPolicy'> policy
2018-01-24 10:54:23,962 INFO     Running prediction [7] from on magic/1516787333742
2018-01-24 10:54:32,187 INFO     Queue exhausted. Read all instances
2018-01-24 10:54:32,195 INFO     Training [7] got results {'loss': 0.31154031, 'train_error': 0.12936967611312866, 'train_loss': 0.311589, 'train_l2': 0.0, 'error': 0.13564670085906982, 'l2': 0.0, 'time(s)': 330.22104120254517}
2018-01-24 10:54:32,196 INFO     Running training [8] in magic/1516787672196
2018-01-24 10:54:32,196 INFO     [1] Training up to epoch 255 in folder magic/1516787672196/layer_1
2018-01-24 10:56:03,228 INFO     [2] Training up to epoch 650 in folder magic/1516787672196
2018-01-24 10:59:11,319 INFO     Layerwise fine-tuning: training 20 epochs per layer using <class 'training.policy.CyclicPolicy'> policy
2018-01-24 10:59:26,578 INFO     Running prediction [8] from on magic/1516787672196
2018-01-24 10:59:35,006 INFO     Queue exhausted. Read all instances
2018-01-24 10:59:35,014 INFO     Training [8] got results {'loss': 0.30237511, 'train_error': 0.12996554374694824, 'train_loss': 0.31608403, 'train_l2': 0.0, 'error': 0.12565720081329346, 'l2': 0.0, 'time(s)': 294.3823654651642}
2018-01-24 10:59:35,014 INFO     Running training [9] in magic/1516787975015
2018-01-24 10:59:35,015 INFO     [1] Training up to epoch 255 in folder magic/1516787975015/layer_1
2018-01-24 11:01:41,384 INFO     [2] Training up to epoch 650 in folder magic/1516787975015
2018-01-24 11:04:05,105 INFO     Layerwise fine-tuning: training 20 epochs per layer using <class 'training.policy.CyclicPolicy'> policy
2018-01-24 11:04:23,705 INFO     Running prediction [9] from on magic/1516787975015
2018-01-24 11:04:32,858 INFO     Queue exhausted. Read all instances
2018-01-24 11:04:32,866 INFO     Training [9] got results {'loss': 0.32404855, 'train_error': 0.12950211763381958, 'train_loss': 0.31207323, 'train_l2': 0.0, 'error': 0.13774973154067993, 'l2': 0.0, 'time(s)': 288.69019985198975}
2018-01-24 11:04:32,868 INFO     loss: 0.316829 +- 0.010850
2018-01-24 11:04:32,868 INFO     train_error: 0.129932 +- 0.002114
2018-01-24 11:04:32,868 INFO     train_loss: 0.312740 +- 0.005370
2018-01-24 11:04:32,868 INFO     train_l2: 0.000000 +- 0.000000
2018-01-24 11:04:32,869 INFO     error: 0.132124 +- 0.005494
2018-01-24 11:04:32,869 INFO     l2: 0.000000 +- 0.000000
2018-01-24 11:04:32,869 INFO     time(s): 283.765167 +- 28.659345
