INFO:validation.tuning:Finished evaluation on {'lr_decay': 0.5374232643771849, 'kernel_std': 0.3346241414274728, 'n_threads': 4, 'l2_ratio': 0.0039257717113351884, 'network_fn': <function kernel_example_layout_fn at 0x7f195a787f28>, 'lr_decay_epochs': 597.5474682619025, 'hidden_units': 2048, 'memory_factor': 2, 'strip_length': 5, 'num_layers': 4, 'progress_thresh': 0.1, 'batch_norm': True, 'lr': 0.0008465780569080684, 'kernel_size': 256, 'kernel_mean': 0.0, 'max_epochs': 10000, 'batch_size': 128}
INFO:validation.tuning:Obtained results {'val_loss': 11.38026, 'epoch': 225, 'train_error': 0.34684550762176514, 'val_error': 0.32315343618392944, 'train_loss': 11.414285}
INFO:validation.tuning:Finished evaluation on {'lr_decay': 0.17113066456871542, 'kernel_std': 0.4863117518077816, 'n_threads': 4, 'l2_ratio': 0.012307911475125867, 'network_fn': <function kernel_example_layout_fn at 0x7f195a787f28>, 'lr_decay_epochs': 998.5895855991412, 'hidden_units': 512, 'memory_factor': 2, 'strip_length': 5, 'num_layers': 4, 'progress_thresh': 0.1, 'batch_norm': True, 'lr': 0.0020177868733533386, 'kernel_size': 512, 'kernel_mean': 0.0, 'max_epochs': 10000, 'batch_size': 128}
INFO:validation.tuning:Obtained results {'val_loss': 1.6868383, 'epoch': 215, 'train_error': 0.34691923856735229, 'val_error': 0.32244318723678589, 'train_loss': 1.6900237}
INFO:validation.tuning:Finished evaluation on {'lr_decay': 0.43849095101608926, 'kernel_std': 0.9411213943032966, 'n_threads': 4, 'l2_ratio': 0.12746681037055563, 'network_fn': <function kernel_example_layout_fn at 0x7f195a787f28>, 'lr_decay_epochs': 719.2105350335495, 'hidden_units': 1024, 'memory_factor': 2, 'strip_length': 5, 'num_layers': 4, 'progress_thresh': 0.1, 'batch_norm': True, 'lr': 0.00020851175648403336, 'kernel_size': 512, 'kernel_mean': 0.0, 'max_epochs': 10000, 'batch_size': 128}
INFO:validation.tuning:Obtained results {'val_loss': 33.319733, 'epoch': 60, 'train_error': 0.35362619161605835, 'val_error': 0.33380681276321411, 'train_loss': 33.703472}
INFO:validation.tuning:Finished evaluation on {'lr_decay': 0.7247274774916871, 'kernel_std': 0.5250627648502323, 'n_threads': 4, 'l2_ratio': 0.3446530905598022, 'network_fn': <function kernel_example_layout_fn at 0x7f195a787f28>, 'lr_decay_epochs': 697.8158466654739, 'hidden_units': 2048, 'memory_factor': 2, 'strip_length': 5, 'num_layers': 4, 'progress_thresh': 0.1, 'batch_norm': True, 'lr': 0.003977877050115726, 'kernel_size': 256, 'kernel_mean': 0.0, 'max_epochs': 10000, 'batch_size': 128}
INFO:validation.tuning:Obtained results {'val_loss': 1.9920242, 'epoch': 285, 'train_error': 0.34913033246994019, 'val_error': 0.31178975105285645, 'train_loss': 2.2981856}
INFO:validation.tuning:Finished evaluation on {'lr_decay': 0.11963041901461031, 'kernel_std': 0.5764795240014587, 'n_threads': 4, 'l2_ratio': 0.002619498308281888, 'network_fn': <function kernel_example_layout_fn at 0x7f195a787f28>, 'lr_decay_epochs': 641.7070079298342, 'hidden_units': 512, 'memory_factor': 2, 'strip_length': 5, 'num_layers': 4, 'progress_thresh': 0.1, 'batch_norm': True, 'lr': 0.0021294473580410482, 'kernel_size': 64, 'kernel_mean': 0.0, 'max_epochs': 10000, 'batch_size': 128}
INFO:validation.tuning:Obtained results {'val_loss': 3.4150064, 'epoch': 50, 'train_error': 0.35163623094558716, 'val_error': 0.33948862552642822, 'train_loss': 3.4108021}
INFO:validation.tuning:Finished evaluation on {'lr_decay': 0.7634757844137793, 'kernel_std': 0.1699593430360281, 'n_threads': 4, 'l2_ratio': 0.016130671905385814, 'network_fn': <function kernel_example_layout_fn at 0x7f195a787f28>, 'lr_decay_epochs': 229.80985895169906, 'hidden_units': 512, 'memory_factor': 2, 'strip_length': 5, 'num_layers': 4, 'progress_thresh': 0.1, 'batch_norm': True, 'lr': 0.0007620805264584135, 'kernel_size': 64, 'kernel_mean': 0.0, 'max_epochs': 10000, 'batch_size': 128}
INFO:validation.tuning:Obtained results {'val_loss': 1.3399671, 'epoch': 15, 'train_error': 0.34979361295700073, 'val_error': 0.34943181276321411, 'train_loss': 1.3951772}
INFO:validation.tuning:Finished evaluation on {'lr_decay': 0.9826732963681526, 'kernel_std': 0.45810095688776736, 'n_threads': 4, 'l2_ratio': 0.0011464493944770416, 'network_fn': <function kernel_example_layout_fn at 0x7f195a787f28>, 'lr_decay_epochs': 565.3692422462832, 'hidden_units': 512, 'memory_factor': 2, 'strip_length': 5, 'num_layers': 4, 'progress_thresh': 0.1, 'batch_norm': True, 'lr': 0.007699526497189166, 'kernel_size': 512, 'kernel_mean': 0.0, 'max_epochs': 10000, 'batch_size': 128}
INFO:validation.tuning:Obtained results {'val_loss': 26.980518, 'epoch': 90, 'train_error': 0.35399466753005981, 'val_error': 0.31036931276321411, 'train_loss': 26.973289}
INFO:validation.tuning:Finished evaluation on {'lr_decay': 0.9540689305510949, 'kernel_std': 0.9230809907931153, 'n_threads': 4, 'l2_ratio': 0.0005943145235514833, 'network_fn': <function kernel_example_layout_fn at 0x7f195a787f28>, 'lr_decay_epochs': 927.4498728772655, 'hidden_units': 1024, 'memory_factor': 2, 'strip_length': 5, 'num_layers': 4, 'progress_thresh': 0.1, 'batch_norm': True, 'lr': 0.001257012986450426, 'kernel_size': 128, 'kernel_mean': 0.0, 'max_epochs': 10000, 'batch_size': 128}
INFO:validation.tuning:Obtained results {'val_loss': 2.0446453, 'epoch': 45, 'train_error': 0.34883546829223633, 'val_error': 0.33664774894714355, 'train_loss': 2.0422866}
INFO:validation.tuning:Finished evaluation on {'lr_decay': 0.8203415061507706, 'kernel_std': 0.46819047920311924, 'n_threads': 4, 'l2_ratio': 0.12271787003895922, 'network_fn': <function kernel_example_layout_fn at 0x7f195a787f28>, 'lr_decay_epochs': 880.9694989682105, 'hidden_units': 1024, 'memory_factor': 2, 'strip_length': 5, 'num_layers': 4, 'progress_thresh': 0.1, 'batch_norm': True, 'lr': 0.0017898798077598253, 'kernel_size': 128, 'kernel_mean': 0.0, 'max_epochs': 10000, 'batch_size': 128}
INFO:validation.tuning:Obtained results {'val_loss': 8.0359344, 'epoch': 20, 'train_error': 0.35082548856735229, 'val_error': 0.31960225105285645, 'train_loss': 8.663063}
INFO:validation.tuning:Finished evaluation on {'lr_decay': 0.8565189560997873, 'kernel_std': 0.7921723768925828, 'n_threads': 4, 'l2_ratio': 0.0633602967194351, 'network_fn': <function kernel_example_layout_fn at 0x7f195a787f28>, 'lr_decay_epochs': 252.69834347856025, 'hidden_units': 2048, 'memory_factor': 2, 'strip_length': 5, 'num_layers': 4, 'progress_thresh': 0.1, 'batch_norm': True, 'lr': 0.00011797904626872556, 'kernel_size': 64, 'kernel_mean': 0.0, 'max_epochs': 10000, 'batch_size': 128}
INFO:validation.tuning:Obtained results {'val_loss': 143.54388, 'epoch': 15, 'train_error': 0.35288918018341064, 'val_error': 0.32528406381607056, 'train_loss': 144.39636}
INFO:validation.tuning:Finished evaluation on {'lr_decay': 0.3979973293352923, 'kernel_std': 0.8242272229009842, 'n_threads': 4, 'l2_ratio': 0.0805197716764036, 'network_fn': <function kernel_example_layout_fn at 0x7f195a787f28>, 'lr_decay_epochs': 635.7786108003903, 'hidden_units': 2048, 'memory_factor': 2, 'strip_length': 5, 'num_layers': 4, 'progress_thresh': 0.1, 'batch_norm': True, 'lr': 0.0004729302409324906, 'kernel_size': 512, 'kernel_mean': 0.0, 'max_epochs': 10000, 'batch_size': 128}
INFO:validation.tuning:Obtained results {'val_loss': 82.303558, 'epoch': 20, 'train_error': 0.3478773832321167, 'val_error': 0.328125, 'train_loss': 83.580032}
INFO:validation.tuning:Finished evaluation on {'lr_decay': 0.5423429871884313, 'kernel_std': 0.3584252672658814, 'n_threads': 4, 'l2_ratio': 0.08344140096696874, 'network_fn': <function kernel_example_layout_fn at 0x7f195a787f28>, 'lr_decay_epochs': 313.82074206834534, 'hidden_units': 512, 'memory_factor': 2, 'strip_length': 5, 'num_layers': 4, 'progress_thresh': 0.1, 'batch_norm': True, 'lr': 0.008343044451949482, 'kernel_size': 512, 'kernel_mean': 0.0, 'max_epochs': 10000, 'batch_size': 128}
INFO:validation.tuning:Obtained results {'val_loss': 1.5228257, 'epoch': 105, 'train_error': 0.35288918018341064, 'val_error': 0.33096593618392944, 'train_loss': 1.7048992}
INFO:validation.tuning:Finished evaluation on {'lr_decay': 0.7273289789378592, 'kernel_std': 0.7464274088087914, 'n_threads': 4, 'l2_ratio': 0.7242365477947437, 'network_fn': <function kernel_example_layout_fn at 0x7f195a787f28>, 'lr_decay_epochs': 510.0005674811317, 'hidden_units': 512, 'memory_factor': 2, 'strip_length': 5, 'num_layers': 4, 'progress_thresh': 0.1, 'batch_norm': True, 'lr': 0.0006163671307801401, 'kernel_size': 512, 'kernel_mean': 0.0, 'max_epochs': 10000, 'batch_size': 128}
INFO:validation.tuning:Obtained results {'val_loss': 0.63478798, 'epoch': 215, 'train_error': 0.34492921829223633, 'val_error': 0.32954543828964233, 'train_loss': 0.64439231}
INFO:validation.tuning:Finished evaluation on {'lr_decay': 0.632446953832534, 'kernel_std': 0.508925434002767, 'n_threads': 4, 'l2_ratio': 0.8261033102471445, 'network_fn': <function kernel_example_layout_fn at 0x7f195a787f28>, 'lr_decay_epochs': 294.55114595584473, 'hidden_units': 1024, 'memory_factor': 2, 'strip_length': 5, 'num_layers': 4, 'progress_thresh': 0.1, 'batch_norm': True, 'lr': 0.0021028533385395033, 'kernel_size': 512, 'kernel_mean': 0.0, 'max_epochs': 10000, 'batch_size': 128}
INFO:validation.tuning:Obtained results {'val_loss': 0.63987267, 'epoch': 25, 'train_error': 0.35627949237823486, 'val_error': 0.33735793828964233, 'train_loss': 0.65142262}
INFO:validation.tuning:Finished evaluation on {'lr_decay': 0.8036382938448229, 'kernel_std': 0.31126391895728855, 'n_threads': 4, 'l2_ratio': 0.007374545515990926, 'network_fn': <function kernel_example_layout_fn at 0x7f195a787f28>, 'lr_decay_epochs': 331.42344091294297, 'hidden_units': 1024, 'memory_factor': 2, 'strip_length': 5, 'num_layers': 4, 'progress_thresh': 0.1, 'batch_norm': True, 'lr': 0.0004395161566146413, 'kernel_size': 128, 'kernel_mean': 0.0, 'max_epochs': 10000, 'batch_size': 128}
INFO:validation.tuning:Obtained results {'val_loss': 6.2469554, 'epoch': 20, 'train_error': 0.35089915990829468, 'val_error': 0.34019887447357178, 'train_loss': 6.3140006}
INFO:validation.tuning:Finished evaluation on {'lr_decay': 0.1443701424653885, 'kernel_std': 0.04157371054493861, 'n_threads': 4, 'l2_ratio': 0.0023273862758023387, 'network_fn': <function kernel_example_layout_fn at 0x7f195a787f28>, 'lr_decay_epochs': 775.1841775587316, 'hidden_units': 512, 'memory_factor': 2, 'strip_length': 5, 'num_layers': 4, 'progress_thresh': 0.1, 'batch_norm': True, 'lr': 0.00038306985432079405, 'kernel_size': 128, 'kernel_mean': 0.0, 'max_epochs': 10000, 'batch_size': 128}
INFO:validation.tuning:Obtained results {'val_loss': 0.42375323, 'epoch': 70, 'train_error': 0.071196913719177246, 'val_error': 0.11647725105285645, 'train_loss': 0.2718626}
INFO:validation.tuning:Finished evaluation on {'lr_decay': 0.2877502936552412, 'kernel_std': 0.06168488015695745, 'n_threads': 4, 'l2_ratio': 0.0006025650036791567, 'network_fn': <function kernel_example_layout_fn at 0x7f195a787f28>, 'lr_decay_epochs': 103.97679753054787, 'hidden_units': 2048, 'memory_factor': 2, 'strip_length': 5, 'num_layers': 4, 'progress_thresh': 0.1, 'batch_norm': True, 'lr': 0.0031226019998375483, 'kernel_size': 256, 'kernel_mean': 0.0, 'max_epochs': 10000, 'batch_size': 128}
INFO:validation.tuning:Obtained results {'val_loss': 2.6642954, 'epoch': 115, 'train_error': 0.35259431600570679, 'val_error': 0.32883524894714355, 'train_loss': 2.706677}
INFO:validation.tuning:Finished evaluation on {'lr_decay': 0.31182101379527394, 'kernel_std': 0.8100159195299469, 'n_threads': 4, 'l2_ratio': 0.8281556450309941, 'network_fn': <function kernel_example_layout_fn at 0x7f195a787f28>, 'lr_decay_epochs': 554.6971168199664, 'hidden_units': 512, 'memory_factor': 2, 'strip_length': 5, 'num_layers': 4, 'progress_thresh': 0.1, 'batch_norm': True, 'lr': 0.004040059591401374, 'kernel_size': 128, 'kernel_mean': 0.0, 'max_epochs': 10000, 'batch_size': 128}
INFO:validation.tuning:Obtained results {'val_loss': 28.935705, 'epoch': 5, 'train_error': 0.35141509771347046, 'val_error': 0.33877843618392944, 'train_loss': 37.023472}
INFO:validation.tuning:Finished evaluation on {'lr_decay': 0.49864672517772246, 'kernel_std': 0.4355996406199689, 'n_threads': 4, 'l2_ratio': 0.011820721669889374, 'network_fn': <function kernel_example_layout_fn at 0x7f195a787f28>, 'lr_decay_epochs': 948.3636426033863, 'hidden_units': 2048, 'memory_factor': 2, 'strip_length': 5, 'num_layers': 4, 'progress_thresh': 0.1, 'batch_norm': True, 'lr': 0.002240585603525287, 'kernel_size': 512, 'kernel_mean': 0.0, 'max_epochs': 10000, 'batch_size': 128}
INFO:validation.tuning:Obtained results {'val_loss': 33.965305, 'epoch': 25, 'train_error': 0.35318398475646973, 'val_error': 0.34446024894714355, 'train_loss': 33.630077}
INFO:validation.tuning:Finished evaluation on {'lr_decay': 0.7928451519470362, 'kernel_std': 0.6367683827498646, 'n_threads': 4, 'l2_ratio': 0.017410208014291103, 'network_fn': <function kernel_example_layout_fn at 0x7f195a787f28>, 'lr_decay_epochs': 271.25246568351537, 'hidden_units': 1024, 'memory_factor': 2, 'strip_length': 5, 'num_layers': 4, 'progress_thresh': 0.1, 'batch_norm': True, 'lr': 0.001196300892504165, 'kernel_size': 64, 'kernel_mean': 0.0, 'max_epochs': 10000, 'batch_size': 128}
INFO:validation.tuning:Obtained results {'val_loss': 18.76635, 'epoch': 5, 'train_error': 0.34478181600570679, 'val_error': 0.36079543828964233, 'train_loss': 19.067417}
INFO:validation.tuning:Finished evaluation on {'lr_decay': 0.30841526322431073, 'kernel_std': 0.6421440668206911, 'n_threads': 4, 'l2_ratio': 0.85025964320074, 'network_fn': <function kernel_example_layout_fn at 0x7f195a787f28>, 'lr_decay_epochs': 798.0106489470018, 'hidden_units': 2048, 'memory_factor': 2, 'strip_length': 5, 'num_layers': 4, 'progress_thresh': 0.1, 'batch_norm': True, 'lr': 0.006023189624437106, 'kernel_size': 128, 'kernel_mean': 0.0, 'max_epochs': 10000, 'batch_size': 128}
INFO:validation.tuning:Obtained results {'val_loss': 21.545189, 'epoch': 15, 'train_error': 0.35532134771347046, 'val_error': 0.3125, 'train_loss': 25.565315}
INFO:validation.tuning:Finished evaluation on {'lr_decay': 0.7662808860794327, 'kernel_std': 0.10785012682092043, 'n_threads': 4, 'l2_ratio': 0.03523552018296025, 'network_fn': <function kernel_example_layout_fn at 0x7f195a787f28>, 'lr_decay_epochs': 295.7153184105406, 'hidden_units': 1024, 'memory_factor': 2, 'strip_length': 5, 'num_layers': 4, 'progress_thresh': 0.1, 'batch_norm': True, 'lr': 0.0005791838617422417, 'kernel_size': 512, 'kernel_mean': 0.0, 'max_epochs': 10000, 'batch_size': 128}
INFO:validation.tuning:Obtained results {'val_loss': 0.50421977, 'epoch': 45, 'train_error': 0.13863503932952881, 'val_error': 0.13707387447357178, 'train_loss': 0.48371986}
INFO:validation.tuning:Finished evaluation on {'lr_decay': 0.40350512638215097, 'kernel_std': 0.25083383591653335, 'n_threads': 4, 'l2_ratio': 0.021424817294579672, 'network_fn': <function kernel_example_layout_fn at 0x7f195a787f28>, 'lr_decay_epochs': 636.6222662794565, 'hidden_units': 512, 'memory_factor': 2, 'strip_length': 5, 'num_layers': 4, 'progress_thresh': 0.1, 'batch_norm': True, 'lr': 0.0003874592227609592, 'kernel_size': 256, 'kernel_mean': 0.0, 'max_epochs': 10000, 'batch_size': 128}
INFO:validation.tuning:Obtained results {'val_loss': 0.61795974, 'epoch': 110, 'train_error': 0.090949296951293945, 'val_error': 0.14559656381607056, 'train_loss': 0.51165044}
INFO:validation.tuning:Finished evaluation on {'lr_decay': 0.8348677193042641, 'kernel_std': 0.8129234108718533, 'n_threads': 4, 'l2_ratio': 0.00016289047232143002, 'network_fn': <function kernel_example_layout_fn at 0x7f195a787f28>, 'lr_decay_epochs': 985.4544961399865, 'hidden_units': 1024, 'memory_factor': 2, 'strip_length': 5, 'num_layers': 4, 'progress_thresh': 0.1, 'batch_norm': True, 'lr': 0.0023125014326991697, 'kernel_size': 128, 'kernel_mean': 0.0, 'max_epochs': 10000, 'batch_size': 128}
INFO:validation.tuning:Obtained results {'val_loss': 1.7376317, 'epoch': 65, 'train_error': 0.35023581981658936, 'val_error': 0.34090906381607056, 'train_loss': 1.7383591}
INFO:validation.tuning:Finished evaluation on {'lr_decay': 0.8763545295571342, 'kernel_std': 0.48544637263826423, 'n_threads': 4, 'l2_ratio': 0.00037878813519556955, 'network_fn': <function kernel_example_layout_fn at 0x7f195a787f28>, 'lr_decay_epochs': 885.5397051245174, 'hidden_units': 2048, 'memory_factor': 2, 'strip_length': 5, 'num_layers': 4, 'progress_thresh': 0.1, 'batch_norm': True, 'lr': 0.0006999020328070763, 'kernel_size': 256, 'kernel_mean': 0.0, 'max_epochs': 10000, 'batch_size': 128}
INFO:validation.tuning:Obtained results {'val_loss': 1.9124413, 'epoch': 15, 'train_error': 0.35362619161605835, 'val_error': 0.34517043828964233, 'train_loss': 1.9133495}
INFO:validation.tuning:Using model {'batch_size': 128, 'lr_decay': 0.1443701424653885, 'kernel_std': 0.04157371054493861, 'network_fn': <function kernel_example_layout_fn at 0x7f195a787f28>, 'strip_length': 5, 'num_layers': 4, 'lr': 0.00038306985432079405, 'kernel_mean': 0.0, 'kernel_size': 128, 'max_epochs': 70, 'hidden_units': 512, 'batch_norm': True, 'n_threads': 4, 'lr_decay_epochs': 775.1841775587316, 'memory_factor': 2, 'l2_ratio': 0.0023273862758023387, 'progress_thresh': 0.1} for training with results {'val_loss': 0.42375323, 'epoch': 70, 'train_error': 0.071196913719177246, 'val_error': 0.11647725105285645, 'train_loss': 0.2718626}
INFO:validation.tuning:Running training [0] in magic/1520631400661
INFO:training.predict:Queue exhausted. Read all instances
INFO:validation.tuning:Training [0] got results {'train_l2': 0.08078333, 'l2': 0.08120317, 'error': 0.13669818639755249, 'time(s)': 32.00609111785889, 'train_loss': 0.2824156, 'loss': 0.43717322, 'train_error': 0.081038117408752441}
INFO:validation.tuning:Running training [1] in magic/1520631447988
INFO:training.predict:Queue exhausted. Read all instances
INFO:validation.tuning:Training [1] got results {'train_l2': 0.08587309, 'l2': 0.086113088, 'error': 0.13617247343063354, 'time(s)': 49.78770995140076, 'train_loss': 0.2765891, 'loss': 0.42263177, 'train_error': 0.074284970760345459}
INFO:validation.tuning:Running training [2] in magic/1520631515658
INFO:training.predict:Queue exhausted. Read all instances
INFO:validation.tuning:Training [2] got results {'train_l2': 0.07687594, 'l2': 0.076801591, 'error': 0.14458465576171875, 'time(s)': 47.02146911621094, 'train_loss': 0.2933934, 'loss': 0.40120563, 'train_error': 0.086996793746948242}
INFO:validation.tuning:Running training [3] in magic/1520631580228
INFO:training.predict:Queue exhausted. Read all instances
INFO:validation.tuning:Training [3] got results {'train_l2': 0.075742573, 'l2': 0.075916648, 'error': 0.13564670085906982, 'time(s)': 42.73986268043518, 'train_loss': 0.28790727, 'loss': 0.41621715, 'train_error': 0.085672676563262939}
INFO:validation.tuning:Running training [4] in magic/1520631640934
INFO:training.predict:Queue exhausted. Read all instances
INFO:validation.tuning:Training [4] got results {'train_l2': 0.078402482, 'l2': 0.078511171, 'error': 0.1351209282875061, 'time(s)': 47.489503145217896, 'train_loss': 0.28247464, 'loss': 0.41991258, 'train_error': 0.08203125}
INFO:validation.tuning:Running training [5] in magic/1520631708386
INFO:training.predict:Queue exhausted. Read all instances
INFO:validation.tuning:Training [5] got results {'train_l2': 0.094137974, 'l2': 0.094004393, 'error': 0.14721345901489258, 'time(s)': 49.29664087295532, 'train_loss': 0.26735297, 'loss': 0.47190753, 'train_error': 0.068061411380767822}
INFO:validation.tuning:Running training [6] in magic/1520631775568
INFO:training.predict:Queue exhausted. Read all instances
INFO:validation.tuning:Training [6] got results {'train_l2': 0.091420755, 'l2': 0.091455571, 'error': 0.14458465576171875, 'time(s)': 44.48582744598389, 'train_loss': 0.26806206, 'loss': 0.44619849, 'train_error': 0.07064354419708252}
INFO:validation.tuning:Running training [7] in magic/1520631837895
INFO:training.predict:Queue exhausted. Read all instances
INFO:validation.tuning:Training [7] got results {'train_l2': 0.079246067, 'l2': 0.079484418, 'error': 0.15352261066436768, 'time(s)': 43.68819880485535, 'train_loss': 0.28130898, 'loss': 0.44852802, 'train_error': 0.079978823661804199}
INFO:validation.tuning:Running training [8] in magic/1520631896015
INFO:training.predict:Queue exhausted. Read all instances
INFO:validation.tuning:Training [8] got results {'train_l2': 0.083011217, 'l2': 0.083507195, 'error': 0.15457415580749512, 'time(s)': 44.08633375167847, 'train_loss': 0.27917418, 'loss': 0.46677417, 'train_error': 0.0790519118309021}
INFO:validation.tuning:Running training [9] in magic/1520631957876
INFO:training.predict:Queue exhausted. Read all instances
INFO:validation.tuning:Training [9] got results {'train_l2': 0.077536009, 'l2': 0.077074759, 'error': 0.15089380741119385, 'time(s)': 49.09600043296814, 'train_loss': 0.2913897, 'loss': 0.4553265, 'train_error': 0.085209190845489502}
INFO:__main__:train_l2: 0.082303 +- 0.005988
INFO:__main__:l2: 0.082407 +- 0.005987
INFO:__main__:error: 0.143901 +- 0.007240
INFO:__main__:time(s): 44.969764 +- 4.951820
INFO:__main__:train_loss: 0.281007 +- 0.008306
INFO:__main__:loss: 0.438587 +- 0.022011
INFO:__main__:train_error: 0.079297 +- 0.006101
