2018-01-23 23:26:02,848 INFO     Finished evaluation on {'max_epochs': 10000, 'kernel_std': 0.1, 'progress_thresh': 0.1, 'batch_size': 128, 'hidden_units': 512, 'kernel_mean': 0.0, 'kernel_size': 256, 'memory_factor': 2, 'l2_ratio': 0.1, 'max_layers': 2, 'lr_decay': 0.5, 'strip_length': 5, 'n_threads': 4, 'lr': 0.001, 'lr_decay_epocs': 250}
2018-01-23 23:26:02,848 INFO     Obtained results {'train_epochs': [40, 90], 'num_layers': 2, 'val_loss': 0.63403958, 'train_loss': 0.64859843, 'val_error': 0.328125, 'train_error': 0.35185730457305908}
2018-01-23 23:28:25,427 INFO     Finished evaluation on {'max_epochs': 10000, 'kernel_std': 0.5, 'progress_thresh': 0.1, 'batch_size': 128, 'hidden_units': 512, 'kernel_mean': 0.0, 'kernel_size': 512, 'memory_factor': 2, 'l2_ratio': 0.01, 'max_layers': 2, 'lr_decay': 0.5, 'strip_length': 5, 'n_threads': 4, 'lr': 0.0001, 'lr_decay_epocs': 250}
2018-01-23 23:28:25,427 INFO     Obtained results {'train_epochs': [290, 315], 'num_layers': 2, 'val_loss': 0.4543567, 'train_loss': 0.46774003, 'val_error': 0.16690343618392944, 'train_error': 0.17799234390258789}
2018-01-23 23:29:35,313 INFO     Finished evaluation on {'max_epochs': 10000, 'kernel_std': 0.1, 'progress_thresh': 0.1, 'batch_size': 128, 'hidden_units': 1024, 'kernel_mean': 0.0, 'kernel_size': 128, 'memory_factor': 2, 'l2_ratio': 0, 'max_layers': 2, 'lr_decay': 0.5, 'strip_length': 5, 'n_threads': 4, 'lr': 0.001, 'lr_decay_epocs': 250}
2018-01-23 23:29:35,313 INFO     Obtained results {'train_epochs': [5], 'num_layers': 1, 'val_loss': 0.35222623, 'train_loss': 0.35338923, 'val_error': 0.12926137447357178, 'train_error': 0.14401531219482422}
2018-01-23 23:33:16,227 INFO     Finished evaluation on {'max_epochs': 10000, 'kernel_std': 0.25, 'progress_thresh': 0.1, 'batch_size': 128, 'hidden_units': 512, 'kernel_mean': 0.0, 'kernel_size': 256, 'memory_factor': 2, 'l2_ratio': 0, 'max_layers': 2, 'lr_decay': 0.5, 'strip_length': 5, 'n_threads': 4, 'lr': 0.0001, 'lr_decay_epocs': 250}
2018-01-23 23:33:16,227 INFO     Obtained results {'train_epochs': [185], 'num_layers': 1, 'val_loss': 0.32201621, 'train_loss': 0.35228467, 'val_error': 0.12997156381607056, 'train_error': 0.14571046829223633}
2018-01-23 23:35:44,072 INFO     Finished evaluation on {'max_epochs': 10000, 'kernel_std': 0.5, 'progress_thresh': 0.1, 'batch_size': 128, 'hidden_units': 2048, 'kernel_mean': 0.0, 'kernel_size': 256, 'memory_factor': 2, 'l2_ratio': 0.1, 'max_layers': 2, 'lr_decay': 0.5, 'strip_length': 5, 'n_threads': 4, 'lr': 0.0001, 'lr_decay_epocs': 250}
2018-01-23 23:35:44,072 INFO     Obtained results {'train_epochs': [5], 'num_layers': 1, 'val_loss': 16.464609, 'train_loss': 19.430799, 'val_error': 0.3203125, 'train_error': 0.30085498094558716}
2018-01-23 23:37:28,126 INFO     Finished evaluation on {'max_epochs': 10000, 'kernel_std': 0.01, 'progress_thresh': 0.1, 'batch_size': 128, 'hidden_units': 1024, 'kernel_mean': 0.0, 'kernel_size': 256, 'memory_factor': 2, 'l2_ratio': 0.0001, 'max_layers': 2, 'lr_decay': 0.5, 'strip_length': 5, 'n_threads': 4, 'lr': 0.001, 'lr_decay_epocs': 250}
2018-01-23 23:37:28,126 INFO     Obtained results {'train_epochs': [180], 'num_layers': 1, 'val_loss': 0.30865556, 'train_loss': 0.3638235, 'val_error': 0.10298293828964233, 'train_error': 0.14512085914611816}
2018-01-23 23:38:24,572 INFO     Finished evaluation on {'max_epochs': 10000, 'kernel_std': 0.1, 'progress_thresh': 0.1, 'batch_size': 128, 'hidden_units': 512, 'kernel_mean': 0.0, 'kernel_size': 512, 'memory_factor': 2, 'l2_ratio': 0.0001, 'max_layers': 2, 'lr_decay': 0.5, 'strip_length': 5, 'n_threads': 4, 'lr': 0.0001, 'lr_decay_epocs': 250}
2018-01-23 23:38:24,572 INFO     Obtained results {'train_epochs': [70, 100], 'num_layers': 2, 'val_loss': 0.32733592, 'train_loss': 0.32014933, 'val_error': 0.12357956171035767, 'train_error': 0.12654775381088257}
2018-01-23 23:40:34,467 INFO     Finished evaluation on {'max_epochs': 10000, 'kernel_std': 0.5, 'progress_thresh': 0.1, 'batch_size': 128, 'hidden_units': 1024, 'kernel_mean': 0.0, 'kernel_size': 512, 'memory_factor': 2, 'l2_ratio': 0.01, 'max_layers': 2, 'lr_decay': 0.5, 'strip_length': 5, 'n_threads': 4, 'lr': 0.01, 'lr_decay_epocs': 250}
2018-01-23 23:40:34,468 INFO     Obtained results {'train_epochs': [5, 145], 'num_layers': 2, 'val_loss': 0.49188545, 'train_loss': 0.4805432, 'val_error': 0.17258524894714355, 'train_error': 0.18484669923782349}
2018-01-23 23:42:39,616 INFO     Finished evaluation on {'max_epochs': 10000, 'kernel_std': 0.25, 'progress_thresh': 0.1, 'batch_size': 128, 'hidden_units': 512, 'kernel_mean': 0.0, 'kernel_size': 64, 'memory_factor': 2, 'l2_ratio': 0.001, 'max_layers': 2, 'lr_decay': 0.5, 'strip_length': 5, 'n_threads': 4, 'lr': 0.01, 'lr_decay_epocs': 250}
2018-01-23 23:42:39,616 INFO     Obtained results {'train_epochs': [25], 'num_layers': 1, 'val_loss': 0.48000604, 'train_loss': 0.47439402, 'val_error': 0.20738637447357178, 'train_error': 0.20953714847564697}
2018-01-23 23:44:34,101 INFO     Finished evaluation on {'max_epochs': 10000, 'kernel_std': 0.25, 'progress_thresh': 0.1, 'batch_size': 128, 'hidden_units': 2048, 'kernel_mean': 0.0, 'kernel_size': 256, 'memory_factor': 2, 'l2_ratio': 0, 'max_layers': 2, 'lr_decay': 0.5, 'strip_length': 5, 'n_threads': 4, 'lr': 0.001, 'lr_decay_epocs': 250}
2018-01-23 23:44:34,101 INFO     Obtained results {'train_epochs': [125], 'num_layers': 1, 'val_loss': 0.32750469, 'train_loss': 0.33563572, 'val_error': 0.13707387447357178, 'train_error': 0.14180421829223633}
2018-01-23 23:45:13,395 INFO     Finished evaluation on {'max_epochs': 10000, 'kernel_std': 0.25, 'progress_thresh': 0.1, 'batch_size': 128, 'hidden_units': 2048, 'kernel_mean': 0.0, 'kernel_size': 64, 'memory_factor': 2, 'l2_ratio': 0.0001, 'max_layers': 2, 'lr_decay': 0.5, 'strip_length': 5, 'n_threads': 4, 'lr': 0.001, 'lr_decay_epocs': 250}
2018-01-23 23:45:13,395 INFO     Obtained results {'train_epochs': [60, 65], 'num_layers': 2, 'val_loss': 0.43501756, 'train_loss': 0.43798348, 'val_error': 0.18110793828964233, 'train_error': 0.1826356053352356}
2018-01-23 23:48:04,695 INFO     Finished evaluation on {'max_epochs': 10000, 'kernel_std': 0.1, 'progress_thresh': 0.1, 'batch_size': 128, 'hidden_units': 2048, 'kernel_mean': 0.0, 'kernel_size': 128, 'memory_factor': 2, 'l2_ratio': 0.001, 'max_layers': 2, 'lr_decay': 0.5, 'strip_length': 5, 'n_threads': 4, 'lr': 0.0001, 'lr_decay_epocs': 250}
2018-01-23 23:48:04,695 INFO     Obtained results {'train_epochs': [120], 'num_layers': 1, 'val_loss': 0.34496909, 'train_loss': 0.38254318, 'val_error': 0.109375, 'train_error': 0.14703714847564697}
2018-01-23 23:48:52,228 INFO     Finished evaluation on {'max_epochs': 10000, 'kernel_std': 0.01, 'progress_thresh': 0.1, 'batch_size': 128, 'hidden_units': 1024, 'kernel_mean': 0.0, 'kernel_size': 256, 'memory_factor': 2, 'l2_ratio': 0.1, 'max_layers': 2, 'lr_decay': 0.5, 'strip_length': 5, 'n_threads': 4, 'lr': 0.001, 'lr_decay_epocs': 250}
2018-01-23 23:48:52,228 INFO     Obtained results {'train_epochs': [15, 40], 'num_layers': 2, 'val_loss': 0.63061023, 'train_loss': 0.64671421, 'val_error': 0.32244318723678589, 'train_error': 0.34876179695129395}
2018-01-23 23:49:35,850 INFO     Finished evaluation on {'max_epochs': 10000, 'kernel_std': 0.5, 'progress_thresh': 0.1, 'batch_size': 128, 'hidden_units': 1024, 'kernel_mean': 0.0, 'kernel_size': 512, 'memory_factor': 2, 'l2_ratio': 0.001, 'max_layers': 2, 'lr_decay': 0.5, 'strip_length': 5, 'n_threads': 4, 'lr': 0.01, 'lr_decay_epocs': 250}
2018-01-23 23:49:35,850 INFO     Obtained results {'train_epochs': [35, 60], 'num_layers': 2, 'val_loss': 0.35342777, 'train_loss': 0.36117798, 'val_error': 0.14346593618392944, 'train_error': 0.14504718780517578}
2018-01-23 23:50:40,151 INFO     Finished evaluation on {'max_epochs': 10000, 'kernel_std': 0.25, 'progress_thresh': 0.1, 'batch_size': 128, 'hidden_units': 1024, 'kernel_mean': 0.0, 'kernel_size': 128, 'memory_factor': 2, 'l2_ratio': 0, 'max_layers': 2, 'lr_decay': 0.5, 'strip_length': 5, 'n_threads': 4, 'lr': 0.0001, 'lr_decay_epocs': 250}
2018-01-23 23:50:40,151 INFO     Obtained results {'train_epochs': [85], 'num_layers': 1, 'val_loss': 0.38263547, 'train_loss': 0.38294414, 'val_error': 0.15127843618392944, 'train_error': 0.15971404314041138}
2018-01-23 23:52:15,241 INFO     Finished evaluation on {'max_epochs': 10000, 'kernel_std': 0.5, 'progress_thresh': 0.1, 'batch_size': 128, 'hidden_units': 2048, 'kernel_mean': 0.0, 'kernel_size': 128, 'memory_factor': 2, 'l2_ratio': 0, 'max_layers': 2, 'lr_decay': 0.5, 'strip_length': 5, 'n_threads': 4, 'lr': 0.01, 'lr_decay_epocs': 250}
2018-01-23 23:52:15,241 INFO     Obtained results {'train_epochs': [30], 'num_layers': 1, 'val_loss': 0.47565329, 'train_loss': 0.45490712, 'val_error': 0.19744318723678589, 'train_error': 0.20349353551864624}
2018-01-23 23:53:50,531 INFO     Finished evaluation on {'max_epochs': 10000, 'kernel_std': 0.01, 'progress_thresh': 0.1, 'batch_size': 128, 'hidden_units': 1024, 'kernel_mean': 0.0, 'kernel_size': 256, 'memory_factor': 2, 'l2_ratio': 0.0001, 'max_layers': 2, 'lr_decay': 0.5, 'strip_length': 5, 'n_threads': 4, 'lr': 0.01, 'lr_decay_epocs': 250}
2018-01-23 23:53:50,531 INFO     Obtained results {'train_epochs': [135, 180], 'num_layers': 2, 'val_loss': 0.3153322, 'train_loss': 0.36704183, 'val_error': 0.11505681276321411, 'train_error': 0.14814269542694092}
2018-01-23 23:55:54,826 INFO     Finished evaluation on {'max_epochs': 10000, 'kernel_std': 0.25, 'progress_thresh': 0.1, 'batch_size': 128, 'hidden_units': 512, 'kernel_mean': 0.0, 'kernel_size': 256, 'memory_factor': 2, 'l2_ratio': 0.1, 'max_layers': 2, 'lr_decay': 0.5, 'strip_length': 5, 'n_threads': 4, 'lr': 0.0001, 'lr_decay_epocs': 250}
2018-01-23 23:55:54,826 INFO     Obtained results {'train_epochs': [35], 'num_layers': 1, 'val_loss': 0.65171218, 'train_loss': 0.65898246, 'val_error': 0.32883524894714355, 'train_error': 0.35112029314041138}
2018-01-23 23:56:34,800 INFO     Finished evaluation on {'max_epochs': 10000, 'kernel_std': 1.0, 'progress_thresh': 0.1, 'batch_size': 128, 'hidden_units': 1024, 'kernel_mean': 0.0, 'kernel_size': 512, 'memory_factor': 2, 'l2_ratio': 0.01, 'max_layers': 2, 'lr_decay': 0.5, 'strip_length': 5, 'n_threads': 4, 'lr': 0.01, 'lr_decay_epocs': 250}
2018-01-23 23:56:34,800 INFO     Obtained results {'train_epochs': [45, 55], 'num_layers': 2, 'val_loss': 0.51754957, 'train_loss': 0.52579576, 'val_error': 0.21946024894714355, 'train_error': 0.22936320304870605}
2018-01-24 00:03:39,048 INFO     Finished evaluation on {'max_epochs': 10000, 'kernel_std': 0.25, 'progress_thresh': 0.1, 'batch_size': 128, 'hidden_units': 1024, 'kernel_mean': 0.0, 'kernel_size': 256, 'memory_factor': 2, 'l2_ratio': 0.1, 'max_layers': 2, 'lr_decay': 0.5, 'strip_length': 5, 'n_threads': 4, 'lr': 0.001, 'lr_decay_epocs': 250}
2018-01-24 00:03:39,049 INFO     Obtained results {'train_epochs': [65, 375], 'num_layers': 2, 'val_loss': 0.62410992, 'train_loss': 0.64884734, 'val_error': 0.31178975105285645, 'train_error': 0.35222584009170532}
2018-01-24 00:06:13,562 INFO     Finished evaluation on {'max_epochs': 10000, 'kernel_std': 0.1, 'progress_thresh': 0.1, 'batch_size': 128, 'hidden_units': 2048, 'kernel_mean': 0.0, 'kernel_size': 64, 'memory_factor': 2, 'l2_ratio': 0.0001, 'max_layers': 2, 'lr_decay': 0.5, 'strip_length': 5, 'n_threads': 4, 'lr': 0.0001, 'lr_decay_epocs': 250}
2018-01-24 00:06:13,562 INFO     Obtained results {'train_epochs': [165], 'num_layers': 1, 'val_loss': 0.42847383, 'train_loss': 0.40414605, 'val_error': 0.16690343618392944, 'train_error': 0.16855835914611816}
2018-01-24 00:07:54,833 INFO     Finished evaluation on {'max_epochs': 10000, 'kernel_std': 1.0, 'progress_thresh': 0.1, 'batch_size': 128, 'hidden_units': 1024, 'kernel_mean': 0.0, 'kernel_size': 256, 'memory_factor': 2, 'l2_ratio': 0.001, 'max_layers': 2, 'lr_decay': 0.5, 'strip_length': 5, 'n_threads': 4, 'lr': 0.001, 'lr_decay_epocs': 250}
2018-01-24 00:07:54,834 INFO     Obtained results {'train_epochs': [160], 'num_layers': 1, 'val_loss': 0.51051122, 'train_loss': 0.50161374, 'val_error': 0.22585225105285645, 'train_error': 0.22368806600570679}
2018-01-24 00:11:58,756 INFO     Finished evaluation on {'max_epochs': 10000, 'kernel_std': 1.0, 'progress_thresh': 0.1, 'batch_size': 128, 'hidden_units': 2048, 'kernel_mean': 0.0, 'kernel_size': 512, 'memory_factor': 2, 'l2_ratio': 0.0001, 'max_layers': 2, 'lr_decay': 0.5, 'strip_length': 5, 'n_threads': 4, 'lr': 0.0001, 'lr_decay_epocs': 250}
2018-01-24 00:11:58,756 INFO     Obtained results {'train_epochs': [230, 510], 'num_layers': 2, 'val_loss': 0.41916674, 'train_loss': 0.39592171, 'val_error': 0.18252843618392944, 'train_error': 0.17769753932952881}
2018-01-24 00:14:43,367 INFO     Finished evaluation on {'max_epochs': 10000, 'kernel_std': 0.01, 'progress_thresh': 0.1, 'batch_size': 128, 'hidden_units': 2048, 'kernel_mean': 0.0, 'kernel_size': 128, 'memory_factor': 2, 'l2_ratio': 0, 'max_layers': 2, 'lr_decay': 0.5, 'strip_length': 5, 'n_threads': 4, 'lr': 0.001, 'lr_decay_epocs': 250}
2018-01-24 00:14:43,367 INFO     Obtained results {'train_epochs': [25, 255], 'num_layers': 2, 'val_loss': 0.31523466, 'train_loss': 0.34631154, 'val_error': 0.11860793828964233, 'train_error': 0.14136201143264771}
2018-01-24 00:16:19,987 INFO     Finished evaluation on {'max_epochs': 10000, 'kernel_std': 0.5, 'progress_thresh': 0.1, 'batch_size': 128, 'hidden_units': 512, 'kernel_mean': 0.0, 'kernel_size': 512, 'memory_factor': 2, 'l2_ratio': 0.01, 'max_layers': 2, 'lr_decay': 0.5, 'strip_length': 5, 'n_threads': 4, 'lr': 0.01, 'lr_decay_epocs': 250}
2018-01-24 00:16:19,988 INFO     Obtained results {'train_epochs': [60, 195], 'num_layers': 2, 'val_loss': 0.46162021, 'train_loss': 0.47199732, 'val_error': 0.16903406381607056, 'train_error': 0.17755013704299927}
2018-01-24 00:16:19,989 INFO     Using model {'train_epochs': [180], 'kernel_std': 0.01, 'progress_thresh': 0.1, 'batch_size': 128, 'hidden_units': 1024, 'kernel_mean': 0.0, 'kernel_size': 256, 'num_layers': 1, 'lr_decay': 0.5, 'l2_ratio': 0.0001, 'lr': 0.001, 'memory_factor': 2, 'strip_length': 5, 'n_threads': 4, 'max_layers': 2, 'lr_decay_epocs': 250} for training with results {'train_epochs': [180], 'num_layers': 1, 'val_loss': 0.30865556, 'train_loss': 0.3638235, 'val_error': 0.10298293828964233, 'train_error': 0.14512085914611816}
2018-01-24 00:16:19,989 INFO     Running training [0] in magic/1516749379989
2018-01-24 00:16:19,989 INFO     [1] Training up to epoch 180 in folder magic/1516749379989
2018-01-24 00:17:46,699 INFO     Layerwise fine-tuning: training 20 epochs per layer using <class 'training.policy.CyclicPolicy'> policy
2018-01-24 00:17:55,604 INFO     Running prediction [0] from on magic/1516749379989
2018-01-24 00:17:58,849 INFO     Queue exhausted. Read all instances
2018-01-24 00:17:58,853 INFO     Training [0] got results {'error': 0.15352261066436768, 'loss': 0.37120876, 'train_error': 0.14777541160583496, 'train_l2': 0.014589324, 'l2': 0.014468219, 'train_loss': 0.36996683, 'time(s)': 95.61540818214417}
2018-01-24 00:17:58,853 INFO     Running training [1] in magic/1516749478854
2018-01-24 00:17:58,853 INFO     [1] Training up to epoch 180 in folder magic/1516749478854
2018-01-24 00:19:10,894 INFO     Layerwise fine-tuning: training 20 epochs per layer using <class 'training.policy.CyclicPolicy'> policy
2018-01-24 00:19:19,237 INFO     Running prediction [1] from on magic/1516749478854
2018-01-24 00:19:24,022 INFO     Queue exhausted. Read all instances
2018-01-24 00:19:24,030 INFO     Training [1] got results {'error': 0.14405888319015503, 'loss': 0.36462232, 'train_error': 0.14704716205596924, 'train_l2': 0.014061744, 'l2': 0.013989121, 'train_loss': 0.36624989, 'time(s)': 80.38357782363892}
2018-01-24 00:19:24,030 INFO     Running training [2] in magic/1516749564031
2018-01-24 00:19:24,030 INFO     [1] Training up to epoch 180 in folder magic/1516749564031
2018-01-24 00:20:49,915 INFO     Layerwise fine-tuning: training 20 epochs per layer using <class 'training.policy.CyclicPolicy'> policy
2018-01-24 00:21:00,616 INFO     Running prediction [2] from on magic/1516749564031
2018-01-24 00:21:07,047 INFO     Queue exhausted. Read all instances
2018-01-24 00:21:07,056 INFO     Training [2] got results {'error': 0.15509986877441406, 'loss': 0.3736276, 'train_error': 0.14982783794403076, 'train_l2': 0.014520047, 'l2': 0.014374897, 'train_loss': 0.3756578, 'time(s)': 96.58593606948853}
2018-01-24 00:21:07,056 INFO     Running training [3] in magic/1516749667057
2018-01-24 00:21:07,056 INFO     [1] Training up to epoch 180 in folder magic/1516749667057
2018-01-24 00:22:25,105 INFO     Layerwise fine-tuning: training 20 epochs per layer using <class 'training.policy.CyclicPolicy'> policy
2018-01-24 00:22:33,883 INFO     Running prediction [3] from on magic/1516749667057
2018-01-24 00:22:38,887 INFO     Queue exhausted. Read all instances
2018-01-24 00:22:38,896 INFO     Training [3] got results {'error': 0.13985276222229004, 'loss': 0.35788819, 'train_error': 0.1486361026763916, 'train_l2': 0.013827609, 'l2': 0.013785299, 'train_loss': 0.37333614, 'time(s)': 86.82715916633606}
2018-01-24 00:22:38,896 INFO     Running training [4] in magic/1516749758896
2018-01-24 00:22:38,896 INFO     [1] Training up to epoch 180 in folder magic/1516749758896
2018-01-24 00:23:59,706 INFO     Layerwise fine-tuning: training 20 epochs per layer using <class 'training.policy.CyclicPolicy'> policy
2018-01-24 00:24:08,140 INFO     Running prediction [4] from on magic/1516749758896
2018-01-24 00:24:12,602 INFO     Queue exhausted. Read all instances
2018-01-24 00:24:12,611 INFO     Training [4] got results {'error': 0.15509986877441406, 'loss': 0.37123084, 'train_error': 0.14539194107055664, 'train_l2': 0.013649195, 'l2': 0.013592128, 'train_loss': 0.36610904, 'time(s)': 89.24435877799988}
2018-01-24 00:24:12,611 INFO     Running training [5] in magic/1516749852611
2018-01-24 00:24:12,611 INFO     [1] Training up to epoch 180 in folder magic/1516749852611
2018-01-24 00:25:22,563 INFO     Layerwise fine-tuning: training 20 epochs per layer using <class 'training.policy.CyclicPolicy'> policy
2018-01-24 00:25:30,410 INFO     Running prediction [5] from on magic/1516749852611
2018-01-24 00:25:34,188 INFO     Queue exhausted. Read all instances
2018-01-24 00:25:34,196 INFO     Training [5] got results {'error': 0.13354361057281494, 'loss': 0.35814857, 'train_error': 0.14664989709854126, 'train_l2': 0.014356793, 'l2': 0.01425219, 'train_loss': 0.36496085, 'time(s)': 77.79955720901489}
2018-01-24 00:25:34,196 INFO     Running training [6] in magic/1516749934196
2018-01-24 00:25:34,196 INFO     [1] Training up to epoch 180 in folder magic/1516749934196
2018-01-24 00:26:42,552 INFO     Layerwise fine-tuning: training 20 epochs per layer using <class 'training.policy.CyclicPolicy'> policy
2018-01-24 00:26:50,596 INFO     Running prediction [6] from on magic/1516749934196
2018-01-24 00:26:57,425 INFO     Queue exhausted. Read all instances
2018-01-24 00:26:57,443 INFO     Training [6] got results {'error': 0.13880127668380737, 'loss': 0.37421778, 'train_error': 0.15333688259124756, 'train_l2': 0.014524705, 'l2': 0.014444415, 'train_loss': 0.37944588, 'time(s)': 76.40034222602844}
2018-01-24 00:26:57,444 INFO     Running training [7] in magic/1516750017444
2018-01-24 00:26:57,444 INFO     [1] Training up to epoch 180 in folder magic/1516750017444
2018-01-24 00:28:15,416 INFO     Layerwise fine-tuning: training 20 epochs per layer using <class 'training.policy.CyclicPolicy'> policy
2018-01-24 00:28:25,188 INFO     Running prediction [7] from on magic/1516750017444
2018-01-24 00:28:28,718 INFO     Queue exhausted. Read all instances
2018-01-24 00:28:28,726 INFO     Training [7] got results {'error': 0.14826500415802002, 'loss': 0.37262157, 'train_error': 0.14439880847930908, 'train_l2': 0.013650636, 'l2': 0.013604488, 'train_loss': 0.36551273, 'time(s)': 87.74397826194763}
2018-01-24 00:28:28,727 INFO     Running training [8] in magic/1516750108727
2018-01-24 00:28:28,727 INFO     [1] Training up to epoch 180 in folder magic/1516750108727
2018-01-24 00:29:41,733 INFO     Layerwise fine-tuning: training 20 epochs per layer using <class 'training.policy.CyclicPolicy'> policy
2018-01-24 00:29:49,711 INFO     Running prediction [8] from on magic/1516750108727
2018-01-24 00:29:53,663 INFO     Queue exhausted. Read all instances
2018-01-24 00:29:53,671 INFO     Training [8] got results {'error': 0.1540483832359314, 'loss': 0.3869485, 'train_error': 0.14446502923965454, 'train_l2': 0.014898627, 'l2': 0.014846653, 'train_loss': 0.36702055, 'time(s)': 80.98410058021545}
2018-01-24 00:29:53,671 INFO     Running training [9] in magic/1516750193672
2018-01-24 00:29:53,671 INFO     [1] Training up to epoch 180 in folder magic/1516750193672
2018-01-24 00:31:04,845 INFO     Layerwise fine-tuning: training 20 epochs per layer using <class 'training.policy.CyclicPolicy'> policy
2018-01-24 00:31:12,175 INFO     Running prediction [9] from on magic/1516750193672
2018-01-24 00:31:15,353 INFO     Queue exhausted. Read all instances
2018-01-24 00:31:15,361 INFO     Training [9] got results {'error': 0.13564670085906982, 'loss': 0.34918118, 'train_error': 0.14890092611312866, 'train_l2': 0.014722557, 'l2': 0.014699741, 'train_loss': 0.37207916, 'time(s)': 78.50418281555176}
2018-01-24 00:31:15,361 INFO     error: 0.145794 +- 0.008046
2018-01-24 00:31:15,363 INFO     loss: 0.367970 +- 0.010180
2018-01-24 00:31:15,363 INFO     train_error: 0.147643 +- 0.002585
2018-01-24 00:31:15,363 INFO     train_l2: 0.014280 +- 0.000429
2018-01-24 00:31:15,363 INFO     l2: 0.014206 +- 0.000421
2018-01-24 00:31:15,363 INFO     train_loss: 0.370034 +- 0.004693
2018-01-24 00:31:15,363 INFO     time(s): 85.008860 +- 6.937128
