INFO:validation.tuning:Finished evaluation on {'hidden_units': 2048, 'strip_length': 5, 'lr_decay': 0.5, 'kernel_size': 128, 'lr': 0.0001, 'memory_factor': 2, 'policy_seed': 186, 'batch_size': 128, 'max_epochs': 10000, 'l2_ratio': 0, 'layerwise_progress_thresh': 0.1, 'progress_thresh': 0.1, 'kernel_mean': 0.0, 'num_layers': 4, 'n_threads': 4, 'kernel_std': 0.01, 'switch_policy': <class 'training.policy.CyclicPolicy'>, 'lr_decay_epocs': 250}
INFO:validation.tuning:Obtained results {'val_error': 0.10866475105285645, 'val_loss': 0.29506376, 'train_loss': 0.25827014, 'switch_epochs': [130, 570, 655, 685, 815, 925, 1055, 1110], 'epoch': 260, 'train_error': 0.10598468780517578}
INFO:validation.tuning:Finished evaluation on {'hidden_units': 1024, 'strip_length': 5, 'lr_decay': 0.5, 'kernel_size': 64, 'lr': 0.001, 'memory_factor': 2, 'policy_seed': 186, 'batch_size': 128, 'max_epochs': 10000, 'l2_ratio': 0.01, 'layerwise_progress_thresh': 0.1, 'progress_thresh': 0.1, 'kernel_mean': 0.0, 'num_layers': 4, 'n_threads': 4, 'kernel_std': 1.0, 'switch_policy': <class 'training.policy.CyclicPolicy'>, 'lr_decay_epocs': 250}
INFO:validation.tuning:Obtained results {'val_error': 0.30113637447357178, 'val_loss': 0.70343775, 'train_loss': 0.72972536, 'switch_epochs': [70, 430, 470, 570, 600, 690, 1005, 1055], 'epoch': 255, 'train_error': 0.35303658246994019}
INFO:validation.tuning:Finished evaluation on {'hidden_units': 1024, 'strip_length': 5, 'lr_decay': 0.5, 'kernel_size': 64, 'lr': 0.0001, 'memory_factor': 2, 'policy_seed': 186, 'batch_size': 128, 'max_epochs': 10000, 'l2_ratio': 0.0001, 'layerwise_progress_thresh': 0.1, 'progress_thresh': 0.1, 'kernel_mean': 0.0, 'num_layers': 4, 'n_threads': 4, 'kernel_std': 0.25, 'switch_policy': <class 'training.policy.CyclicPolicy'>, 'lr_decay_epocs': 250}
INFO:validation.tuning:Obtained results {'val_error': 0.40269887447357178, 'val_loss': 2.9602425, 'train_loss': 0.11369276, 'switch_epochs': [230, 265, 340, 345, 505, 510, 515, 520], 'epoch': 470, 'train_error': 0.023658633232116699}
INFO:validation.tuning:Finished evaluation on {'hidden_units': 1024, 'strip_length': 5, 'lr_decay': 0.5, 'kernel_size': 256, 'lr': 0.01, 'memory_factor': 2, 'policy_seed': 186, 'batch_size': 128, 'max_epochs': 10000, 'l2_ratio': 0.001, 'layerwise_progress_thresh': 0.1, 'progress_thresh': 0.1, 'kernel_mean': 0.0, 'num_layers': 4, 'n_threads': 4, 'kernel_std': 0.1, 'switch_policy': <class 'training.policy.CyclicPolicy'>, 'lr_decay_epocs': 250}
INFO:validation.tuning:Obtained results {'val_error': 0.10440343618392944, 'val_loss': 0.35634696, 'train_loss': 0.39096349, 'switch_epochs': [355, 460, 675, 855, 1035, 1160, 1430, 1575, 1915, 1935, 1970, 2195, 2300, 2375, 2405, 2430], 'epoch': 1815, 'train_error': 0.13413918018341064}
INFO:validation.tuning:Finished evaluation on {'hidden_units': 2048, 'strip_length': 5, 'lr_decay': 0.5, 'kernel_size': 512, 'lr': 0.001, 'memory_factor': 2, 'policy_seed': 186, 'batch_size': 128, 'max_epochs': 10000, 'l2_ratio': 0.1, 'layerwise_progress_thresh': 0.1, 'progress_thresh': 0.1, 'kernel_mean': 0.0, 'num_layers': 4, 'n_threads': 4, 'kernel_std': 0.25, 'switch_policy': <class 'training.policy.CyclicPolicy'>, 'lr_decay_epocs': 250}
INFO:validation.tuning:Obtained results {'val_error': 0.15625, 'val_loss': 0.49330807, 'train_loss': 0.51911557, 'switch_epochs': [210, 370, 805, 845, 965, 1170, 1515, 1615], 'epoch': 545, 'train_error': 0.18536263704299927}
INFO:validation.tuning:Finished evaluation on {'hidden_units': 512, 'strip_length': 5, 'lr_decay': 0.5, 'kernel_size': 512, 'lr': 0.001, 'memory_factor': 2, 'policy_seed': 186, 'batch_size': 128, 'max_epochs': 10000, 'l2_ratio': 0, 'layerwise_progress_thresh': 0.1, 'progress_thresh': 0.1, 'kernel_mean': 0.0, 'num_layers': 4, 'n_threads': 4, 'kernel_std': 0.01, 'switch_policy': <class 'training.policy.CyclicPolicy'>, 'lr_decay_epocs': 250}
INFO:validation.tuning:Obtained results {'val_error': 0.11008524894714355, 'val_loss': 0.32539651, 'train_loss': 0.10744427, 'switch_epochs': [410, 885, 895, 900, 940, 950, 955, 960], 'epoch': 555, 'train_error': 0.032871484756469727}
INFO:validation.tuning:Finished evaluation on {'hidden_units': 1024, 'strip_length': 5, 'lr_decay': 0.5, 'kernel_size': 512, 'lr': 0.01, 'memory_factor': 2, 'policy_seed': 186, 'batch_size': 128, 'max_epochs': 10000, 'l2_ratio': 0.001, 'layerwise_progress_thresh': 0.1, 'progress_thresh': 0.1, 'kernel_mean': 0.0, 'num_layers': 4, 'n_threads': 4, 'kernel_std': 0.01, 'switch_policy': <class 'training.policy.CyclicPolicy'>, 'lr_decay_epocs': 250}
INFO:validation.tuning:Obtained results {'val_error': 0.12428975105285645, 'val_loss': 0.35554093, 'train_loss': 0.36851639, 'switch_epochs': [165, 465, 830, 1040, 1105, 1155, 1510, 1970, 2000, 2360, 2575, 2720, 2745, 2815, 2845, 2985, 3175, 3215, 3310, 3390], 'epoch': 3160, 'train_error': 0.1396668553352356}
INFO:validation.tuning:Finished evaluation on {'hidden_units': 2048, 'strip_length': 5, 'lr_decay': 0.5, 'kernel_size': 256, 'lr': 0.0001, 'memory_factor': 2, 'policy_seed': 186, 'batch_size': 128, 'max_epochs': 10000, 'l2_ratio': 0.01, 'layerwise_progress_thresh': 0.1, 'progress_thresh': 0.1, 'kernel_mean': 0.0, 'num_layers': 4, 'n_threads': 4, 'kernel_std': 1.0, 'switch_policy': <class 'training.policy.CyclicPolicy'>, 'lr_decay_epocs': 250}
INFO:validation.tuning:Obtained results {'val_error': 0.35724431276321411, 'val_loss': 1.0464514, 'train_loss': 0.93632776, 'switch_epochs': [350, 390, 400, 405, 410, 415, 420, 425], 'epoch': 245, 'train_error': 0.27181601524353027}
INFO:validation.tuning:Finished evaluation on {'hidden_units': 1024, 'strip_length': 5, 'lr_decay': 0.5, 'kernel_size': 256, 'lr': 0.001, 'memory_factor': 2, 'policy_seed': 186, 'batch_size': 128, 'max_epochs': 10000, 'l2_ratio': 0, 'layerwise_progress_thresh': 0.1, 'progress_thresh': 0.1, 'kernel_mean': 0.0, 'num_layers': 4, 'n_threads': 4, 'kernel_std': 0.5, 'switch_policy': <class 'training.policy.CyclicPolicy'>, 'lr_decay_epocs': 250}
INFO:validation.tuning:Obtained results {'val_error': 0.22017043828964233, 'val_loss': 0.79101753, 'train_loss': 0.00098782056, 'switch_epochs': [210, 215, 220, 225], 'epoch': 220, 'train_error': 0.0}
INFO:validation.tuning:Finished evaluation on {'hidden_units': 2048, 'strip_length': 5, 'lr_decay': 0.5, 'kernel_size': 512, 'lr': 0.01, 'memory_factor': 2, 'policy_seed': 186, 'batch_size': 128, 'max_epochs': 10000, 'l2_ratio': 0, 'layerwise_progress_thresh': 0.1, 'progress_thresh': 0.1, 'kernel_mean': 0.0, 'num_layers': 4, 'n_threads': 4, 'kernel_std': 0.1, 'switch_policy': <class 'training.policy.CyclicPolicy'>, 'lr_decay_epocs': 250}
INFO:validation.tuning:Obtained results {'val_error': 0.32173293828964233, 'val_loss': 0.63563979, 'train_loss': 0.65953827, 'switch_epochs': [40, 60, 75, 90, 120, 200, 265, 380, 830, 1075, 1100, 1105], 'epoch': 5, 'train_error': 0.35340505838394165}
INFO:validation.tuning:Finished evaluation on {'hidden_units': 1024, 'strip_length': 5, 'lr_decay': 0.5, 'kernel_size': 512, 'lr': 0.001, 'memory_factor': 2, 'policy_seed': 186, 'batch_size': 128, 'max_epochs': 10000, 'l2_ratio': 0.0001, 'layerwise_progress_thresh': 0.1, 'progress_thresh': 0.1, 'kernel_mean': 0.0, 'num_layers': 4, 'n_threads': 4, 'kernel_std': 0.1, 'switch_policy': <class 'training.policy.CyclicPolicy'>, 'lr_decay_epocs': 250}
INFO:validation.tuning:Obtained results {'val_error': 0.10653406381607056, 'val_loss': 0.33602855, 'train_loss': 0.26798737, 'switch_epochs': [255, 385, 420, 425, 750, 765, 825, 830, 1005, 1010, 1020, 1025], 'epoch': 65, 'train_error': 0.084979355335235596}
INFO:validation.tuning:Finished evaluation on {'hidden_units': 1024, 'strip_length': 5, 'lr_decay': 0.5, 'kernel_size': 64, 'lr': 0.0001, 'memory_factor': 2, 'policy_seed': 186, 'batch_size': 128, 'max_epochs': 10000, 'l2_ratio': 0.01, 'layerwise_progress_thresh': 0.1, 'progress_thresh': 0.1, 'kernel_mean': 0.0, 'num_layers': 4, 'n_threads': 4, 'kernel_std': 0.5, 'switch_policy': <class 'training.policy.CyclicPolicy'>, 'lr_decay_epocs': 250}
INFO:validation.tuning:Obtained results {'val_error': 0.41051137447357178, 'val_loss': 1.1226534, 'train_loss': 0.29554421, 'switch_epochs': [115, 150, 280, 445, 550, 590, 635, 820, 895, 1230, 1410, 1460], 'epoch': 675, 'train_error': 0.0022110939025878906}
INFO:validation.tuning:Finished evaluation on {'hidden_units': 2048, 'strip_length': 5, 'lr_decay': 0.5, 'kernel_size': 128, 'lr': 0.001, 'memory_factor': 2, 'policy_seed': 186, 'batch_size': 128, 'max_epochs': 10000, 'l2_ratio': 0.0001, 'layerwise_progress_thresh': 0.1, 'progress_thresh': 0.1, 'kernel_mean': 0.0, 'num_layers': 4, 'n_threads': 4, 'kernel_std': 0.5, 'switch_policy': <class 'training.policy.CyclicPolicy'>, 'lr_decay_epocs': 250}
INFO:validation.tuning:Obtained results {'val_error': 0.35014206171035767, 'val_loss': 0.76866335, 'train_loss': 0.76185423, 'switch_epochs': [205, 265, 365, 385, 695, 935, 950, 1145], 'epoch': 800, 'train_error': 0.35038328170776367}
INFO:validation.tuning:Finished evaluation on {'hidden_units': 1024, 'strip_length': 5, 'lr_decay': 0.5, 'kernel_size': 256, 'lr': 0.0001, 'memory_factor': 2, 'policy_seed': 186, 'batch_size': 128, 'max_epochs': 10000, 'l2_ratio': 0, 'layerwise_progress_thresh': 0.1, 'progress_thresh': 0.1, 'kernel_mean': 0.0, 'num_layers': 4, 'n_threads': 4, 'kernel_std': 0.5, 'switch_policy': <class 'training.policy.CyclicPolicy'>, 'lr_decay_epocs': 250}
INFO:validation.tuning:Obtained results {'val_error': 0.28480112552642822, 'val_loss': 1.3048798, 'train_loss': 1.2850729e-05, 'switch_epochs': [50, 55, 60, 65], 'epoch': 65, 'train_error': 0.0}
INFO:validation.tuning:Finished evaluation on {'hidden_units': 1024, 'strip_length': 5, 'lr_decay': 0.5, 'kernel_size': 256, 'lr': 0.0001, 'memory_factor': 2, 'policy_seed': 186, 'batch_size': 128, 'max_epochs': 10000, 'l2_ratio': 0.01, 'layerwise_progress_thresh': 0.1, 'progress_thresh': 0.1, 'kernel_mean': 0.0, 'num_layers': 4, 'n_threads': 4, 'kernel_std': 0.01, 'switch_policy': <class 'training.policy.CyclicPolicy'>, 'lr_decay_epocs': 250}
INFO:validation.tuning:Obtained results {'val_error': 0.30823862552642822, 'val_loss': 0.62203985, 'train_loss': 0.64935255, 'switch_epochs': [145, 185, 260, 590, 625, 1020, 1040, 1330, 1420, 1640, 1950, 2130, 2160, 2225, 2295, 2505], 'epoch': 1395, 'train_error': 0.35311025381088257}
INFO:validation.tuning:Finished evaluation on {'hidden_units': 1024, 'strip_length': 5, 'lr_decay': 0.5, 'kernel_size': 128, 'lr': 0.001, 'memory_factor': 2, 'policy_seed': 186, 'batch_size': 128, 'max_epochs': 10000, 'l2_ratio': 0, 'layerwise_progress_thresh': 0.1, 'progress_thresh': 0.1, 'kernel_mean': 0.0, 'num_layers': 4, 'n_threads': 4, 'kernel_std': 0.1, 'switch_policy': <class 'training.policy.CyclicPolicy'>, 'lr_decay_epocs': 250}
INFO:validation.tuning:Obtained results {'val_error': 0.11860793828964233, 'val_loss': 0.31923416, 'train_loss': 0.29115218, 'switch_epochs': [70, 90, 100, 105], 'epoch': 10, 'train_error': 0.11991453170776367}
INFO:validation.tuning:Finished evaluation on {'hidden_units': 2048, 'strip_length': 5, 'lr_decay': 0.5, 'kernel_size': 512, 'lr': 0.01, 'memory_factor': 2, 'policy_seed': 186, 'batch_size': 128, 'max_epochs': 10000, 'l2_ratio': 0, 'layerwise_progress_thresh': 0.1, 'progress_thresh': 0.1, 'kernel_mean': 0.0, 'num_layers': 4, 'n_threads': 4, 'kernel_std': 1.0, 'switch_policy': <class 'training.policy.CyclicPolicy'>, 'lr_decay_epocs': 250}
INFO:validation.tuning:Obtained results {'val_error': 0.29900568723678589, 'val_loss': 0.62713736, 'train_loss': 0.65057129, 'switch_epochs': [520, 1080, 1300, 1600, 1750, 1880, 2005, 2010], 'epoch': 790, 'train_error': 0.35340505838394165}
INFO:validation.tuning:Finished evaluation on {'hidden_units': 2048, 'strip_length': 5, 'lr_decay': 0.5, 'kernel_size': 512, 'lr': 0.001, 'memory_factor': 2, 'policy_seed': 186, 'batch_size': 128, 'max_epochs': 10000, 'l2_ratio': 0, 'layerwise_progress_thresh': 0.1, 'progress_thresh': 0.1, 'kernel_mean': 0.0, 'num_layers': 4, 'n_threads': 4, 'kernel_std': 1.0, 'switch_policy': <class 'training.policy.CyclicPolicy'>, 'lr_decay_epocs': 250}
INFO:validation.tuning:Obtained results {'val_error': 0.37073862552642822, 'val_loss': 0.6629169, 'train_loss': 0.63975805, 'switch_epochs': [45, 75, 85, 90], 'epoch': 15, 'train_error': 0.33881193399429321}
INFO:validation.tuning:Finished evaluation on {'hidden_units': 2048, 'strip_length': 5, 'lr_decay': 0.5, 'kernel_size': 256, 'lr': 0.01, 'memory_factor': 2, 'policy_seed': 186, 'batch_size': 128, 'max_epochs': 10000, 'l2_ratio': 0.001, 'layerwise_progress_thresh': 0.1, 'progress_thresh': 0.1, 'kernel_mean': 0.0, 'num_layers': 4, 'n_threads': 4, 'kernel_std': 0.01, 'switch_policy': <class 'training.policy.CyclicPolicy'>, 'lr_decay_epocs': 250}
INFO:validation.tuning:Obtained results {'val_error': 0.11292612552642822, 'val_loss': 0.30487493, 'train_loss': 0.32100654, 'switch_epochs': [110, 150, 865, 955, 1360, 1605, 1660, 1690, 1930, 1985, 2045, 2390, 2415, 2605, 2725, 2790, 2825, 2845, 2995, 3030], 'epoch': 2730, 'train_error': 0.13008546829223633}
INFO:validation.tuning:Finished evaluation on {'hidden_units': 2048, 'strip_length': 5, 'lr_decay': 0.5, 'kernel_size': 64, 'lr': 0.0001, 'memory_factor': 2, 'policy_seed': 186, 'batch_size': 128, 'max_epochs': 10000, 'l2_ratio': 0.01, 'layerwise_progress_thresh': 0.1, 'progress_thresh': 0.1, 'kernel_mean': 0.0, 'num_layers': 4, 'n_threads': 4, 'kernel_std': 1.0, 'switch_policy': <class 'training.policy.CyclicPolicy'>, 'lr_decay_epocs': 250}
INFO:validation.tuning:Obtained results {'val_error': 0.31889206171035767, 'val_loss': 3.0951662, 'train_loss': 3.1269965, 'switch_epochs': [420, 495, 510, 730, 1025, 1045, 1200, 1295, 1835, 1895, 2255, 2295], 'epoch': 115, 'train_error': 0.35185730457305908}
INFO:validation.tuning:Finished evaluation on {'hidden_units': 512, 'strip_length': 5, 'lr_decay': 0.5, 'kernel_size': 128, 'lr': 0.001, 'memory_factor': 2, 'policy_seed': 186, 'batch_size': 128, 'max_epochs': 10000, 'l2_ratio': 0.1, 'layerwise_progress_thresh': 0.1, 'progress_thresh': 0.1, 'kernel_mean': 0.0, 'num_layers': 4, 'n_threads': 4, 'kernel_std': 0.01, 'switch_policy': <class 'training.policy.CyclicPolicy'>, 'lr_decay_epocs': 250}
INFO:validation.tuning:Obtained results {'val_error': 0.34730112552642822, 'val_loss': 0.64684004, 'train_loss': 0.64828998, 'switch_epochs': [120, 310, 340, 1025, 1200, 1360, 1575, 1630], 'epoch': 85, 'train_error': 0.35089915990829468}
INFO:validation.tuning:Finished evaluation on {'hidden_units': 1024, 'strip_length': 5, 'lr_decay': 0.5, 'kernel_size': 512, 'lr': 0.0001, 'memory_factor': 2, 'policy_seed': 186, 'batch_size': 128, 'max_epochs': 10000, 'l2_ratio': 0.001, 'layerwise_progress_thresh': 0.1, 'progress_thresh': 0.1, 'kernel_mean': 0.0, 'num_layers': 4, 'n_threads': 4, 'kernel_std': 0.25, 'switch_policy': <class 'training.policy.CyclicPolicy'>, 'lr_decay_epocs': 250}
INFO:validation.tuning:Obtained results {'val_error': 0.13210225105285645, 'val_loss': 0.36261761, 'train_loss': 0.29252526, 'switch_epochs': [140, 310, 535, 590, 665, 770, 780, 785], 'epoch': 40, 'train_error': 0.095371484756469727}
INFO:validation.tuning:Finished evaluation on {'hidden_units': 512, 'strip_length': 5, 'lr_decay': 0.5, 'kernel_size': 256, 'lr': 0.01, 'memory_factor': 2, 'policy_seed': 186, 'batch_size': 128, 'max_epochs': 10000, 'l2_ratio': 0.1, 'layerwise_progress_thresh': 0.1, 'progress_thresh': 0.1, 'kernel_mean': 0.0, 'num_layers': 4, 'n_threads': 4, 'kernel_std': 0.1, 'switch_policy': <class 'training.policy.CyclicPolicy'>, 'lr_decay_epocs': 250}
INFO:validation.tuning:Obtained results {'val_error': 0.33948862552642822, 'val_loss': 0.64077115, 'train_loss': 0.6463719, 'switch_epochs': [55, 200, 885, 980, 1410, 1535, 1950, 2140, 2385, 2455, 2520, 2580, 2780, 2995, 3110, 3220], 'epoch': 900, 'train_error': 0.34824585914611816}
INFO:validation.tuning:Finished evaluation on {'hidden_units': 1024, 'strip_length': 5, 'lr_decay': 0.5, 'kernel_size': 256, 'lr': 0.001, 'memory_factor': 2, 'policy_seed': 186, 'batch_size': 128, 'max_epochs': 10000, 'l2_ratio': 0.001, 'layerwise_progress_thresh': 0.1, 'progress_thresh': 0.1, 'kernel_mean': 0.0, 'num_layers': 4, 'n_threads': 4, 'kernel_std': 0.25, 'switch_policy': <class 'training.policy.CyclicPolicy'>, 'lr_decay_epocs': 250}
INFO:validation.tuning:Obtained results {'val_error': 0.12997156381607056, 'val_loss': 0.44848105, 'train_loss': 0.33288598, 'switch_epochs': [370, 620, 660, 885, 950, 1005, 1010, 1015], 'epoch': 95, 'train_error': 0.093823730945587158}
INFO:validation.tuning:Finished evaluation on {'hidden_units': 1024, 'strip_length': 5, 'lr_decay': 0.5, 'kernel_size': 512, 'lr': 0.0001, 'memory_factor': 2, 'policy_seed': 186, 'batch_size': 128, 'max_epochs': 10000, 'l2_ratio': 0.01, 'layerwise_progress_thresh': 0.1, 'progress_thresh': 0.1, 'kernel_mean': 0.0, 'num_layers': 4, 'n_threads': 4, 'kernel_std': 0.25, 'switch_policy': <class 'training.policy.CyclicPolicy'>, 'lr_decay_epocs': 250}
INFO:validation.tuning:Obtained results {'val_error': 0.10724431276321411, 'val_loss': 0.31406277, 'train_loss': 0.34182605, 'switch_epochs': [300, 340, 1175, 1395, 1745, 1810, 1925, 2000], 'epoch': 1140, 'train_error': 0.1259581446647644}
INFO:validation.tuning:Using model {'progress_thresh': 0.1, 'lr_decay': 0.5, 'lr': 0.01, 'switch_epochs': [355, 460, 675, 855, 1035, 1160, 1430, 1575, 1915, 1935, 1970, 2195, 2300, 2375, 2405, 2430], 'batch_size': 128, 'strip_length': 5, 'policy_seed': 186, 'num_layers': 4, 'n_threads': 4, 'memory_factor': 2, 'switch_policy': <class 'training.policy.CyclicPolicy'>, 'layerwise_progress_thresh': 0.1, 'kernel_size': 256, 'l2_ratio': 0.001, 'kernel_mean': 0.0, 'hidden_units': 1024, 'max_epochs': 1815, 'lr_decay_epocs': 250, 'kernel_std': 0.1} for training with results {'val_error': 0.10440343618392944, 'val_loss': 0.35634696, 'train_loss': 0.39096349, 'switch_epochs': [355, 460, 675, 855, 1035, 1160, 1430, 1575, 1915, 1935, 1970, 2195, 2300, 2375, 2405, 2430], 'epoch': 1815, 'train_error': 0.13413918018341064}
INFO:validation.tuning:Running training [0] in magic/1516930366923
INFO:training.predict:Queue exhausted. Read all instances
INFO:validation.tuning:Training [0] got results {'loss': 0.60762328, 'time(s)': 775.0700414180756, 'train_error': 0.12950211763381958, 'train_l2': 0.059011318, 'l2': 0.27649119, 'train_loss': 0.3661415, 'error': 0.13985276222229004}
INFO:validation.tuning:Running training [1] in magic/1516931168045
INFO:training.predict:Queue exhausted. Read all instances
INFO:validation.tuning:Training [1] got results {'loss': 0.52828079, 'time(s)': 776.4597990512848, 'train_error': 0.1248013973236084, 'train_l2': 0.058510125, 'l2': 0.17954326, 'train_loss': 0.35372692, 'error': 0.14353311061859131}
INFO:validation.tuning:Running training [2] in magic/1516931970278
INFO:training.predict:Queue exhausted. Read all instances
INFO:validation.tuning:Training [2] got results {'loss': 0.49491429, 'time(s)': 773.8551766872406, 'train_error': 0.12168961763381958, 'train_l2': 0.054884035, 'l2': 0.17525697, 'train_loss': 0.3482098, 'error': 0.13459515571594238}
INFO:validation.tuning:Running training [3] in magic/1516932769826
INFO:training.predict:Queue exhausted. Read all instances
INFO:validation.tuning:Training [3] got results {'loss': 0.52657771, 'time(s)': 775.609938621521, 'train_error': 0.11672407388687134, 'train_l2': 0.056155935, 'l2': 0.19219662, 'train_loss': 0.34065768, 'error': 0.12986332178115845}
INFO:validation.tuning:Running training [4] in magic/1516933571237
INFO:training.predict:Queue exhausted. Read all instances
INFO:validation.tuning:Training [4] got results {'loss': 0.49524561, 'time(s)': 773.7518579959869, 'train_error': 0.12003445625305176, 'train_l2': 0.054790873, 'l2': 0.18946886, 'train_loss': 0.34661111, 'error': 0.11671924591064453}
INFO:validation.tuning:Running training [5] in magic/1516934370725
INFO:training.predict:Queue exhausted. Read all instances
INFO:validation.tuning:Training [5] got results {'loss': 0.56662834, 'time(s)': 790.2165427207947, 'train_error': 0.12566208839416504, 'train_l2': 0.055205729, 'l2': 0.20876315, 'train_loss': 0.36005414, 'error': 0.14668768644332886}
INFO:validation.tuning:Running training [6] in magic/1516935186627
INFO:training.predict:Queue exhausted. Read all instances
INFO:validation.tuning:Training [6] got results {'loss': 0.54817218, 'time(s)': 774.8057193756104, 'train_error': 0.12804555892944336, 'train_l2': 0.059612185, 'l2': 0.23169516, 'train_loss': 0.3649011, 'error': 0.12197685241699219}
INFO:validation.tuning:Running training [7] in magic/1516935987523
INFO:training.predict:Queue exhausted. Read all instances
INFO:validation.tuning:Training [7] got results {'loss': 0.52914977, 'time(s)': 823.4609868526459, 'train_error': 0.12493377923965454, 'train_l2': 0.056301933, 'l2': 0.19367418, 'train_loss': 0.3507413, 'error': 0.14826500415802002}
INFO:validation.tuning:Running training [8] in magic/1516936837009
INFO:training.predict:Queue exhausted. Read all instances
INFO:validation.tuning:Training [8] got results {'loss': 0.55572289, 'time(s)': 800.3098909854889, 'train_error': 0.13109111785888672, 'train_l2': 0.057447698, 'l2': 0.22097181, 'train_loss': 0.36572149, 'error': 0.14248162508010864}
INFO:validation.tuning:Running training [9] in magic/1516937663195
INFO:training.predict:Queue exhausted. Read all instances
INFO:validation.tuning:Training [9] got results {'loss': 0.5468117, 'time(s)': 778.8686504364014, 'train_error': 0.12069648504257202, 'train_l2': 0.057335615, 'l2': 0.20335585, 'train_loss': 0.35230124, 'error': 0.13985276222229004}
INFO:__main__:loss: 0.539913 +- 0.031801
INFO:__main__:time(s): 784.240860 +- 15.450070
INFO:__main__:train_error: 0.124318 +- 0.004302
INFO:__main__:train_l2: 0.056926 +- 0.001649
INFO:__main__:l2: 0.207142 +- 0.028488
INFO:__main__:train_loss: 0.354907 +- 0.008437
INFO:__main__:error: 0.136383 +- 0.009998
