INFO:validation.tuning:Finished evaluation on {'strip_length': 5, 'switch_policy': <class 'training.policy.CyclicPolicy'>, 'progress_thresh': 0.1, 'n_threads': 4, 'batch_norm': False, 'lr_decay': 0.8367786904328781, 'batch_size': 128, 'lr_decay_epochs': 179.52372964056795, 'kernel_size': 256, 'kernel_std': 0.2739344055879384, 'l2_ratio': 0.004994018706707316, 'kernel_mean': 0.0, 'lr': 0.002526863837086425, 'num_layers': 2, 'epochs_per_layer': 64, 'hidden_units': 1024, 'memory_factor': 2, 'max_epochs': 10000}
INFO:validation.tuning:Obtained results {'epoch': 180, 'train_loss': 0.37257627, 'val_error': 0.10724431276321411, 'train_error': 0.13347584009170532, 'val_loss': 0.34986755}
INFO:validation.tuning:Finished evaluation on {'strip_length': 5, 'switch_policy': <class 'training.policy.InverseCyclingPolicy'>, 'progress_thresh': 0.1, 'n_threads': 4, 'batch_norm': False, 'lr_decay': 0.48441918759315283, 'batch_size': 128, 'lr_decay_epochs': 868.7057433991964, 'kernel_size': 512, 'kernel_std': 0.04677950942117124, 'l2_ratio': 0.11532507903027872, 'kernel_mean': 0.0, 'lr': 0.003450137216517112, 'num_layers': 2, 'epochs_per_layer': 54, 'hidden_units': 2048, 'memory_factor': 2, 'max_epochs': 10000}
INFO:validation.tuning:Obtained results {'epoch': 105, 'train_loss': 0.6478579, 'val_error': 0.3359375, 'train_error': 0.35053068399429321, 'val_loss': 0.63874239}
INFO:validation.tuning:Finished evaluation on {'strip_length': 5, 'switch_policy': <class 'training.policy.RandomPolicy'>, 'progress_thresh': 0.1, 'n_threads': 4, 'batch_norm': False, 'lr_decay': 0.6052190397026023, 'batch_size': 128, 'lr_decay_epochs': 635.9226885043488, 'kernel_size': 128, 'kernel_std': 0.4185816986736275, 'l2_ratio': 0.8881935776598373, 'kernel_mean': 0.0, 'lr': 0.0003428799110614514, 'num_layers': 2, 'epochs_per_layer': 30, 'hidden_units': 1024, 'memory_factor': 2, 'policy_seed': 3045, 'max_epochs': 10000}
INFO:validation.tuning:Obtained results {'epoch': 40, 'train_loss': 42.707401, 'val_error': 0.32741475105285645, 'train_error': 0.35016214847564697, 'val_loss': 37.744598}
INFO:validation.tuning:Finished evaluation on {'strip_length': 5, 'switch_policy': <class 'training.policy.RandomPolicy'>, 'progress_thresh': 0.1, 'n_threads': 4, 'batch_norm': False, 'lr_decay': 0.19452627630837074, 'batch_size': 128, 'lr_decay_epochs': 557.6149336669498, 'kernel_size': 64, 'kernel_std': 0.044083724802745715, 'l2_ratio': 0.004478469832744857, 'kernel_mean': 0.0, 'lr': 0.0002231363137135134, 'num_layers': 2, 'epochs_per_layer': 12, 'hidden_units': 1024, 'memory_factor': 2, 'policy_seed': 7111, 'max_epochs': 10000}
INFO:validation.tuning:Obtained results {'epoch': 255, 'train_loss': 0.44972163, 'val_error': 0.14630681276321411, 'train_error': 0.16177773475646973, 'val_loss': 0.429095}
INFO:validation.tuning:Finished evaluation on {'strip_length': 5, 'switch_policy': <class 'training.policy.RandomPolicy'>, 'progress_thresh': 0.1, 'n_threads': 4, 'batch_norm': False, 'lr_decay': 0.9637945110695479, 'batch_size': 128, 'lr_decay_epochs': 882.2737607802139, 'kernel_size': 64, 'kernel_std': 0.7341371865276568, 'l2_ratio': 0.007402617407184929, 'kernel_mean': 0.0, 'lr': 0.0004578787179010231, 'num_layers': 2, 'epochs_per_layer': 84, 'hidden_units': 2048, 'memory_factor': 2, 'policy_seed': 1878, 'max_epochs': 10000}
INFO:validation.tuning:Obtained results {'epoch': 30, 'train_loss': 0.65113616, 'val_error': 0.34801137447357178, 'train_error': 0.34802478551864624, 'val_loss': 0.67771178}
INFO:validation.tuning:Finished evaluation on {'strip_length': 5, 'switch_policy': <class 'training.policy.CyclicPolicy'>, 'progress_thresh': 0.1, 'n_threads': 4, 'batch_norm': False, 'lr_decay': 0.9987722689795236, 'batch_size': 128, 'lr_decay_epochs': 244.4863832030709, 'kernel_size': 64, 'kernel_std': 0.04576944823399612, 'l2_ratio': 0.0007772884561598905, 'kernel_mean': 0.0, 'lr': 0.0016956072191488894, 'num_layers': 2, 'epochs_per_layer': 37, 'hidden_units': 1024, 'memory_factor': 2, 'max_epochs': 10000}
INFO:validation.tuning:Obtained results {'epoch': 145, 'train_loss': 0.33823276, 'val_error': 0.12357956171035767, 'train_error': 0.12839031219482422, 'val_loss': 0.33655661}
INFO:validation.tuning:Finished evaluation on {'strip_length': 5, 'switch_policy': <class 'training.policy.InverseCyclingPolicy'>, 'progress_thresh': 0.1, 'n_threads': 4, 'batch_norm': False, 'lr_decay': 0.5826728296133967, 'batch_size': 128, 'lr_decay_epochs': 236.20849800970242, 'kernel_size': 512, 'kernel_std': 0.20064722663765547, 'l2_ratio': 0.0006933065134251813, 'kernel_mean': 0.0, 'lr': 0.0003191251448653022, 'num_layers': 2, 'epochs_per_layer': 18, 'hidden_units': 1024, 'memory_factor': 2, 'max_epochs': 10000}
INFO:validation.tuning:Obtained results {'epoch': 30, 'train_loss': 0.55635178, 'val_error': 0.12002843618392944, 'train_error': 0.11512380838394165, 'val_loss': 0.58534104}
INFO:validation.tuning:Finished evaluation on {'strip_length': 5, 'switch_policy': <class 'training.policy.InverseCyclingPolicy'>, 'progress_thresh': 0.1, 'n_threads': 4, 'batch_norm': False, 'lr_decay': 0.549453256479386, 'batch_size': 128, 'lr_decay_epochs': 912.819837146416, 'kernel_size': 256, 'kernel_std': 0.8727343388454964, 'l2_ratio': 0.0005248775698850731, 'kernel_mean': 0.0, 'lr': 0.0008254202361923233, 'num_layers': 2, 'epochs_per_layer': 70, 'hidden_units': 1024, 'memory_factor': 2, 'max_epochs': 10000}
INFO:validation.tuning:Obtained results {'epoch': 5, 'train_loss': 0.58249843, 'val_error': 0.33238637447357178, 'train_error': 0.27999705076217651, 'val_loss': 0.69958121}
INFO:validation.tuning:Finished evaluation on {'strip_length': 5, 'switch_policy': <class 'training.policy.InverseCyclingPolicy'>, 'progress_thresh': 0.1, 'n_threads': 4, 'batch_norm': False, 'lr_decay': 0.8596288966221368, 'batch_size': 128, 'lr_decay_epochs': 899.6475212667523, 'kernel_size': 256, 'kernel_std': 0.4668869298194179, 'l2_ratio': 0.005446049654668495, 'kernel_mean': 0.0, 'lr': 0.0005677831391355343, 'num_layers': 2, 'epochs_per_layer': 70, 'hidden_units': 2048, 'memory_factor': 2, 'max_epochs': 10000}
INFO:validation.tuning:Obtained results {'epoch': 25, 'train_loss': 0.64927924, 'val_error': 0.33877843618392944, 'train_error': 0.3515625, 'val_loss': 0.64146978}
INFO:validation.tuning:Finished evaluation on {'strip_length': 5, 'switch_policy': <class 'training.policy.RandomPolicy'>, 'progress_thresh': 0.1, 'n_threads': 4, 'batch_norm': False, 'lr_decay': 0.4313737903821633, 'batch_size': 128, 'lr_decay_epochs': 378.029715663473, 'kernel_size': 512, 'kernel_std': 0.1291996634373405, 'l2_ratio': 0.00020993193039236323, 'kernel_mean': 0.0, 'lr': 0.0001063473387354012, 'num_layers': 2, 'epochs_per_layer': 51, 'hidden_units': 1024, 'memory_factor': 2, 'policy_seed': 6663, 'max_epochs': 10000}
INFO:validation.tuning:Obtained results {'epoch': 165, 'train_loss': 0.36830202, 'val_error': 0.11505681276321411, 'train_error': 0.12721109390258789, 'val_loss': 0.37470233}
INFO:validation.tuning:Finished evaluation on {'strip_length': 5, 'switch_policy': <class 'training.policy.RandomPolicy'>, 'progress_thresh': 0.1, 'n_threads': 4, 'batch_norm': False, 'lr_decay': 0.9694271889321945, 'batch_size': 128, 'lr_decay_epochs': 487.915405581639, 'kernel_size': 64, 'kernel_std': 0.772197119542095, 'l2_ratio': 0.2718879755931509, 'kernel_mean': 0.0, 'lr': 0.003221643954100046, 'num_layers': 2, 'epochs_per_layer': 21, 'hidden_units': 2048, 'memory_factor': 2, 'policy_seed': 5363, 'max_epochs': 10000}
INFO:validation.tuning:Obtained results {'epoch': 105, 'train_loss': 0.64692932, 'val_error': 0.33167612552642822, 'train_error': 0.34846699237823486, 'val_loss': 0.63676155}
INFO:validation.tuning:Finished evaluation on {'strip_length': 5, 'switch_policy': <class 'training.policy.RandomPolicy'>, 'progress_thresh': 0.1, 'n_threads': 4, 'batch_norm': False, 'lr_decay': 0.4192851066138704, 'batch_size': 128, 'lr_decay_epochs': 964.0220314904984, 'kernel_size': 64, 'kernel_std': 0.9465972053104607, 'l2_ratio': 0.030705693529485673, 'kernel_mean': 0.0, 'lr': 0.0004166454062375686, 'num_layers': 2, 'epochs_per_layer': 16, 'hidden_units': 512, 'memory_factor': 2, 'policy_seed': 5607, 'max_epochs': 10000}
INFO:validation.tuning:Obtained results {'epoch': 185, 'train_loss': 0.379785, 'val_error': 0.11079543828964233, 'train_error': 0.1181456446647644, 'val_loss': 0.37507164}
INFO:validation.tuning:Finished evaluation on {'strip_length': 5, 'switch_policy': <class 'training.policy.CyclicPolicy'>, 'progress_thresh': 0.1, 'n_threads': 4, 'batch_norm': False, 'lr_decay': 0.8976765313608872, 'batch_size': 128, 'lr_decay_epochs': 883.5033191261772, 'kernel_size': 64, 'kernel_std': 0.09556463642006513, 'l2_ratio': 0.044814116052629735, 'kernel_mean': 0.0, 'lr': 0.0004284161597225947, 'num_layers': 2, 'epochs_per_layer': 22, 'hidden_units': 512, 'memory_factor': 2, 'max_epochs': 10000}
INFO:validation.tuning:Obtained results {'epoch': 15, 'train_loss': 0.75962102, 'val_error': 0.32741475105285645, 'train_error': 0.35089915990829468, 'val_loss': 0.72576135}
INFO:validation.tuning:Finished evaluation on {'strip_length': 5, 'switch_policy': <class 'training.policy.InverseCyclingPolicy'>, 'progress_thresh': 0.1, 'n_threads': 4, 'batch_norm': False, 'lr_decay': 0.7936040955306832, 'batch_size': 128, 'lr_decay_epochs': 304.59781212299606, 'kernel_size': 256, 'kernel_std': 0.42251319483913946, 'l2_ratio': 0.002450628284652653, 'kernel_mean': 0.0, 'lr': 0.0012438568373008567, 'num_layers': 2, 'epochs_per_layer': 38, 'hidden_units': 1024, 'memory_factor': 2, 'max_epochs': 10000}
INFO:validation.tuning:Obtained results {'epoch': 240, 'train_loss': 0.27866966, 'val_error': 0.12073862552642822, 'train_error': 0.089106738567352295, 'val_loss': 0.37348059}
INFO:validation.tuning:Finished evaluation on {'strip_length': 5, 'switch_policy': <class 'training.policy.InverseCyclingPolicy'>, 'progress_thresh': 0.1, 'n_threads': 4, 'batch_norm': False, 'lr_decay': 0.2786468033597309, 'batch_size': 128, 'lr_decay_epochs': 435.6605043326395, 'kernel_size': 512, 'kernel_std': 0.42388997732680955, 'l2_ratio': 0.015818622504952907, 'kernel_mean': 0.0, 'lr': 0.001231061256520238, 'num_layers': 2, 'epochs_per_layer': 10, 'hidden_units': 512, 'memory_factor': 2, 'max_epochs': 10000}
INFO:validation.tuning:Obtained results {'epoch': 155, 'train_loss': 0.42902508, 'val_error': 0.13423293828964233, 'train_error': 0.14482605457305908, 'val_loss': 0.42041978}
INFO:validation.tuning:Finished evaluation on {'strip_length': 5, 'switch_policy': <class 'training.policy.CyclicPolicy'>, 'progress_thresh': 0.1, 'n_threads': 4, 'batch_norm': False, 'lr_decay': 0.827340199340331, 'batch_size': 128, 'lr_decay_epochs': 455.0069093993821, 'kernel_size': 512, 'kernel_std': 0.8849021023115679, 'l2_ratio': 0.00014809329014858625, 'kernel_mean': 0.0, 'lr': 0.001304329216830155, 'num_layers': 2, 'epochs_per_layer': 77, 'hidden_units': 1024, 'memory_factor': 2, 'max_epochs': 10000}
INFO:validation.tuning:Obtained results {'epoch': 25, 'train_loss': 0.68637437, 'val_error': 0.34446024894714355, 'train_error': 0.34750884771347046, 'val_loss': 0.69059843}
INFO:validation.tuning:Finished evaluation on {'strip_length': 5, 'switch_policy': <class 'training.policy.RandomPolicy'>, 'progress_thresh': 0.1, 'n_threads': 4, 'batch_norm': False, 'lr_decay': 0.19842668996186635, 'batch_size': 128, 'lr_decay_epochs': 826.3361896742093, 'kernel_size': 256, 'kernel_std': 0.47130894226285935, 'l2_ratio': 0.020769055619514924, 'kernel_mean': 0.0, 'lr': 0.0012592662927555709, 'num_layers': 2, 'epochs_per_layer': 39, 'hidden_units': 1024, 'memory_factor': 2, 'policy_seed': 1627, 'max_epochs': 10000}
INFO:validation.tuning:Obtained results {'epoch': 50, 'train_loss': 0.64945084, 'val_error': 0.32173293828964233, 'train_error': 0.3525206446647644, 'val_loss': 0.62941557}
INFO:validation.tuning:Finished evaluation on {'strip_length': 5, 'switch_policy': <class 'training.policy.RandomPolicy'>, 'progress_thresh': 0.1, 'n_threads': 4, 'batch_norm': False, 'lr_decay': 0.5929718036445181, 'batch_size': 128, 'lr_decay_epochs': 617.148159836481, 'kernel_size': 512, 'kernel_std': 0.07598028378313107, 'l2_ratio': 0.0068695327045902995, 'kernel_mean': 0.0, 'lr': 0.00028944076600581864, 'num_layers': 2, 'epochs_per_layer': 63, 'hidden_units': 512, 'memory_factor': 2, 'policy_seed': 2394, 'max_epochs': 10000}
INFO:validation.tuning:Obtained results {'epoch': 380, 'train_loss': 0.54939693, 'val_error': 0.21306818723678589, 'train_error': 0.21786558628082275, 'val_loss': 0.551373}
INFO:validation.tuning:Finished evaluation on {'strip_length': 5, 'switch_policy': <class 'training.policy.InverseCyclingPolicy'>, 'progress_thresh': 0.1, 'n_threads': 4, 'batch_norm': False, 'lr_decay': 0.591208816163524, 'batch_size': 128, 'lr_decay_epochs': 174.45717950324962, 'kernel_size': 64, 'kernel_std': 0.26235170773237937, 'l2_ratio': 0.00012566352436210553, 'kernel_mean': 0.0, 'lr': 0.005078909175565112, 'num_layers': 2, 'epochs_per_layer': 16, 'hidden_units': 512, 'memory_factor': 2, 'max_epochs': 10000}
INFO:validation.tuning:Obtained results {'epoch': 45, 'train_loss': 0.36073631, 'val_error': 0.22727274894714355, 'train_error': 0.13428658246994019, 'val_loss': 0.54293191}
INFO:validation.tuning:Finished evaluation on {'strip_length': 5, 'switch_policy': <class 'training.policy.CyclicPolicy'>, 'progress_thresh': 0.1, 'n_threads': 4, 'batch_norm': False, 'lr_decay': 0.9674263807436324, 'batch_size': 128, 'lr_decay_epochs': 521.7164543097788, 'kernel_size': 256, 'kernel_std': 0.7701729198911228, 'l2_ratio': 0.023132938914623244, 'kernel_mean': 0.0, 'lr': 0.005849261343740002, 'num_layers': 2, 'epochs_per_layer': 32, 'hidden_units': 2048, 'memory_factor': 2, 'max_epochs': 10000}
INFO:validation.tuning:Obtained results {'epoch': 45, 'train_loss': 0.68872947, 'val_error': 0.26349431276321411, 'train_error': 0.29857015609741211, 'val_loss': 0.66786265}
INFO:validation.tuning:Finished evaluation on {'strip_length': 5, 'switch_policy': <class 'training.policy.RandomPolicy'>, 'progress_thresh': 0.1, 'n_threads': 4, 'batch_norm': False, 'lr_decay': 0.4874604816464738, 'batch_size': 128, 'lr_decay_epochs': 649.6156878648422, 'kernel_size': 128, 'kernel_std': 0.5861727120178332, 'l2_ratio': 0.0006292989970867861, 'kernel_mean': 0.0, 'lr': 0.0038906004425290617, 'num_layers': 2, 'epochs_per_layer': 79, 'hidden_units': 2048, 'memory_factor': 2, 'policy_seed': 2365, 'max_epochs': 10000}
INFO:validation.tuning:Obtained results {'epoch': 90, 'train_loss': 0.74320024, 'val_error': 0.32173293828964233, 'train_error': 0.35229951143264771, 'val_loss': 0.7240082}
INFO:validation.tuning:Finished evaluation on {'strip_length': 5, 'switch_policy': <class 'training.policy.InverseCyclingPolicy'>, 'progress_thresh': 0.1, 'n_threads': 4, 'batch_norm': False, 'lr_decay': 0.6516596590219592, 'batch_size': 128, 'lr_decay_epochs': 800.6034247060431, 'kernel_size': 256, 'kernel_std': 0.956355796636524, 'l2_ratio': 0.18244475962233025, 'kernel_mean': 0.0, 'lr': 0.0002959262708147565, 'num_layers': 2, 'epochs_per_layer': 38, 'hidden_units': 1024, 'memory_factor': 2, 'max_epochs': 10000}
INFO:validation.tuning:Obtained results {'epoch': 80, 'train_loss': 0.64784819, 'val_error': 0.33238637447357178, 'train_error': 0.35045695304870605, 'val_loss': 0.63693279}
INFO:validation.tuning:Finished evaluation on {'strip_length': 5, 'switch_policy': <class 'training.policy.RandomPolicy'>, 'progress_thresh': 0.1, 'n_threads': 4, 'batch_norm': False, 'lr_decay': 0.9637775162742436, 'batch_size': 128, 'lr_decay_epochs': 226.11162114681582, 'kernel_size': 128, 'kernel_std': 0.5730597496393908, 'l2_ratio': 0.08642728599159571, 'kernel_mean': 0.0, 'lr': 0.0002958848379241972, 'num_layers': 2, 'epochs_per_layer': 80, 'hidden_units': 512, 'memory_factor': 2, 'policy_seed': 2693, 'max_epochs': 10000}
INFO:validation.tuning:Obtained results {'epoch': 215, 'train_loss': 0.52602196, 'val_error': 0.15625, 'train_error': 0.18057191371917725, 'val_loss': 0.51134396}
INFO:validation.tuning:Finished evaluation on {'strip_length': 5, 'switch_policy': <class 'training.policy.InverseCyclingPolicy'>, 'progress_thresh': 0.1, 'n_threads': 4, 'batch_norm': False, 'lr_decay': 0.9085568111707009, 'batch_size': 128, 'lr_decay_epochs': 492.2619056555237, 'kernel_size': 256, 'kernel_std': 0.9607510843517928, 'l2_ratio': 0.03238101264722162, 'kernel_mean': 0.0, 'lr': 0.0004626855988441929, 'num_layers': 2, 'epochs_per_layer': 73, 'hidden_units': 1024, 'memory_factor': 2, 'max_epochs': 10000}
INFO:validation.tuning:Obtained results {'epoch': 15, 'train_loss': 0.64988816, 'val_error': 0.35227274894714355, 'train_error': 0.35075175762176514, 'val_loss': 0.65055472}
INFO:validation.tuning:Finished evaluation on {'strip_length': 5, 'switch_policy': <class 'training.policy.InverseCyclingPolicy'>, 'progress_thresh': 0.1, 'n_threads': 4, 'batch_norm': False, 'lr_decay': 0.9510156792449883, 'batch_size': 128, 'lr_decay_epochs': 588.4316708657316, 'kernel_size': 512, 'kernel_std': 0.830428966144017, 'l2_ratio': 0.04421825881203599, 'kernel_mean': 0.0, 'lr': 0.0014734702888451467, 'num_layers': 2, 'epochs_per_layer': 26, 'hidden_units': 512, 'memory_factor': 2, 'max_epochs': 10000}
INFO:validation.tuning:Obtained results {'epoch': 20, 'train_loss': 0.64916188, 'val_error': 0.33877843618392944, 'train_error': 0.3513413667678833, 'val_loss': 0.64071649}
INFO:validation.tuning:Using model {'strip_length': 5, 'lr': 0.002526863837086425, 'epochs_per_layer': 64, 'max_epochs': 180, 'switch_policy': <class 'training.policy.CyclicPolicy'>, 'progress_thresh': 0.1, 'n_threads': 4, 'batch_norm': False, 'batch_size': 128, 'kernel_mean': 0.0, 'memory_factor': 2, 'kernel_size': 256, 'l2_ratio': 0.004994018706707316, 'lr_decay_epochs': 179.52372964056795, 'lr_decay': 0.8367786904328781, 'kernel_std': 0.2739344055879384, 'hidden_units': 1024, 'num_layers': 2} for training with results {'epoch': 180, 'train_loss': 0.37257627, 'val_error': 0.10724431276321411, 'train_error': 0.13347584009170532, 'val_loss': 0.34986755}
INFO:validation.tuning:Running training [0] in magic/1520026412759
INFO:training.predict:Queue exhausted. Read all instances
INFO:validation.tuning:Training [0] got results {'l2': 0.062830739, 'train_loss': 0.3712078, 'error': 0.13932704925537109, 'time(s)': 75.15703129768372, 'train_l2': 0.043760732, 'train_error': 0.13506358861923218, 'loss': 0.39037663}
INFO:validation.tuning:Running training [1] in magic/1520026512209
INFO:training.predict:Queue exhausted. Read all instances
INFO:validation.tuning:Training [1] got results {'l2': 0.068535678, 'train_loss': 0.38477302, 'error': 0.14826500415802002, 'time(s)': 75.99430251121521, 'train_l2': 0.049716294, 'train_error': 0.14069122076034546, 'loss': 0.4145717}
INFO:validation.tuning:Running training [2] in magic/1520026612578
INFO:training.predict:Queue exhausted. Read all instances
INFO:validation.tuning:Training [2] got results {'l2': 0.064936742, 'train_loss': 0.37978092, 'error': 0.14826500415802002, 'time(s)': 75.76811385154724, 'train_l2': 0.047604721, 'train_error': 0.13824152946472168, 'loss': 0.41497234}
INFO:validation.tuning:Running training [3] in magic/1520026712724
INFO:training.predict:Queue exhausted. Read all instances
INFO:validation.tuning:Training [3] got results {'l2': 0.069380634, 'train_loss': 0.37458292, 'error': 0.1561514139175415, 'time(s)': 75.66624617576599, 'train_l2': 0.04661848, 'train_error': 0.1365201473236084, 'loss': 0.42223999}
INFO:validation.tuning:Running training [4] in magic/1520026812702
INFO:training.predict:Queue exhausted. Read all instances
INFO:validation.tuning:Training [4] got results {'l2': 0.066948123, 'train_loss': 0.37150902, 'error': 0.14195585250854492, 'time(s)': 75.77974820137024, 'train_l2': 0.044819258, 'train_error': 0.1316869854927063, 'loss': 0.40415797}
INFO:validation.tuning:Running training [5] in magic/1520026912897
INFO:training.predict:Queue exhausted. Read all instances
INFO:validation.tuning:Training [5] got results {'l2': 0.062172167, 'train_loss': 0.37239343, 'error': 0.14195585250854492, 'time(s)': 75.82762598991394, 'train_l2': 0.044618465, 'train_error': 0.1318855881690979, 'loss': 0.39647731}
INFO:validation.tuning:Running training [6] in magic/1520027013037
INFO:training.predict:Queue exhausted. Read all instances
INFO:validation.tuning:Training [6] got results {'l2': 0.064423561, 'train_loss': 0.37396216, 'error': 0.14563620090484619, 'time(s)': 75.77781677246094, 'train_l2': 0.046045475, 'train_error': 0.13400423526763916, 'loss': 0.40234393}
INFO:validation.tuning:Running training [7] in magic/1520027113214
INFO:training.predict:Queue exhausted. Read all instances
INFO:validation.tuning:Training [7] got results {'l2': 0.065253206, 'train_loss': 0.37143716, 'error': 0.1414300799369812, 'time(s)': 75.83713746070862, 'train_l2': 0.04405183, 'train_error': 0.13565945625305176, 'loss': 0.41266823}
INFO:validation.tuning:Running training [8] in magic/1520027213404
INFO:training.predict:Queue exhausted. Read all instances
INFO:validation.tuning:Training [8] got results {'l2': 0.065124214, 'train_loss': 0.3706696, 'error': 0.13196635246276855, 'time(s)': 75.48979139328003, 'train_l2': 0.043567769, 'train_error': 0.13512974977493286, 'loss': 0.38996252}
INFO:validation.tuning:Running training [9] in magic/1520027313506
INFO:training.predict:Queue exhausted. Read all instances
INFO:validation.tuning:Training [9] got results {'l2': 0.068375528, 'train_loss': 0.37529418, 'error': 0.13985276222229004, 'time(s)': 78.148597240448, 'train_l2': 0.045005709, 'train_error': 0.1369173526763916, 'loss': 0.41245168}
INFO:__main__:l2: 0.065798 +- 0.002316
INFO:__main__:train_loss: 0.374561 +- 0.004273
INFO:__main__:error: 0.143481 +- 0.006187
INFO:__main__:time(s): 75.944641 +- 0.766553
INFO:__main__:train_l2: 0.045581 +- 0.001845
INFO:__main__:train_error: 0.135580 +- 0.002601
INFO:__main__:loss: 0.406022 +- 0.010548
