INFO:validation.tuning:Finished evaluation on {'lr_decay_epochs': 234.87359561171135, 'memory_factor': 2, 'kernel_std': 0.3532278675997821, 'n_threads': 4, 'batch_norm': False, 'switch_policy': <class 'training.policy.RandomPolicy'>, 'batch_size': 128, 'lr': 0.0013049270766023172, 'strip_length': 5, 'progress_thresh': 0.1, 'hidden_units': 512, 'kernel_size': 256, 'kernel_mean': 0.0, 'policy_seed': 3644, 'l2_ratio': 0.002832732800115018, 'max_epochs': 10000, 'epochs_per_layer': 33, 'lr_decay': 0.7543806147468722, 'num_layers': 3}
INFO:validation.tuning:Obtained results {'train_loss': 0.30529997, 'val_loss': 0.35872027, 'epoch': 175, 'train_error': 0.10399466753005981, 'val_error': 0.12215906381607056}
INFO:validation.tuning:Finished evaluation on {'lr_decay_epochs': 548.9680695684485, 'memory_factor': 2, 'kernel_std': 0.8994233512125211, 'n_threads': 4, 'batch_norm': False, 'switch_policy': <class 'training.policy.InverseCyclingPolicy'>, 'batch_size': 128, 'lr': 0.0007147124941652135, 'strip_length': 5, 'progress_thresh': 0.1, 'hidden_units': 512, 'kernel_size': 256, 'kernel_mean': 0.0, 'l2_ratio': 0.028216981865164775, 'max_epochs': 10000, 'epochs_per_layer': 17, 'lr_decay': 0.6449341020761179, 'num_layers': 3}
INFO:validation.tuning:Obtained results {'train_loss': 0.64771229, 'val_loss': 0.64001215, 'epoch': 125, 'train_error': 0.35023581981658936, 'val_error': 0.33806818723678589}
INFO:validation.tuning:Finished evaluation on {'lr_decay_epochs': 719.9663500080854, 'memory_factor': 2, 'kernel_std': 0.7556461927466324, 'n_threads': 4, 'batch_norm': False, 'switch_policy': <class 'training.policy.InverseCyclingPolicy'>, 'batch_size': 128, 'lr': 0.0003579349668939422, 'strip_length': 5, 'progress_thresh': 0.1, 'hidden_units': 2048, 'kernel_size': 256, 'kernel_mean': 0.0, 'l2_ratio': 0.004365756869171703, 'max_epochs': 10000, 'epochs_per_layer': 68, 'lr_decay': 0.9741715422175203, 'num_layers': 3}
INFO:validation.tuning:Obtained results {'train_loss': 0.65038633, 'val_loss': 0.64524668, 'epoch': 25, 'train_error': 0.35097289085388184, 'val_error': 0.33948862552642822}
INFO:validation.tuning:Finished evaluation on {'lr_decay_epochs': 769.5864782555925, 'memory_factor': 2, 'kernel_std': 0.8495569424968391, 'n_threads': 4, 'batch_norm': False, 'switch_policy': <class 'training.policy.CyclicPolicy'>, 'batch_size': 128, 'lr': 0.007677867654004554, 'strip_length': 5, 'progress_thresh': 0.1, 'hidden_units': 2048, 'kernel_size': 512, 'kernel_mean': 0.0, 'l2_ratio': 0.8776892289281779, 'max_epochs': 10000, 'epochs_per_layer': 30, 'lr_decay': 0.9688061077073434, 'num_layers': 3}
INFO:validation.tuning:Obtained results {'train_loss': 0.64777678, 'val_loss': 0.63620913, 'epoch': 35, 'train_error': 0.34846699237823486, 'val_error': 0.32954543828964233}
INFO:validation.tuning:Finished evaluation on {'lr_decay_epochs': 842.1146716285496, 'memory_factor': 2, 'kernel_std': 0.31786386954179385, 'n_threads': 4, 'batch_norm': False, 'switch_policy': <class 'training.policy.CyclicPolicy'>, 'batch_size': 128, 'lr': 0.00043810300770465356, 'strip_length': 5, 'progress_thresh': 0.1, 'hidden_units': 1024, 'kernel_size': 256, 'kernel_mean': 0.0, 'l2_ratio': 0.0012397867322744604, 'max_epochs': 10000, 'epochs_per_layer': 42, 'lr_decay': 0.569005384593354, 'num_layers': 3}
INFO:validation.tuning:Obtained results {'train_loss': 0.31170657, 'val_loss': 0.29753879, 'epoch': 80, 'train_error': 0.11394459009170532, 'val_error': 0.097301125526428223}
INFO:validation.tuning:Finished evaluation on {'lr_decay_epochs': 331.59240635328285, 'memory_factor': 2, 'kernel_std': 0.20395615268063866, 'n_threads': 4, 'batch_norm': False, 'switch_policy': <class 'training.policy.RandomPolicy'>, 'batch_size': 128, 'lr': 0.0022129089169431893, 'strip_length': 5, 'progress_thresh': 0.1, 'hidden_units': 512, 'kernel_size': 256, 'kernel_mean': 0.0, 'policy_seed': 9750, 'l2_ratio': 0.00574246898675958, 'max_epochs': 10000, 'epochs_per_layer': 10, 'lr_decay': 0.5531607648245495, 'num_layers': 3}
INFO:validation.tuning:Obtained results {'train_loss': 0.37386906, 'val_loss': 0.3215799, 'epoch': 500, 'train_error': 0.13273876905441284, 'val_error': 0.095170438289642334}
INFO:validation.tuning:Finished evaluation on {'lr_decay_epochs': 391.8385890894952, 'memory_factor': 2, 'kernel_std': 0.7008037416747648, 'n_threads': 4, 'batch_norm': False, 'switch_policy': <class 'training.policy.RandomPolicy'>, 'batch_size': 128, 'lr': 0.00020925223235285809, 'strip_length': 5, 'progress_thresh': 0.1, 'hidden_units': 512, 'kernel_size': 128, 'kernel_mean': 0.0, 'policy_seed': 1356, 'l2_ratio': 0.021605179447142086, 'max_epochs': 10000, 'epochs_per_layer': 84, 'lr_decay': 0.36470379323215896, 'num_layers': 3}
INFO:validation.tuning:Obtained results {'train_loss': 0.64875937, 'val_loss': 0.62010759, 'epoch': 70, 'train_error': 0.35053068399429321, 'val_error': 0.30326706171035767}
INFO:validation.tuning:Finished evaluation on {'lr_decay_epochs': 486.74238821265345, 'memory_factor': 2, 'kernel_std': 0.47050335132542376, 'n_threads': 4, 'batch_norm': False, 'switch_policy': <class 'training.policy.RandomPolicy'>, 'batch_size': 128, 'lr': 0.0005716367998521538, 'strip_length': 5, 'progress_thresh': 0.1, 'hidden_units': 1024, 'kernel_size': 128, 'kernel_mean': 0.0, 'policy_seed': 5570, 'l2_ratio': 0.007853740909533908, 'max_epochs': 10000, 'epochs_per_layer': 13, 'lr_decay': 0.9445755919284664, 'num_layers': 3}
INFO:validation.tuning:Obtained results {'train_loss': 0.49075323, 'val_loss': 0.49711239, 'epoch': 80, 'train_error': 0.20887380838394165, 'val_error': 0.19673293828964233}
INFO:validation.tuning:Finished evaluation on {'lr_decay_epochs': 993.468752578665, 'memory_factor': 2, 'kernel_std': 0.7752981280679868, 'n_threads': 4, 'batch_norm': False, 'switch_policy': <class 'training.policy.CyclicPolicy'>, 'batch_size': 128, 'lr': 0.00010301773077824713, 'strip_length': 5, 'progress_thresh': 0.1, 'hidden_units': 1024, 'kernel_size': 128, 'kernel_mean': 0.0, 'l2_ratio': 0.00022734095498441373, 'max_epochs': 10000, 'epochs_per_layer': 31, 'lr_decay': 0.6145193593427122, 'num_layers': 3}
INFO:validation.tuning:Obtained results {'train_loss': 0.63371044, 'val_loss': 0.74338877, 'epoch': 40, 'train_error': 0.31139445304870605, 'val_error': 0.35227274894714355}
INFO:validation.tuning:Finished evaluation on {'lr_decay_epochs': 110.8451055859413, 'memory_factor': 2, 'kernel_std': 0.5602518560419448, 'n_threads': 4, 'batch_norm': False, 'switch_policy': <class 'training.policy.RandomPolicy'>, 'batch_size': 128, 'lr': 0.0003568936824127583, 'strip_length': 5, 'progress_thresh': 0.1, 'hidden_units': 1024, 'kernel_size': 512, 'kernel_mean': 0.0, 'policy_seed': 4315, 'l2_ratio': 0.0015949312874195688, 'max_epochs': 10000, 'epochs_per_layer': 37, 'lr_decay': 0.9173617004245788, 'num_layers': 3}
INFO:validation.tuning:Obtained results {'train_loss': 0.64386529, 'val_loss': 0.64476734, 'epoch': 20, 'train_error': 0.34691923856735229, 'val_error': 0.33309656381607056}
INFO:validation.tuning:Finished evaluation on {'lr_decay_epochs': 514.6946264311224, 'memory_factor': 2, 'kernel_std': 0.03353455388680025, 'n_threads': 4, 'batch_norm': False, 'switch_policy': <class 'training.policy.CyclicPolicy'>, 'batch_size': 128, 'lr': 0.001994514556615376, 'strip_length': 5, 'progress_thresh': 0.1, 'hidden_units': 2048, 'kernel_size': 512, 'kernel_mean': 0.0, 'l2_ratio': 0.042938402369339955, 'max_epochs': 10000, 'epochs_per_layer': 24, 'lr_decay': 0.5917852041238026, 'num_layers': 3}
INFO:validation.tuning:Obtained results {'train_loss': 0.64650548, 'val_loss': 0.62994486, 'epoch': 80, 'train_error': 0.34839326143264771, 'val_error': 0.32173293828964233}
INFO:validation.tuning:Finished evaluation on {'lr_decay_epochs': 688.6209383004045, 'memory_factor': 2, 'kernel_std': 0.8441239372841828, 'n_threads': 4, 'batch_norm': False, 'switch_policy': <class 'training.policy.CyclicPolicy'>, 'batch_size': 128, 'lr': 0.00024825267624801377, 'strip_length': 5, 'progress_thresh': 0.1, 'hidden_units': 2048, 'kernel_size': 64, 'kernel_mean': 0.0, 'l2_ratio': 0.0017175781700350448, 'max_epochs': 10000, 'epochs_per_layer': 11, 'lr_decay': 0.9192817118530463, 'num_layers': 3}
INFO:validation.tuning:Obtained results {'train_loss': 1.234692, 'val_loss': 1.2218996, 'epoch': 50, 'train_error': 0.35443693399429321, 'val_error': 0.33096593618392944}
INFO:validation.tuning:Finished evaluation on {'lr_decay_epochs': 796.219918250066, 'memory_factor': 2, 'kernel_std': 0.8909047892523128, 'n_threads': 4, 'batch_norm': False, 'switch_policy': <class 'training.policy.InverseCyclingPolicy'>, 'batch_size': 128, 'lr': 0.0005507549537413682, 'strip_length': 5, 'progress_thresh': 0.1, 'hidden_units': 2048, 'kernel_size': 512, 'kernel_mean': 0.0, 'l2_ratio': 0.05466315548537096, 'max_epochs': 10000, 'epochs_per_layer': 49, 'lr_decay': 0.7536225850722683, 'num_layers': 3}
INFO:validation.tuning:Obtained results {'train_loss': 0.64789647, 'val_loss': 0.63705838, 'epoch': 195, 'train_error': 0.35053068399429321, 'val_error': 0.33309656381607056}
INFO:validation.tuning:Finished evaluation on {'lr_decay_epochs': 405.51775348283314, 'memory_factor': 2, 'kernel_std': 0.012678088895169764, 'n_threads': 4, 'batch_norm': False, 'switch_policy': <class 'training.policy.InverseCyclingPolicy'>, 'batch_size': 128, 'lr': 0.0001425117762129606, 'strip_length': 5, 'progress_thresh': 0.1, 'hidden_units': 512, 'kernel_size': 512, 'kernel_mean': 0.0, 'l2_ratio': 0.09319475399974102, 'max_epochs': 10000, 'epochs_per_layer': 25, 'lr_decay': 0.3291057653706352, 'num_layers': 3}
INFO:validation.tuning:Obtained results {'train_loss': 0.64869684, 'val_loss': 0.64562345, 'epoch': 40, 'train_error': 0.34625589847564697, 'val_error': 0.34090906381607056}
INFO:validation.tuning:Finished evaluation on {'lr_decay_epochs': 447.84319316847314, 'memory_factor': 2, 'kernel_std': 0.7267590750155831, 'n_threads': 4, 'batch_norm': False, 'switch_policy': <class 'training.policy.InverseCyclingPolicy'>, 'batch_size': 128, 'lr': 0.0005986752938565815, 'strip_length': 5, 'progress_thresh': 0.1, 'hidden_units': 2048, 'kernel_size': 128, 'kernel_mean': 0.0, 'l2_ratio': 0.0012909002805427722, 'max_epochs': 10000, 'epochs_per_layer': 42, 'lr_decay': 0.1362912305585834, 'num_layers': 3}
INFO:validation.tuning:Obtained results {'train_loss': 0.56464797, 'val_loss': 0.72379178, 'epoch': 10, 'train_error': 0.23607015609741211, 'val_error': 0.35014206171035767}
INFO:validation.tuning:Finished evaluation on {'lr_decay_epochs': 778.2870184839547, 'memory_factor': 2, 'kernel_std': 0.5046424645999822, 'n_threads': 4, 'batch_norm': False, 'switch_policy': <class 'training.policy.InverseCyclingPolicy'>, 'batch_size': 128, 'lr': 0.001233922241156965, 'strip_length': 5, 'progress_thresh': 0.1, 'hidden_units': 512, 'kernel_size': 64, 'kernel_mean': 0.0, 'l2_ratio': 0.9621667024330188, 'max_epochs': 10000, 'epochs_per_layer': 22, 'lr_decay': 0.7570120530159576, 'num_layers': 3}
INFO:validation.tuning:Obtained results {'train_loss': 0.6415686, 'val_loss': 0.64318198, 'epoch': 60, 'train_error': 0.34035968780517578, 'val_error': 0.34303975105285645}
INFO:validation.tuning:Finished evaluation on {'lr_decay_epochs': 567.6092117821277, 'memory_factor': 2, 'kernel_std': 0.3678354629166699, 'n_threads': 4, 'batch_norm': False, 'switch_policy': <class 'training.policy.RandomPolicy'>, 'batch_size': 128, 'lr': 0.0014853224368559799, 'strip_length': 5, 'progress_thresh': 0.1, 'hidden_units': 512, 'kernel_size': 512, 'kernel_mean': 0.0, 'policy_seed': 5123, 'l2_ratio': 0.005915226364150437, 'max_epochs': 10000, 'epochs_per_layer': 84, 'lr_decay': 0.785202378110746, 'num_layers': 3}
INFO:validation.tuning:Obtained results {'train_loss': 0.41952032, 'val_loss': 0.37460023, 'epoch': 280, 'train_error': 0.13878244161605835, 'val_error': 0.10511362552642822}
INFO:validation.tuning:Finished evaluation on {'lr_decay_epochs': 223.44641728318078, 'memory_factor': 2, 'kernel_std': 0.15380916174149364, 'n_threads': 4, 'batch_norm': False, 'switch_policy': <class 'training.policy.RandomPolicy'>, 'batch_size': 128, 'lr': 0.0026185843109787226, 'strip_length': 5, 'progress_thresh': 0.1, 'hidden_units': 512, 'kernel_size': 128, 'kernel_mean': 0.0, 'policy_seed': 1109, 'l2_ratio': 0.00019762145293420185, 'max_epochs': 10000, 'epochs_per_layer': 52, 'lr_decay': 0.44209157275329425, 'num_layers': 3}
INFO:validation.tuning:Obtained results {'train_loss': 0.49891996, 'val_loss': 0.4624297, 'epoch': 35, 'train_error': 0.21948701143264771, 'val_error': 0.18039774894714355}
INFO:validation.tuning:Finished evaluation on {'lr_decay_epochs': 963.3297021587446, 'memory_factor': 2, 'kernel_std': 0.7343615951116887, 'n_threads': 4, 'batch_norm': False, 'switch_policy': <class 'training.policy.RandomPolicy'>, 'batch_size': 128, 'lr': 0.0010422403444424785, 'strip_length': 5, 'progress_thresh': 0.1, 'hidden_units': 2048, 'kernel_size': 64, 'kernel_mean': 0.0, 'policy_seed': 9531, 'l2_ratio': 0.06295902143596767, 'max_epochs': 10000, 'epochs_per_layer': 11, 'lr_decay': 0.4447127409450792, 'num_layers': 3}
INFO:validation.tuning:Obtained results {'train_loss': 0.84403127, 'val_loss': 0.75322592, 'epoch': 30, 'train_error': 0.35148876905441284, 'val_error': 0.32670456171035767}
INFO:validation.tuning:Finished evaluation on {'lr_decay_epochs': 496.07669065282516, 'memory_factor': 2, 'kernel_std': 0.2973609477529926, 'n_threads': 4, 'batch_norm': False, 'switch_policy': <class 'training.policy.InverseCyclingPolicy'>, 'batch_size': 128, 'lr': 0.0001412763623947064, 'strip_length': 5, 'progress_thresh': 0.1, 'hidden_units': 1024, 'kernel_size': 64, 'kernel_mean': 0.0, 'l2_ratio': 0.0006096864367646723, 'max_epochs': 10000, 'epochs_per_layer': 58, 'lr_decay': 0.8622016275217496, 'num_layers': 3}
INFO:validation.tuning:Obtained results {'train_loss': 0.67324758, 'val_loss': 0.68235707, 'epoch': 20, 'train_error': 0.3474351167678833, 'val_error': 0.33735793828964233}
INFO:validation.tuning:Finished evaluation on {'lr_decay_epochs': 871.784226238075, 'memory_factor': 2, 'kernel_std': 0.6190122980873379, 'n_threads': 4, 'batch_norm': False, 'switch_policy': <class 'training.policy.InverseCyclingPolicy'>, 'batch_size': 128, 'lr': 0.0030854497040030487, 'strip_length': 5, 'progress_thresh': 0.1, 'hidden_units': 2048, 'kernel_size': 256, 'kernel_mean': 0.0, 'l2_ratio': 0.008961068115011194, 'max_epochs': 10000, 'epochs_per_layer': 16, 'lr_decay': 0.41893335029863776, 'num_layers': 3}
INFO:validation.tuning:Obtained results {'train_loss': 0.91867095, 'val_loss': 0.80473131, 'epoch': 115, 'train_error': 0.17076945304870605, 'val_error': 0.14417612552642822}
INFO:validation.tuning:Finished evaluation on {'lr_decay_epochs': 286.66207329064196, 'memory_factor': 2, 'kernel_std': 0.42220309808529116, 'n_threads': 4, 'batch_norm': False, 'switch_policy': <class 'training.policy.InverseCyclingPolicy'>, 'batch_size': 128, 'lr': 0.001248535073533884, 'strip_length': 5, 'progress_thresh': 0.1, 'hidden_units': 512, 'kernel_size': 128, 'kernel_mean': 0.0, 'l2_ratio': 0.016093286704980073, 'max_epochs': 10000, 'epochs_per_layer': 48, 'lr_decay': 0.5002521454073003, 'num_layers': 3}
INFO:validation.tuning:Obtained results {'train_loss': 0.64989579, 'val_loss': 0.62828279, 'epoch': 105, 'train_error': 0.3517836332321167, 'val_error': 0.31960225105285645}
INFO:validation.tuning:Finished evaluation on {'lr_decay_epochs': 728.1484315393532, 'memory_factor': 2, 'kernel_std': 0.8442921390536365, 'n_threads': 4, 'batch_norm': False, 'switch_policy': <class 'training.policy.CyclicPolicy'>, 'batch_size': 128, 'lr': 0.003772661060968757, 'strip_length': 5, 'progress_thresh': 0.1, 'hidden_units': 512, 'kernel_size': 512, 'kernel_mean': 0.0, 'l2_ratio': 0.0028548133855671887, 'max_epochs': 10000, 'epochs_per_layer': 51, 'lr_decay': 0.6782655814113758, 'num_layers': 3}
INFO:validation.tuning:Obtained results {'train_loss': 0.37741828, 'val_loss': 0.341236, 'epoch': 80, 'train_error': 0.12846404314041138, 'val_error': 0.10653406381607056}
INFO:validation.tuning:Finished evaluation on {'lr_decay_epochs': 314.1079726132581, 'memory_factor': 2, 'kernel_std': 0.4639410242128738, 'n_threads': 4, 'batch_norm': False, 'switch_policy': <class 'training.policy.InverseCyclingPolicy'>, 'batch_size': 128, 'lr': 0.00314791872000329, 'strip_length': 5, 'progress_thresh': 0.1, 'hidden_units': 1024, 'kernel_size': 512, 'kernel_mean': 0.0, 'l2_ratio': 0.002193903838807091, 'max_epochs': 10000, 'epochs_per_layer': 31, 'lr_decay': 0.7379014882162123, 'num_layers': 3}
INFO:validation.tuning:Obtained results {'train_loss': 0.65115577, 'val_loss': 0.64146096, 'epoch': 10, 'train_error': 0.35097289085388184, 'val_error': 0.33948862552642822}
INFO:validation.tuning:Finished evaluation on {'lr_decay_epochs': 209.12921374092417, 'memory_factor': 2, 'kernel_std': 0.6755282464963557, 'n_threads': 4, 'batch_norm': False, 'switch_policy': <class 'training.policy.RandomPolicy'>, 'batch_size': 128, 'lr': 0.00011381850942884947, 'strip_length': 5, 'progress_thresh': 0.1, 'hidden_units': 1024, 'kernel_size': 256, 'kernel_mean': 0.0, 'policy_seed': 2045, 'l2_ratio': 0.2828642951826163, 'max_epochs': 10000, 'epochs_per_layer': 57, 'lr_decay': 0.5400188575824992, 'num_layers': 3}
INFO:validation.tuning:Obtained results {'train_loss': 0.65221161, 'val_loss': 0.62983608, 'epoch': 50, 'train_error': 0.35281544923782349, 'val_error': 0.30965906381607056}
INFO:validation.tuning:Using model {'lr_decay_epochs': 331.59240635328285, 'memory_factor': 2, 'kernel_std': 0.20395615268063866, 'batch_norm': False, 'batch_size': 128, 'lr': 0.0022129089169431893, 'switch_policy': <class 'training.policy.RandomPolicy'>, 'progress_thresh': 0.1, 'epochs_per_layer': 10, 'num_layers': 3, 'lr_decay': 0.5531607648245495, 'n_threads': 4, 'kernel_mean': 0.0, 'strip_length': 5, 'hidden_units': 512, 'policy_seed': 9750, 'l2_ratio': 0.00574246898675958, 'max_epochs': 500, 'kernel_size': 256} for training with results {'train_loss': 0.37386906, 'val_loss': 0.3215799, 'epoch': 500, 'train_error': 0.13273876905441284, 'val_error': 0.095170438289642334}
INFO:validation.tuning:Running training [0] in magic/1520165186245
INFO:training.predict:Queue exhausted. Read all instances
INFO:validation.tuning:Training [0] got results {'l2': 0.095258839, 'train_l2': 0.049695779, 'train_error': 0.12784695625305176, 'error': 0.1414300799369812, 'loss': 0.43678164, 'train_loss': 0.36898565, 'time(s)': 203.08485341072083}
INFO:validation.tuning:Running training [1] in magic/1520165405003
INFO:training.predict:Queue exhausted. Read all instances
INFO:validation.tuning:Training [1] got results {'l2': 0.093028121, 'train_l2': 0.051489454, 'train_error': 0.13115733861923218, 'error': 0.14458465576171875, 'loss': 0.43439338, 'train_loss': 0.37676644, 'time(s)': 203.54578614234924}
INFO:validation.tuning:Running training [2] in magic/1520165624422
INFO:training.predict:Queue exhausted. Read all instances
INFO:validation.tuning:Training [2] got results {'l2': 0.093749836, 'train_l2': 0.051189095, 'train_error': 0.1326138973236084, 'error': 0.14511042833328247, 'loss': 0.44161168, 'train_loss': 0.3799859, 'time(s)': 203.68387866020203}
INFO:validation.tuning:Running training [3] in magic/1520165843909
INFO:training.predict:Queue exhausted. Read all instances
INFO:validation.tuning:Training [3] got results {'l2': 0.098388508, 'train_l2': 0.04969937, 'train_error': 0.12824416160583496, 'error': 0.14195585250854492, 'loss': 0.43602923, 'train_loss': 0.36911213, 'time(s)': 203.38374185562134}
INFO:validation.tuning:Running training [4] in magic/1520166063080
INFO:training.predict:Queue exhausted. Read all instances
INFO:validation.tuning:Training [4] got results {'l2': 0.09298037, 'train_l2': 0.050344534, 'train_error': 0.1330111026763916, 'error': 0.14353311061859131, 'loss': 0.44305253, 'train_loss': 0.37640205, 'time(s)': 202.1221022605896}
INFO:validation.tuning:Running training [5] in magic/1520166281198
INFO:training.predict:Queue exhausted. Read all instances
INFO:validation.tuning:Training [5] got results {'l2': 0.094617598, 'train_l2': 0.05083419, 'train_error': 0.13135594129562378, 'error': 0.14511042833328247, 'loss': 0.441048, 'train_loss': 0.37605911, 'time(s)': 202.27873706817627}
INFO:validation.tuning:Running training [6] in magic/1520166499264
INFO:training.predict:Queue exhausted. Read all instances
INFO:validation.tuning:Training [6] got results {'l2': 0.097530134, 'train_l2': 0.050300244, 'train_error': 0.12996554374694824, 'error': 0.1351209282875061, 'loss': 0.4297078, 'train_loss': 0.36951911, 'time(s)': 203.54114770889282}
INFO:validation.tuning:Running training [7] in magic/1520166718601
INFO:training.predict:Queue exhausted. Read all instances
INFO:validation.tuning:Training [7] got results {'l2': 0.09219043, 'train_l2': 0.049539279, 'train_error': 0.1346663236618042, 'error': 0.13774973154067993, 'loss': 0.42513552, 'train_loss': 0.37891394, 'time(s)': 208.88492250442505}
INFO:validation.tuning:Running training [8] in magic/1520166943263
INFO:training.predict:Queue exhausted. Read all instances
INFO:validation.tuning:Training [8] got results {'l2': 0.095495902, 'train_l2': 0.049918726, 'train_error': 0.13115733861923218, 'error': 0.14563620090484619, 'loss': 0.44198066, 'train_loss': 0.37165496, 'time(s)': 205.95832872390747}
INFO:validation.tuning:Running training [9] in magic/1520167164987
INFO:training.predict:Queue exhausted. Read all instances
INFO:validation.tuning:Training [9] got results {'l2': 0.094141379, 'train_l2': 0.050436553, 'train_error': 0.12923729419708252, 'error': 0.13669818639755249, 'loss': 0.43241554, 'train_loss': 0.37384656, 'time(s)': 206.66588973999023}
INFO:__main__:l2: 0.094738 +- 0.001893
INFO:__main__:train_l2: 0.050345 +- 0.000628
INFO:__main__:train_error: 0.130926 +- 0.002048
INFO:__main__:error: 0.141693 +- 0.003667
INFO:__main__:loss: 0.436216 +- 0.005619
INFO:__main__:train_loss: 0.374125 +- 0.003900
INFO:__main__:time(s): 204.314939 +- 2.050266
