INFO:validation.tuning:Finished evaluation on {'progress_thresh': 0.1, 'kernel_size': 128, 'strip_length': 5, 'memory_factor': 2, 'l2_ratio': 0.1, 'kernel_mean': 0.0, 'epochs_per_layer': 25, 'policy_seed': 134, 'num_layers': 4, 'lr': 0.001, 'max_epochs': 10000, 'lr_decay_epocs': 250, 'n_threads': 4, 'batch_size': 128, 'kernel_std': 0.5, 'hidden_units': 1024, 'lr_decay': 0.5, 'switch_policy': <class 'training.policy.CyclicPolicy'>}
INFO:validation.tuning:Obtained results {'val_loss': 0.59706277, 'epoch': 80, 'val_error': 0.20525568723678589, 'train_loss': 0.58831364, 'train_error': 0.2099793553352356}
INFO:validation.tuning:Finished evaluation on {'progress_thresh': 0.1, 'kernel_size': 128, 'strip_length': 5, 'memory_factor': 2, 'l2_ratio': 0.1, 'kernel_mean': 0.0, 'epochs_per_layer': 10, 'policy_seed': 134, 'num_layers': 4, 'lr': 0.0001, 'max_epochs': 10000, 'lr_decay_epocs': 250, 'n_threads': 4, 'batch_size': 128, 'kernel_std': 0.5, 'hidden_units': 1024, 'lr_decay': 0.5, 'switch_policy': <class 'training.policy.CyclicPolicy'>}
INFO:validation.tuning:Obtained results {'val_loss': 1.5435113, 'epoch': 45, 'val_error': 0.18963068723678589, 'train_loss': 1.7108166, 'train_error': 0.18853181600570679}
INFO:validation.tuning:Finished evaluation on {'progress_thresh': 0.1, 'kernel_size': 128, 'strip_length': 5, 'memory_factor': 2, 'l2_ratio': 0.0001, 'kernel_mean': 0.0, 'epochs_per_layer': 10, 'policy_seed': 134, 'num_layers': 4, 'lr': 0.01, 'max_epochs': 10000, 'lr_decay_epocs': 250, 'n_threads': 4, 'batch_size': 128, 'kernel_std': 0.25, 'hidden_units': 512, 'lr_decay': 0.5, 'switch_policy': <class 'training.policy.CyclicPolicy'>}
INFO:validation.tuning:Obtained results {'val_loss': 0.76473296, 'epoch': 5, 'val_error': 0.34232956171035767, 'train_loss': 0.75027007, 'train_error': 0.34065449237823486}
INFO:validation.tuning:Finished evaluation on {'progress_thresh': 0.1, 'kernel_size': 512, 'strip_length': 5, 'memory_factor': 2, 'l2_ratio': 0.001, 'kernel_mean': 0.0, 'epochs_per_layer': 100, 'policy_seed': 134, 'num_layers': 4, 'lr': 0.01, 'max_epochs': 10000, 'lr_decay_epocs': 250, 'n_threads': 4, 'batch_size': 128, 'kernel_std': 0.01, 'hidden_units': 1024, 'lr_decay': 0.5, 'switch_policy': <class 'training.policy.CyclicPolicy'>}
INFO:validation.tuning:Obtained results {'val_loss': 0.57199514, 'epoch': 150, 'val_error': 0.2265625, 'train_loss': 0.58706999, 'train_error': 0.25663328170776367}
INFO:validation.tuning:Finished evaluation on {'progress_thresh': 0.1, 'kernel_size': 512, 'strip_length': 5, 'memory_factor': 2, 'l2_ratio': 0.0001, 'kernel_mean': 0.0, 'epochs_per_layer': 25, 'policy_seed': 134, 'num_layers': 4, 'lr': 0.0001, 'max_epochs': 10000, 'lr_decay_epocs': 250, 'n_threads': 4, 'batch_size': 128, 'kernel_std': 0.5, 'hidden_units': 1024, 'lr_decay': 0.5, 'switch_policy': <class 'training.policy.CyclicPolicy'>}
INFO:validation.tuning:Obtained results {'val_loss': 0.4582524, 'epoch': 40, 'val_error': 0.13210225105285645, 'train_loss': 0.06997101, 'train_error': 0.0014740824699401855}
INFO:validation.tuning:Finished evaluation on {'progress_thresh': 0.1, 'kernel_size': 64, 'strip_length': 5, 'memory_factor': 2, 'l2_ratio': 0.0001, 'kernel_mean': 0.0, 'epochs_per_layer': 10, 'policy_seed': 134, 'num_layers': 4, 'lr': 0.001, 'max_epochs': 10000, 'lr_decay_epocs': 250, 'n_threads': 4, 'batch_size': 128, 'kernel_std': 0.25, 'hidden_units': 512, 'lr_decay': 0.5, 'switch_policy': <class 'training.policy.CyclicPolicy'>}
INFO:validation.tuning:Obtained results {'val_loss': 0.57084858, 'epoch': 15, 'val_error': 0.22585225105285645, 'train_loss': 0.28037477, 'train_error': 0.099793612957000732}
INFO:validation.tuning:Finished evaluation on {'progress_thresh': 0.1, 'kernel_size': 128, 'strip_length': 5, 'memory_factor': 2, 'l2_ratio': 0.001, 'kernel_mean': 0.0, 'epochs_per_layer': 25, 'policy_seed': 134, 'num_layers': 4, 'lr': 0.01, 'max_epochs': 10000, 'lr_decay_epocs': 250, 'n_threads': 4, 'batch_size': 128, 'kernel_std': 0.1, 'hidden_units': 2048, 'lr_decay': 0.5, 'switch_policy': <class 'training.policy.CyclicPolicy'>}
INFO:validation.tuning:Obtained results {'val_loss': 1.0076976, 'epoch': 145, 'val_error': 0.328125, 'train_loss': 0.94288158, 'train_error': 0.35716390609741211}
INFO:validation.tuning:Finished evaluation on {'progress_thresh': 0.1, 'kernel_size': 256, 'strip_length': 5, 'memory_factor': 2, 'l2_ratio': 0, 'kernel_mean': 0.0, 'epochs_per_layer': 10, 'policy_seed': 134, 'num_layers': 4, 'lr': 0.0001, 'max_epochs': 10000, 'lr_decay_epocs': 250, 'n_threads': 4, 'batch_size': 128, 'kernel_std': 0.5, 'hidden_units': 2048, 'lr_decay': 0.5, 'switch_policy': <class 'training.policy.CyclicPolicy'>}
INFO:validation.tuning:Obtained results {'val_loss': 0.71448821, 'epoch': 15, 'val_error': 0.41761362552642822, 'train_loss': 0.13394894, 'train_error': 7.3730945587158203e-05}
INFO:validation.tuning:Finished evaluation on {'progress_thresh': 0.1, 'kernel_size': 128, 'strip_length': 5, 'memory_factor': 2, 'l2_ratio': 0.001, 'kernel_mean': 0.0, 'epochs_per_layer': 50, 'policy_seed': 134, 'num_layers': 4, 'lr': 0.001, 'max_epochs': 10000, 'lr_decay_epocs': 250, 'n_threads': 4, 'batch_size': 128, 'kernel_std': 0.5, 'hidden_units': 512, 'lr_decay': 0.5, 'switch_policy': <class 'training.policy.CyclicPolicy'>}
INFO:validation.tuning:Obtained results {'val_loss': 0.75529522, 'epoch': 60, 'val_error': 0.21164774894714355, 'train_loss': 0.20434348, 'train_error': 0.0019162893295288086}
INFO:validation.tuning:Finished evaluation on {'progress_thresh': 0.1, 'kernel_size': 128, 'strip_length': 5, 'memory_factor': 2, 'l2_ratio': 0.1, 'kernel_mean': 0.0, 'epochs_per_layer': 50, 'policy_seed': 134, 'num_layers': 4, 'lr': 0.01, 'max_epochs': 10000, 'lr_decay_epocs': 250, 'n_threads': 4, 'batch_size': 128, 'kernel_std': 0.01, 'hidden_units': 512, 'lr_decay': 0.5, 'switch_policy': <class 'training.policy.CyclicPolicy'>}
INFO:validation.tuning:Obtained results {'val_loss': 0.64603591, 'epoch': 45, 'val_error': 0.33451706171035767, 'train_loss': 0.6560455, 'train_error': 0.3552476167678833}
INFO:validation.tuning:Finished evaluation on {'progress_thresh': 0.1, 'kernel_size': 64, 'strip_length': 5, 'memory_factor': 2, 'l2_ratio': 0.001, 'kernel_mean': 0.0, 'epochs_per_layer': 50, 'policy_seed': 134, 'num_layers': 4, 'lr': 0.001, 'max_epochs': 10000, 'lr_decay_epocs': 250, 'n_threads': 4, 'batch_size': 128, 'kernel_std': 0.5, 'hidden_units': 512, 'lr_decay': 0.5, 'switch_policy': <class 'training.policy.CyclicPolicy'>}
INFO:validation.tuning:Obtained results {'val_loss': 0.75443214, 'epoch': 20, 'val_error': 0.3515625, 'train_loss': 0.75677097, 'train_error': 0.34854066371917725}
INFO:validation.tuning:Finished evaluation on {'progress_thresh': 0.1, 'kernel_size': 512, 'strip_length': 5, 'memory_factor': 2, 'l2_ratio': 0, 'kernel_mean': 0.0, 'epochs_per_layer': 50, 'policy_seed': 134, 'num_layers': 4, 'lr': 0.001, 'max_epochs': 10000, 'lr_decay_epocs': 250, 'n_threads': 4, 'batch_size': 128, 'kernel_std': 1.0, 'hidden_units': 1024, 'lr_decay': 0.5, 'switch_policy': <class 'training.policy.CyclicPolicy'>}
INFO:validation.tuning:Obtained results {'val_loss': 0.66992116, 'epoch': 5, 'val_error': 0.36505681276321411, 'train_loss': 0.60869557, 'train_error': 0.32819873094558716}
INFO:validation.tuning:Finished evaluation on {'progress_thresh': 0.1, 'kernel_size': 256, 'strip_length': 5, 'memory_factor': 2, 'l2_ratio': 0.001, 'kernel_mean': 0.0, 'epochs_per_layer': 25, 'policy_seed': 134, 'num_layers': 4, 'lr': 0.0001, 'max_epochs': 10000, 'lr_decay_epocs': 250, 'n_threads': 4, 'batch_size': 128, 'kernel_std': 0.1, 'hidden_units': 2048, 'lr_decay': 0.5, 'switch_policy': <class 'training.policy.CyclicPolicy'>}
INFO:validation.tuning:Obtained results {'val_loss': 0.74009871, 'epoch': 40, 'val_error': 0.10866475105285645, 'train_loss': 0.68412352, 'train_error': 0.090801894664764404}
INFO:validation.tuning:Finished evaluation on {'progress_thresh': 0.1, 'kernel_size': 512, 'strip_length': 5, 'memory_factor': 2, 'l2_ratio': 0.1, 'kernel_mean': 0.0, 'epochs_per_layer': 10, 'policy_seed': 134, 'num_layers': 4, 'lr': 0.01, 'max_epochs': 10000, 'lr_decay_epocs': 250, 'n_threads': 4, 'batch_size': 128, 'kernel_std': 0.01, 'hidden_units': 1024, 'lr_decay': 0.5, 'switch_policy': <class 'training.policy.CyclicPolicy'>}
INFO:validation.tuning:Obtained results {'val_loss': 0.62497342, 'epoch': 90, 'val_error': 0.31107956171035767, 'train_loss': 0.65077996, 'train_error': 0.35399466753005981}
INFO:validation.tuning:Finished evaluation on {'progress_thresh': 0.1, 'kernel_size': 128, 'strip_length': 5, 'memory_factor': 2, 'l2_ratio': 0.1, 'kernel_mean': 0.0, 'epochs_per_layer': 50, 'policy_seed': 134, 'num_layers': 4, 'lr': 0.001, 'max_epochs': 10000, 'lr_decay_epocs': 250, 'n_threads': 4, 'batch_size': 128, 'kernel_std': 0.01, 'hidden_units': 2048, 'lr_decay': 0.5, 'switch_policy': <class 'training.policy.CyclicPolicy'>}
INFO:validation.tuning:Obtained results {'val_loss': 0.64344639, 'epoch': 15, 'val_error': 0.33309656381607056, 'train_loss': 0.65210855, 'train_error': 0.35510021448135376}
INFO:validation.tuning:Finished evaluation on {'progress_thresh': 0.1, 'kernel_size': 128, 'strip_length': 5, 'memory_factor': 2, 'l2_ratio': 0, 'kernel_mean': 0.0, 'epochs_per_layer': 25, 'policy_seed': 134, 'num_layers': 4, 'lr': 0.01, 'max_epochs': 10000, 'lr_decay_epocs': 250, 'n_threads': 4, 'batch_size': 128, 'kernel_std': 0.25, 'hidden_units': 1024, 'lr_decay': 0.5, 'switch_policy': <class 'training.policy.CyclicPolicy'>}
INFO:validation.tuning:Obtained results {'val_loss': 0.6739139, 'epoch': 40, 'val_error': 0.3671875, 'train_loss': 0.65109468, 'train_error': 0.35163623094558716}
INFO:validation.tuning:Finished evaluation on {'progress_thresh': 0.1, 'kernel_size': 256, 'strip_length': 5, 'memory_factor': 2, 'l2_ratio': 0.001, 'kernel_mean': 0.0, 'epochs_per_layer': 10, 'policy_seed': 134, 'num_layers': 4, 'lr': 0.01, 'max_epochs': 10000, 'lr_decay_epocs': 250, 'n_threads': 4, 'batch_size': 128, 'kernel_std': 0.5, 'hidden_units': 1024, 'lr_decay': 0.5, 'switch_policy': <class 'training.policy.CyclicPolicy'>}
INFO:validation.tuning:Obtained results {'val_loss': 1.1613774, 'epoch': 25, 'val_error': 0.35440343618392944, 'train_loss': 1.1435734, 'train_error': 0.33866453170776367}
INFO:validation.tuning:Finished evaluation on {'progress_thresh': 0.1, 'kernel_size': 64, 'strip_length': 5, 'memory_factor': 2, 'l2_ratio': 0.0001, 'kernel_mean': 0.0, 'epochs_per_layer': 25, 'policy_seed': 134, 'num_layers': 4, 'lr': 0.0001, 'max_epochs': 10000, 'lr_decay_epocs': 250, 'n_threads': 4, 'batch_size': 128, 'kernel_std': 1.0, 'hidden_units': 512, 'lr_decay': 0.5, 'switch_policy': <class 'training.policy.CyclicPolicy'>}
INFO:validation.tuning:Obtained results {'val_loss': 0.8137207, 'epoch': 35, 'val_error': 0.421875, 'train_loss': 0.36734661, 'train_error': 0.10767984390258789}
INFO:validation.tuning:Finished evaluation on {'progress_thresh': 0.1, 'kernel_size': 512, 'strip_length': 5, 'memory_factor': 2, 'l2_ratio': 0.01, 'kernel_mean': 0.0, 'epochs_per_layer': 50, 'policy_seed': 134, 'num_layers': 4, 'lr': 0.0001, 'max_epochs': 10000, 'lr_decay_epocs': 250, 'n_threads': 4, 'batch_size': 128, 'kernel_std': 0.25, 'hidden_units': 1024, 'lr_decay': 0.5, 'switch_policy': <class 'training.policy.CyclicPolicy'>}
INFO:validation.tuning:Obtained results {'val_loss': 0.36530179, 'epoch': 80, 'val_error': 0.13139206171035767, 'train_loss': 0.36845437, 'train_error': 0.1325913667678833}
INFO:validation.tuning:Finished evaluation on {'progress_thresh': 0.1, 'kernel_size': 256, 'strip_length': 5, 'memory_factor': 2, 'l2_ratio': 0, 'kernel_mean': 0.0, 'epochs_per_layer': 100, 'policy_seed': 134, 'num_layers': 4, 'lr': 0.001, 'max_epochs': 10000, 'lr_decay_epocs': 250, 'n_threads': 4, 'batch_size': 128, 'kernel_std': 0.25, 'hidden_units': 1024, 'lr_decay': 0.5, 'switch_policy': <class 'training.policy.CyclicPolicy'>}
INFO:validation.tuning:Obtained results {'val_loss': 0.36432973, 'epoch': 20, 'val_error': 0.15198862552642822, 'train_loss': 0.2751058, 'train_error': 0.10900646448135376}
INFO:validation.tuning:Finished evaluation on {'progress_thresh': 0.1, 'kernel_size': 128, 'strip_length': 5, 'memory_factor': 2, 'l2_ratio': 0.0001, 'kernel_mean': 0.0, 'epochs_per_layer': 100, 'policy_seed': 134, 'num_layers': 4, 'lr': 0.01, 'max_epochs': 10000, 'lr_decay_epocs': 250, 'n_threads': 4, 'batch_size': 128, 'kernel_std': 0.5, 'hidden_units': 512, 'lr_decay': 0.5, 'switch_policy': <class 'training.policy.CyclicPolicy'>}
INFO:validation.tuning:Obtained results {'val_loss': 0.99236846, 'epoch': 30, 'val_error': 0.32883524894714355, 'train_loss': 1.0027034, 'train_error': 0.35355246067047119}
INFO:validation.tuning:Finished evaluation on {'progress_thresh': 0.1, 'kernel_size': 256, 'strip_length': 5, 'memory_factor': 2, 'l2_ratio': 0.001, 'kernel_mean': 0.0, 'epochs_per_layer': 100, 'policy_seed': 134, 'num_layers': 4, 'lr': 0.01, 'max_epochs': 10000, 'lr_decay_epocs': 250, 'n_threads': 4, 'batch_size': 128, 'kernel_std': 0.1, 'hidden_units': 1024, 'lr_decay': 0.5, 'switch_policy': <class 'training.policy.CyclicPolicy'>}
INFO:validation.tuning:Obtained results {'val_loss': 0.68101716, 'epoch': 135, 'val_error': 0.14488637447357178, 'train_loss': 0.69632423, 'train_error': 0.14969044923782349}
INFO:validation.tuning:Finished evaluation on {'progress_thresh': 0.1, 'kernel_size': 64, 'strip_length': 5, 'memory_factor': 2, 'l2_ratio': 0.0001, 'kernel_mean': 0.0, 'epochs_per_layer': 10, 'policy_seed': 134, 'num_layers': 4, 'lr': 0.001, 'max_epochs': 10000, 'lr_decay_epocs': 250, 'n_threads': 4, 'batch_size': 128, 'kernel_std': 0.1, 'hidden_units': 2048, 'lr_decay': 0.5, 'switch_policy': <class 'training.policy.CyclicPolicy'>}
INFO:validation.tuning:Obtained results {'val_loss': 0.72140658, 'epoch': 10, 'val_error': 0.33806818723678589, 'train_loss': 0.7289179, 'train_error': 0.35274171829223633}
INFO:validation.tuning:Finished evaluation on {'progress_thresh': 0.1, 'kernel_size': 64, 'strip_length': 5, 'memory_factor': 2, 'l2_ratio': 0.001, 'kernel_mean': 0.0, 'epochs_per_layer': 50, 'policy_seed': 134, 'num_layers': 4, 'lr': 0.01, 'max_epochs': 10000, 'lr_decay_epocs': 250, 'n_threads': 4, 'batch_size': 128, 'kernel_std': 0.5, 'hidden_units': 2048, 'lr_decay': 0.5, 'switch_policy': <class 'training.policy.CyclicPolicy'>}
INFO:validation.tuning:Obtained results {'val_loss': 0.63744247, 'epoch': 200, 'val_error': 0.30965906381607056, 'train_loss': 0.66078925, 'train_error': 0.35620576143264771}
INFO:validation.tuning:Finished evaluation on {'progress_thresh': 0.1, 'kernel_size': 512, 'strip_length': 5, 'memory_factor': 2, 'l2_ratio': 0.0001, 'kernel_mean': 0.0, 'epochs_per_layer': 100, 'policy_seed': 134, 'num_layers': 4, 'lr': 0.001, 'max_epochs': 10000, 'lr_decay_epocs': 250, 'n_threads': 4, 'batch_size': 128, 'kernel_std': 0.01, 'hidden_units': 2048, 'lr_decay': 0.5, 'switch_policy': <class 'training.policy.CyclicPolicy'>}
INFO:validation.tuning:Obtained results {'val_loss': 0.33394751, 'epoch': 155, 'val_error': 0.12286931276321411, 'train_loss': 0.3237986, 'train_error': 0.12713736295700073}
INFO:validation.tuning:Using model {'progress_thresh': 0.1, 'kernel_size': 256, 'strip_length': 5, 'l2_ratio': 0.001, 'kernel_mean': 0.0, 'max_epochs': 40, 'batch_size': 128, 'kernel_std': 0.1, 'memory_factor': 2, 'hidden_units': 2048, 'epochs_per_layer': 25, 'policy_seed': 134, 'num_layers': 4, 'lr': 0.0001, 'lr_decay_epocs': 250, 'n_threads': 4, 'lr_decay': 0.5, 'switch_policy': <class 'training.policy.CyclicPolicy'>} for training with results {'val_loss': 0.74009871, 'epoch': 40, 'val_error': 0.10866475105285645, 'train_loss': 0.68412352, 'train_error': 0.090801894664764404}
INFO:validation.tuning:Running training [0] in magic/1516967451533
INFO:training.predict:Queue exhausted. Read all instances
INFO:validation.tuning:Training [0] got results {'time(s)': 19.988345861434937, 'train_l2': 0.44731691, 'train_loss': 0.6764068, 'train_error': 0.092690706253051758, 'loss': 2.5344815, 'error': 0.13196635246276855, 'l2': 2.2185514}
INFO:validation.tuning:Running training [1] in magic/1516967517506
INFO:training.predict:Queue exhausted. Read all instances
INFO:validation.tuning:Training [1] got results {'time(s)': 21.19631004333496, 'train_l2': 0.44030678, 'train_loss': 0.66386437, 'train_error': 0.088784456253051758, 'loss': 2.5122564, 'error': 0.1267087459564209, 'l2': 2.2002144}
INFO:validation.tuning:Running training [2] in magic/1516967584593
INFO:training.predict:Queue exhausted. Read all instances
INFO:validation.tuning:Training [2] got results {'time(s)': 21.36423897743225, 'train_l2': 0.43385836, 'train_loss': 0.6711818, 'train_error': 0.098781764507293701, 'loss': 2.5162413, 'error': 0.12460565567016602, 'l2': 2.2020206}
INFO:validation.tuning:Running training [3] in magic/1516967651774
INFO:training.predict:Queue exhausted. Read all instances
INFO:validation.tuning:Training [3] got results {'time(s)': 22.108853340148926, 'train_l2': 0.44282469, 'train_loss': 0.66638398, 'train_error': 0.091565132141113281, 'loss': 2.5198567, 'error': 0.11829650402069092, 'l2': 2.2141476}
INFO:validation.tuning:Running training [4] in magic/1516967719844
INFO:training.predict:Queue exhausted. Read all instances
INFO:validation.tuning:Training [4] got results {'time(s)': 21.314677000045776, 'train_l2': 0.44488093, 'train_loss': 0.67427337, 'train_error': 0.093087911605834961, 'loss': 2.5238459, 'error': 0.12197685241699219, 'l2': 2.2202687}
INFO:validation.tuning:Running training [5] in magic/1516967787091
INFO:training.predict:Queue exhausted. Read all instances
INFO:validation.tuning:Training [5] got results {'time(s)': 21.413434982299805, 'train_l2': 0.44448078, 'train_loss': 0.67776054, 'train_error': 0.096663117408752441, 'loss': 2.5517519, 'error': 0.133017897605896, 'l2': 2.2167735}
INFO:validation.tuning:Running training [6] in magic/1516967854468
INFO:training.predict:Queue exhausted. Read all instances
INFO:validation.tuning:Training [6] got results {'time(s)': 21.60018229484558, 'train_l2': 0.44067514, 'train_loss': 0.67017066, 'train_error': 0.09255826473236084, 'loss': 2.5264208, 'error': 0.12407994270324707, 'l2': 2.2090833}
INFO:validation.tuning:Running training [7] in magic/1516967922109
INFO:training.predict:Queue exhausted. Read all instances
INFO:validation.tuning:Training [7] got results {'time(s)': 21.415835857391357, 'train_l2': 0.43436226, 'train_loss': 0.66813093, 'train_error': 0.095802426338195801, 'loss': 2.4966421, 'error': 0.12355417013168335, 'l2': 2.1955111}
INFO:validation.tuning:Running training [8] in magic/1516967989410
INFO:training.predict:Queue exhausted. Read all instances
INFO:validation.tuning:Training [8] got results {'time(s)': 21.621882438659668, 'train_l2': 0.44143927, 'train_loss': 0.66999316, 'train_error': 0.093021690845489502, 'loss': 2.535908, 'error': 0.13564670085906982, 'l2': 2.2147729}
INFO:validation.tuning:Running training [9] in magic/1516968056919
INFO:training.predict:Queue exhausted. Read all instances
INFO:validation.tuning:Training [9] got results {'time(s)': 21.309444904327393, 'train_l2': 0.43881094, 'train_loss': 0.66233957, 'train_error': 0.090307176113128662, 'loss': 2.5076206, 'error': 0.1267087459564209, 'l2': 2.1961381}
INFO:__main__:time(s): 21.333321 +- 0.509781
INFO:__main__:train_l2: 0.440896 +- 0.004134
INFO:__main__:train_loss: 0.670051 +- 0.004836
INFO:__main__:train_error: 0.093326 +- 0.002846
INFO:__main__:loss: 2.522502 +- 0.014958
INFO:__main__:error: 0.126656 +- 0.005116
INFO:__main__:l2: 2.208748 +- 0.009006
