INFO:validation.tuning:Finished evaluation on {'max_epochs': 10000, 'kernel_std': 0.1, 'n_threads': 4, 'batch_size': 128, 'policy_seed': 410, 'lr': 0.001, 'progress_thresh': 0.1, 'memory_factor': 2, 'lr_decay': 0.5, 'layerwise_progress_thresh': 0.1, 'strip_length': 5, 'lr_decay_epocs': 250, 'l2_ratio': 0, 'num_layers': 2, 'kernel_mean': 0.0, 'kernel_size': 128, 'switch_policy': <class 'training.policy.CyclicPolicy'>, 'hidden_units': 1024}
INFO:validation.tuning:Obtained results {'val_error': 0.12286931276321411, 'train_loss': 0.14299715, 'train_error': 0.054834902286529541, 'val_loss': 0.36036655, 'switch_epochs': [55, 285, 355, 570], 'epoch': 220}
INFO:validation.tuning:Finished evaluation on {'max_epochs': 10000, 'kernel_std': 1.0, 'n_threads': 4, 'batch_size': 128, 'policy_seed': 410, 'lr': 0.01, 'progress_thresh': 0.1, 'memory_factor': 2, 'lr_decay': 0.5, 'layerwise_progress_thresh': 0.1, 'strip_length': 5, 'lr_decay_epocs': 250, 'l2_ratio': 0.001, 'num_layers': 2, 'kernel_mean': 0.0, 'kernel_size': 512, 'switch_policy': <class 'training.policy.CyclicPolicy'>, 'hidden_units': 512}
INFO:validation.tuning:Obtained results {'val_error': 0.29545456171035767, 'train_loss': 0.51965487, 'train_error': 0.23783904314041138, 'val_loss': 0.6033414, 'switch_epochs': [115, 285, 300, 375], 'epoch': 360}
INFO:validation.tuning:Finished evaluation on {'max_epochs': 10000, 'kernel_std': 0.1, 'n_threads': 4, 'batch_size': 128, 'policy_seed': 410, 'lr': 0.01, 'progress_thresh': 0.1, 'memory_factor': 2, 'lr_decay': 0.5, 'layerwise_progress_thresh': 0.1, 'strip_length': 5, 'lr_decay_epocs': 250, 'l2_ratio': 0.1, 'num_layers': 2, 'kernel_mean': 0.0, 'kernel_size': 256, 'switch_policy': <class 'training.policy.CyclicPolicy'>, 'hidden_units': 512}
INFO:validation.tuning:Obtained results {'val_error': 0.31178975105285645, 'train_loss': 0.64771396, 'train_error': 0.35023581981658936, 'val_loss': 0.62389815, 'switch_epochs': [735, 1270, 1540, 1575, 1605, 1895, 1955, 1995, 2585, 2755], 'epoch': 770}
INFO:validation.tuning:Finished evaluation on {'max_epochs': 10000, 'kernel_std': 1.0, 'n_threads': 4, 'batch_size': 128, 'policy_seed': 410, 'lr': 0.001, 'progress_thresh': 0.1, 'memory_factor': 2, 'lr_decay': 0.5, 'layerwise_progress_thresh': 0.1, 'strip_length': 5, 'lr_decay_epocs': 250, 'l2_ratio': 0.01, 'num_layers': 2, 'kernel_mean': 0.0, 'kernel_size': 128, 'switch_policy': <class 'training.policy.CyclicPolicy'>, 'hidden_units': 512}
INFO:validation.tuning:Obtained results {'val_error': 0.1640625, 'train_loss': 0.33756614, 'train_error': 0.071639180183410645, 'val_loss': 0.50945896, 'switch_epochs': [65, 320, 700, 770, 1355, 1475], 'epoch': 305}
INFO:validation.tuning:Finished evaluation on {'max_epochs': 10000, 'kernel_std': 0.25, 'n_threads': 4, 'batch_size': 128, 'policy_seed': 410, 'lr': 0.001, 'progress_thresh': 0.1, 'memory_factor': 2, 'lr_decay': 0.5, 'layerwise_progress_thresh': 0.1, 'strip_length': 5, 'lr_decay_epocs': 250, 'l2_ratio': 0.001, 'num_layers': 2, 'kernel_mean': 0.0, 'kernel_size': 256, 'switch_policy': <class 'training.policy.CyclicPolicy'>, 'hidden_units': 512}
INFO:validation.tuning:Obtained results {'val_error': 0.12002843618392944, 'train_loss': 0.2000304, 'train_error': 0.066848456859588623, 'val_loss': 0.34320959, 'switch_epochs': [60, 175, 285, 480], 'epoch': 160}
INFO:validation.tuning:Finished evaluation on {'max_epochs': 10000, 'kernel_std': 0.5, 'n_threads': 4, 'batch_size': 128, 'policy_seed': 410, 'lr': 0.01, 'progress_thresh': 0.1, 'memory_factor': 2, 'lr_decay': 0.5, 'layerwise_progress_thresh': 0.1, 'strip_length': 5, 'lr_decay_epocs': 250, 'l2_ratio': 0.1, 'num_layers': 2, 'kernel_mean': 0.0, 'kernel_size': 256, 'switch_policy': <class 'training.policy.CyclicPolicy'>, 'hidden_units': 1024}
INFO:validation.tuning:Obtained results {'val_error': 0.22088068723678589, 'train_loss': 0.71043521, 'train_error': 0.27026826143264771, 'val_loss': 0.67003244, 'switch_epochs': [175, 350, 380, 675], 'epoch': 60}
INFO:validation.tuning:Finished evaluation on {'max_epochs': 10000, 'kernel_std': 0.1, 'n_threads': 4, 'batch_size': 128, 'policy_seed': 410, 'lr': 0.0001, 'progress_thresh': 0.1, 'memory_factor': 2, 'lr_decay': 0.5, 'layerwise_progress_thresh': 0.1, 'strip_length': 5, 'lr_decay_epocs': 250, 'l2_ratio': 0.1, 'num_layers': 2, 'kernel_mean': 0.0, 'kernel_size': 512, 'switch_policy': <class 'training.policy.CyclicPolicy'>, 'hidden_units': 2048}
INFO:validation.tuning:Obtained results {'val_error': 0.19744318723678589, 'train_loss': 0.61026287, 'train_error': 0.21499115228652954, 'val_loss': 0.61042094, 'switch_epochs': [285, 335, 420, 470], 'epoch': 85}
INFO:validation.tuning:Finished evaluation on {'max_epochs': 10000, 'kernel_std': 0.5, 'n_threads': 4, 'batch_size': 128, 'policy_seed': 410, 'lr': 0.001, 'progress_thresh': 0.1, 'memory_factor': 2, 'lr_decay': 0.5, 'layerwise_progress_thresh': 0.1, 'strip_length': 5, 'lr_decay_epocs': 250, 'l2_ratio': 0.0001, 'num_layers': 2, 'kernel_mean': 0.0, 'kernel_size': 512, 'switch_policy': <class 'training.policy.CyclicPolicy'>, 'hidden_units': 512}
INFO:validation.tuning:Obtained results {'val_error': 0.13565343618392944, 'train_loss': 0.079275638, 'train_error': 0.0041273832321166992, 'val_loss': 0.47589236, 'switch_epochs': [365, 370, 385, 390, 395, 400], 'epoch': 35}
INFO:validation.tuning:Finished evaluation on {'max_epochs': 10000, 'kernel_std': 0.1, 'n_threads': 4, 'batch_size': 128, 'policy_seed': 410, 'lr': 0.01, 'progress_thresh': 0.1, 'memory_factor': 2, 'lr_decay': 0.5, 'layerwise_progress_thresh': 0.1, 'strip_length': 5, 'lr_decay_epocs': 250, 'l2_ratio': 0, 'num_layers': 2, 'kernel_mean': 0.0, 'kernel_size': 512, 'switch_policy': <class 'training.policy.CyclicPolicy'>, 'hidden_units': 1024}
INFO:validation.tuning:Obtained results {'val_error': 0.31960225105285645, 'train_loss': 0.65030003, 'train_error': 0.3506043553352356, 'val_loss': 0.63154149, 'switch_epochs': [730, 755, 775, 1365], 'epoch': 405}
INFO:validation.tuning:Finished evaluation on {'max_epochs': 10000, 'kernel_std': 0.01, 'n_threads': 4, 'batch_size': 128, 'policy_seed': 410, 'lr': 0.001, 'progress_thresh': 0.1, 'memory_factor': 2, 'lr_decay': 0.5, 'layerwise_progress_thresh': 0.1, 'strip_length': 5, 'lr_decay_epocs': 250, 'l2_ratio': 0.001, 'num_layers': 2, 'kernel_mean': 0.0, 'kernel_size': 256, 'switch_policy': <class 'training.policy.CyclicPolicy'>, 'hidden_units': 1024}
INFO:validation.tuning:Obtained results {'val_error': 0.11789774894714355, 'train_loss': 0.37654373, 'train_error': 0.13951945304870605, 'val_loss': 0.34224093, 'switch_epochs': [280, 600, 720, 785, 1230, 1300], 'epoch': 1055}
INFO:validation.tuning:Finished evaluation on {'max_epochs': 10000, 'kernel_std': 0.25, 'n_threads': 4, 'batch_size': 128, 'policy_seed': 410, 'lr': 0.01, 'progress_thresh': 0.1, 'memory_factor': 2, 'lr_decay': 0.5, 'layerwise_progress_thresh': 0.1, 'strip_length': 5, 'lr_decay_epocs': 250, 'l2_ratio': 0.01, 'num_layers': 2, 'kernel_mean': 0.0, 'kernel_size': 512, 'switch_policy': <class 'training.policy.CyclicPolicy'>, 'hidden_units': 2048}
INFO:validation.tuning:Obtained results {'val_error': 0.12357956171035767, 'train_loss': 0.47925273, 'train_error': 0.17357015609741211, 'val_loss': 0.44543096, 'switch_epochs': [120, 200, 325, 790, 900, 1065, 1200, 1485], 'epoch': 610}
INFO:validation.tuning:Finished evaluation on {'max_epochs': 10000, 'kernel_std': 0.01, 'n_threads': 4, 'batch_size': 128, 'policy_seed': 410, 'lr': 0.0001, 'progress_thresh': 0.1, 'memory_factor': 2, 'lr_decay': 0.5, 'layerwise_progress_thresh': 0.1, 'strip_length': 5, 'lr_decay_epocs': 250, 'l2_ratio': 0.1, 'num_layers': 2, 'kernel_mean': 0.0, 'kernel_size': 64, 'switch_policy': <class 'training.policy.CyclicPolicy'>, 'hidden_units': 2048}
INFO:validation.tuning:Obtained results {'val_error': 0.21448862552642822, 'train_loss': 0.60753763, 'train_error': 0.25339031219482422, 'val_loss': 0.59321427, 'switch_epochs': [305, 325, 810, 980], 'epoch': 80}
INFO:validation.tuning:Finished evaluation on {'max_epochs': 10000, 'kernel_std': 0.25, 'n_threads': 4, 'batch_size': 128, 'policy_seed': 410, 'lr': 0.0001, 'progress_thresh': 0.1, 'memory_factor': 2, 'lr_decay': 0.5, 'layerwise_progress_thresh': 0.1, 'strip_length': 5, 'lr_decay_epocs': 250, 'l2_ratio': 0, 'num_layers': 2, 'kernel_mean': 0.0, 'kernel_size': 128, 'switch_policy': <class 'training.policy.CyclicPolicy'>, 'hidden_units': 2048}
INFO:validation.tuning:Obtained results {'val_error': 0.14914774894714355, 'train_loss': 0.24212404, 'train_error': 0.086969316005706787, 'val_loss': 0.35143673, 'switch_epochs': [175, 180, 185, 190], 'epoch': 15}
INFO:validation.tuning:Finished evaluation on {'max_epochs': 10000, 'kernel_std': 1.0, 'n_threads': 4, 'batch_size': 128, 'policy_seed': 410, 'lr': 0.001, 'progress_thresh': 0.1, 'memory_factor': 2, 'lr_decay': 0.5, 'layerwise_progress_thresh': 0.1, 'strip_length': 5, 'lr_decay_epocs': 250, 'l2_ratio': 0, 'num_layers': 2, 'kernel_mean': 0.0, 'kernel_size': 256, 'switch_policy': <class 'training.policy.CyclicPolicy'>, 'hidden_units': 1024}
INFO:validation.tuning:Obtained results {'val_error': 0.25071024894714355, 'train_loss': 0.17222765, 'train_error': 0.035966992378234863, 'val_loss': 0.52275461, 'switch_epochs': [25, 30], 'epoch': 5}
INFO:validation.tuning:Finished evaluation on {'max_epochs': 10000, 'kernel_std': 0.25, 'n_threads': 4, 'batch_size': 128, 'policy_seed': 410, 'lr': 0.0001, 'progress_thresh': 0.1, 'memory_factor': 2, 'lr_decay': 0.5, 'layerwise_progress_thresh': 0.1, 'strip_length': 5, 'lr_decay_epocs': 250, 'l2_ratio': 0.1, 'num_layers': 2, 'kernel_mean': 0.0, 'kernel_size': 256, 'switch_policy': <class 'training.policy.CyclicPolicy'>, 'hidden_units': 2048}
INFO:validation.tuning:Obtained results {'val_error': 0.16903406381607056, 'train_loss': 0.52706474, 'train_error': 0.17290681600570679, 'val_loss': 0.52751809, 'switch_epochs': [320, 335, 350, 1125], 'epoch': 85}
INFO:validation.tuning:Finished evaluation on {'max_epochs': 10000, 'kernel_std': 0.1, 'n_threads': 4, 'batch_size': 128, 'policy_seed': 410, 'lr': 0.0001, 'progress_thresh': 0.1, 'memory_factor': 2, 'lr_decay': 0.5, 'layerwise_progress_thresh': 0.1, 'strip_length': 5, 'lr_decay_epocs': 250, 'l2_ratio': 0.0001, 'num_layers': 2, 'kernel_mean': 0.0, 'kernel_size': 64, 'switch_policy': <class 'training.policy.CyclicPolicy'>, 'hidden_units': 2048}
INFO:validation.tuning:Obtained results {'val_error': 0.13352274894714355, 'train_loss': 0.3013829, 'train_error': 0.087927460670471191, 'val_loss': 0.40732631, 'switch_epochs': [140, 290, 560, 750], 'epoch': 70}
INFO:validation.tuning:Finished evaluation on {'max_epochs': 10000, 'kernel_std': 0.25, 'n_threads': 4, 'batch_size': 128, 'policy_seed': 410, 'lr': 0.01, 'progress_thresh': 0.1, 'memory_factor': 2, 'lr_decay': 0.5, 'layerwise_progress_thresh': 0.1, 'strip_length': 5, 'lr_decay_epocs': 250, 'l2_ratio': 0.0001, 'num_layers': 2, 'kernel_mean': 0.0, 'kernel_size': 128, 'switch_policy': <class 'training.policy.CyclicPolicy'>, 'hidden_units': 2048}
INFO:validation.tuning:Obtained results {'val_error': 0.31534093618392944, 'train_loss': 0.7922408, 'train_error': 0.34868806600570679, 'val_loss': 0.77997071, 'switch_epochs': [240, 260, 460, 500, 780, 825], 'epoch': 720}
INFO:validation.tuning:Finished evaluation on {'max_epochs': 10000, 'kernel_std': 0.1, 'n_threads': 4, 'batch_size': 128, 'policy_seed': 410, 'lr': 0.0001, 'progress_thresh': 0.1, 'memory_factor': 2, 'lr_decay': 0.5, 'layerwise_progress_thresh': 0.1, 'strip_length': 5, 'lr_decay_epocs': 250, 'l2_ratio': 0.001, 'num_layers': 2, 'kernel_mean': 0.0, 'kernel_size': 512, 'switch_policy': <class 'training.policy.CyclicPolicy'>, 'hidden_units': 1024}
INFO:validation.tuning:Obtained results {'val_error': 0.11221593618392944, 'train_loss': 0.28857791, 'train_error': 0.095739960670471191, 'val_loss': 0.3306317, 'switch_epochs': [185, 225, 390, 700], 'epoch': 375}
INFO:validation.tuning:Finished evaluation on {'max_epochs': 10000, 'kernel_std': 0.25, 'n_threads': 4, 'batch_size': 128, 'policy_seed': 410, 'lr': 0.0001, 'progress_thresh': 0.1, 'memory_factor': 2, 'lr_decay': 0.5, 'layerwise_progress_thresh': 0.1, 'strip_length': 5, 'lr_decay_epocs': 250, 'l2_ratio': 0.1, 'num_layers': 2, 'kernel_mean': 0.0, 'kernel_size': 256, 'switch_policy': <class 'training.policy.CyclicPolicy'>, 'hidden_units': 2048}
INFO:validation.tuning:Obtained results {'val_error': 0.15980112552642822, 'train_loss': 0.52180684, 'train_error': 0.17143279314041138, 'val_loss': 0.53314763, 'switch_epochs': [135, 155, 180, 210], 'epoch': 90}
INFO:validation.tuning:Finished evaluation on {'max_epochs': 10000, 'kernel_std': 0.1, 'n_threads': 4, 'batch_size': 128, 'policy_seed': 410, 'lr': 0.001, 'progress_thresh': 0.1, 'memory_factor': 2, 'lr_decay': 0.5, 'layerwise_progress_thresh': 0.1, 'strip_length': 5, 'lr_decay_epocs': 250, 'l2_ratio': 0.0001, 'num_layers': 2, 'kernel_mean': 0.0, 'kernel_size': 512, 'switch_policy': <class 'training.policy.CyclicPolicy'>, 'hidden_units': 2048}
INFO:validation.tuning:Obtained results {'val_error': 0.13068181276321411, 'train_loss': 0.43129805, 'train_error': 0.11070168018341064, 'val_loss': 0.50541669, 'switch_epochs': [20, 185, 315, 460, 600, 1005, 1020, 1025], 'epoch': 300}
INFO:validation.tuning:Finished evaluation on {'max_epochs': 10000, 'kernel_std': 0.5, 'n_threads': 4, 'batch_size': 128, 'policy_seed': 410, 'lr': 0.0001, 'progress_thresh': 0.1, 'memory_factor': 2, 'lr_decay': 0.5, 'layerwise_progress_thresh': 0.1, 'strip_length': 5, 'lr_decay_epocs': 250, 'l2_ratio': 0.01, 'num_layers': 2, 'kernel_mean': 0.0, 'kernel_size': 256, 'switch_policy': <class 'training.policy.CyclicPolicy'>, 'hidden_units': 512}
INFO:validation.tuning:Obtained results {'val_error': 0.1328125, 'train_loss': 0.39358142, 'train_error': 0.1286851167678833, 'val_loss': 0.42574361, 'switch_epochs': [175, 465, 485, 800, 890, 2045, 2110, 2285], 'epoch': 1425}
INFO:validation.tuning:Finished evaluation on {'max_epochs': 10000, 'kernel_std': 1.0, 'n_threads': 4, 'batch_size': 128, 'policy_seed': 410, 'lr': 0.0001, 'progress_thresh': 0.1, 'memory_factor': 2, 'lr_decay': 0.5, 'layerwise_progress_thresh': 0.1, 'strip_length': 5, 'lr_decay_epocs': 250, 'l2_ratio': 0.0001, 'num_layers': 2, 'kernel_mean': 0.0, 'kernel_size': 64, 'switch_policy': <class 'training.policy.CyclicPolicy'>, 'hidden_units': 512}
INFO:validation.tuning:Obtained results {'val_error': 0.30326706171035767, 'train_loss': 0.42608798, 'train_error': 0.16362029314041138, 'val_loss': 0.59688288, 'switch_epochs': [430, 515, 520, 525], 'epoch': 40}
INFO:validation.tuning:Finished evaluation on {'max_epochs': 10000, 'kernel_std': 1.0, 'n_threads': 4, 'batch_size': 128, 'policy_seed': 410, 'lr': 0.01, 'progress_thresh': 0.1, 'memory_factor': 2, 'lr_decay': 0.5, 'layerwise_progress_thresh': 0.1, 'strip_length': 5, 'lr_decay_epocs': 250, 'l2_ratio': 0.1, 'num_layers': 2, 'kernel_mean': 0.0, 'kernel_size': 128, 'switch_policy': <class 'training.policy.CyclicPolicy'>, 'hidden_units': 2048}
INFO:validation.tuning:Obtained results {'val_error': 0.30610793828964233, 'train_loss': 1.4106507, 'train_error': 0.34146523475646973, 'val_loss': 1.324833, 'switch_epochs': [215, 285, 310, 575], 'epoch': 20}
INFO:validation.tuning:Finished evaluation on {'max_epochs': 10000, 'kernel_std': 0.1, 'n_threads': 4, 'batch_size': 128, 'policy_seed': 410, 'lr': 0.001, 'progress_thresh': 0.1, 'memory_factor': 2, 'lr_decay': 0.5, 'layerwise_progress_thresh': 0.1, 'strip_length': 5, 'lr_decay_epocs': 250, 'l2_ratio': 0.1, 'num_layers': 2, 'kernel_mean': 0.0, 'kernel_size': 512, 'switch_policy': <class 'training.policy.CyclicPolicy'>, 'hidden_units': 2048}
INFO:validation.tuning:Obtained results {'val_error': 0.17826706171035767, 'train_loss': 0.6215573, 'train_error': 0.22523581981658936, 'val_loss': 0.58779258, 'switch_epochs': [95, 270, 375, 425], 'epoch': 50}
INFO:validation.tuning:Finished evaluation on {'max_epochs': 10000, 'kernel_std': 0.1, 'n_threads': 4, 'batch_size': 128, 'policy_seed': 410, 'lr': 0.0001, 'progress_thresh': 0.1, 'memory_factor': 2, 'lr_decay': 0.5, 'layerwise_progress_thresh': 0.1, 'strip_length': 5, 'lr_decay_epocs': 250, 'l2_ratio': 0.0001, 'num_layers': 2, 'kernel_mean': 0.0, 'kernel_size': 128, 'switch_policy': <class 'training.policy.CyclicPolicy'>, 'hidden_units': 2048}
INFO:validation.tuning:Obtained results {'val_error': 0.12286931276321411, 'train_loss': 0.264801, 'train_error': 0.075103163719177246, 'val_loss': 0.39173299, 'switch_epochs': [150, 235, 290, 340], 'epoch': 75}
INFO:validation.tuning:Using model {'max_epochs': 375, 'kernel_std': 0.1, 'n_threads': 4, 'policy_seed': 410, 'progress_thresh': 0.1, 'memory_factor': 2, 'strip_length': 5, 'l2_ratio': 0.001, 'kernel_size': 512, 'switch_policy': <class 'training.policy.CyclicPolicy'>, 'hidden_units': 1024, 'batch_size': 128, 'switch_epochs': [185, 225, 390, 700], 'lr': 0.0001, 'lr_decay_epocs': 250, 'lr_decay': 0.5, 'layerwise_progress_thresh': 0.1, 'num_layers': 2, 'kernel_mean': 0.0} for training with results {'val_error': 0.11221593618392944, 'train_loss': 0.28857791, 'train_error': 0.095739960670471191, 'val_loss': 0.3306317, 'switch_epochs': [185, 225, 390, 700], 'epoch': 375}
INFO:validation.tuning:Running training [0] in magic/1516898700450
INFO:training.predict:Queue exhausted. Read all instances
INFO:validation.tuning:Training [0] got results {'loss': 0.35654369, 'l2': 0.061290376, 'train_loss': 0.29735783, 'train_error': 0.1015625, 'time(s)': 157.1642017364502, 'error': 0.11987382173538208, 'train_l2': 0.047912624}
INFO:validation.tuning:Running training [1] in magic/1516898898850
INFO:training.predict:Queue exhausted. Read all instances
INFO:validation.tuning:Training [1] got results {'loss': 0.35257098, 'l2': 0.061561052, 'train_loss': 0.29403242, 'train_error': 0.099576294422149658, 'time(s)': 158.5564739704132, 'error': 0.12355417013168335, 'train_l2': 0.048524898}
INFO:validation.tuning:Running training [2] in magic/1516899098719
INFO:training.predict:Queue exhausted. Read all instances
INFO:validation.tuning:Training [2] got results {'loss': 0.36165884, 'l2': 0.059770882, 'train_loss': 0.29794016, 'train_error': 0.10381358861923218, 'time(s)': 158.09363460540771, 'error': 0.12145107984542847, 'train_l2': 0.047390517}
INFO:validation.tuning:Running training [3] in magic/1516899298107
INFO:training.predict:Queue exhausted. Read all instances
INFO:validation.tuning:Training [3] got results {'loss': 0.34551579, 'l2': 0.059660252, 'train_loss': 0.3027685, 'train_error': 0.10407841205596924, 'time(s)': 158.06300616264343, 'error': 0.11882227659225464, 'train_l2': 0.047002904}
INFO:validation.tuning:Running training [4] in magic/1516899497591
INFO:training.predict:Queue exhausted. Read all instances
INFO:validation.tuning:Training [4] got results {'loss': 0.34825775, 'l2': 0.058870926, 'train_loss': 0.29583865, 'train_error': 0.10050320625305176, 'time(s)': 158.14775490760803, 'error': 0.11619347333908081, 'train_l2': 0.046741109}
INFO:validation.tuning:Running training [5] in magic/1516899697064
INFO:training.predict:Queue exhausted. Read all instances
INFO:validation.tuning:Training [5] got results {'loss': 0.37381718, 'l2': 0.061223034, 'train_loss': 0.29627281, 'train_error': 0.098119676113128662, 'time(s)': 157.528954744339, 'error': 0.12828600406646729, 'train_l2': 0.048611026}
INFO:validation.tuning:Running training [6] in magic/1516899895869
INFO:training.predict:Queue exhausted. Read all instances
INFO:validation.tuning:Training [6] got results {'loss': 0.38086072, 'l2': 0.061895426, 'train_loss': 0.2942431, 'train_error': 0.1015625, 'time(s)': 159.4442081451416, 'error': 0.12986332178115845, 'train_l2': 0.048625935}
INFO:validation.tuning:Running training [7] in magic/1516900096614
INFO:training.predict:Queue exhausted. Read all instances
INFO:validation.tuning:Training [7] got results {'loss': 0.35888171, 'l2': 0.06106345, 'train_loss': 0.29881233, 'train_error': 0.10354870557785034, 'time(s)': 158.0923261642456, 'error': 0.12565720081329346, 'train_l2': 0.04832131}
INFO:validation.tuning:Running training [8] in magic/1516900296073
INFO:training.predict:Queue exhausted. Read all instances
INFO:validation.tuning:Training [8] got results {'loss': 0.36228862, 'l2': 0.061299857, 'train_loss': 0.29466772, 'train_error': 0.099245250225067139, 'time(s)': 158.24169063568115, 'error': 0.12250262498855591, 'train_l2': 0.048685651}
INFO:validation.tuning:Running training [9] in magic/1516900495617
INFO:training.predict:Queue exhausted. Read all instances
INFO:validation.tuning:Training [9] got results {'loss': 0.36863691, 'l2': 0.062455844, 'train_loss': 0.30255753, 'train_error': 0.10460805892944336, 'time(s)': 158.4835638999939, 'error': 0.12881177663803101, 'train_l2': 0.049286678}
loss: 0.360903 +- 0.010567
l2: 0.060909 +- 0.001059
train_loss: 0.297449 +- 0.003003
train_error: 0.101662 +- 0.002164
time(s): 158.181581 +- 0.576322
error: 0.123502 +- 0.004357
train_l2: 0.048110 +- 0.000781
