INFO:validation.tuning:Finished evaluation on {'progress_thresh': 0.1, 'kernel_std': 0.1, 'switch_policy': <class 'training.policy.CyclicPolicy'>, 'l2_ratio': 0.0001, 'lr_decay': 0.5, 'max_epochs': 10000, 'layerwise_progress_thresh': 0.1, 'batch_size': 128, 'n_threads': 4, 'policy_seed': 877, 'hidden_units': 1024, 'lr': 0.01, 'kernel_size': 512, 'kernel_mean': 0.0, 'lr_decay_epocs': 250, 'memory_factor': 2, 'strip_length': 5, 'num_layers': 3}
INFO:validation.tuning:Obtained results {'train_loss': 0.91616845, 'epoch': 730, 'train_error': 0.34898293018341064, 'val_loss': 0.9284696, 'val_error': 0.35440343618392944, 'switch_epochs': [160, 240, 280, 835, 850, 1050]}
INFO:validation.tuning:Finished evaluation on {'progress_thresh': 0.1, 'kernel_std': 1.0, 'switch_policy': <class 'training.policy.CyclicPolicy'>, 'l2_ratio': 0.01, 'lr_decay': 0.5, 'max_epochs': 10000, 'layerwise_progress_thresh': 0.1, 'batch_size': 128, 'n_threads': 4, 'policy_seed': 877, 'hidden_units': 1024, 'lr': 0.001, 'kernel_size': 64, 'kernel_mean': 0.0, 'lr_decay_epocs': 250, 'memory_factor': 2, 'strip_length': 5, 'num_layers': 3}
INFO:validation.tuning:Obtained results {'train_loss': 0.33741063, 'epoch': 1200, 'train_error': 0.081146836280822754, 'val_loss': 0.64453274, 'val_error': 0.23153406381607056, 'switch_epochs': [55, 70, 145, 665, 1000, 1265, 1370, 1505, 1705, 1840, 1865, 2100]}
INFO:validation.tuning:Finished evaluation on {'progress_thresh': 0.1, 'kernel_std': 0.25, 'switch_policy': <class 'training.policy.CyclicPolicy'>, 'l2_ratio': 0, 'lr_decay': 0.5, 'max_epochs': 10000, 'layerwise_progress_thresh': 0.1, 'batch_size': 128, 'n_threads': 4, 'policy_seed': 877, 'hidden_units': 512, 'lr': 0.0001, 'kernel_size': 256, 'kernel_mean': 0.0, 'lr_decay_epocs': 250, 'memory_factor': 2, 'strip_length': 5, 'num_layers': 3}
INFO:validation.tuning:Obtained results {'train_loss': 0.25842533, 'epoch': 40, 'train_error': 0.10075175762176514, 'val_loss': 0.30339268, 'val_error': 0.11789774894714355, 'switch_epochs': [55, 260, 265]}
INFO:validation.tuning:Finished evaluation on {'progress_thresh': 0.1, 'kernel_std': 0.1, 'switch_policy': <class 'training.policy.CyclicPolicy'>, 'l2_ratio': 0.01, 'lr_decay': 0.5, 'max_epochs': 10000, 'layerwise_progress_thresh': 0.1, 'batch_size': 128, 'n_threads': 4, 'policy_seed': 877, 'hidden_units': 512, 'lr': 0.001, 'kernel_size': 256, 'kernel_mean': 0.0, 'lr_decay_epocs': 250, 'memory_factor': 2, 'strip_length': 5, 'num_layers': 3}
INFO:validation.tuning:Obtained results {'train_loss': 0.38358858, 'epoch': 1145, 'train_error': 0.13546580076217651, 'val_loss': 0.3693566, 'val_error': 0.12002843618392944, 'switch_epochs': [205, 260, 285, 380, 415, 495, 1080, 1195, 1250]}
INFO:validation.tuning:Finished evaluation on {'progress_thresh': 0.1, 'kernel_std': 0.25, 'switch_policy': <class 'training.policy.CyclicPolicy'>, 'l2_ratio': 0.1, 'lr_decay': 0.5, 'max_epochs': 10000, 'layerwise_progress_thresh': 0.1, 'batch_size': 128, 'n_threads': 4, 'policy_seed': 877, 'hidden_units': 2048, 'lr': 0.0001, 'kernel_size': 512, 'kernel_mean': 0.0, 'lr_decay_epocs': 250, 'memory_factor': 2, 'strip_length': 5, 'num_layers': 3}
INFO:validation.tuning:Obtained results {'train_loss': 0.53900397, 'epoch': 135, 'train_error': 0.16465210914611816, 'val_loss': 0.50290614, 'val_error': 0.11789774894714355, 'switch_epochs': [150, 550, 585, 610, 1000, 1105]}
INFO:validation.tuning:Finished evaluation on {'progress_thresh': 0.1, 'kernel_std': 0.1, 'switch_policy': <class 'training.policy.CyclicPolicy'>, 'l2_ratio': 0, 'lr_decay': 0.5, 'max_epochs': 10000, 'layerwise_progress_thresh': 0.1, 'batch_size': 128, 'n_threads': 4, 'policy_seed': 877, 'hidden_units': 1024, 'lr': 0.0001, 'kernel_size': 64, 'kernel_mean': 0.0, 'lr_decay_epocs': 250, 'memory_factor': 2, 'strip_length': 5, 'num_layers': 3}
INFO:validation.tuning:Obtained results {'train_loss': 0.23141338, 'epoch': 65, 'train_error': 0.092275917530059814, 'val_loss': 0.32632503, 'val_error': 0.12428975105285645, 'switch_epochs': [285, 425, 470, 565, 750, 760]}
INFO:validation.tuning:Finished evaluation on {'progress_thresh': 0.1, 'kernel_std': 0.01, 'switch_policy': <class 'training.policy.CyclicPolicy'>, 'l2_ratio': 0.01, 'lr_decay': 0.5, 'max_epochs': 10000, 'layerwise_progress_thresh': 0.1, 'batch_size': 128, 'n_threads': 4, 'policy_seed': 877, 'hidden_units': 1024, 'lr': 0.001, 'kernel_size': 256, 'kernel_mean': 0.0, 'lr_decay_epocs': 250, 'memory_factor': 2, 'strip_length': 5, 'num_layers': 3}
INFO:validation.tuning:Obtained results {'train_loss': 0.55091506, 'epoch': 690, 'train_error': 0.22015035152435303, 'val_loss': 0.55760771, 'val_error': 0.21022725105285645, 'switch_epochs': [345, 460, 615, 730, 850, 960, 1025, 1070, 1155]}
INFO:validation.tuning:Finished evaluation on {'progress_thresh': 0.1, 'kernel_std': 0.5, 'switch_policy': <class 'training.policy.CyclicPolicy'>, 'l2_ratio': 0, 'lr_decay': 0.5, 'max_epochs': 10000, 'layerwise_progress_thresh': 0.1, 'batch_size': 128, 'n_threads': 4, 'policy_seed': 877, 'hidden_units': 512, 'lr': 0.01, 'kernel_size': 512, 'kernel_mean': 0.0, 'lr_decay_epocs': 250, 'memory_factor': 2, 'strip_length': 5, 'num_layers': 3}
INFO:validation.tuning:Obtained results {'train_loss': 0.65707707, 'epoch': 515, 'train_error': 0.35384726524353027, 'val_loss': 0.63362271, 'val_error': 0.32315343618392944, 'switch_epochs': [285, 410, 475, 810, 865, 900, 1020, 1030, 1035]}
INFO:validation.tuning:Finished evaluation on {'progress_thresh': 0.1, 'kernel_std': 0.5, 'switch_policy': <class 'training.policy.CyclicPolicy'>, 'l2_ratio': 0.1, 'lr_decay': 0.5, 'max_epochs': 10000, 'layerwise_progress_thresh': 0.1, 'batch_size': 128, 'n_threads': 4, 'policy_seed': 877, 'hidden_units': 2048, 'lr': 0.0001, 'kernel_size': 256, 'kernel_mean': 0.0, 'lr_decay_epocs': 250, 'memory_factor': 2, 'strip_length': 5, 'num_layers': 3}
INFO:validation.tuning:Obtained results {'train_loss': 0.46866208, 'epoch': 35, 'train_error': 0.14902710914611816, 'val_loss': 0.45382118, 'val_error': 0.13068181276321411, 'switch_epochs': [75, 175, 335, 410, 435, 545]}
INFO:validation.tuning:Finished evaluation on {'progress_thresh': 0.1, 'kernel_std': 0.01, 'switch_policy': <class 'training.policy.CyclicPolicy'>, 'l2_ratio': 0, 'lr_decay': 0.5, 'max_epochs': 10000, 'layerwise_progress_thresh': 0.1, 'batch_size': 128, 'n_threads': 4, 'policy_seed': 877, 'hidden_units': 2048, 'lr': 0.0001, 'kernel_size': 64, 'kernel_mean': 0.0, 'lr_decay_epocs': 250, 'memory_factor': 2, 'strip_length': 5, 'num_layers': 3}
INFO:validation.tuning:Obtained results {'train_loss': 0.24119177, 'epoch': 675, 'train_error': 0.096698105335235596, 'val_loss': 0.28641242, 'val_error': 0.1015625, 'switch_epochs': [445, 690, 1580, 1615, 1750, 1835]}
INFO:validation.tuning:Finished evaluation on {'progress_thresh': 0.1, 'kernel_std': 0.25, 'switch_policy': <class 'training.policy.CyclicPolicy'>, 'l2_ratio': 0.1, 'lr_decay': 0.5, 'max_epochs': 10000, 'layerwise_progress_thresh': 0.1, 'batch_size': 128, 'n_threads': 4, 'policy_seed': 877, 'hidden_units': 2048, 'lr': 0.0001, 'kernel_size': 512, 'kernel_mean': 0.0, 'lr_decay_epocs': 250, 'memory_factor': 2, 'strip_length': 5, 'num_layers': 3}
INFO:validation.tuning:Obtained results {'train_loss': 0.53290927, 'epoch': 55, 'train_error': 0.16583138704299927, 'val_loss': 0.50767756, 'val_error': 0.14346593618392944, 'switch_epochs': [135, 200, 335, 360, 460, 515]}
INFO:validation.tuning:Finished evaluation on {'progress_thresh': 0.1, 'kernel_std': 0.25, 'switch_policy': <class 'training.policy.CyclicPolicy'>, 'l2_ratio': 0.1, 'lr_decay': 0.5, 'max_epochs': 10000, 'layerwise_progress_thresh': 0.1, 'batch_size': 128, 'n_threads': 4, 'policy_seed': 877, 'hidden_units': 512, 'lr': 0.001, 'kernel_size': 256, 'kernel_mean': 0.0, 'lr_decay_epocs': 250, 'memory_factor': 2, 'strip_length': 5, 'num_layers': 3}
INFO:validation.tuning:Obtained results {'train_loss': 0.60373133, 'epoch': 120, 'train_error': 0.22280365228652954, 'val_loss': 0.59165037, 'val_error': 0.1875, 'switch_epochs': [90, 150, 285, 585, 790, 1045, 1230, 1305, 1345]}
INFO:validation.tuning:Finished evaluation on {'progress_thresh': 0.1, 'kernel_std': 1.0, 'switch_policy': <class 'training.policy.CyclicPolicy'>, 'l2_ratio': 0.01, 'lr_decay': 0.5, 'max_epochs': 10000, 'layerwise_progress_thresh': 0.1, 'batch_size': 128, 'n_threads': 4, 'policy_seed': 877, 'hidden_units': 1024, 'lr': 0.01, 'kernel_size': 256, 'kernel_mean': 0.0, 'lr_decay_epocs': 250, 'memory_factor': 2, 'strip_length': 5, 'num_layers': 3}
INFO:validation.tuning:Obtained results {'train_loss': 0.50181937, 'epoch': 1525, 'train_error': 0.10023581981658936, 'val_loss': 0.6405707, 'val_error': 0.15056818723678589, 'switch_epochs': [790, 810, 895, 990, 1040, 1340, 1820, 1935, 2045, 2085, 2120, 2150]}
INFO:validation.tuning:Finished evaluation on {'progress_thresh': 0.1, 'kernel_std': 0.01, 'switch_policy': <class 'training.policy.CyclicPolicy'>, 'l2_ratio': 0.0001, 'lr_decay': 0.5, 'max_epochs': 10000, 'layerwise_progress_thresh': 0.1, 'batch_size': 128, 'n_threads': 4, 'policy_seed': 877, 'hidden_units': 1024, 'lr': 0.001, 'kernel_size': 128, 'kernel_mean': 0.0, 'lr_decay_epocs': 250, 'memory_factor': 2, 'strip_length': 5, 'num_layers': 3}
INFO:validation.tuning:Obtained results {'train_loss': 0.27950826, 'epoch': 445, 'train_error': 0.11512380838394165, 'val_loss': 0.2546652, 'val_error': 0.098011374473571777, 'switch_epochs': [95, 115, 180, 210, 435, 745, 935, 1010, 1040]}
INFO:validation.tuning:Finished evaluation on {'progress_thresh': 0.1, 'kernel_std': 0.5, 'switch_policy': <class 'training.policy.CyclicPolicy'>, 'l2_ratio': 0, 'lr_decay': 0.5, 'max_epochs': 10000, 'layerwise_progress_thresh': 0.1, 'batch_size': 128, 'n_threads': 4, 'policy_seed': 877, 'hidden_units': 1024, 'lr': 0.01, 'kernel_size': 128, 'kernel_mean': 0.0, 'lr_decay_epocs': 250, 'memory_factor': 2, 'strip_length': 5, 'num_layers': 3}
INFO:validation.tuning:Obtained results {'train_loss': 0.64795536, 'epoch': 720, 'train_error': 0.3506043553352356, 'val_loss': 0.65714127, 'val_error': 0.34943181276321411, 'switch_epochs': [145, 210, 235, 535, 745, 945]}
INFO:validation.tuning:Finished evaluation on {'progress_thresh': 0.1, 'kernel_std': 0.1, 'switch_policy': <class 'training.policy.CyclicPolicy'>, 'l2_ratio': 0.001, 'lr_decay': 0.5, 'max_epochs': 10000, 'layerwise_progress_thresh': 0.1, 'batch_size': 128, 'n_threads': 4, 'policy_seed': 877, 'hidden_units': 512, 'lr': 0.01, 'kernel_size': 64, 'kernel_mean': 0.0, 'lr_decay_epocs': 250, 'memory_factor': 2, 'strip_length': 5, 'num_layers': 3}
INFO:validation.tuning:Obtained results {'train_loss': 0.37612674, 'epoch': 1275, 'train_error': 0.14283609390258789, 'val_loss': 0.34883782, 'val_error': 0.12357956171035767, 'switch_epochs': [85, 645, 715, 855, 895, 1235, 1880, 1970, 2020, 2050, 2195, 2405, 2650, 2695, 3055]}
INFO:validation.tuning:Finished evaluation on {'progress_thresh': 0.1, 'kernel_std': 1.0, 'switch_policy': <class 'training.policy.CyclicPolicy'>, 'l2_ratio': 0, 'lr_decay': 0.5, 'max_epochs': 10000, 'layerwise_progress_thresh': 0.1, 'batch_size': 128, 'n_threads': 4, 'policy_seed': 877, 'hidden_units': 2048, 'lr': 0.01, 'kernel_size': 128, 'kernel_mean': 0.0, 'lr_decay_epocs': 250, 'memory_factor': 2, 'strip_length': 5, 'num_layers': 3}
INFO:validation.tuning:Obtained results {'train_loss': 0.64888352, 'epoch': 1095, 'train_error': 0.34824585914611816, 'val_loss': 0.63258189, 'val_error': 0.31392043828964233, 'switch_epochs': [45, 75, 100, 170, 285, 610, 720, 970, 995, 1070, 1355, 1690]}
INFO:validation.tuning:Finished evaluation on {'progress_thresh': 0.1, 'kernel_std': 1.0, 'switch_policy': <class 'training.policy.CyclicPolicy'>, 'l2_ratio': 0.01, 'lr_decay': 0.5, 'max_epochs': 10000, 'layerwise_progress_thresh': 0.1, 'batch_size': 128, 'n_threads': 4, 'policy_seed': 877, 'hidden_units': 1024, 'lr': 0.001, 'kernel_size': 256, 'kernel_mean': 0.0, 'lr_decay_epocs': 250, 'memory_factor': 2, 'strip_length': 5, 'num_layers': 3}
INFO:validation.tuning:Obtained results {'train_loss': 0.28358981, 'epoch': 435, 'train_error': 0.092497050762176514, 'val_loss': 0.44253007, 'val_error': 0.17542612552642822, 'switch_epochs': [240, 300, 905, 980, 1155, 1290]}
INFO:validation.tuning:Finished evaluation on {'progress_thresh': 0.1, 'kernel_std': 1.0, 'switch_policy': <class 'training.policy.CyclicPolicy'>, 'l2_ratio': 0.001, 'lr_decay': 0.5, 'max_epochs': 10000, 'layerwise_progress_thresh': 0.1, 'batch_size': 128, 'n_threads': 4, 'policy_seed': 877, 'hidden_units': 512, 'lr': 0.0001, 'kernel_size': 128, 'kernel_mean': 0.0, 'lr_decay_epocs': 250, 'memory_factor': 2, 'strip_length': 5, 'num_layers': 3}
INFO:validation.tuning:Obtained results {'train_loss': 0.58373481, 'epoch': 20, 'train_error': 0.056456387042999268, 'val_loss': 0.84383291, 'val_error': 0.40269887447357178, 'switch_epochs': [50, 60, 65]}
INFO:validation.tuning:Finished evaluation on {'progress_thresh': 0.1, 'kernel_std': 1.0, 'switch_policy': <class 'training.policy.CyclicPolicy'>, 'l2_ratio': 0.01, 'lr_decay': 0.5, 'max_epochs': 10000, 'layerwise_progress_thresh': 0.1, 'batch_size': 128, 'n_threads': 4, 'policy_seed': 877, 'hidden_units': 512, 'lr': 0.001, 'kernel_size': 128, 'kernel_mean': 0.0, 'lr_decay_epocs': 250, 'memory_factor': 2, 'strip_length': 5, 'num_layers': 3}
INFO:validation.tuning:Obtained results {'train_loss': 0.20683968, 'epoch': 525, 'train_error': 0.013929843902587891, 'val_loss': 0.68315691, 'val_error': 0.18181818723678589, 'switch_epochs': [70, 215, 255, 300, 325, 365, 540, 610, 810]}
INFO:validation.tuning:Finished evaluation on {'progress_thresh': 0.1, 'kernel_std': 0.1, 'switch_policy': <class 'training.policy.CyclicPolicy'>, 'l2_ratio': 0.0001, 'lr_decay': 0.5, 'max_epochs': 10000, 'layerwise_progress_thresh': 0.1, 'batch_size': 128, 'n_threads': 4, 'policy_seed': 877, 'hidden_units': 512, 'lr': 0.001, 'kernel_size': 128, 'kernel_mean': 0.0, 'lr_decay_epocs': 250, 'memory_factor': 2, 'strip_length': 5, 'num_layers': 3}
INFO:validation.tuning:Obtained results {'train_loss': 0.14740169, 'epoch': 55, 'train_error': 0.046727597713470459, 'val_loss': 0.48677662, 'val_error': 0.12997156381607056, 'switch_epochs': [20, 110, 260, 305, 320, 325]}
INFO:validation.tuning:Finished evaluation on {'progress_thresh': 0.1, 'kernel_std': 1.0, 'switch_policy': <class 'training.policy.CyclicPolicy'>, 'l2_ratio': 0.001, 'lr_decay': 0.5, 'max_epochs': 10000, 'layerwise_progress_thresh': 0.1, 'batch_size': 128, 'n_threads': 4, 'policy_seed': 877, 'hidden_units': 1024, 'lr': 0.01, 'kernel_size': 512, 'kernel_mean': 0.0, 'lr_decay_epocs': 250, 'memory_factor': 2, 'strip_length': 5, 'num_layers': 3}
INFO:validation.tuning:Obtained results {'train_loss': 1.2302568, 'epoch': 95, 'train_error': 0.33954894542694092, 'val_loss': 1.2308844, 'val_error': 0.31605112552642822, 'switch_epochs': [45, 235, 255, 315, 390, 620, 650, 925, 1060]}
INFO:validation.tuning:Finished evaluation on {'progress_thresh': 0.1, 'kernel_std': 1.0, 'switch_policy': <class 'training.policy.CyclicPolicy'>, 'l2_ratio': 0.1, 'lr_decay': 0.5, 'max_epochs': 10000, 'layerwise_progress_thresh': 0.1, 'batch_size': 128, 'n_threads': 4, 'policy_seed': 877, 'hidden_units': 512, 'lr': 0.0001, 'kernel_size': 256, 'kernel_mean': 0.0, 'lr_decay_epocs': 250, 'memory_factor': 2, 'strip_length': 5, 'num_layers': 3}
INFO:validation.tuning:Obtained results {'train_loss': 0.59573787, 'epoch': 135, 'train_error': 0.24152415990829468, 'val_loss': 0.5641554, 'val_error': 0.19744318723678589, 'switch_epochs': [340, 495, 540, 640, 715, 980]}
INFO:validation.tuning:Finished evaluation on {'progress_thresh': 0.1, 'kernel_std': 0.25, 'switch_policy': <class 'training.policy.CyclicPolicy'>, 'l2_ratio': 0.0001, 'lr_decay': 0.5, 'max_epochs': 10000, 'layerwise_progress_thresh': 0.1, 'batch_size': 128, 'n_threads': 4, 'policy_seed': 877, 'hidden_units': 512, 'lr': 0.01, 'kernel_size': 64, 'kernel_mean': 0.0, 'lr_decay_epocs': 250, 'memory_factor': 2, 'strip_length': 5, 'num_layers': 3}
INFO:validation.tuning:Obtained results {'train_loss': 0.78560388, 'epoch': 745, 'train_error': 0.34780365228652954, 'val_loss': 0.79357052, 'val_error': 0.35298293828964233, 'switch_epochs': [385, 475, 615, 880, 960, 1135]}
INFO:validation.tuning:Finished evaluation on {'progress_thresh': 0.1, 'kernel_std': 0.5, 'switch_policy': <class 'training.policy.CyclicPolicy'>, 'l2_ratio': 0, 'lr_decay': 0.5, 'max_epochs': 10000, 'layerwise_progress_thresh': 0.1, 'batch_size': 128, 'n_threads': 4, 'policy_seed': 877, 'hidden_units': 1024, 'lr': 0.001, 'kernel_size': 256, 'kernel_mean': 0.0, 'lr_decay_epocs': 250, 'memory_factor': 2, 'strip_length': 5, 'num_layers': 3}
INFO:validation.tuning:Obtained results {'train_loss': 1.7849486e-06, 'epoch': 45, 'train_error': 0.0, 'val_loss': 1.6847438, 'val_error': 0.20099431276321411, 'switch_epochs': [35, 40, 45]}
INFO:validation.tuning:Using model {'kernel_std': 0.01, 'l2_ratio': 0.0001, 'kernel_size': 128, 'layerwise_progress_thresh': 0.1, 'batch_size': 128, 'policy_seed': 877, 'hidden_units': 1024, 'lr': 0.001, 'memory_factor': 2, 'strip_length': 5, 'progress_thresh': 0.1, 'switch_policy': <class 'training.policy.CyclicPolicy'>, 'max_epochs': 445, 'n_threads': 4, 'switch_epochs': [95, 115, 180, 210, 435, 745, 935, 1010, 1040], 'lr_decay': 0.5, 'kernel_mean': 0.0, 'lr_decay_epocs': 250, 'num_layers': 3} for training with results {'train_loss': 0.27950826, 'epoch': 445, 'train_error': 0.11512380838394165, 'val_loss': 0.2546652, 'val_error': 0.098011374473571777, 'switch_epochs': [95, 115, 180, 210, 435, 745, 935, 1010, 1040]}
INFO:validation.tuning:Running training [0] in magic/1516915245748
INFO:training.predict:Queue exhausted. Read all instances
INFO:validation.tuning:Training [0] got results {'train_loss': 0.27531081, 'loss': 0.32361054, 'train_l2': 0.0033078145, 'l2': 0.032177418, 'train_error': 0.11295020580291748, 'time(s)': 173.16654253005981, 'error': 0.12197685241699219}
INFO:validation.tuning:Running training [1] in magic/1516915433500
INFO:training.predict:Queue exhausted. Read all instances
INFO:validation.tuning:Training [1] got results {'train_loss': 0.26346862, 'loss': 0.35881099, 'train_l2': 0.0037942801, 'l2': 0.037887949, 'train_error': 0.10632944107055664, 'time(s)': 189.82956409454346, 'error': 0.1267087459564209}
INFO:validation.tuning:Running training [2] in magic/1516915637723
INFO:training.predict:Queue exhausted. Read all instances
INFO:validation.tuning:Training [2] got results {'train_loss': 0.26998949, 'loss': 0.34150505, 'train_l2': 0.0038870408, 'l2': 0.036146723, 'train_error': 0.11069917678833008, 'time(s)': 173.06125950813293, 'error': 0.12407994270324707}
INFO:validation.tuning:Running training [3] in magic/1516915825123
INFO:training.predict:Queue exhausted. Read all instances
INFO:validation.tuning:Training [3] got results {'train_loss': 0.27947584, 'loss': 0.32716, 'train_l2': 0.0031713883, 'l2': 0.031744357, 'train_error': 0.11301642656326294, 'time(s)': 173.00545167922974, 'error': 0.11829650402069092}
INFO:validation.tuning:Running training [4] in magic/1516916012463
INFO:training.predict:Queue exhausted. Read all instances
INFO:validation.tuning:Training [4] got results {'train_loss': 0.27257603, 'loss': 0.34936303, 'train_l2': 0.0034122278, 'l2': 0.034812637, 'train_error': 0.11056673526763916, 'time(s)': 173.0286407470703, 'error': 0.13354361057281494}
INFO:validation.tuning:Running training [5] in magic/1516916199837
INFO:training.predict:Queue exhausted. Read all instances
INFO:validation.tuning:Training [5] got results {'train_loss': 0.27354768, 'loss': 0.36914119, 'train_l2': 0.0037124581, 'l2': 0.0363001, 'train_error': 0.1140095591545105, 'time(s)': 173.08667421340942, 'error': 0.13196635246276855}
INFO:validation.tuning:Running training [6] in magic/1516916387283
INFO:training.predict:Queue exhausted. Read all instances
INFO:validation.tuning:Training [6] got results {'train_loss': 0.27597663, 'loss': 0.32593477, 'train_l2': 0.0035268432, 'l2': 0.0331854, 'train_error': 0.11341369152069092, 'time(s)': 173.5063807964325, 'error': 0.12250262498855591}
INFO:validation.tuning:Running training [7] in magic/1516916575114
INFO:training.predict:Queue exhausted. Read all instances
INFO:validation.tuning:Training [7] got results {'train_loss': 0.26743853, 'loss': 0.35220581, 'train_l2': 0.003677327, 'l2': 0.03483329, 'train_error': 0.1086466908454895, 'time(s)': 179.20475006103516, 'error': 0.12618297338485718}
INFO:validation.tuning:Running training [8] in magic/1516916768752
INFO:training.predict:Queue exhausted. Read all instances
INFO:validation.tuning:Training [8] got results {'train_loss': 0.27326053, 'loss': 0.33418286, 'train_l2': 0.0037894414, 'l2': 0.032683432, 'train_error': 0.11467158794403076, 'time(s)': 177.8283658027649, 'error': 0.12302839756011963}
INFO:validation.tuning:Running training [9] in magic/1516916960834
INFO:training.predict:Queue exhausted. Read all instances
INFO:validation.tuning:Training [9] got results {'train_loss': 0.26294756, 'loss': 0.35676077, 'train_l2': 0.0037416548, 'l2': 0.035170283, 'train_error': 0.10977226495742798, 'time(s)': 177.09270000457764, 'error': 0.12723451852798462}
INFO:__main__:train_loss: 0.271399 +- 0.005128
INFO:__main__:loss: 0.343868 +- 0.014962
INFO:__main__:train_l2: 0.003602 +- 0.000225
INFO:__main__:l2: 0.034494 +- 0.001900
INFO:__main__:train_error: 0.111408 +- 0.002524
INFO:__main__:time(s): 176.281033 +- 5.044214
INFO:__main__:error: 0.125552 +- 0.004391
