2018-03-03 19:39:12,412 INFO     Finished evaluation on {'batch_norm': False, 'max_epochs': 10000, 'num_layers': 4, 'kernel_std': 0.8822854113420683, 'kernel_mean': 0.0, 'batch_size': 128, 'network_fn': <function kernel_example_layout_fn at 0x7f3ebee1de18>, 'kernel_size': 512, 'lr_decay': 0.16968128347845018, 'strip_length': 5, 'memory_factor': 2, 'epochs_per_layer': 81, 'lr_decay_epochs': 399.1201258874679, 'lr': 1.899725003746516e-05, 'progress_thresh': 0.1, 'l2_ratio': 0.0018075619751117863, 'hidden_units': 2048, 'switch_policy': <class 'training.policy.CyclicPolicy'>, 'n_threads': 4}
2018-03-03 19:39:12,413 INFO     Obtained results {'train_loss': 3.3980491, 'epoch': 55, 'val_error': 0.8988715261220932, 'train_error': 0.75937974452972412, 'val_loss': 3.414124}
2018-03-03 19:39:58,688 INFO     Finished evaluation on {'batch_norm': False, 'max_epochs': 10000, 'num_layers': 4, 'kernel_std': 0.023102393396649587, 'kernel_mean': 0.0, 'batch_size': 128, 'network_fn': <function kernel_example_layout_fn at 0x7f3ebee1de18>, 'kernel_size': 512, 'lr_decay': 0.10184597114884564, 'strip_length': 5, 'memory_factor': 2, 'epochs_per_layer': 66, 'lr_decay_epochs': 693.9494408810888, 'lr': 2.078660186559024e-05, 'progress_thresh': 0.1, 'l2_ratio': 0.0006324863647127418, 'hidden_units': 512, 'switch_policy': <class 'training.policy.CyclicPolicy'>, 'n_threads': 4}
2018-03-03 19:39:58,692 INFO     Obtained results {'train_loss': 2.1316404, 'epoch': 20, 'val_error': 0.9047309011220932, 'train_error': 0.90833966434001923, 'val_loss': 2.1089766}
2018-03-03 19:42:33,061 INFO     Finished evaluation on {'batch_norm': False, 'max_epochs': 10000, 'num_layers': 4, 'kernel_std': 0.42987496904331524, 'kernel_mean': 0.0, 'batch_size': 128, 'network_fn': <function kernel_example_layout_fn at 0x7f3ebee1de18>, 'kernel_size': 512, 'lr_decay': 0.9819879319916456, 'strip_length': 5, 'memory_factor': 2, 'epochs_per_layer': 42, 'lr_decay_epochs': 396.6610500001146, 'lr': 4.164042260106515e-05, 'progress_thresh': 0.1, 'l2_ratio': 0.005503421432185841, 'hidden_units': 1024, 'switch_policy': <class 'training.policy.CyclicPolicy'>, 'n_threads': 4}
2018-03-03 19:42:33,061 INFO     Obtained results {'train_loss': 0.95306098, 'epoch': 105, 'val_error': 0.1408420205116272, 'train_error': 0.15052717924118042, 'val_loss': 0.95985222}
2018-03-03 19:45:19,246 INFO     Finished evaluation on {'batch_norm': False, 'max_epochs': 10000, 'num_layers': 4, 'kernel_std': 0.17691474466110216, 'kernel_mean': 0.0, 'batch_size': 128, 'network_fn': <function kernel_example_layout_fn at 0x7f3ebee1de18>, 'kernel_size': 512, 'lr_decay': 0.21221988483993548, 'strip_length': 5, 'memory_factor': 2, 'epochs_per_layer': 75, 'lr_decay_epochs': 792.3902348268994, 'lr': 0.00014350736121101744, 'progress_thresh': 0.1, 'l2_ratio': 0.0027369016818461003, 'hidden_units': 1024, 'switch_policy': <class 'training.policy.InverseCyclingPolicy'>, 'n_threads': 4}
2018-03-03 19:45:19,250 INFO     Obtained results {'train_loss': 2.3764284, 'epoch': 85, 'val_error': 0.8993055522441864, 'train_error': 0.90943199396133423, 'val_loss': 2.3864846}
2018-03-03 19:46:28,379 INFO     Finished evaluation on {'batch_norm': False, 'max_epochs': 10000, 'num_layers': 4, 'kernel_std': 0.17629517756962174, 'kernel_mean': 0.0, 'batch_size': 128, 'network_fn': <function kernel_example_layout_fn at 0x7f3ebee1de18>, 'kernel_size': 2048, 'lr_decay': 0.5678693282092367, 'strip_length': 5, 'memory_factor': 2, 'epochs_per_layer': 58, 'lr_decay_epochs': 788.1423731035844, 'lr': 1.9338154158526266e-05, 'progress_thresh': 0.1, 'l2_ratio': 0.00045050737118415037, 'hidden_units': 2048, 'switch_policy': <class 'training.policy.InverseCyclingPolicy'>, 'n_threads': 4}
2018-03-03 19:46:28,384 INFO     Obtained results {'train_loss': 2.114897, 'epoch': 10, 'val_error': 0.9071180522441864, 'train_error': 0.91111797094345093, 'val_loss': 2.1006894}
2018-03-03 19:53:03,670 INFO     Finished evaluation on {'batch_norm': False, 'max_epochs': 10000, 'num_layers': 4, 'kernel_std': 0.19572503579591363, 'kernel_mean': 0.0, 'batch_size': 128, 'network_fn': <function kernel_example_layout_fn at 0x7f3ebee1de18>, 'kernel_size': 1024, 'lr_decay': 0.8785993623310967, 'strip_length': 5, 'memory_factor': 2, 'epochs_per_layer': 12, 'lr_decay_epochs': 452.9110364053226, 'lr': 1.46036246943481e-05, 'progress_thresh': 0.1, 'policy_seed': 7721, 'l2_ratio': 0.005046104215550471, 'hidden_units': 1024, 'switch_policy': <class 'training.policy.RandomPolicy'>, 'n_threads': 4}
2018-03-03 19:53:03,675 INFO     Obtained results {'train_loss': 2.1556602, 'epoch': 40, 'val_error': 0.90234375, 'train_error': 0.90926576405763626, 'val_loss': 2.1545768}
2018-03-03 19:53:58,397 INFO     Finished evaluation on {'batch_norm': False, 'max_epochs': 10000, 'num_layers': 4, 'kernel_std': 0.8601510702247293, 'kernel_mean': 0.0, 'batch_size': 128, 'network_fn': <function kernel_example_layout_fn at 0x7f3ebee1de18>, 'kernel_size': 512, 'lr_decay': 0.7567211637881749, 'strip_length': 5, 'memory_factor': 2, 'epochs_per_layer': 20, 'lr_decay_epochs': 113.22050259055305, 'lr': 3.0635218824918486e-05, 'progress_thresh': 0.1, 'policy_seed': 6011, 'l2_ratio': 0.00040670994781868123, 'hidden_units': 1024, 'switch_policy': <class 'training.policy.RandomPolicy'>, 'n_threads': 4}
2018-03-03 19:53:58,398 INFO     Obtained results {'train_loss': 2.1412301, 'epoch': 25, 'val_error': 0.9099392369389534, 'train_error': 0.90470650047063828, 'val_loss': 2.1314931}
2018-03-03 20:04:14,376 INFO     Finished evaluation on {'batch_norm': False, 'max_epochs': 10000, 'num_layers': 4, 'kernel_std': 0.08002003631696081, 'kernel_mean': 0.0, 'batch_size': 128, 'network_fn': <function kernel_example_layout_fn at 0x7f3ebee1de18>, 'kernel_size': 2048, 'lr_decay': 0.3991490357104449, 'strip_length': 5, 'memory_factor': 2, 'epochs_per_layer': 44, 'lr_decay_epochs': 474.36211422770816, 'lr': 4.040280884481869e-05, 'progress_thresh': 0.1, 'l2_ratio': 0.0006686836242759059, 'hidden_units': 2048, 'switch_policy': <class 'training.policy.CyclicPolicy'>, 'n_threads': 4}
2018-03-03 20:04:14,380 INFO     Obtained results {'train_loss': 2.3621738, 'epoch': 5, 'val_error': 0.9027777761220932, 'train_error': 0.91159289330244064, 'val_loss': 2.329823}
2018-03-03 20:04:43,268 INFO     Finished evaluation on {'batch_norm': False, 'max_epochs': 10000, 'num_layers': 4, 'kernel_std': 0.10873238101572816, 'kernel_mean': 0.0, 'batch_size': 128, 'network_fn': <function kernel_example_layout_fn at 0x7f3ebee1de18>, 'kernel_size': 512, 'lr_decay': 0.5616007198284851, 'strip_length': 5, 'memory_factor': 2, 'epochs_per_layer': 69, 'lr_decay_epochs': 590.7388890615139, 'lr': 9.963898146628422e-05, 'progress_thresh': 0.1, 'l2_ratio': 0.0010111431769424988, 'hidden_units': 512, 'switch_policy': <class 'training.policy.CyclicPolicy'>, 'n_threads': 4}
2018-03-03 20:04:43,273 INFO     Obtained results {'train_loss': 2.1475086, 'epoch': 5, 'val_error': 0.9047309011220932, 'train_error': 0.91218654811382294, 'val_loss': 2.1300521}
2018-03-03 20:05:19,545 INFO     Finished evaluation on {'batch_norm': False, 'max_epochs': 10000, 'num_layers': 4, 'kernel_std': 0.20555507436940004, 'kernel_mean': 0.0, 'batch_size': 128, 'network_fn': <function kernel_example_layout_fn at 0x7f3ebee1de18>, 'kernel_size': 1024, 'lr_decay': 0.8853586972501438, 'strip_length': 5, 'memory_factor': 2, 'epochs_per_layer': 42, 'lr_decay_epochs': 593.8359701299753, 'lr': 0.000765366589582453, 'progress_thresh': 0.1, 'l2_ratio': 0.004300461961372654, 'hidden_units': 512, 'switch_policy': <class 'training.policy.CyclicPolicy'>, 'n_threads': 4}
2018-03-03 20:05:19,550 INFO     Obtained results {'train_loss': 2.1931157, 'epoch': 10, 'val_error': 0.9019097238779068, 'train_error': 0.90900456160306931, 'val_loss': 2.195123}
2018-03-03 20:07:19,029 INFO     Finished evaluation on {'batch_norm': False, 'max_epochs': 10000, 'num_layers': 4, 'kernel_std': 0.13934265917832614, 'kernel_mean': 0.0, 'batch_size': 128, 'network_fn': <function kernel_example_layout_fn at 0x7f3ebee1de18>, 'kernel_size': 2048, 'lr_decay': 0.5202396147148124, 'strip_length': 5, 'memory_factor': 2, 'epochs_per_layer': 14, 'lr_decay_epochs': 699.802490046584, 'lr': 3.278242034709562e-05, 'progress_thresh': 0.1, 'l2_ratio': 0.0003431698294691434, 'hidden_units': 1024, 'switch_policy': <class 'training.policy.InverseCyclingPolicy'>, 'n_threads': 4}
2018-03-03 20:07:19,029 INFO     Obtained results {'train_loss': 2.161217, 'epoch': 40, 'val_error': 0.9014756977558136, 'train_error': 0.90952697396278381, 'val_loss': 2.1642313}
2018-03-03 20:08:55,980 INFO     Finished evaluation on {'batch_norm': False, 'max_epochs': 10000, 'num_layers': 4, 'kernel_std': 0.6317193459973501, 'kernel_mean': 0.0, 'batch_size': 128, 'network_fn': <function kernel_example_layout_fn at 0x7f3ebee1de18>, 'kernel_size': 512, 'lr_decay': 0.5336738996333852, 'strip_length': 5, 'memory_factor': 2, 'epochs_per_layer': 27, 'lr_decay_epochs': 499.21256298896066, 'lr': 0.00021123834375553013, 'progress_thresh': 0.1, 'l2_ratio': 0.006085811525162661, 'hidden_units': 1024, 'switch_policy': <class 'training.policy.CyclicPolicy'>, 'n_threads': 4}
2018-03-03 20:08:55,981 INFO     Obtained results {'train_loss': 0.80916274, 'epoch': 40, 'val_error': 0.092230916023254395, 'train_error': 0.1020849347114563, 'val_loss': 0.81587142}
2018-03-03 20:17:12,118 INFO     Finished evaluation on {'batch_norm': False, 'max_epochs': 10000, 'num_layers': 4, 'kernel_std': 0.355255859910778, 'kernel_mean': 0.0, 'batch_size': 128, 'network_fn': <function kernel_example_layout_fn at 0x7f3ebee1de18>, 'kernel_size': 1024, 'lr_decay': 0.4209896062656179, 'strip_length': 5, 'memory_factor': 2, 'epochs_per_layer': 48, 'lr_decay_epochs': 886.8372266815852, 'lr': 0.00010063381553546751, 'progress_thresh': 0.1, 'l2_ratio': 0.00013964541311133844, 'hidden_units': 512, 'switch_policy': <class 'training.policy.CyclicPolicy'>, 'n_threads': 4}
2018-03-03 20:17:12,119 INFO     Obtained results {'train_loss': 4.6905112, 'epoch': 340, 'val_error': 0.082899332046508789, 'train_error': 0.093797504901885986, 'val_loss': 4.6975756}
2018-03-03 20:32:58,653 INFO     Finished evaluation on {'batch_norm': False, 'max_epochs': 10000, 'num_layers': 4, 'kernel_std': 0.14972513723461744, 'kernel_mean': 0.0, 'batch_size': 128, 'network_fn': <function kernel_example_layout_fn at 0x7f3ebee1de18>, 'kernel_size': 2048, 'lr_decay': 0.8713358560027282, 'strip_length': 5, 'memory_factor': 2, 'epochs_per_layer': 38, 'lr_decay_epochs': 380.0764105124683, 'lr': 2.6346415494905217e-05, 'progress_thresh': 0.1, 'policy_seed': 3620, 'l2_ratio': 0.00023885647496157194, 'hidden_units': 512, 'switch_policy': <class 'training.policy.RandomPolicy'>, 'n_threads': 4}
2018-03-03 20:32:58,654 INFO     Obtained results {'train_loss': 3.3173828, 'epoch': 410, 'val_error': 0.8980034738779068, 'train_error': 0.91066679358482361, 'val_loss': 3.328064}
2018-03-03 20:39:37,032 INFO     Finished evaluation on {'batch_norm': False, 'max_epochs': 10000, 'num_layers': 4, 'kernel_std': 0.47876057251171183, 'kernel_mean': 0.0, 'batch_size': 128, 'network_fn': <function kernel_example_layout_fn at 0x7f3ebee1de18>, 'kernel_size': 512, 'lr_decay': 0.13871893592724338, 'strip_length': 5, 'memory_factor': 2, 'epochs_per_layer': 35, 'lr_decay_epochs': 106.30733939977024, 'lr': 1.7042363173108327e-05, 'progress_thresh': 0.1, 'l2_ratio': 0.008164572335324681, 'hidden_units': 512, 'switch_policy': <class 'training.policy.CyclicPolicy'>, 'n_threads': 4}
2018-03-03 20:39:37,033 INFO     Obtained results {'train_loss': 1.2887712, 'epoch': 215, 'val_error': 0.37152779102325439, 'train_error': 0.38801294565200806, 'val_loss': 1.2819177}
2018-03-03 20:43:17,562 INFO     Finished evaluation on {'batch_norm': False, 'max_epochs': 10000, 'num_layers': 4, 'kernel_std': 0.6488359159685917, 'kernel_mean': 0.0, 'batch_size': 128, 'network_fn': <function kernel_example_layout_fn at 0x7f3ebee1de18>, 'kernel_size': 1024, 'lr_decay': 0.5012016890692822, 'strip_length': 5, 'memory_factor': 2, 'epochs_per_layer': 38, 'lr_decay_epochs': 391.4388014551573, 'lr': 0.00019503396201051688, 'progress_thresh': 0.1, 'l2_ratio': 0.0026691092869558486, 'hidden_units': 1024, 'switch_policy': <class 'training.policy.CyclicPolicy'>, 'n_threads': 4}
2018-03-03 20:43:17,563 INFO     Obtained results {'train_loss': 0.85421956, 'epoch': 115, 'val_error': 0.094835042953491211, 'train_error': 0.098404228687286377, 'val_loss': 0.58768773}
2018-03-03 20:43:50,716 INFO     Finished evaluation on {'batch_norm': False, 'max_epochs': 10000, 'num_layers': 4, 'kernel_std': 0.9817096316281347, 'kernel_mean': 0.0, 'batch_size': 128, 'network_fn': <function kernel_example_layout_fn at 0x7f3ebee1de18>, 'kernel_size': 2048, 'lr_decay': 0.190965360145669, 'strip_length': 5, 'memory_factor': 2, 'epochs_per_layer': 23, 'lr_decay_epochs': 975.3060377254807, 'lr': 0.0005642183126416113, 'progress_thresh': 0.1, 'policy_seed': 5556, 'l2_ratio': 0.0009353021442626237, 'hidden_units': 512, 'switch_policy': <class 'training.policy.RandomPolicy'>, 'n_threads': 4}
2018-03-03 20:43:50,721 INFO     Obtained results {'train_loss': 2.3522115, 'epoch': 5, 'val_error': 0.8969184011220932, 'train_error': 0.9084583967924118, 'val_loss': 2.3863468}
2018-03-03 20:47:02,415 INFO     Finished evaluation on {'batch_norm': False, 'max_epochs': 10000, 'num_layers': 4, 'kernel_std': 0.11281975634431113, 'kernel_mean': 0.0, 'batch_size': 128, 'network_fn': <function kernel_example_layout_fn at 0x7f3ebee1de18>, 'kernel_size': 1024, 'lr_decay': 0.9891931753328178, 'strip_length': 5, 'memory_factor': 2, 'epochs_per_layer': 11, 'lr_decay_epochs': 942.8516774530881, 'lr': 6.752561831436474e-05, 'progress_thresh': 0.1, 'policy_seed': 6477, 'l2_ratio': 0.0005298305691630362, 'hidden_units': 2048, 'switch_policy': <class 'training.policy.RandomPolicy'>, 'n_threads': 4}
2018-03-03 20:47:02,416 INFO     Obtained results {'train_loss': 2.4886746, 'epoch': 75, 'val_error': 0.8967013880610466, 'train_error': 0.91012062877416611, 'val_loss': 2.4886799}
2018-03-03 21:05:01,037 INFO     Finished evaluation on {'batch_norm': False, 'max_epochs': 10000, 'num_layers': 4, 'kernel_std': 0.1908050276504589, 'kernel_mean': 0.0, 'batch_size': 128, 'network_fn': <function kernel_example_layout_fn at 0x7f3ebee1de18>, 'kernel_size': 1024, 'lr_decay': 0.7931353588334428, 'strip_length': 5, 'memory_factor': 2, 'epochs_per_layer': 33, 'lr_decay_epochs': 798.341944303149, 'lr': 0.00044118952051348565, 'progress_thresh': 0.1, 'policy_seed': 8031, 'l2_ratio': 0.002043388741119038, 'hidden_units': 2048, 'switch_policy': <class 'training.policy.RandomPolicy'>, 'n_threads': 4}
2018-03-03 21:05:01,038 INFO     Obtained results {'train_loss': 2.4978716, 'epoch': 485, 'val_error': 0.8977864608168602, 'train_error': 0.90983567386865616, 'val_loss': 2.4846737}
2018-03-03 21:23:56,404 INFO     Finished evaluation on {'batch_norm': False, 'max_epochs': 10000, 'num_layers': 4, 'kernel_std': 0.5939264430270559, 'kernel_mean': 0.0, 'batch_size': 128, 'network_fn': <function kernel_example_layout_fn at 0x7f3ebee1de18>, 'kernel_size': 2048, 'lr_decay': 0.5678820415434732, 'strip_length': 5, 'memory_factor': 2, 'epochs_per_layer': 65, 'lr_decay_epochs': 435.29159786785704, 'lr': 0.0006362014943809066, 'progress_thresh': 0.1, 'l2_ratio': 0.0013036782440779022, 'hidden_units': 512, 'switch_policy': <class 'training.policy.CyclicPolicy'>, 'n_threads': 4}
2018-03-03 21:23:56,405 INFO     Obtained results {'train_loss': 0.76247168, 'epoch': 630, 'val_error': 0.095052063465118408, 'train_error': 0.098617970943450928, 'val_loss': 0.78765571}
2018-03-03 21:25:47,781 INFO     Finished evaluation on {'batch_norm': False, 'max_epochs': 10000, 'num_layers': 4, 'kernel_std': 0.8267084204888906, 'kernel_mean': 0.0, 'batch_size': 128, 'network_fn': <function kernel_example_layout_fn at 0x7f3ebee1de18>, 'kernel_size': 1024, 'lr_decay': 0.5207773623229861, 'strip_length': 5, 'memory_factor': 2, 'epochs_per_layer': 67, 'lr_decay_epochs': 962.1639076042593, 'lr': 0.0003045628479949074, 'progress_thresh': 0.1, 'policy_seed': 7496, 'l2_ratio': 0.0017400617871616317, 'hidden_units': 512, 'switch_policy': <class 'training.policy.RandomPolicy'>, 'n_threads': 4}
2018-03-03 21:25:47,781 INFO     Obtained results {'train_loss': 2.4289939, 'epoch': 45, 'val_error': 0.8984375, 'train_error': 0.91026310622692108, 'val_loss': 2.4311516}
2018-03-03 21:30:59,567 INFO     Finished evaluation on {'batch_norm': False, 'max_epochs': 10000, 'num_layers': 4, 'kernel_std': 0.7920769196269719, 'kernel_mean': 0.0, 'batch_size': 128, 'network_fn': <function kernel_example_layout_fn at 0x7f3ebee1de18>, 'kernel_size': 1024, 'lr_decay': 0.1574728777498819, 'strip_length': 5, 'memory_factor': 2, 'epochs_per_layer': 66, 'lr_decay_epochs': 435.95415966853244, 'lr': 0.00015029392425388016, 'progress_thresh': 0.1, 'l2_ratio': 0.0002342519552226773, 'hidden_units': 1024, 'switch_policy': <class 'training.policy.InverseCyclingPolicy'>, 'n_threads': 4}
2018-03-03 21:30:59,568 INFO     Obtained results {'train_loss': 4.2774134, 'epoch': 155, 'val_error': 0.8999565988779068, 'train_error': 0.90912328660488129, 'val_loss': 4.2837214}
2018-03-03 21:32:44,725 INFO     Finished evaluation on {'batch_norm': False, 'max_epochs': 10000, 'num_layers': 4, 'kernel_std': 0.5399054849151883, 'kernel_mean': 0.0, 'batch_size': 128, 'network_fn': <function kernel_example_layout_fn at 0x7f3ebee1de18>, 'kernel_size': 1024, 'lr_decay': 0.6196825934578682, 'strip_length': 5, 'memory_factor': 2, 'epochs_per_layer': 81, 'lr_decay_epochs': 347.47563581011116, 'lr': 1.9380631690380956e-05, 'progress_thresh': 0.1, 'l2_ratio': 0.0035909020100616195, 'hidden_units': 1024, 'switch_policy': <class 'training.policy.CyclicPolicy'>, 'n_threads': 4}
2018-03-03 21:32:44,730 INFO     Obtained results {'train_loss': 1.9159937, 'epoch': 50, 'val_error': 0.3869357705116272, 'train_error': 0.40810221433639526, 'val_loss': 1.9314084}
2018-03-03 21:42:56,569 INFO     Finished evaluation on {'batch_norm': False, 'max_epochs': 10000, 'num_layers': 4, 'kernel_std': 0.6207853008863715, 'kernel_mean': 0.0, 'batch_size': 128, 'network_fn': <function kernel_example_layout_fn at 0x7f3ebee1de18>, 'kernel_size': 1024, 'lr_decay': 0.28384074457714425, 'strip_length': 5, 'memory_factor': 2, 'epochs_per_layer': 83, 'lr_decay_epochs': 893.8474364720089, 'lr': 2.915057432618597e-05, 'progress_thresh': 0.1, 'policy_seed': 2641, 'l2_ratio': 0.00046504434745104034, 'hidden_units': 2048, 'switch_policy': <class 'training.policy.RandomPolicy'>, 'n_threads': 4}
2018-03-03 21:42:56,570 INFO     Obtained results {'train_loss': 2.644928, 'epoch': 260, 'val_error': 0.8812934011220932, 'train_error': 0.64613410830497742, 'val_loss': 3.2185245}
2018-03-03 21:45:19,795 INFO     Finished evaluation on {'batch_norm': False, 'max_epochs': 10000, 'num_layers': 4, 'kernel_std': 0.5904480213081491, 'kernel_mean': 0.0, 'batch_size': 128, 'network_fn': <function kernel_example_layout_fn at 0x7f3ebee1de18>, 'kernel_size': 1024, 'lr_decay': 0.5846456974837592, 'strip_length': 5, 'memory_factor': 2, 'epochs_per_layer': 35, 'lr_decay_epochs': 172.69529074798203, 'lr': 0.0006176641058972762, 'progress_thresh': 0.1, 'l2_ratio': 0.00018542729155335427, 'hidden_units': 1024, 'switch_policy': <class 'training.policy.CyclicPolicy'>, 'n_threads': 4}
2018-03-03 21:45:19,795 INFO     Obtained results {'train_loss': 3.206471, 'epoch': 75, 'val_error': 0.093098938465118408, 'train_error': 0.093037605285644531, 'val_loss': 3.2508841}
2018-03-03 21:45:19,797 INFO     Using model {'kernel_mean': 0.0, 'lr': 0.00010063381553546751, 'lr_decay': 0.4209896062656179, 'strip_length': 5, 'lr_decay_epochs': 886.8372266815852, 'l2_ratio': 0.00013964541311133844, 'switch_policy': <class 'training.policy.CyclicPolicy'>, 'batch_norm': False, 'max_epochs': 340, 'num_layers': 4, 'kernel_std': 0.355255859910778, 'batch_size': 128, 'network_fn': <function kernel_example_layout_fn at 0x7f3ebee1de18>, 'hidden_units': 512, 'memory_factor': 2, 'epochs_per_layer': 48, 'kernel_size': 1024, 'progress_thresh': 0.1, 'n_threads': 4} for training with results {'train_loss': 4.6905112, 'epoch': 340, 'val_error': 0.082899332046508789, 'train_error': 0.093797504901885986, 'val_loss': 4.6975756}
2018-03-03 21:45:19,797 INFO     Running training [0] in motor/1520109919798
2018-03-03 21:56:36,276 INFO     Queue exhausted. Read all instances
2018-03-03 21:56:36,293 INFO     Training [0] got results {'time(s)': 513.0415844917297, 'error': 0.089386403560638428, 'loss': 4.7077551, 'train_error': 0.091973483562469482, 'train_l2': 4.6580415, 'l2': 4.6888628, 'train_loss': 4.6668639}
2018-03-03 21:56:36,293 INFO     Running training [1] in motor/1520110596293
2018-03-03 22:08:23,840 INFO     Queue exhausted. Read all instances
2018-03-03 22:08:23,857 INFO     Training [1] got results {'time(s)': 544.1713356971741, 'error': 0.090240955352783203, 'loss': 4.7570353, 'train_error': 0.093835592269897461, 'train_l2': 4.707561, 'l2': 4.7383842, 'train_loss': 4.7164817}
2018-03-03 22:08:23,857 INFO     Running training [2] in motor/1520111303857
2018-03-03 22:20:26,020 INFO     Queue exhausted. Read all instances
2018-03-03 22:20:26,029 INFO     Training [2] got results {'time(s)': 559.5316605567932, 'error': 0.086651861667633057, 'loss': 4.7243237, 'train_error': 0.092444360256195068, 'train_l2': 4.678473, 'l2': 4.7086825, 'train_loss': 4.6871982}
2018-03-03 22:20:26,029 INFO     Running training [3] in motor/1520112026030
2018-03-03 22:32:05,280 INFO     Queue exhausted. Read all instances
2018-03-03 22:32:05,297 INFO     Training [3] got results {'time(s)': 535.8807609081268, 'error': 0.094513773918151855, 'loss': 4.7591877, 'train_error': 0.092123270034790039, 'train_l2': 4.7092695, 'l2': 4.7403216, 'train_loss': 4.7177024}
2018-03-03 22:32:05,297 INFO     Running training [4] in motor/1520112725298
2018-03-03 22:43:40,928 INFO     Queue exhausted. Read all instances
2018-03-03 22:43:40,945 INFO     Training [4] got results {'time(s)': 531.8213465213776, 'error': 0.09348827600479126, 'loss': 4.7178826, 'train_error': 0.091802239418029785, 'train_l2': 4.6722765, 'l2': 4.7010007, 'train_loss': 4.6811433}
2018-03-03 22:43:40,945 INFO     Running training [5] in motor/1520113420946
2018-03-03 22:55:35,268 INFO     Queue exhausted. Read all instances
2018-03-03 22:55:35,285 INFO     Training [5] got results {'time(s)': 551.3298001289368, 'error': 0.091437339782714844, 'loss': 4.7006974, 'train_error': 0.091630995273590088, 'train_l2': 4.652699, 'l2': 4.6820693, 'train_loss': 4.6616898}
2018-03-03 22:55:35,285 INFO     Running training [6] in motor/1520114135286
2018-03-03 23:07:36,704 INFO     Queue exhausted. Read all instances
2018-03-03 23:07:36,723 INFO     Training [6] got results {'time(s)': 558.2989745140076, 'error': 0.091950118541717529, 'loss': 4.7495108, 'train_error': 0.09297943115234375, 'train_l2': 4.7015276, 'l2': 4.7321887, 'train_loss': 4.7101989}
2018-03-03 23:07:36,724 INFO     Running training [7] in motor/1520114856724
2018-03-03 23:19:41,056 INFO     Queue exhausted. Read all instances
2018-03-03 23:19:41,067 INFO     Training [7] got results {'time(s)': 560.8299479484558, 'error': 0.093317389488220215, 'loss': 4.8017678, 'train_error': 0.091609597206115723, 'train_l2': 4.7567086, 'l2': 4.784534, 'train_loss': 4.7657299}
2018-03-03 23:19:41,067 INFO     Running training [8] in motor/1520115581067
2018-03-03 23:31:43,068 INFO     Queue exhausted. Read all instances
2018-03-03 23:31:43,085 INFO     Training [8] got results {'time(s)': 559.3010396957397, 'error': 0.086480915546417236, 'loss': 4.750186, 'train_error': 0.092743992805480957, 'train_l2': 4.7018509, 'l2': 4.7343445, 'train_loss': 4.7105627}
2018-03-03 23:31:43,085 INFO     Running training [9] in motor/1520116303085
2018-03-03 23:43:40,344 INFO     Queue exhausted. Read all instances
2018-03-03 23:43:40,353 INFO     Training [9] got results {'time(s)': 553.932409286499, 'error': 0.089044630527496338, 'loss': 4.679884, 'train_error': 0.092701196670532227, 'train_l2': 4.6327357, 'l2': 4.663547, 'train_loss': 4.6414957}
2018-03-03 23:43:40,353 INFO     time(s): 546.813886 +- 14.862556
2018-03-03 23:43:40,353 INFO     error: 0.090651 +- 0.002648
2018-03-03 23:43:40,353 INFO     loss: 4.734823 +- 0.033665
2018-03-03 23:43:40,353 INFO     train_error: 0.092384 +- 0.000666
2018-03-03 23:43:40,353 INFO     train_l2: 4.687115 +- 0.033851
2018-03-03 23:43:40,354 INFO     l2: 4.717393 +- 0.033595
2018-03-03 23:43:40,354 INFO     train_loss: 4.695907 +- 0.033855
