2018-03-02 17:40:43,967 INFO     Finished evaluation on {'batch_size': 128, 'l2_ratio': 0.0020263790990485506, 'epochs_per_layer': 83, 'lr_decay': 0.29304773915919313, 'batch_norm': False, 'strip_length': 5, 'memory_factor': 2, 'policy_seed': 3186, 'hidden_units': 512, 'progress_thresh': 0.1, 'kernel_size': 512, 'lr_decay_epochs': 706.1564876722151, 'kernel_mean': 0.0, 'max_epochs': 10000, 'switch_policy': <class 'training.policy.RandomPolicy'>, 'num_layers': 2, 'lr': 0.0006988203983892929, 'n_threads': 4, 'network_fn': <function kernel_example_layout_fn at 0x7f9af451ee18>, 'kernel_std': 0.4960391648690023}
2018-03-02 17:40:43,967 INFO     Obtained results {'train_loss': 0.68935239, 'epoch': 230, 'val_loss': 0.70036089, 'val_error': 0.090711832046508789, 'train_error': 0.095910906791687012}
2018-03-02 17:45:19,154 INFO     Finished evaluation on {'batch_size': 128, 'l2_ratio': 0.0010198921879179582, 'epochs_per_layer': 60, 'lr_decay': 0.701753570787843, 'batch_norm': False, 'strip_length': 5, 'memory_factor': 2, 'hidden_units': 1024, 'progress_thresh': 0.1, 'kernel_size': 2048, 'lr_decay_epochs': 835.9970105618024, 'kernel_mean': 0.0, 'max_epochs': 10000, 'switch_policy': <class 'training.policy.InverseCyclingPolicy'>, 'num_layers': 2, 'lr': 2.2400397836560918e-05, 'n_threads': 4, 'network_fn': <function kernel_example_layout_fn at 0x7f9af451ee18>, 'kernel_std': 0.7144982040975045}
2018-03-02 17:45:19,155 INFO     Obtained results {'train_loss': 0.84222841, 'epoch': 165, 'val_loss': 0.85025817, 'val_error': 0.10394966602325439, 'train_error': 0.098451733589172363}
2018-03-02 17:58:27,637 INFO     Finished evaluation on {'batch_size': 128, 'l2_ratio': 0.00409418638060406, 'epochs_per_layer': 78, 'lr_decay': 0.7652997868572959, 'batch_norm': False, 'strip_length': 5, 'memory_factor': 2, 'hidden_units': 512, 'progress_thresh': 0.1, 'kernel_size': 2048, 'lr_decay_epochs': 917.2717379480389, 'kernel_mean': 0.0, 'max_epochs': 10000, 'switch_policy': <class 'training.policy.InverseCyclingPolicy'>, 'num_layers': 2, 'lr': 0.0006584543039062109, 'n_threads': 4, 'network_fn': <function kernel_example_layout_fn at 0x7f9af451ee18>, 'kernel_std': 0.673061481741008}
2018-03-02 17:58:27,638 INFO     Obtained results {'train_loss': 0.77828228, 'epoch': 520, 'val_loss': 0.78541958, 'val_error': 0.11805558204650879, 'train_error': 0.11998957395553589}
2018-03-02 18:01:26,767 INFO     Finished evaluation on {'batch_size': 128, 'l2_ratio': 0.0004911699305160341, 'epochs_per_layer': 80, 'lr_decay': 0.41962124311592164, 'batch_norm': False, 'strip_length': 5, 'memory_factor': 2, 'hidden_units': 1024, 'progress_thresh': 0.1, 'kernel_size': 1024, 'lr_decay_epochs': 721.1888069925856, 'kernel_mean': 0.0, 'max_epochs': 10000, 'switch_policy': <class 'training.policy.InverseCyclingPolicy'>, 'num_layers': 2, 'lr': 1.536994424703318e-05, 'n_threads': 4, 'network_fn': <function kernel_example_layout_fn at 0x7f9af451ee18>, 'kernel_std': 0.7180144187161913}
2018-03-02 18:01:26,767 INFO     Obtained results {'train_loss': 2.3159301, 'epoch': 90, 'val_loss': 2.3162837, 'val_error': 0.9029947891831398, 'train_error': 0.86025360226631165}
2018-03-02 18:02:17,199 INFO     Finished evaluation on {'batch_size': 128, 'l2_ratio': 0.005442594328797922, 'epochs_per_layer': 58, 'lr_decay': 0.545144071600258, 'batch_norm': False, 'strip_length': 5, 'memory_factor': 2, 'policy_seed': 896, 'hidden_units': 1024, 'progress_thresh': 0.1, 'kernel_size': 1024, 'lr_decay_epochs': 905.4587598479835, 'kernel_mean': 0.0, 'max_epochs': 10000, 'switch_policy': <class 'training.policy.RandomPolicy'>, 'num_layers': 2, 'lr': 0.0001882673194922087, 'n_threads': 4, 'network_fn': <function kernel_example_layout_fn at 0x7f9af451ee18>, 'kernel_std': 0.06816653792192887}
2018-03-02 18:02:17,202 INFO     Obtained results {'train_loss': 2.1746492, 'epoch': 15, 'val_loss': 2.1739683, 'val_error': 0.7517361044883728, 'train_error': 0.78101253509521484}
2018-03-02 18:03:59,798 INFO     Finished evaluation on {'batch_size': 128, 'l2_ratio': 0.0018239115583836031, 'epochs_per_layer': 82, 'lr_decay': 0.2531980727289612, 'batch_norm': False, 'strip_length': 5, 'memory_factor': 2, 'policy_seed': 5001, 'hidden_units': 512, 'progress_thresh': 0.1, 'kernel_size': 2048, 'lr_decay_epochs': 529.1850302411142, 'kernel_mean': 0.0, 'max_epochs': 10000, 'switch_policy': <class 'training.policy.RandomPolicy'>, 'num_layers': 2, 'lr': 0.0001533462568851306, 'n_threads': 4, 'network_fn': <function kernel_example_layout_fn at 0x7f9af451ee18>, 'kernel_std': 0.15896142510295744}
2018-03-02 18:03:59,799 INFO     Obtained results {'train_loss': 2.0673864, 'epoch': 40, 'val_loss': 2.0610352, 'val_error': 0.38780379295349121, 'train_error': 0.43849736452102661}
2018-03-02 18:13:08,378 INFO     Finished evaluation on {'batch_size': 128, 'l2_ratio': 0.000672294707564158, 'epochs_per_layer': 16, 'lr_decay': 0.8786091631978483, 'batch_norm': False, 'strip_length': 5, 'memory_factor': 2, 'hidden_units': 512, 'progress_thresh': 0.1, 'kernel_size': 2048, 'lr_decay_epochs': 360.4756898997697, 'kernel_mean': 0.0, 'max_epochs': 10000, 'switch_policy': <class 'training.policy.CyclicPolicy'>, 'num_layers': 2, 'lr': 0.0005299425652038657, 'n_threads': 4, 'network_fn': <function kernel_example_layout_fn at 0x7f9af451ee18>, 'kernel_std': 0.2995773512717688}
2018-03-02 18:13:08,380 INFO     Obtained results {'train_loss': 1.1626328, 'epoch': 325, 'val_loss': 1.1627593, 'val_error': 0.095486104488372803, 'train_error': 0.10187119245529175}
2018-03-02 18:17:46,253 INFO     Finished evaluation on {'batch_size': 128, 'l2_ratio': 0.0018046671502613082, 'epochs_per_layer': 17, 'lr_decay': 0.5296722875464605, 'batch_norm': False, 'strip_length': 5, 'memory_factor': 2, 'policy_seed': 8868, 'hidden_units': 1024, 'progress_thresh': 0.1, 'kernel_size': 1024, 'lr_decay_epochs': 840.2606946941185, 'kernel_mean': 0.0, 'max_epochs': 10000, 'switch_policy': <class 'training.policy.RandomPolicy'>, 'num_layers': 2, 'lr': 0.000962299018019742, 'n_threads': 4, 'network_fn': <function kernel_example_layout_fn at 0x7f9af451ee18>, 'kernel_std': 0.7609789108651132}
2018-03-02 18:17:46,256 INFO     Obtained results {'train_loss': 0.71558666, 'epoch': 105, 'val_loss': 0.66643959, 'val_error': 0.092013895511627197, 'train_error': 0.095697164535522461}
2018-03-02 18:22:32,844 INFO     Finished evaluation on {'batch_size': 128, 'l2_ratio': 0.00012717776272009747, 'epochs_per_layer': 72, 'lr_decay': 0.2385618497896787, 'batch_norm': False, 'strip_length': 5, 'memory_factor': 2, 'policy_seed': 9352, 'hidden_units': 2048, 'progress_thresh': 0.1, 'kernel_size': 512, 'lr_decay_epochs': 885.3255228744864, 'kernel_mean': 0.0, 'max_epochs': 10000, 'switch_policy': <class 'training.policy.RandomPolicy'>, 'num_layers': 2, 'lr': 1.4340605257592004e-05, 'n_threads': 4, 'network_fn': <function kernel_example_layout_fn at 0x7f9af451ee18>, 'kernel_std': 0.41731712745554966}
2018-03-02 18:22:32,848 INFO     Obtained results {'train_loss': 2.2204802, 'epoch': 15, 'val_loss': 2.2416372, 'val_error': 0.8975694477558136, 'train_error': 0.84686075150966644}
2018-03-02 18:43:33,945 INFO     Finished evaluation on {'batch_size': 128, 'l2_ratio': 0.00048135520063153015, 'epochs_per_layer': 70, 'lr_decay': 0.1314674570665986, 'batch_norm': False, 'strip_length': 5, 'memory_factor': 2, 'policy_seed': 5450, 'hidden_units': 2048, 'progress_thresh': 0.1, 'kernel_size': 1024, 'lr_decay_epochs': 686.4021995691899, 'kernel_mean': 0.0, 'max_epochs': 10000, 'switch_policy': <class 'training.policy.RandomPolicy'>, 'num_layers': 2, 'lr': 1.7092411244831532e-05, 'n_threads': 4, 'network_fn': <function kernel_example_layout_fn at 0x7f9af451ee18>, 'kernel_std': 0.3081495333752038}
2018-03-02 18:43:33,946 INFO     Obtained results {'train_loss': 1.8947241, 'epoch': 690, 'val_loss': 1.9187353, 'val_error': 0.093098938465118408, 'train_error': 0.092918872833251953}
2018-03-02 18:45:31,473 INFO     Finished evaluation on {'batch_size': 128, 'l2_ratio': 0.00013801810826660703, 'epochs_per_layer': 56, 'lr_decay': 0.45687706699709574, 'batch_norm': False, 'strip_length': 5, 'memory_factor': 2, 'hidden_units': 2048, 'progress_thresh': 0.1, 'kernel_size': 512, 'lr_decay_epochs': 387.754301008768, 'kernel_mean': 0.0, 'max_epochs': 10000, 'switch_policy': <class 'training.policy.CyclicPolicy'>, 'num_layers': 2, 'lr': 0.00015210374296799732, 'n_threads': 4, 'network_fn': <function kernel_example_layout_fn at 0x7f9af451ee18>, 'kernel_std': 0.9646076673461627}
2018-03-02 18:45:31,474 INFO     Obtained results {'train_loss': 2.2113826, 'epoch': 30, 'val_loss': 2.2181289, 'val_error': 0.8990885391831398, 'train_error': 0.90522891283035278}
2018-03-02 18:46:22,655 INFO     Finished evaluation on {'batch_size': 128, 'l2_ratio': 0.004729190876679781, 'epochs_per_layer': 80, 'lr_decay': 0.2927794809252813, 'batch_norm': False, 'strip_length': 5, 'memory_factor': 2, 'hidden_units': 512, 'progress_thresh': 0.1, 'kernel_size': 1024, 'lr_decay_epochs': 853.4631785633005, 'kernel_mean': 0.0, 'max_epochs': 10000, 'switch_policy': <class 'training.policy.InverseCyclingPolicy'>, 'num_layers': 2, 'lr': 7.427854937955018e-05, 'n_threads': 4, 'network_fn': <function kernel_example_layout_fn at 0x7f9af451ee18>, 'kernel_std': 0.7315741398292046}
2018-03-02 18:46:22,656 INFO     Obtained results {'train_loss': 2.2286918, 'epoch': 25, 'val_loss': 2.2181525, 'val_error': 0.9012586772441864, 'train_error': 0.90983567386865616}
2018-03-02 18:47:07,239 INFO     Finished evaluation on {'batch_size': 128, 'l2_ratio': 0.006982047867858273, 'epochs_per_layer': 51, 'lr_decay': 0.9978956103378804, 'batch_norm': False, 'strip_length': 5, 'memory_factor': 2, 'policy_seed': 7151, 'hidden_units': 512, 'progress_thresh': 0.1, 'kernel_size': 512, 'lr_decay_epochs': 464.0155048740614, 'kernel_mean': 0.0, 'max_epochs': 10000, 'switch_policy': <class 'training.policy.RandomPolicy'>, 'num_layers': 2, 'lr': 6.755409583864648e-05, 'n_threads': 4, 'network_fn': <function kernel_example_layout_fn at 0x7f9af451ee18>, 'kernel_std': 0.9264811659743016}
2018-03-02 18:47:07,242 INFO     Obtained results {'train_loss': 2.1475625, 'epoch': 5, 'val_loss': 2.1452682, 'val_error': 0.90625, 'train_error': 0.90862461924552917}
2018-03-02 18:48:32,514 INFO     Finished evaluation on {'batch_size': 128, 'l2_ratio': 0.00032708042562521464, 'epochs_per_layer': 32, 'lr_decay': 0.8581414734271027, 'batch_norm': False, 'strip_length': 5, 'memory_factor': 2, 'hidden_units': 512, 'progress_thresh': 0.1, 'kernel_size': 1024, 'lr_decay_epochs': 371.9107527671074, 'kernel_mean': 0.0, 'max_epochs': 10000, 'switch_policy': <class 'training.policy.CyclicPolicy'>, 'num_layers': 2, 'lr': 5.113365688438857e-05, 'n_threads': 4, 'network_fn': <function kernel_example_layout_fn at 0x7f9af451ee18>, 'kernel_std': 0.9986432993536591}
2018-03-02 18:48:32,517 INFO     Obtained results {'train_loss': 2.1552327, 'epoch': 15, 'val_loss': 2.1749604, 'val_error': 0.8982204869389534, 'train_error': 0.82736511528491974}
2018-03-02 18:51:40,809 INFO     Finished evaluation on {'batch_size': 128, 'l2_ratio': 0.0003765175282270854, 'epochs_per_layer': 69, 'lr_decay': 0.8032586024485799, 'batch_norm': False, 'strip_length': 5, 'memory_factor': 2, 'policy_seed': 8724, 'hidden_units': 512, 'progress_thresh': 0.1, 'kernel_size': 1024, 'lr_decay_epochs': 325.5753125129236, 'kernel_mean': 0.0, 'max_epochs': 10000, 'switch_policy': <class 'training.policy.RandomPolicy'>, 'num_layers': 2, 'lr': 0.000687746382519889, 'n_threads': 4, 'network_fn': <function kernel_example_layout_fn at 0x7f9af451ee18>, 'kernel_std': 0.5485731869864429}
2018-03-02 18:51:40,812 INFO     Obtained results {'train_loss': 3.9378161, 'epoch': 110, 'val_loss': 3.946604, 'val_error': 0.8975694477558136, 'train_error': 0.91002564877271652}
2018-03-02 19:09:47,194 INFO     Finished evaluation on {'batch_size': 128, 'l2_ratio': 0.0006714739786043888, 'epochs_per_layer': 63, 'lr_decay': 0.17246717220858462, 'batch_norm': False, 'strip_length': 5, 'memory_factor': 2, 'hidden_units': 512, 'progress_thresh': 0.1, 'kernel_size': 512, 'lr_decay_epochs': 727.2206812411944, 'kernel_mean': 0.0, 'max_epochs': 10000, 'switch_policy': <class 'training.policy.InverseCyclingPolicy'>, 'num_layers': 2, 'lr': 8.587616327110237e-05, 'n_threads': 4, 'network_fn': <function kernel_example_layout_fn at 0x7f9af451ee18>, 'kernel_std': 0.602214079773881}
2018-03-02 19:09:47,194 INFO     Obtained results {'train_loss': 1.299554, 'epoch': 410, 'val_loss': 1.3122128, 'val_error': 0.091362833976745605, 'train_error': 0.093773722648620605}
2018-03-02 19:26:19,823 INFO     Finished evaluation on {'batch_size': 128, 'l2_ratio': 0.00029096022032508754, 'epochs_per_layer': 51, 'lr_decay': 0.4847768827263518, 'batch_norm': False, 'strip_length': 5, 'memory_factor': 2, 'policy_seed': 7214, 'hidden_units': 1024, 'progress_thresh': 0.1, 'kernel_size': 512, 'lr_decay_epochs': 476.9665714404334, 'kernel_mean': 0.0, 'max_epochs': 10000, 'switch_policy': <class 'training.policy.RandomPolicy'>, 'num_layers': 2, 'lr': 1.504838746468861e-05, 'n_threads': 4, 'network_fn': <function kernel_example_layout_fn at 0x7f9af451ee18>, 'kernel_std': 0.06374487345325809}
2018-03-02 19:26:19,823 INFO     Obtained results {'train_loss': 1.7248632, 'epoch': 650, 'val_loss': 1.7233355, 'val_error': 0.10112845897674561, 'train_error': 0.1132931113243103}
2018-03-02 19:36:44,192 INFO     Finished evaluation on {'batch_size': 128, 'l2_ratio': 0.0011964607081560732, 'epochs_per_layer': 70, 'lr_decay': 0.5499787475381669, 'batch_norm': False, 'strip_length': 5, 'memory_factor': 2, 'policy_seed': 1946, 'hidden_units': 2048, 'progress_thresh': 0.1, 'kernel_size': 2048, 'lr_decay_epochs': 101.51466680399875, 'kernel_mean': 0.0, 'max_epochs': 10000, 'switch_policy': <class 'training.policy.RandomPolicy'>, 'num_layers': 2, 'lr': 1.0354559575094096e-05, 'n_threads': 4, 'network_fn': <function kernel_example_layout_fn at 0x7f9af451ee18>, 'kernel_std': 0.18288902198267165}
2018-03-02 19:36:44,193 INFO     Obtained results {'train_loss': 0.75936973, 'epoch': 260, 'val_loss': 0.76817828, 'val_error': 0.12782120704650879, 'train_error': 0.12948805093765259}
2018-03-02 19:43:50,222 INFO     Finished evaluation on {'batch_size': 128, 'l2_ratio': 0.0006630716952794843, 'epochs_per_layer': 11, 'lr_decay': 0.5262251308494517, 'batch_norm': False, 'strip_length': 5, 'memory_factor': 2, 'policy_seed': 5982, 'hidden_units': 512, 'progress_thresh': 0.1, 'kernel_size': 512, 'lr_decay_epochs': 969.3176645235704, 'kernel_mean': 0.0, 'max_epochs': 10000, 'switch_policy': <class 'training.policy.RandomPolicy'>, 'num_layers': 2, 'lr': 0.0005572065676314663, 'n_threads': 4, 'network_fn': <function kernel_example_layout_fn at 0x7f9af451ee18>, 'kernel_std': 0.5639457172534463}
2018-03-02 19:43:50,223 INFO     Obtained results {'train_loss': 1.2692641, 'epoch': 165, 'val_loss': 1.2812721, 'val_error': 0.086371541023254395, 'train_error': 0.097478151321411133}
2018-03-02 20:03:57,213 INFO     Finished evaluation on {'batch_size': 128, 'l2_ratio': 0.003196762204033429, 'epochs_per_layer': 52, 'lr_decay': 0.6787624660160945, 'batch_norm': False, 'strip_length': 5, 'memory_factor': 2, 'hidden_units': 1024, 'progress_thresh': 0.1, 'kernel_size': 1024, 'lr_decay_epochs': 430.699746080918, 'kernel_mean': 0.0, 'max_epochs': 10000, 'switch_policy': <class 'training.policy.CyclicPolicy'>, 'num_layers': 2, 'lr': 0.0008796990415123783, 'n_threads': 4, 'network_fn': <function kernel_example_layout_fn at 0x7f9af451ee18>, 'kernel_std': 0.28159248034851697}
2018-03-02 20:03:57,214 INFO     Obtained results {'train_loss': 0.74337673, 'epoch': 755, 'val_loss': 0.74179441, 'val_error': 0.10221356153488159, 'train_error': 0.10963618755340576}
2018-03-02 20:04:38,418 INFO     Finished evaluation on {'batch_size': 128, 'l2_ratio': 0.003061828677009527, 'epochs_per_layer': 34, 'lr_decay': 0.33992832874020784, 'batch_norm': False, 'strip_length': 5, 'memory_factor': 2, 'hidden_units': 512, 'progress_thresh': 0.1, 'kernel_size': 1024, 'lr_decay_epochs': 434.45865586580084, 'kernel_mean': 0.0, 'max_epochs': 10000, 'switch_policy': <class 'training.policy.InverseCyclingPolicy'>, 'num_layers': 2, 'lr': 0.0008022946296225061, 'n_threads': 4, 'network_fn': <function kernel_example_layout_fn at 0x7f9af451ee18>, 'kernel_std': 0.07156781793673077}
2018-03-02 20:04:38,419 INFO     Obtained results {'train_loss': 2.2035627, 'epoch': 10, 'val_loss': 2.1877837, 'val_error': 0.7593315988779068, 'train_error': 0.75515292584896088}
2018-03-02 20:20:04,143 INFO     Finished evaluation on {'batch_size': 128, 'l2_ratio': 0.0075964430705291715, 'epochs_per_layer': 75, 'lr_decay': 0.19558601367565911, 'batch_norm': False, 'strip_length': 5, 'memory_factor': 2, 'policy_seed': 40, 'hidden_units': 2048, 'progress_thresh': 0.1, 'kernel_size': 2048, 'lr_decay_epochs': 808.4460012182435, 'kernel_mean': 0.0, 'max_epochs': 10000, 'switch_policy': <class 'training.policy.RandomPolicy'>, 'num_layers': 2, 'lr': 2.6192261658831974e-05, 'n_threads': 4, 'network_fn': <function kernel_example_layout_fn at 0x7f9af451ee18>, 'kernel_std': 0.1420620648954512}
2018-03-02 20:20:04,143 INFO     Obtained results {'train_loss': 1.2664441, 'epoch': 340, 'val_loss': 1.2616248, 'val_error': 0.2302517294883728, 'train_error': 0.25631648302078247}
2018-03-02 20:28:29,788 INFO     Finished evaluation on {'batch_size': 128, 'l2_ratio': 0.00034892532202777785, 'epochs_per_layer': 45, 'lr_decay': 0.11216873879199826, 'batch_norm': False, 'strip_length': 5, 'memory_factor': 2, 'policy_seed': 5394, 'hidden_units': 1024, 'progress_thresh': 0.1, 'kernel_size': 512, 'lr_decay_epochs': 290.3629438708107, 'kernel_mean': 0.0, 'max_epochs': 10000, 'switch_policy': <class 'training.policy.RandomPolicy'>, 'num_layers': 2, 'lr': 0.0003436099209677766, 'n_threads': 4, 'network_fn': <function kernel_example_layout_fn at 0x7f9af451ee18>, 'kernel_std': 0.013560869893393978}
2018-03-02 20:28:29,789 INFO     Obtained results {'train_loss': 4.2872448, 'epoch': 230, 'val_loss': 4.2831411, 'val_error': 0.8993055522441864, 'train_error': 0.90767477452754974}
2018-03-02 20:29:26,525 INFO     Finished evaluation on {'batch_size': 128, 'l2_ratio': 0.001587855598987759, 'epochs_per_layer': 48, 'lr_decay': 0.11990471094318443, 'batch_norm': False, 'strip_length': 5, 'memory_factor': 2, 'hidden_units': 2048, 'progress_thresh': 0.1, 'kernel_size': 512, 'lr_decay_epochs': 777.1288464074988, 'kernel_mean': 0.0, 'max_epochs': 10000, 'switch_policy': <class 'training.policy.InverseCyclingPolicy'>, 'num_layers': 2, 'lr': 1.184401919638723e-05, 'n_threads': 4, 'network_fn': <function kernel_example_layout_fn at 0x7f9af451ee18>, 'kernel_std': 0.6842238403047841}
2018-03-02 20:29:26,526 INFO     Obtained results {'train_loss': 2.1274638, 'epoch': 30, 'val_loss': 2.1327691, 'val_error': 0.9047309011220932, 'train_error': 0.85666793584823608}
2018-03-02 20:38:48,907 INFO     Finished evaluation on {'batch_size': 128, 'l2_ratio': 0.00046110205761819203, 'epochs_per_layer': 82, 'lr_decay': 0.2504963146214121, 'batch_norm': False, 'strip_length': 5, 'memory_factor': 2, 'policy_seed': 7694, 'hidden_units': 2048, 'progress_thresh': 0.1, 'kernel_size': 2048, 'lr_decay_epochs': 747.0963711174174, 'kernel_mean': 0.0, 'max_epochs': 10000, 'switch_policy': <class 'training.policy.RandomPolicy'>, 'num_layers': 2, 'lr': 0.0003017072991133877, 'n_threads': 4, 'network_fn': <function kernel_example_layout_fn at 0x7f9af451ee18>, 'kernel_std': 0.17471480223103578}
2018-03-02 20:38:48,908 INFO     Obtained results {'train_loss': 2.9896278, 'epoch': 235, 'val_loss': 2.9929161, 'val_error': 0.25911456346511841, 'train_error': 0.27111035585403442}
2018-03-02 20:38:48,910 INFO     Using model {'batch_size': 128, 'epochs_per_layer': 11, 'lr_decay': 0.5262251308494517, 'batch_norm': False, 'strip_length': 5, 'max_epochs': 165, 'network_fn': <function kernel_example_layout_fn at 0x7f9af451ee18>, 'l2_ratio': 0.0006630716952794843, 'switch_policy': <class 'training.policy.RandomPolicy'>, 'lr_decay_epochs': 969.3176645235704, 'policy_seed': 5982, 'hidden_units': 512, 'progress_thresh': 0.1, 'kernel_size': 512, 'memory_factor': 2, 'num_layers': 2, 'kernel_mean': 0.0, 'lr': 0.0005572065676314663, 'n_threads': 4, 'kernel_std': 0.5639457172534463} for training with results {'train_loss': 1.2692641, 'epoch': 165, 'val_loss': 1.2812721, 'val_error': 0.086371541023254395, 'train_error': 0.097478151321411133}
2018-03-02 20:38:48,910 INFO     Running training [0] in motor/1520019528911
2018-03-02 20:44:16,114 INFO     Queue exhausted. Read all instances
2018-03-02 20:44:16,122 INFO     Training [0] got results {'time(s)': 248.64642977714539, 'error': 0.094855606555938721, 'loss': 1.3133974, 'train_loss': 1.2687892, 'l2': 1.256663, 'train_error': 0.095911800861358643, 'train_l2': 1.2194825}
2018-03-02 20:44:16,122 INFO     Running training [1] in motor/1520019856123
2018-03-02 20:49:54,983 INFO     Queue exhausted. Read all instances
2018-03-02 20:49:54,992 INFO     Training [1] got results {'time(s)': 257.92124915122986, 'error': 0.09297555685043335, 'loss': 1.2958096, 'train_loss': 1.2517917, 'l2': 1.24217, 'train_error': 0.097196042537689209, 'train_l2': 1.2006793}
2018-03-02 20:49:54,992 INFO     Running training [2] in motor/1520020194993
2018-03-02 20:55:29,774 INFO     Queue exhausted. Read all instances
2018-03-02 20:55:29,783 INFO     Training [2] got results {'time(s)': 258.02843260765076, 'error': 0.10117930173873901, 'loss': 1.3003635, 'train_loss': 1.2567512, 'l2': 1.2379329, 'train_error': 0.097495734691619873, 'train_l2': 1.2029005}
2018-03-02 20:55:29,783 INFO     Running training [3] in motor/1520020529783
2018-03-02 21:01:09,730 INFO     Queue exhausted. Read all instances
2018-03-02 21:01:09,739 INFO     Training [3] got results {'time(s)': 253.7142562866211, 'error': 0.090753734111785889, 'loss': 1.2889541, 'train_loss': 1.2603543, 'l2': 1.2440634, 'train_error': 0.09571915864944458, 'train_l2': 1.2151983}
2018-03-02 21:01:09,739 INFO     Running training [4] in motor/1520020869739
2018-03-02 21:06:51,350 INFO     Queue exhausted. Read all instances
2018-03-02 21:06:51,359 INFO     Training [4] got results {'time(s)': 263.3725278377533, 'error': 0.093830108642578125, 'loss': 1.2945746, 'train_loss': 1.2700264, 'l2': 1.2430296, 'train_error': 0.096361279487609863, 'train_l2': 1.2201922}
2018-03-02 21:06:51,359 INFO     Running training [5] in motor/1520021211359
2018-03-02 21:12:34,961 INFO     Queue exhausted. Read all instances
2018-03-02 21:12:34,970 INFO     Training [5] got results {'time(s)': 265.7072196006775, 'error': 0.097761094570159912, 'loss': 1.2986997, 'train_loss': 1.2744912, 'l2': 1.2342269, 'train_error': 0.097474336624145508, 'train_l2': 1.217941}
2018-03-02 21:12:34,970 INFO     Running training [6] in motor/1520021554970
2018-03-02 21:18:31,370 INFO     Queue exhausted. Read all instances
2018-03-02 21:18:31,378 INFO     Training [6] got results {'time(s)': 273.8435595035553, 'error': 0.097419261932373047, 'loss': 1.3018222, 'train_loss': 1.267005, 'l2': 1.2494886, 'train_error': 0.09648972749710083, 'train_l2': 1.2185216}
2018-03-02 21:18:31,379 INFO     Running training [7] in motor/1520021911379
2018-03-02 21:24:50,235 INFO     Queue exhausted. Read all instances
2018-03-02 21:24:50,244 INFO     Training [7] got results {'time(s)': 299.6211807727814, 'error': 0.091437339782714844, 'loss': 1.3012098, 'train_loss': 1.2558933, 'l2': 1.2567874, 'train_error': 0.094584763050079346, 'train_l2': 1.2141694}
2018-03-02 21:24:50,244 INFO     Running training [8] in motor/1520022290244
2018-03-02 21:30:34,187 INFO     Queue exhausted. Read all instances
2018-03-02 21:30:34,196 INFO     Training [8] got results {'time(s)': 266.063547372818, 'error': 0.096906483173370361, 'loss': 1.3030088, 'train_loss': 1.270172, 'l2': 1.2535918, 'train_error': 0.095462322235107422, 'train_l2': 1.222398}
2018-03-02 21:30:34,196 INFO     Running training [9] in motor/1520022634196
2018-03-02 21:36:10,485 INFO     Queue exhausted. Read all instances
2018-03-02 21:36:10,496 INFO     Training [9] got results {'time(s)': 255.26811742782593, 'error': 0.089215517044067383, 'loss': 1.295555, 'train_loss': 1.27018, 'l2': 1.24923, 'train_error': 0.096639573574066162, 'train_l2': 1.2197207}
2018-03-02 21:36:10,496 INFO     time(s): 264.218652 +- 13.650047
2018-03-02 21:36:10,496 INFO     error: 0.094633 +- 0.003516
2018-03-02 21:36:10,496 INFO     loss: 1.299340 +- 0.006161
2018-03-02 21:36:10,496 INFO     train_loss: 1.264545 +- 0.007296
2018-03-02 21:36:10,496 INFO     l2: 1.246718 +- 0.007322
2018-03-02 21:36:10,497 INFO     train_error: 0.096333 +- 0.000888
2018-03-02 21:36:10,497 INFO     train_l2: 1.215120 +- 0.007051
