2018-03-03 13:21:30,271 INFO     Finished evaluation on {'switch_policy': <class 'training.policy.CyclicPolicy'>, 'num_layers': 3, 'epochs_per_layer': 73, 'batch_size': 128, 'lr_decay': 0.7041019120392118, 'batch_norm': False, 'n_threads': 4, 'hidden_units': 1024, 'kernel_mean': 0.0, 'network_fn': <function kernel_example_layout_fn at 0x7f753b65de18>, 'memory_factor': 2, 'progress_thresh': 0.1, 'strip_length': 5, 'max_epochs': 10000, 'lr_decay_epochs': 333.15687395225535, 'kernel_std': 0.4108650234642909, 'kernel_size': 1024, 'lr': 0.0005038089075730728, 'l2_ratio': 0.0007765723558361146}
2018-03-03 13:21:30,271 INFO     Obtained results {'train_loss': 1.1198903, 'val_error': 0.083550333976745605, 'val_loss': 1.1213686, 'epoch': 600, 'train_error': 0.092277765274047852}
2018-03-03 13:22:45,895 INFO     Finished evaluation on {'switch_policy': <class 'training.policy.InverseCyclingPolicy'>, 'num_layers': 3, 'epochs_per_layer': 41, 'batch_size': 128, 'lr_decay': 0.796526582999383, 'batch_norm': False, 'n_threads': 4, 'hidden_units': 512, 'kernel_mean': 0.0, 'network_fn': <function kernel_example_layout_fn at 0x7f753b65de18>, 'memory_factor': 2, 'progress_thresh': 0.1, 'strip_length': 5, 'max_epochs': 10000, 'lr_decay_epochs': 764.8219760624178, 'kernel_std': 0.7316008856477474, 'kernel_size': 1024, 'lr': 4.633985242653742e-05, 'l2_ratio': 0.004802066502960723}
2018-03-03 13:22:45,896 INFO     Obtained results {'train_loss': 2.2146001, 'val_error': 0.9055989608168602, 'val_loss': 2.2211504, 'epoch': 30, 'train_error': 0.90988317131996155}
2018-03-03 13:25:34,145 INFO     Finished evaluation on {'switch_policy': <class 'training.policy.RandomPolicy'>, 'num_layers': 3, 'epochs_per_layer': 46, 'batch_size': 128, 'lr_decay': 0.12604695767780982, 'batch_norm': False, 'n_threads': 4, 'hidden_units': 512, 'policy_seed': 3233, 'kernel_mean': 0.0, 'network_fn': <function kernel_example_layout_fn at 0x7f753b65de18>, 'memory_factor': 2, 'progress_thresh': 0.1, 'strip_length': 5, 'max_epochs': 10000, 'lr_decay_epochs': 307.1741237105789, 'kernel_std': 0.10708338477187458, 'kernel_size': 2048, 'lr': 0.0001956735484056494, 'l2_ratio': 0.0006052156827561995}
2018-03-03 13:25:34,145 INFO     Obtained results {'train_loss': 2.9551349, 'val_error': 0.9006076380610466, 'val_loss': 2.9572692, 'epoch': 80, 'train_error': 0.90760353207588196}
2018-03-03 13:26:20,611 INFO     Finished evaluation on {'switch_policy': <class 'training.policy.InverseCyclingPolicy'>, 'num_layers': 3, 'epochs_per_layer': 37, 'batch_size': 128, 'lr_decay': 0.17428871804474805, 'batch_norm': False, 'n_threads': 4, 'hidden_units': 2048, 'kernel_mean': 0.0, 'network_fn': <function kernel_example_layout_fn at 0x7f753b65de18>, 'memory_factor': 2, 'progress_thresh': 0.1, 'strip_length': 5, 'max_epochs': 10000, 'lr_decay_epochs': 922.4184151349231, 'kernel_std': 0.3542251114255878, 'kernel_size': 512, 'lr': 6.0095872460323584e-05, 'l2_ratio': 0.0003103462942933052}
2018-03-03 13:26:20,613 INFO     Obtained results {'train_loss': 2.105303, 'val_error': 0.9032118022441864, 'val_loss': 2.0851662, 'epoch': 15, 'train_error': 0.9101681262254715}
2018-03-03 13:38:09,805 INFO     Finished evaluation on {'switch_policy': <class 'training.policy.InverseCyclingPolicy'>, 'num_layers': 3, 'epochs_per_layer': 36, 'batch_size': 128, 'lr_decay': 0.46632602446335747, 'batch_norm': False, 'n_threads': 4, 'hidden_units': 2048, 'kernel_mean': 0.0, 'network_fn': <function kernel_example_layout_fn at 0x7f753b65de18>, 'memory_factor': 2, 'progress_thresh': 0.1, 'strip_length': 5, 'max_epochs': 10000, 'lr_decay_epochs': 664.4014119124395, 'kernel_std': 0.8101787923105456, 'kernel_size': 2048, 'lr': 5.995539186088389e-05, 'l2_ratio': 0.00043590133379731996}
2018-03-03 13:38:09,805 INFO     Obtained results {'train_loss': 2.1672122, 'val_error': 0.8958333358168602, 'val_loss': 2.1604059, 'epoch': 20, 'train_error': 0.9090283066034317}
2018-03-03 13:41:11,928 INFO     Finished evaluation on {'switch_policy': <class 'training.policy.CyclicPolicy'>, 'num_layers': 3, 'epochs_per_layer': 11, 'batch_size': 128, 'lr_decay': 0.4758060849402843, 'batch_norm': False, 'n_threads': 4, 'hidden_units': 1024, 'kernel_mean': 0.0, 'network_fn': <function kernel_example_layout_fn at 0x7f753b65de18>, 'memory_factor': 2, 'progress_thresh': 0.1, 'strip_length': 5, 'max_epochs': 10000, 'lr_decay_epochs': 118.25351950508312, 'kernel_std': 0.18503567110935568, 'kernel_size': 1024, 'lr': 9.601970167828358e-05, 'l2_ratio': 0.0006864923753106118}
2018-03-03 13:41:11,928 INFO     Obtained results {'train_loss': 1.3150402, 'val_error': 0.090711832046508789, 'val_loss': 1.3221081, 'epoch': 115, 'train_error': 0.097596883773803711}
2018-03-03 13:43:00,539 INFO     Finished evaluation on {'switch_policy': <class 'training.policy.CyclicPolicy'>, 'num_layers': 3, 'epochs_per_layer': 75, 'batch_size': 128, 'lr_decay': 0.9821240283647329, 'batch_norm': False, 'n_threads': 4, 'hidden_units': 2048, 'kernel_mean': 0.0, 'network_fn': <function kernel_example_layout_fn at 0x7f753b65de18>, 'memory_factor': 2, 'progress_thresh': 0.1, 'strip_length': 5, 'max_epochs': 10000, 'lr_decay_epochs': 755.6326113103562, 'kernel_std': 0.34603410579013116, 'kernel_size': 1024, 'lr': 0.0006519146497658918, 'l2_ratio': 0.004221705617319301}
2018-03-03 13:43:00,542 INFO     Obtained results {'train_loss': 1.5681208, 'val_error': 0.18315970897674561, 'val_loss': 1.5574362, 'epoch': 45, 'train_error': 0.22969698905944824}
2018-03-03 13:52:58,798 INFO     Finished evaluation on {'switch_policy': <class 'training.policy.RandomPolicy'>, 'num_layers': 3, 'epochs_per_layer': 10, 'batch_size': 128, 'lr_decay': 0.4308642269110775, 'batch_norm': False, 'n_threads': 4, 'hidden_units': 2048, 'policy_seed': 9719, 'kernel_mean': 0.0, 'network_fn': <function kernel_example_layout_fn at 0x7f753b65de18>, 'memory_factor': 2, 'progress_thresh': 0.1, 'strip_length': 5, 'max_epochs': 10000, 'lr_decay_epochs': 187.79768757400646, 'kernel_std': 0.8950341098390829, 'kernel_size': 2048, 'lr': 5.089698643454724e-05, 'l2_ratio': 0.005291640991414626}
2018-03-03 13:52:58,798 INFO     Obtained results {'train_loss': 0.51181448, 'val_error': 0.095920145511627197, 'val_loss': 0.51609588, 'epoch': 200, 'train_error': 0.090947926044464111}
2018-03-03 13:54:56,781 INFO     Finished evaluation on {'switch_policy': <class 'training.policy.InverseCyclingPolicy'>, 'num_layers': 3, 'epochs_per_layer': 62, 'batch_size': 128, 'lr_decay': 0.10141503569239273, 'batch_norm': False, 'n_threads': 4, 'hidden_units': 2048, 'kernel_mean': 0.0, 'network_fn': <function kernel_example_layout_fn at 0x7f753b65de18>, 'memory_factor': 2, 'progress_thresh': 0.1, 'strip_length': 5, 'max_epochs': 10000, 'lr_decay_epochs': 374.1629745217695, 'kernel_std': 0.546720309734395, 'kernel_size': 1024, 'lr': 1.837643933390087e-05, 'l2_ratio': 0.00014790840087395638}
2018-03-03 13:54:56,782 INFO     Obtained results {'train_loss': 2.1035061, 'val_error': 0.9086371511220932, 'val_loss': 2.1173007, 'epoch': 55, 'train_error': 0.9067724198102951}
2018-03-03 14:02:16,741 INFO     Finished evaluation on {'switch_policy': <class 'training.policy.InverseCyclingPolicy'>, 'num_layers': 3, 'epochs_per_layer': 41, 'batch_size': 128, 'lr_decay': 0.9811786039322614, 'batch_norm': False, 'n_threads': 4, 'hidden_units': 512, 'kernel_mean': 0.0, 'network_fn': <function kernel_example_layout_fn at 0x7f753b65de18>, 'memory_factor': 2, 'progress_thresh': 0.1, 'strip_length': 5, 'max_epochs': 10000, 'lr_decay_epochs': 786.1301193752688, 'kernel_std': 0.10314667731093285, 'kernel_size': 1024, 'lr': 2.6115524176829207e-05, 'l2_ratio': 0.0003852372855902187}
2018-03-03 14:02:16,742 INFO     Obtained results {'train_loss': 2.1153369, 'val_error': 0.8302951455116272, 'val_loss': 2.1096189, 'epoch': 10, 'train_error': 0.90933700650930405}
2018-03-03 14:06:48,565 INFO     Finished evaluation on {'switch_policy': <class 'training.policy.CyclicPolicy'>, 'num_layers': 3, 'epochs_per_layer': 53, 'batch_size': 128, 'lr_decay': 0.577131364914816, 'batch_norm': False, 'n_threads': 4, 'hidden_units': 1024, 'kernel_mean': 0.0, 'network_fn': <function kernel_example_layout_fn at 0x7f753b65de18>, 'memory_factor': 2, 'progress_thresh': 0.1, 'strip_length': 5, 'max_epochs': 10000, 'lr_decay_epochs': 312.45609659800687, 'kernel_std': 0.375236151412424, 'kernel_size': 1024, 'lr': 2.1119276784411765e-05, 'l2_ratio': 0.00030653893143019683}
2018-03-03 14:06:48,566 INFO     Obtained results {'train_loss': 0.57610655, 'val_error': 0.098524332046508789, 'val_loss': 0.58964562, 'epoch': 165, 'train_error': 0.095507204532623291}
2018-03-03 14:25:36,813 INFO     Finished evaluation on {'switch_policy': <class 'training.policy.InverseCyclingPolicy'>, 'num_layers': 3, 'epochs_per_layer': 55, 'batch_size': 128, 'lr_decay': 0.5609822064925152, 'batch_norm': False, 'n_threads': 4, 'hidden_units': 512, 'kernel_mean': 0.0, 'network_fn': <function kernel_example_layout_fn at 0x7f753b65de18>, 'memory_factor': 2, 'progress_thresh': 0.1, 'strip_length': 5, 'max_epochs': 10000, 'lr_decay_epochs': 701.3373938755933, 'kernel_std': 0.15835353678062594, 'kernel_size': 512, 'lr': 1.8271297146188936e-05, 'l2_ratio': 0.00012853034347473953}
2018-03-03 14:25:36,814 INFO     Obtained results {'train_loss': 2.9398546, 'val_error': 0.091145813465118408, 'val_loss': 2.9528644, 'epoch': 835, 'train_error': 0.093797504901885986}
2018-03-03 14:32:33,722 INFO     Finished evaluation on {'switch_policy': <class 'training.policy.CyclicPolicy'>, 'num_layers': 3, 'epochs_per_layer': 72, 'batch_size': 128, 'lr_decay': 0.8824236879347364, 'batch_norm': False, 'n_threads': 4, 'hidden_units': 512, 'kernel_mean': 0.0, 'network_fn': <function kernel_example_layout_fn at 0x7f753b65de18>, 'memory_factor': 2, 'progress_thresh': 0.1, 'strip_length': 5, 'max_epochs': 10000, 'lr_decay_epochs': 366.8401027305452, 'kernel_std': 0.41826770472056674, 'kernel_size': 2048, 'lr': 3.310467765279949e-05, 'l2_ratio': 0.00956005126356229}
2018-03-03 14:32:33,723 INFO     Obtained results {'train_loss': 1.3236982, 'val_error': 0.421875, 'val_loss': 1.3252294, 'epoch': 270, 'train_error': 0.43408054113388062}
2018-03-03 14:34:18,806 INFO     Finished evaluation on {'switch_policy': <class 'training.policy.RandomPolicy'>, 'num_layers': 3, 'epochs_per_layer': 64, 'batch_size': 128, 'lr_decay': 0.888330333857607, 'batch_norm': False, 'n_threads': 4, 'hidden_units': 2048, 'policy_seed': 1625, 'kernel_mean': 0.0, 'network_fn': <function kernel_example_layout_fn at 0x7f753b65de18>, 'memory_factor': 2, 'progress_thresh': 0.1, 'strip_length': 5, 'max_epochs': 10000, 'lr_decay_epochs': 233.29309727175797, 'kernel_std': 0.21842845118273088, 'kernel_size': 2048, 'lr': 8.978252452050746e-05, 'l2_ratio': 0.00030196503279309567}
2018-03-03 14:34:18,810 INFO     Obtained results {'train_loss': 2.1847229, 'val_error': 0.9047309011220932, 'val_loss': 2.1849964, 'epoch': 20, 'train_error': 0.90807845443487167}
2018-03-03 14:46:57,820 INFO     Finished evaluation on {'switch_policy': <class 'training.policy.InverseCyclingPolicy'>, 'num_layers': 3, 'epochs_per_layer': 12, 'batch_size': 128, 'lr_decay': 0.7833963932989417, 'batch_norm': False, 'n_threads': 4, 'hidden_units': 2048, 'kernel_mean': 0.0, 'network_fn': <function kernel_example_layout_fn at 0x7f753b65de18>, 'memory_factor': 2, 'progress_thresh': 0.1, 'strip_length': 5, 'max_epochs': 10000, 'lr_decay_epochs': 339.40088107491613, 'kernel_std': 0.576768480173818, 'kernel_size': 2048, 'lr': 9.088936735114595e-05, 'l2_ratio': 0.00038997116292131167}
2018-03-03 14:46:57,821 INFO     Obtained results {'train_loss': 2.0492928, 'val_error': 0.087456583976745605, 'val_loss': 2.059721, 'epoch': 205, 'train_error': 0.093631267547607422}
2018-03-03 14:51:18,850 INFO     Finished evaluation on {'switch_policy': <class 'training.policy.CyclicPolicy'>, 'num_layers': 3, 'epochs_per_layer': 43, 'batch_size': 128, 'lr_decay': 0.6870476038735553, 'batch_norm': False, 'n_threads': 4, 'hidden_units': 512, 'kernel_mean': 0.0, 'network_fn': <function kernel_example_layout_fn at 0x7f753b65de18>, 'memory_factor': 2, 'progress_thresh': 0.1, 'strip_length': 5, 'max_epochs': 10000, 'lr_decay_epochs': 263.6524047752325, 'kernel_std': 0.5511001638850026, 'kernel_size': 512, 'lr': 0.0006493369381730396, 'l2_ratio': 0.001051239694903711}
2018-03-03 14:51:18,851 INFO     Obtained results {'train_loss': 0.87205231, 'val_error': 0.094184041023254395, 'val_loss': 0.87140799, 'epoch': 150, 'train_error': 0.093536257743835449}
2018-03-03 14:54:14,326 INFO     Finished evaluation on {'switch_policy': <class 'training.policy.CyclicPolicy'>, 'num_layers': 3, 'epochs_per_layer': 70, 'batch_size': 128, 'lr_decay': 0.2433290044301273, 'batch_norm': False, 'n_threads': 4, 'hidden_units': 1024, 'kernel_mean': 0.0, 'network_fn': <function kernel_example_layout_fn at 0x7f753b65de18>, 'memory_factor': 2, 'progress_thresh': 0.1, 'strip_length': 5, 'max_epochs': 10000, 'lr_decay_epochs': 796.0370910144121, 'kernel_std': 0.5440842169968145, 'kernel_size': 512, 'lr': 5.757982392366157e-05, 'l2_ratio': 0.0008234705459590178}
2018-03-03 14:54:14,327 INFO     Obtained results {'train_loss': 1.5072852, 'val_error': 0.4787326455116272, 'val_loss': 1.6495337, 'epoch': 115, 'train_error': 0.39763015508651733}
2018-03-03 14:56:34,772 INFO     Finished evaluation on {'switch_policy': <class 'training.policy.CyclicPolicy'>, 'num_layers': 3, 'epochs_per_layer': 14, 'batch_size': 128, 'lr_decay': 0.5447578178000723, 'batch_norm': False, 'n_threads': 4, 'hidden_units': 2048, 'kernel_mean': 0.0, 'network_fn': <function kernel_example_layout_fn at 0x7f753b65de18>, 'memory_factor': 2, 'progress_thresh': 0.1, 'strip_length': 5, 'max_epochs': 10000, 'lr_decay_epochs': 981.7796119670815, 'kernel_std': 0.6724433416443613, 'kernel_size': 2048, 'lr': 0.0005418827528472762, 'l2_ratio': 0.00027188086425881486}
2018-03-03 14:56:34,773 INFO     Obtained results {'train_loss': 2.5104973, 'val_error': 0.9034288227558136, 'val_loss': 2.5236816, 'epoch': 10, 'train_error': 0.90945573896169662}
2018-03-03 15:02:55,560 INFO     Finished evaluation on {'switch_policy': <class 'training.policy.InverseCyclingPolicy'>, 'num_layers': 3, 'epochs_per_layer': 65, 'batch_size': 128, 'lr_decay': 0.2151656857085728, 'batch_norm': False, 'n_threads': 4, 'hidden_units': 1024, 'kernel_mean': 0.0, 'network_fn': <function kernel_example_layout_fn at 0x7f753b65de18>, 'memory_factor': 2, 'progress_thresh': 0.1, 'strip_length': 5, 'max_epochs': 10000, 'lr_decay_epochs': 458.98176825962895, 'kernel_std': 0.2820039691691055, 'kernel_size': 512, 'lr': 0.00015537858196961973, 'l2_ratio': 0.00494947032412074}
2018-03-03 15:02:55,561 INFO     Obtained results {'train_loss': 2.2609324, 'val_error': 0.8969184011220932, 'val_loss': 2.263391, 'epoch': 300, 'train_error': 0.90871960669755936}
2018-03-03 15:10:01,139 INFO     Finished evaluation on {'switch_policy': <class 'training.policy.RandomPolicy'>, 'num_layers': 3, 'epochs_per_layer': 81, 'batch_size': 128, 'lr_decay': 0.3047415779702002, 'batch_norm': False, 'n_threads': 4, 'hidden_units': 512, 'policy_seed': 3371, 'kernel_mean': 0.0, 'network_fn': <function kernel_example_layout_fn at 0x7f753b65de18>, 'memory_factor': 2, 'progress_thresh': 0.1, 'strip_length': 5, 'max_epochs': 10000, 'lr_decay_epochs': 328.2204664621198, 'kernel_std': 0.6095484796268839, 'kernel_size': 1024, 'lr': 3.330503574432251e-05, 'l2_ratio': 0.00046118053078973405}
2018-03-03 15:10:01,140 INFO     Obtained results {'train_loss': 2.1346803, 'val_error': 0.42708331346511841, 'val_loss': 2.131551, 'epoch': 280, 'train_error': 0.45853912830352783}
2018-03-03 15:15:17,077 INFO     Finished evaluation on {'switch_policy': <class 'training.policy.InverseCyclingPolicy'>, 'num_layers': 3, 'epochs_per_layer': 11, 'batch_size': 128, 'lr_decay': 0.8972584175470562, 'batch_norm': False, 'n_threads': 4, 'hidden_units': 512, 'kernel_mean': 0.0, 'network_fn': <function kernel_example_layout_fn at 0x7f753b65de18>, 'memory_factor': 2, 'progress_thresh': 0.1, 'strip_length': 5, 'max_epochs': 10000, 'lr_decay_epochs': 250.84105053423838, 'kernel_std': 0.2561228127619446, 'kernel_size': 1024, 'lr': 0.00016562160732431895, 'l2_ratio': 0.005011815438614838}
2018-03-03 15:15:17,078 INFO     Obtained results {'train_loss': 2.2361681, 'val_error': 0.8969184011220932, 'val_loss': 2.2558661, 'epoch': 65, 'train_error': 0.90983567386865616}
2018-03-03 15:20:11,122 INFO     Finished evaluation on {'switch_policy': <class 'training.policy.RandomPolicy'>, 'num_layers': 3, 'epochs_per_layer': 13, 'batch_size': 128, 'lr_decay': 0.8692358805439268, 'batch_norm': False, 'n_threads': 4, 'hidden_units': 2048, 'policy_seed': 8362, 'kernel_mean': 0.0, 'network_fn': <function kernel_example_layout_fn at 0x7f753b65de18>, 'memory_factor': 2, 'progress_thresh': 0.1, 'strip_length': 5, 'max_epochs': 10000, 'lr_decay_epochs': 559.7744287490939, 'kernel_std': 0.556386895083975, 'kernel_size': 512, 'lr': 7.011885733626671e-05, 'l2_ratio': 0.0015449938361090322}
2018-03-03 15:20:11,126 INFO     Obtained results {'train_loss': 2.3265424, 'val_error': 0.8910590261220932, 'val_loss': 2.7277281, 'epoch': 160, 'train_error': 0.69647607207298279}
2018-03-03 15:50:52,553 INFO     Finished evaluation on {'switch_policy': <class 'training.policy.CyclicPolicy'>, 'num_layers': 3, 'epochs_per_layer': 52, 'batch_size': 128, 'lr_decay': 0.88234775245549, 'batch_norm': False, 'n_threads': 4, 'hidden_units': 1024, 'kernel_mean': 0.0, 'network_fn': <function kernel_example_layout_fn at 0x7f753b65de18>, 'memory_factor': 2, 'progress_thresh': 0.1, 'strip_length': 5, 'max_epochs': 10000, 'lr_decay_epochs': 483.3194037979133, 'kernel_std': 0.5526601868786132, 'kernel_size': 1024, 'lr': 2.9250982353524063e-05, 'l2_ratio': 0.0003883828564858558}
2018-03-03 15:50:52,557 INFO     Obtained results {'train_loss': 2.1336377, 'val_error': 0.15190970897674561, 'val_loss': 2.3181124, 'epoch': 1300, 'train_error': 0.094272434711456299}
2018-03-03 15:55:54,184 INFO     Finished evaluation on {'switch_policy': <class 'training.policy.CyclicPolicy'>, 'num_layers': 3, 'epochs_per_layer': 33, 'batch_size': 128, 'lr_decay': 0.6674383026586297, 'batch_norm': False, 'n_threads': 4, 'hidden_units': 512, 'kernel_mean': 0.0, 'network_fn': <function kernel_example_layout_fn at 0x7f753b65de18>, 'memory_factor': 2, 'progress_thresh': 0.1, 'strip_length': 5, 'max_epochs': 10000, 'lr_decay_epochs': 727.0493001605936, 'kernel_std': 0.7362182796654057, 'kernel_size': 2048, 'lr': 0.00030571760415514676, 'l2_ratio': 0.00046334177801231487}
2018-03-03 15:55:54,184 INFO     Obtained results {'train_loss': 1.3943977, 'val_error': 0.093967020511627197, 'val_loss': 1.3985463, 'epoch': 120, 'train_error': 0.091874063014984131}
2018-03-03 15:56:37,142 INFO     Finished evaluation on {'switch_policy': <class 'training.policy.RandomPolicy'>, 'num_layers': 3, 'epochs_per_layer': 66, 'batch_size': 128, 'lr_decay': 0.30335664130975903, 'batch_norm': False, 'n_threads': 4, 'hidden_units': 1024, 'policy_seed': 7205, 'kernel_mean': 0.0, 'network_fn': <function kernel_example_layout_fn at 0x7f753b65de18>, 'memory_factor': 2, 'progress_thresh': 0.1, 'strip_length': 5, 'max_epochs': 10000, 'lr_decay_epochs': 544.798049414997, 'kernel_std': 0.9166509274604746, 'kernel_size': 512, 'lr': 1.075792077838096e-05, 'l2_ratio': 0.0007976603733253632}
2018-03-03 15:56:37,147 INFO     Obtained results {'train_loss': 2.327914, 'val_error': 0.9014756977558136, 'val_loss': 2.3227918, 'epoch': 10, 'train_error': 0.88290748745203018}
2018-03-03 15:56:37,149 INFO     Using model {'epochs_per_layer': 73, 'switch_policy': <class 'training.policy.CyclicPolicy'>, 'batch_norm': False, 'memory_factor': 2, 'hidden_units': 1024, 'kernel_mean': 0.0, 'num_layers': 3, 'n_threads': 4, 'progress_thresh': 0.1, 'strip_length': 5, 'max_epochs': 600, 'l2_ratio': 0.0007765723558361146, 'network_fn': <function kernel_example_layout_fn at 0x7f753b65de18>, 'lr_decay_epochs': 333.15687395225535, 'batch_size': 128, 'lr_decay': 0.7041019120392118, 'kernel_std': 0.4108650234642909, 'kernel_size': 1024, 'lr': 0.0005038089075730728} for training with results {'train_loss': 1.1198903, 'val_error': 0.083550333976745605, 'val_loss': 1.1213686, 'epoch': 600, 'train_error': 0.092277765274047852}
2018-03-03 15:56:37,149 INFO     Running training [0] in motor/1520088997150
2018-03-03 16:17:03,798 INFO     Queue exhausted. Read all instances
2018-03-03 16:17:03,807 INFO     Training [0] got results {'time(s)': 957.8813490867615, 'loss': 1.1865419, 'error': 0.088019132614135742, 'train_error': 0.092101871967315674, 'train_loss': 1.1276848, 'train_l2': 1.0993979, 'l2': 1.1555233}
2018-03-03 16:17:03,807 INFO     Running training [1] in motor/1520090223807
2018-03-03 16:38:15,484 INFO     Queue exhausted. Read all instances
2018-03-03 16:38:15,493 INFO     Training [1] got results {'time(s)': 1003.8649115562439, 'loss': 1.1798624, 'error': 0.085626363754272461, 'train_error': 0.091973483562469482, 'train_loss': 1.1212474, 'train_l2': 1.0927491, 'l2': 1.1486374}
2018-03-03 16:38:15,493 INFO     Running training [2] in motor/1520091495494
2018-03-03 16:59:35,140 INFO     Queue exhausted. Read all instances
2018-03-03 16:59:35,149 INFO     Training [2] got results {'time(s)': 1011.4005837440491, 'loss': 1.1889318, 'error': 0.085968196392059326, 'train_error': 0.091994881629943848, 'train_loss': 1.1283313, 'train_l2': 1.0999115, 'l2': 1.1564806}
2018-03-03 16:59:35,149 INFO     Running training [3] in motor/1520092775150
2018-03-03 17:20:46,997 INFO     Queue exhausted. Read all instances
2018-03-03 17:20:47,006 INFO     Training [3] got results {'time(s)': 1003.2264218330383, 'loss': 1.1990428, 'error': 0.088360965251922607, 'train_error': 0.092893838882446289, 'train_loss': 1.1295233, 'train_l2': 1.1001682, 'l2': 1.1660336}
2018-03-03 17:20:47,006 INFO     Running training [4] in motor/1520094047007
2018-03-03 17:42:01,932 INFO     Queue exhausted. Read all instances
2018-03-03 17:42:01,941 INFO     Training [4] got results {'time(s)': 1006.4498798847198, 'loss': 1.1926832, 'error': 0.090924620628356934, 'train_error': 0.092658400535583496, 'train_loss': 1.1275469, 'train_l2': 1.09887, 'l2': 1.1579758}
2018-03-03 17:42:01,941 INFO     Running training [5] in motor/1520095321941
2018-03-03 18:02:48,077 INFO     Queue exhausted. Read all instances
2018-03-03 18:02:48,085 INFO     Training [5] got results {'time(s)': 977.315114736557, 'loss': 1.1772318, 'error': 0.086993694305419922, 'train_error': 0.092743992805480957, 'train_loss': 1.1264647, 'train_l2': 1.0972019, 'l2': 1.1460526}
2018-03-03 18:02:48,085 INFO     Running training [6] in motor/1520096568086
2018-03-03 18:24:22,637 INFO     Queue exhausted. Read all instances
2018-03-03 18:24:22,645 INFO     Training [6] got results {'time(s)': 1025.7442836761475, 'loss': 1.1875095, 'error': 0.092462837696075439, 'train_error': 0.092487156391143799, 'train_loss': 1.1261041, 'train_l2': 1.0964998, 'l2': 1.154248}
2018-03-03 18:24:22,646 INFO     Running training [7] in motor/1520097862646
2018-03-03 18:45:24,253 INFO     Queue exhausted. Read all instances
2018-03-03 18:45:24,262 INFO     Training [7] got results {'time(s)': 993.5567436218262, 'loss': 1.1745491, 'error': 0.089386403560638428, 'train_error': 0.093214869499206543, 'train_loss': 1.1256672, 'train_l2': 1.0968463, 'l2': 1.1430025}
2018-03-03 18:45:24,262 INFO     Running training [8] in motor/1520099124262
2018-03-03 19:06:59,912 INFO     Queue exhausted. Read all instances
2018-03-03 19:06:59,921 INFO     Training [8] got results {'time(s)': 1027.0634105205536, 'loss': 1.1708661, 'error': 0.085968196392059326, 'train_error': 0.09218752384185791, 'train_loss': 1.1243343, 'train_l2': 1.0943341, 'l2': 1.1374904}
2018-03-03 19:06:59,921 INFO     Running training [9] in motor/1520100419922
2018-03-03 19:28:47,261 INFO     Queue exhausted. Read all instances
2018-03-03 19:28:47,269 INFO     Training [9] got results {'time(s)': 1038.9951331615448, 'loss': 1.1768622, 'error': 0.091095566749572754, 'train_error': 0.092893838882446289, 'train_loss': 1.1203082, 'train_l2': 1.0918676, 'l2': 1.1459404}
2018-03-03 19:28:47,271 INFO     time(s): 1004.549783 +- 22.881944
2018-03-03 19:28:47,272 INFO     loss: 1.183408 +- 0.008467
2018-03-03 19:28:47,272 INFO     error: 0.088481 +- 0.002296
2018-03-03 19:28:47,272 INFO     train_error: 0.092515 +- 0.000411
2018-03-03 19:28:47,272 INFO     train_loss: 1.125721 +- 0.002835
2018-03-03 19:28:47,272 INFO     train_l2: 1.096785 +- 0.002813
2018-03-03 19:28:47,272 INFO     l2: 1.151139 +- 0.007985
