2018-03-11 02:01:11,718 INFO     Finished evaluation on {'progress_thresh': 0.1, 'lr_decay': 0.6058780815466677, 'max_epochs': 10000, 'network_fn': <function example_layout_fn at 0x7fa796e88ea0>, 'memory_factor': 2, 'batch_norm': True, 'lr': 0.0004491211819106619, 'num_layers': 2, 'n_threads': 4, 'l2_ratio': 0.00010203003691017119, 'strip_length': 5, 'lr_decay_epochs': 189.89554850629438, 'batch_size': 128, 'hidden_units': 512}
2018-03-11 02:01:11,719 INFO     Obtained results {'train_error': 0.12535619735717773, 'val_error': 0.12000870704650879, 'train_loss': 8.5575609, 'val_loss': 8.7946482, 'epoch': 35}
2018-03-11 02:02:47,893 INFO     Finished evaluation on {'progress_thresh': 0.1, 'lr_decay': 0.7652945015657744, 'max_epochs': 10000, 'network_fn': <function example_layout_fn at 0x7fa796e88ea0>, 'memory_factor': 2, 'batch_norm': True, 'lr': 0.00010400714694482558, 'num_layers': 2, 'n_threads': 4, 'l2_ratio': 0.00012855267965655774, 'strip_length': 5, 'lr_decay_epochs': 462.42442343099236, 'batch_size': 128, 'hidden_units': 512}
2018-03-11 02:02:47,896 INFO     Obtained results {'train_error': 0.12846696376800537, 'val_error': 0.12738716602325439, 'train_loss': 1.4410218, 'val_loss': 1.4736953, 'epoch': 50}
2018-03-11 02:03:40,553 INFO     Finished evaluation on {'progress_thresh': 0.1, 'lr_decay': 0.8017811857037459, 'max_epochs': 10000, 'network_fn': <function example_layout_fn at 0x7fa796e88ea0>, 'memory_factor': 2, 'batch_norm': True, 'lr': 2.603067455994342e-05, 'num_layers': 2, 'n_threads': 4, 'l2_ratio': 0.0004909925942663869, 'strip_length': 5, 'lr_decay_epochs': 345.5012112693738, 'batch_size': 128, 'hidden_units': 512}
2018-03-11 02:03:40,557 INFO     Obtained results {'train_error': 0.16050058603286743, 'val_error': 0.17078995704650879, 'train_loss': 0.61115468, 'val_loss': 0.65361995, 'epoch': 25}
2018-03-11 02:20:51,502 INFO     Finished evaluation on {'progress_thresh': 0.1, 'lr_decay': 0.8501402165417734, 'max_epochs': 10000, 'network_fn': <function example_layout_fn at 0x7fa796e88ea0>, 'memory_factor': 2, 'batch_norm': True, 'lr': 0.00011736709358008098, 'num_layers': 2, 'n_threads': 4, 'l2_ratio': 0.00023848528772140245, 'strip_length': 5, 'lr_decay_epochs': 199.37273359265225, 'batch_size': 128, 'hidden_units': 512}
2018-03-11 02:20:51,504 INFO     Obtained results {'train_error': 0.1178048849105835, 'val_error': 0.1213107705116272, 'train_loss': 171.94911, 'val_loss': 172.25031, 'epoch': 485}
2018-03-11 02:35:09,336 INFO     Finished evaluation on {'progress_thresh': 0.1, 'lr_decay': 0.9380096635218871, 'max_epochs': 10000, 'network_fn': <function example_layout_fn at 0x7fa796e88ea0>, 'memory_factor': 2, 'batch_norm': True, 'lr': 0.0001236877014415747, 'num_layers': 2, 'n_threads': 4, 'l2_ratio': 0.001397636969989484, 'strip_length': 5, 'lr_decay_epochs': 215.16866613765143, 'batch_size': 128, 'hidden_units': 1024}
2018-03-11 02:35:09,340 INFO     Obtained results {'train_error': 0.1182560920715332, 'val_error': 0.10980904102325439, 'train_loss': 1664.8361, 'val_loss': 1668.1675, 'epoch': 405}
2018-03-11 02:45:26,117 INFO     Finished evaluation on {'progress_thresh': 0.1, 'lr_decay': 0.4549623683781573, 'max_epochs': 10000, 'network_fn': <function example_layout_fn at 0x7fa796e88ea0>, 'memory_factor': 2, 'batch_norm': True, 'lr': 4.8439789251284704e-05, 'num_layers': 2, 'n_threads': 4, 'l2_ratio': 0.0014867974684106104, 'strip_length': 5, 'lr_decay_epochs': 161.73041437260196, 'batch_size': 128, 'hidden_units': 512}
2018-03-11 02:45:26,120 INFO     Obtained results {'train_error': 0.12089192867279053, 'val_error': 0.1130642294883728, 'train_loss': 32.041702, 'val_loss': 32.105686, 'epoch': 195}
2018-03-11 02:46:15,097 INFO     Finished evaluation on {'progress_thresh': 0.1, 'lr_decay': 0.9705613373687572, 'max_epochs': 10000, 'network_fn': <function example_layout_fn at 0x7fa796e88ea0>, 'memory_factor': 2, 'batch_norm': True, 'lr': 0.0007330090142450031, 'num_layers': 2, 'n_threads': 4, 'l2_ratio': 0.007446233829008723, 'strip_length': 5, 'lr_decay_epochs': 368.62425861693856, 'batch_size': 128, 'hidden_units': 512}
2018-03-11 02:46:15,099 INFO     Obtained results {'train_error': 0.14820003509521484, 'val_error': 0.13346356153488159, 'train_loss': 674.20068, 'val_loss': 695.74878, 'epoch': 25}
2018-03-11 02:47:39,536 INFO     Finished evaluation on {'progress_thresh': 0.1, 'lr_decay': 0.22656858455170478, 'max_epochs': 10000, 'network_fn': <function example_layout_fn at 0x7fa796e88ea0>, 'memory_factor': 2, 'batch_norm': True, 'lr': 0.0005298600428474177, 'num_layers': 2, 'n_threads': 4, 'l2_ratio': 0.000896763988060402, 'strip_length': 5, 'lr_decay_epochs': 897.7200168838265, 'batch_size': 128, 'hidden_units': 512}
2018-03-11 02:47:39,537 INFO     Obtained results {'train_error': 0.13316869735717773, 'val_error': 0.12261283397674561, 'train_loss': 183.38377, 'val_loss': 186.60626, 'epoch': 50}
2018-03-11 02:48:37,133 INFO     Finished evaluation on {'progress_thresh': 0.1, 'lr_decay': 0.9593873627704882, 'max_epochs': 10000, 'network_fn': <function example_layout_fn at 0x7fa796e88ea0>, 'memory_factor': 2, 'batch_norm': True, 'lr': 0.0009412152353257435, 'num_layers': 2, 'n_threads': 4, 'l2_ratio': 0.0016812948716002827, 'strip_length': 5, 'lr_decay_epochs': 768.5273296987781, 'batch_size': 128, 'hidden_units': 1024}
2018-03-11 02:48:37,136 INFO     Obtained results {'train_error': 0.16396749019622803, 'val_error': 0.1564670205116272, 'train_loss': 19.646296, 'val_loss': 23.506824, 'epoch': 5}
2018-03-11 02:49:06,717 INFO     Finished evaluation on {'progress_thresh': 0.1, 'lr_decay': 0.6740361579403134, 'max_epochs': 10000, 'network_fn': <function example_layout_fn at 0x7fa796e88ea0>, 'memory_factor': 2, 'batch_norm': True, 'lr': 5.324093906285594e-05, 'num_layers': 2, 'n_threads': 4, 'l2_ratio': 0.0009771891152353643, 'strip_length': 5, 'lr_decay_epochs': 510.886856444423, 'batch_size': 128, 'hidden_units': 1024}
2018-03-11 02:49:06,720 INFO     Obtained results {'train_error': 0.16900169849395752, 'val_error': 0.1540798544883728, 'train_loss': 1.077716, 'val_loss': 1.04492, 'epoch': 5}
2018-03-11 02:53:24,876 INFO     Finished evaluation on {'progress_thresh': 0.1, 'lr_decay': 0.20475426341106648, 'max_epochs': 10000, 'network_fn': <function example_layout_fn at 0x7fa796e88ea0>, 'memory_factor': 2, 'batch_norm': True, 'lr': 5.324549484097981e-05, 'num_layers': 2, 'n_threads': 4, 'l2_ratio': 0.0031597373160486947, 'strip_length': 5, 'lr_decay_epochs': 760.652420873333, 'batch_size': 128, 'hidden_units': 2048}
2018-03-11 02:53:24,879 INFO     Obtained results {'train_error': 0.12184172868728638, 'val_error': 0.1310763955116272, 'train_loss': 86.28492, 'val_loss': 87.274658, 'epoch': 90}
2018-03-11 03:09:30,576 INFO     Finished evaluation on {'progress_thresh': 0.1, 'lr_decay': 0.8120550205673591, 'max_epochs': 10000, 'network_fn': <function example_layout_fn at 0x7fa796e88ea0>, 'memory_factor': 2, 'batch_norm': True, 'lr': 8.127951143306108e-05, 'num_layers': 2, 'n_threads': 4, 'l2_ratio': 0.0010642429346892513, 'strip_length': 5, 'lr_decay_epochs': 174.05932499635338, 'batch_size': 128, 'hidden_units': 1024}
2018-03-11 03:09:30,577 INFO     Obtained results {'train_error': 0.11742496490478516, 'val_error': 0.107421875, 'train_loss': 283.90106, 'val_loss': 284.73743, 'epoch': 285}
2018-03-11 03:14:25,424 INFO     Finished evaluation on {'progress_thresh': 0.1, 'lr_decay': 0.933284261130251, 'max_epochs': 10000, 'network_fn': <function example_layout_fn at 0x7fa796e88ea0>, 'memory_factor': 2, 'batch_norm': True, 'lr': 0.00019457222409684092, 'num_layers': 2, 'n_threads': 4, 'l2_ratio': 0.00029216836761360035, 'strip_length': 5, 'lr_decay_epochs': 685.3418403343966, 'batch_size': 128, 'hidden_units': 2048}
2018-03-11 03:14:25,424 INFO     Obtained results {'train_error': 0.11806613206863403, 'val_error': 0.115234375, 'train_loss': 90.072815, 'val_loss': 91.040985, 'epoch': 85}
2018-03-11 03:16:15,653 INFO     Finished evaluation on {'progress_thresh': 0.1, 'lr_decay': 0.5248098507446011, 'max_epochs': 10000, 'network_fn': <function example_layout_fn at 0x7fa796e88ea0>, 'memory_factor': 2, 'batch_norm': True, 'lr': 1.5184046397427937e-05, 'num_layers': 2, 'n_threads': 4, 'l2_ratio': 0.0011193857312448076, 'strip_length': 5, 'lr_decay_epochs': 238.65380768711248, 'batch_size': 128, 'hidden_units': 2048}
2018-03-11 03:16:15,656 INFO     Obtained results {'train_error': 0.13661187887191772, 'val_error': 0.13932293653488159, 'train_loss': 1.6920369, 'val_loss': 1.7039009, 'epoch': 20}
2018-03-11 03:18:55,744 INFO     Finished evaluation on {'progress_thresh': 0.1, 'lr_decay': 0.28556403061139723, 'max_epochs': 10000, 'network_fn': <function example_layout_fn at 0x7fa796e88ea0>, 'memory_factor': 2, 'batch_norm': True, 'lr': 0.0006670062092387246, 'num_layers': 2, 'n_threads': 4, 'l2_ratio': 0.005024153288863325, 'strip_length': 5, 'lr_decay_epochs': 592.0738739750788, 'batch_size': 128, 'hidden_units': 2048}
2018-03-11 03:18:55,748 INFO     Obtained results {'train_error': 0.20255511999130249, 'val_error': 0.18793404102325439, 'train_loss': 155.07568, 'val_loss': 166.98802, 'epoch': 10}
2018-03-11 03:21:10,422 INFO     Finished evaluation on {'progress_thresh': 0.1, 'lr_decay': 0.23729523389408547, 'max_epochs': 10000, 'network_fn': <function example_layout_fn at 0x7fa796e88ea0>, 'memory_factor': 2, 'batch_norm': True, 'lr': 0.0001492757320873133, 'num_layers': 2, 'n_threads': 4, 'l2_ratio': 0.004135594214156881, 'strip_length': 5, 'lr_decay_epochs': 377.4984205602401, 'batch_size': 128, 'hidden_units': 1024}
2018-03-11 03:21:10,426 INFO     Obtained results {'train_error': 0.12378895282745361, 'val_error': 0.11631941795349121, 'train_loss': 353.22501, 'val_loss': 357.47955, 'epoch': 80}
2018-03-11 03:23:51,092 INFO     Finished evaluation on {'progress_thresh': 0.1, 'lr_decay': 0.3269280678072274, 'max_epochs': 10000, 'network_fn': <function example_layout_fn at 0x7fa796e88ea0>, 'memory_factor': 2, 'batch_norm': True, 'lr': 0.0004639066128772908, 'num_layers': 2, 'n_threads': 4, 'l2_ratio': 0.0001781338471672548, 'strip_length': 5, 'lr_decay_epochs': 667.0519112315826, 'batch_size': 128, 'hidden_units': 512}
2018-03-11 03:23:51,093 INFO     Obtained results {'train_error': 0.13801294565200806, 'val_error': 0.13151043653488159, 'train_loss': 85.770493, 'val_loss': 86.38414, 'epoch': 95}
2018-03-11 03:35:06,148 INFO     Finished evaluation on {'progress_thresh': 0.1, 'lr_decay': 0.3598928012888958, 'max_epochs': 10000, 'network_fn': <function example_layout_fn at 0x7fa796e88ea0>, 'memory_factor': 2, 'batch_norm': True, 'lr': 0.00021505192617016542, 'num_layers': 2, 'n_threads': 4, 'l2_ratio': 0.004019728888535079, 'strip_length': 5, 'lr_decay_epochs': 639.4423368738087, 'batch_size': 128, 'hidden_units': 2048}
2018-03-11 03:35:06,149 INFO     Obtained results {'train_error': 0.11911094188690186, 'val_error': 0.11827254295349121, 'train_loss': 1884.3773, 'val_loss': 1898.4766, 'epoch': 105}
2018-03-11 03:36:20,116 INFO     Finished evaluation on {'progress_thresh': 0.1, 'lr_decay': 0.8262672153723165, 'max_epochs': 10000, 'network_fn': <function example_layout_fn at 0x7fa796e88ea0>, 'memory_factor': 2, 'batch_norm': True, 'lr': 1.025356603875608e-05, 'num_layers': 2, 'n_threads': 4, 'l2_ratio': 0.0002365607486184703, 'strip_length': 5, 'lr_decay_epochs': 989.7700373929215, 'batch_size': 128, 'hidden_units': 1024}
2018-03-11 03:36:20,120 INFO     Obtained results {'train_error': 0.14990973472595215, 'val_error': 0.15516495704650879, 'train_loss': 0.50654507, 'val_loss': 0.5340293, 'epoch': 35}
2018-03-11 03:49:02,328 INFO     Finished evaluation on {'progress_thresh': 0.1, 'lr_decay': 0.8624041313175753, 'max_epochs': 10000, 'network_fn': <function example_layout_fn at 0x7fa796e88ea0>, 'memory_factor': 2, 'batch_norm': True, 'lr': 7.487299531208808e-05, 'num_layers': 2, 'n_threads': 4, 'l2_ratio': 0.0036959081126328773, 'strip_length': 5, 'lr_decay_epochs': 573.3757796221312, 'batch_size': 128, 'hidden_units': 2048}
2018-03-11 03:49:02,329 INFO     Obtained results {'train_error': 0.11628514528274536, 'val_error': 0.11241316795349121, 'train_loss': 2034.4069, 'val_loss': 2040.8848, 'epoch': 300}
2018-03-11 03:55:58,127 INFO     Finished evaluation on {'progress_thresh': 0.1, 'lr_decay': 0.6471302135599116, 'max_epochs': 10000, 'network_fn': <function example_layout_fn at 0x7fa796e88ea0>, 'memory_factor': 2, 'batch_norm': True, 'lr': 6.621658397578352e-05, 'num_layers': 2, 'n_threads': 4, 'l2_ratio': 0.0003121752770900481, 'strip_length': 5, 'lr_decay_epochs': 729.393871468658, 'batch_size': 128, 'hidden_units': 1024}
2018-03-11 03:55:58,130 INFO     Obtained results {'train_error': 0.11716377735137939, 'val_error': 0.11783856153488159, 'train_loss': 52.352726, 'val_loss': 52.551861, 'epoch': 255}
2018-03-11 04:07:14,798 INFO     Finished evaluation on {'progress_thresh': 0.1, 'lr_decay': 0.3457671760086456, 'max_epochs': 10000, 'network_fn': <function example_layout_fn at 0x7fa796e88ea0>, 'memory_factor': 2, 'batch_norm': True, 'lr': 2.8806545911326566e-05, 'num_layers': 2, 'n_threads': 4, 'l2_ratio': 0.0001102051540704618, 'strip_length': 5, 'lr_decay_epochs': 926.7979694224067, 'batch_size': 128, 'hidden_units': 2048}
2018-03-11 04:07:14,798 INFO     Obtained results {'train_error': 0.11846977472305298, 'val_error': 0.1174045205116272, 'train_loss': 6.8930745, 'val_loss': 6.9259148, 'epoch': 245}
2018-03-11 04:17:23,163 INFO     Finished evaluation on {'progress_thresh': 0.1, 'lr_decay': 0.740117769767427, 'max_epochs': 10000, 'network_fn': <function example_layout_fn at 0x7fa796e88ea0>, 'memory_factor': 2, 'batch_norm': True, 'lr': 8.055377116312965e-05, 'num_layers': 2, 'n_threads': 4, 'l2_ratio': 0.002808307522310623, 'strip_length': 5, 'lr_decay_epochs': 908.8567401320317, 'batch_size': 128, 'hidden_units': 2048}
2018-03-11 04:17:23,166 INFO     Obtained results {'train_error': 0.11533528566360474, 'val_error': 0.11219620704650879, 'train_loss': 1122.8239, 'val_loss': 1127.3741, 'epoch': 235}
2018-03-11 04:19:08,707 INFO     Finished evaluation on {'progress_thresh': 0.1, 'lr_decay': 0.6234100913359987, 'max_epochs': 10000, 'network_fn': <function example_layout_fn at 0x7fa796e88ea0>, 'memory_factor': 2, 'batch_norm': True, 'lr': 0.0005131128089498506, 'num_layers': 2, 'n_threads': 4, 'l2_ratio': 0.0022538383539152697, 'strip_length': 5, 'lr_decay_epochs': 676.9989708015364, 'batch_size': 128, 'hidden_units': 512}
2018-03-11 04:19:08,709 INFO     Obtained results {'train_error': 0.13036662340164185, 'val_error': 0.1267361044883728, 'train_loss': 499.75616, 'val_loss': 507.43567, 'epoch': 55}
2018-03-11 04:20:10,789 INFO     Finished evaluation on {'progress_thresh': 0.1, 'lr_decay': 0.626912021898176, 'max_epochs': 10000, 'network_fn': <function example_layout_fn at 0x7fa796e88ea0>, 'memory_factor': 2, 'batch_norm': True, 'lr': 4.38536454533126e-05, 'num_layers': 2, 'n_threads': 4, 'l2_ratio': 0.0010459635916065964, 'strip_length': 5, 'lr_decay_epochs': 623.6884812291584, 'batch_size': 128, 'hidden_units': 2048}
2018-03-11 04:20:10,791 INFO     Obtained results {'train_error': 0.13756173849105835, 'val_error': 0.15234375, 'train_loss': 1.598195, 'val_loss': 1.6570381, 'epoch': 10}
2018-03-11 04:20:10,792 INFO     Using model {'n_threads': 4, 'lr_decay': 0.8120550205673591, 'l2_ratio': 0.0010642429346892513, 'batch_norm': True, 'network_fn': <function example_layout_fn at 0x7fa796e88ea0>, 'memory_factor': 2, 'lr_decay_epochs': 174.05932499635338, 'lr': 8.127951143306108e-05, 'progress_thresh': 0.1, 'num_layers': 2, 'max_epochs': 285, 'strip_length': 5, 'batch_size': 128, 'hidden_units': 1024} for training with results {'train_error': 0.11742496490478516, 'val_error': 0.107421875, 'train_loss': 283.90106, 'val_loss': 284.73743, 'epoch': 285}
2018-03-11 04:20:10,792 INFO     Running training [0] in motor/1520738410793
2018-03-11 04:27:51,590 INFO     Queue exhausted. Read all instances
2018-03-11 04:27:51,599 INFO     Training [0] got results {'loss': 348.10306, 'train_error': 0.1131635308265686, 'train_loss': 347.07886, 'error': 0.10767388343811035, 'l2': 347.79953, 'train_l2': 346.76575, 'time(s)': 448.32973742485046}
2018-03-11 04:27:51,599 INFO     Running training [1] in motor/1520738871599
2018-03-11 04:35:49,702 INFO     Queue exhausted. Read all instances
2018-03-11 04:35:49,714 INFO     Training [1] got results {'loss': 348.87366, 'train_error': 0.11598885059356689, 'train_loss': 347.83633, 'error': 0.11399757862091064, 'l2': 348.55392, 'train_l2': 347.51648, 'time(s)': 465.56295228004456}
2018-03-11 04:35:49,714 INFO     Running training [2] in motor/1520739349715
2018-03-11 04:43:59,269 INFO     Queue exhausted. Read all instances
2018-03-11 04:43:59,277 INFO     Training [2] got results {'loss': 348.15033, 'train_error': 0.11864298582077026, 'train_loss': 347.13922, 'error': 0.10374295711517334, 'l2': 347.85181, 'train_l2': 346.81561, 'time(s)': 476.9567584991455}
2018-03-11 04:43:59,277 INFO     Running training [3] in motor/1520739839278
2018-03-11 04:52:00,763 INFO     Queue exhausted. Read all instances
2018-03-11 04:52:00,775 INFO     Training [3] got results {'loss': 348.13458, 'train_error': 0.11705905199050903, 'train_loss': 347.1185, 'error': 0.10681933164596558, 'l2': 347.82639, 'train_l2': 346.79053, 'time(s)': 469.0263855457306}
2018-03-11 04:52:00,775 INFO     Running training [4] in motor/1520740320776
2018-03-11 04:59:54,902 INFO     Queue exhausted. Read all instances
2018-03-11 04:59:54,911 INFO     Training [4] got results {'loss': 348.13794, 'train_error': 0.11919951438903809, 'train_loss': 347.12131, 'error': 0.10733205080032349, 'l2': 347.83469, 'train_l2': 346.80096, 'time(s)': 461.6122577190399}
2018-03-11 04:59:54,911 INFO     Running training [5] in motor/1520740794911
2018-03-11 05:08:00,650 INFO     Queue exhausted. Read all instances
2018-03-11 05:08:00,658 INFO     Training [5] got results {'loss': 348.1499, 'train_error': 0.11750859022140503, 'train_loss': 347.11514, 'error': 0.10767388343811035, 'l2': 347.832, 'train_l2': 346.7876, 'time(s)': 473.24990797042847}
2018-03-11 05:08:00,659 INFO     Running training [6] in motor/1520741280659
2018-03-11 05:15:55,299 INFO     Queue exhausted. Read all instances
2018-03-11 05:15:55,308 INFO     Training [6] got results {'loss': 348.25131, 'train_error': 0.11710190773010254, 'train_loss': 347.21506, 'error': 0.11092120409011841, 'l2': 347.92944, 'train_l2': 346.89496, 'time(s)': 462.1008062362671}
2018-03-11 05:15:55,308 INFO     Running training [7] in motor/1520741755308
2018-03-11 05:23:40,098 INFO     Queue exhausted. Read all instances
2018-03-11 05:23:40,107 INFO     Training [7] got results {'loss': 348.25119, 'train_error': 0.11693066358566284, 'train_loss': 347.20898, 'error': 0.11280125379562378, 'l2': 347.92599, 'train_l2': 346.88779, 'time(s)': 452.1890366077423}
2018-03-11 05:23:40,107 INFO     Running training [8] in motor/1520742220107
2018-03-11 05:31:40,278 INFO     Queue exhausted. Read all instances
2018-03-11 05:31:40,287 INFO     Training [8] got results {'loss': 348.2565, 'train_error': 0.11678081750869751, 'train_loss': 347.22781, 'error': 0.10288840532302856, 'l2': 347.95416, 'train_l2': 346.90866, 'time(s)': 467.62701964378357}
2018-03-11 05:31:40,287 INFO     Running training [9] in motor/1520742700287
2018-03-11 05:39:55,755 INFO     Queue exhausted. Read all instances
2018-03-11 05:39:55,764 INFO     Training [9] got results {'loss': 348.14233, 'train_error': 0.11855733394622803, 'train_loss': 347.13593, 'error': 0.10562294721603394, 'l2': 347.8428, 'train_l2': 346.8078, 'time(s)': 482.8976559638977}
2018-03-11 05:39:55,764 INFO     loss: 348.245056 +- 0.216279
2018-03-11 05:39:55,764 INFO     train_error: 0.117093 +- 0.001611
2018-03-11 05:39:55,764 INFO     train_loss: 347.219727 +- 0.210862
2018-03-11 05:39:55,764 INFO     error: 0.107947 +- 0.003457
2018-03-11 05:39:55,764 INFO     l2: 347.935089 +- 0.212082
2018-03-11 05:39:55,765 INFO     train_l2: 346.897644 +- 0.211734
2018-03-11 05:39:55,765 INFO     time(s): 465.955252 +- 10.037712
