2018-03-10 09:52:06,542 INFO     Finished evaluation on {'network_fn': <function example_layout_fn at 0x7fc9ecf06ea0>, 'lr': 0.0005665803506766605, 'strip_length': 5, 'batch_size': 128, 'batch_norm': True, 'memory_factor': 2, 'l2_ratio': 0.000417416113311861, 'lr_decay': 0.6549907237563181, 'num_layers': 4, 'lr_decay_epochs': 855.1796427593418, 'n_threads': 4, 'max_epochs': 10000, 'hidden_units': 512, 'progress_thresh': 0.1}
2018-03-10 09:52:06,543 INFO     Obtained results {'train_loss': 70.507797, 'epoch': 40, 'train_error': 0.10583680868148804, 'val_error': 0.099826395511627197, 'val_loss': 72.065819}
2018-03-10 10:17:23,088 INFO     Finished evaluation on {'network_fn': <function example_layout_fn at 0x7fc9ecf06ea0>, 'lr': 4.303317445972835e-05, 'strip_length': 5, 'batch_size': 128, 'batch_norm': True, 'memory_factor': 2, 'l2_ratio': 0.0001429838442488759, 'lr_decay': 0.2721294053579278, 'num_layers': 4, 'lr_decay_epochs': 701.5935921552145, 'n_threads': 4, 'max_epochs': 10000, 'hidden_units': 2048, 'progress_thresh': 0.1}
2018-03-10 10:17:23,093 INFO     Obtained results {'train_loss': 5.8602653, 'epoch': 130, 'train_error': 0.095602214336395264, 'val_error': 0.089409708976745605, 'val_loss': 5.9006171}
2018-03-10 10:27:12,936 INFO     Finished evaluation on {'network_fn': <function example_layout_fn at 0x7fc9ecf06ea0>, 'lr': 0.00010106410045921962, 'strip_length': 5, 'batch_size': 128, 'batch_norm': True, 'memory_factor': 2, 'l2_ratio': 0.005777846017246083, 'lr_decay': 0.3745020115064569, 'num_layers': 4, 'lr_decay_epochs': 553.7101628026104, 'n_threads': 4, 'max_epochs': 10000, 'hidden_units': 512, 'progress_thresh': 0.1}
2018-03-10 10:27:12,940 INFO     Obtained results {'train_loss': 56.453373, 'epoch': 55, 'train_error': 0.10161000490188599, 'val_error': 0.094835042953491211, 'val_loss': 57.471664}
2018-03-10 10:32:28,082 INFO     Finished evaluation on {'network_fn': <function example_layout_fn at 0x7fc9ecf06ea0>, 'lr': 8.661582768111147e-05, 'strip_length': 5, 'batch_size': 128, 'batch_norm': True, 'memory_factor': 2, 'l2_ratio': 0.00010896343656795237, 'lr_decay': 0.9716714457988328, 'num_layers': 4, 'lr_decay_epochs': 741.2538674965621, 'n_threads': 4, 'max_epochs': 10000, 'hidden_units': 512, 'progress_thresh': 0.1}
2018-03-10 10:32:28,087 INFO     Obtained results {'train_loss': 1.9439293, 'epoch': 80, 'train_error': 0.099235355854034424, 'val_error': 0.094184041023254395, 'val_loss': 1.95464}
2018-03-10 10:42:03,783 INFO     Finished evaluation on {'network_fn': <function example_layout_fn at 0x7fc9ecf06ea0>, 'lr': 1.2268257636218439e-05, 'strip_length': 5, 'batch_size': 128, 'batch_norm': True, 'memory_factor': 2, 'l2_ratio': 0.0015894769066756344, 'lr_decay': 0.3921535981538212, 'num_layers': 4, 'lr_decay_epochs': 623.6605102451048, 'n_threads': 4, 'max_epochs': 10000, 'hidden_units': 512, 'progress_thresh': 0.1}
2018-03-10 10:42:03,787 INFO     Obtained results {'train_loss': 2.4569838, 'epoch': 170, 'train_error': 0.097644388675689697, 'val_error': 0.094618082046508789, 'val_loss': 2.4702246}
2018-03-10 10:55:40,290 INFO     Finished evaluation on {'network_fn': <function example_layout_fn at 0x7fc9ecf06ea0>, 'lr': 0.00015285026358974777, 'strip_length': 5, 'batch_size': 128, 'batch_norm': True, 'memory_factor': 2, 'l2_ratio': 0.0006448527964888135, 'lr_decay': 0.3498586313357699, 'num_layers': 4, 'lr_decay_epochs': 652.4614940216799, 'n_threads': 4, 'max_epochs': 10000, 'hidden_units': 1024, 'progress_thresh': 0.1}
2018-03-10 10:55:40,295 INFO     Obtained results {'train_loss': 301.77374, 'epoch': 185, 'train_error': 0.10020893812179565, 'val_error': 0.092447936534881592, 'val_loss': 303.31018}
2018-03-10 10:56:40,537 INFO     Finished evaluation on {'network_fn': <function example_layout_fn at 0x7fc9ecf06ea0>, 'lr': 0.000642772859587767, 'strip_length': 5, 'batch_size': 128, 'batch_norm': True, 'memory_factor': 2, 'l2_ratio': 0.0009655562264023512, 'lr_decay': 0.4027595597755932, 'num_layers': 4, 'lr_decay_epochs': 671.8705550568995, 'n_threads': 4, 'max_epochs': 10000, 'hidden_units': 1024, 'progress_thresh': 0.1}
2018-03-10 10:56:40,542 INFO     Obtained results {'train_loss': 31.011282, 'epoch': 10, 'train_error': 0.12212669849395752, 'val_error': 0.11979168653488159, 'val_loss': 33.974403}
2018-03-10 11:00:09,049 INFO     Finished evaluation on {'network_fn': <function example_layout_fn at 0x7fc9ecf06ea0>, 'lr': 1.831763350158572e-05, 'strip_length': 5, 'batch_size': 128, 'batch_norm': True, 'memory_factor': 2, 'l2_ratio': 0.004730072623352739, 'lr_decay': 0.49600027713463657, 'num_layers': 4, 'lr_decay_epochs': 404.94328241563574, 'n_threads': 4, 'max_epochs': 10000, 'hidden_units': 1024, 'progress_thresh': 0.1}
2018-03-10 11:00:09,054 INFO     Obtained results {'train_loss': 5.9457459, 'epoch': 75, 'train_error': 0.095792174339294434, 'val_error': 0.093315958976745605, 'val_loss': 5.9936938}
2018-03-10 11:03:06,341 INFO     Finished evaluation on {'network_fn': <function example_layout_fn at 0x7fc9ecf06ea0>, 'lr': 0.0008664690837743004, 'strip_length': 5, 'batch_size': 128, 'batch_norm': True, 'memory_factor': 2, 'l2_ratio': 0.0024174500398929815, 'lr_decay': 0.9737120711508663, 'num_layers': 4, 'lr_decay_epochs': 738.8236663676194, 'n_threads': 4, 'max_epochs': 10000, 'hidden_units': 512, 'progress_thresh': 0.1}
2018-03-10 11:03:06,346 INFO     Obtained results {'train_loss': 376.37466, 'epoch': 30, 'train_error': 0.14990973472595215, 'val_error': 0.12782120704650879, 'val_loss': 383.58252}
2018-03-10 11:10:52,052 INFO     Finished evaluation on {'network_fn': <function example_layout_fn at 0x7fc9ecf06ea0>, 'lr': 3.380611824369293e-05, 'strip_length': 5, 'batch_size': 128, 'batch_norm': True, 'memory_factor': 2, 'l2_ratio': 0.00018847021870283526, 'lr_decay': 0.3581887866613206, 'num_layers': 4, 'lr_decay_epochs': 772.083823021959, 'n_threads': 4, 'max_epochs': 10000, 'hidden_units': 2048, 'progress_thresh': 0.1}
2018-03-10 11:10:52,057 INFO     Obtained results {'train_loss': 1.718128, 'epoch': 70, 'train_error': 0.095388472080230713, 'val_error': 0.095486104488372803, 'val_loss': 1.7580667}
2018-03-10 11:28:22,597 INFO     Finished evaluation on {'network_fn': <function example_layout_fn at 0x7fc9ecf06ea0>, 'lr': 0.0001278704255831891, 'strip_length': 5, 'batch_size': 128, 'batch_norm': True, 'memory_factor': 2, 'l2_ratio': 0.007940019845285121, 'lr_decay': 0.33332123546048775, 'num_layers': 4, 'lr_decay_epochs': 856.3310596246534, 'n_threads': 4, 'max_epochs': 10000, 'hidden_units': 2048, 'progress_thresh': 0.1}
2018-03-10 11:28:22,598 INFO     Obtained results {'train_loss': 481.66272, 'epoch': 55, 'train_error': 0.11633265018463135, 'val_error': 0.11089408397674561, 'val_loss': 489.98715}
2018-03-10 11:38:58,171 INFO     Finished evaluation on {'network_fn': <function example_layout_fn at 0x7fc9ecf06ea0>, 'lr': 2.3098185609398177e-05, 'strip_length': 5, 'batch_size': 128, 'batch_norm': True, 'memory_factor': 2, 'l2_ratio': 0.0005270648590100706, 'lr_decay': 0.8044290032708308, 'num_layers': 4, 'lr_decay_epochs': 645.1409701832209, 'n_threads': 4, 'max_epochs': 10000, 'hidden_units': 2048, 'progress_thresh': 0.1}
2018-03-10 11:38:58,176 INFO     Obtained results {'train_loss': 2.8126936, 'epoch': 80, 'train_error': 0.094937324523925781, 'val_error': 0.098090291023254395, 'val_loss': 2.861414}
2018-03-10 11:46:19,991 INFO     Finished evaluation on {'network_fn': <function example_layout_fn at 0x7fc9ecf06ea0>, 'lr': 0.0006432866440642604, 'strip_length': 5, 'batch_size': 128, 'batch_norm': True, 'memory_factor': 2, 'l2_ratio': 0.0004640528590175709, 'lr_decay': 0.7821320200326424, 'num_layers': 4, 'lr_decay_epochs': 175.09225064037588, 'n_threads': 4, 'max_epochs': 10000, 'hidden_units': 2048, 'progress_thresh': 0.1}
2018-03-10 11:46:19,997 INFO     Obtained results {'train_loss': 32.197659, 'epoch': 15, 'train_error': 0.16674584150314331, 'val_error': 0.14778643846511841, 'val_loss': 33.28978}
2018-03-10 12:31:49,006 INFO     Finished evaluation on {'network_fn': <function example_layout_fn at 0x7fc9ecf06ea0>, 'lr': 7.841845577896071e-05, 'strip_length': 5, 'batch_size': 128, 'batch_norm': True, 'memory_factor': 2, 'l2_ratio': 0.00017101332258024718, 'lr_decay': 0.7142462870647465, 'num_layers': 4, 'lr_decay_epochs': 165.97322666199182, 'n_threads': 4, 'max_epochs': 10000, 'hidden_units': 2048, 'progress_thresh': 0.1}
2018-03-10 12:31:49,011 INFO     Obtained results {'train_loss': 152.57472, 'epoch': 465, 'train_error': 0.093963742256164551, 'val_error': 0.088975667953491211, 'val_loss': 152.79976}
2018-03-10 12:35:28,697 INFO     Finished evaluation on {'network_fn': <function example_layout_fn at 0x7fc9ecf06ea0>, 'lr': 0.00010260228516541439, 'strip_length': 5, 'batch_size': 128, 'batch_norm': True, 'memory_factor': 2, 'l2_ratio': 0.007443429287991473, 'lr_decay': 0.8450046739130018, 'num_layers': 4, 'lr_decay_epochs': 147.92937669340012, 'n_threads': 4, 'max_epochs': 10000, 'hidden_units': 1024, 'progress_thresh': 0.1}
2018-03-10 12:35:28,702 INFO     Obtained results {'train_loss': 308.41403, 'epoch': 80, 'train_error': 0.10479199886322021, 'val_error': 0.099826395511627197, 'val_loss': 312.12497}
2018-03-10 13:01:01,402 INFO     Finished evaluation on {'network_fn': <function example_layout_fn at 0x7fc9ecf06ea0>, 'lr': 9.707559740828448e-05, 'strip_length': 5, 'batch_size': 128, 'batch_norm': True, 'memory_factor': 2, 'l2_ratio': 0.0032977153215506317, 'lr_decay': 0.77825234246426, 'num_layers': 4, 'lr_decay_epochs': 297.0515637773718, 'n_threads': 4, 'max_epochs': 10000, 'hidden_units': 2048, 'progress_thresh': 0.1}
2018-03-10 13:01:01,407 INFO     Obtained results {'train_loss': 1468.4882, 'epoch': 205, 'train_error': 0.1038658618927002, 'val_error': 0.098958313465118408, 'val_loss': 1475.2365}
2018-03-10 13:09:34,498 INFO     Finished evaluation on {'network_fn': <function example_layout_fn at 0x7fc9ecf06ea0>, 'lr': 0.00010353735151680923, 'strip_length': 5, 'batch_size': 128, 'batch_norm': True, 'memory_factor': 2, 'l2_ratio': 0.0012137013289365965, 'lr_decay': 0.7674087785917254, 'num_layers': 4, 'lr_decay_epochs': 279.19325870487296, 'n_threads': 4, 'max_epochs': 10000, 'hidden_units': 2048, 'progress_thresh': 0.1}
2018-03-10 13:09:34,503 INFO     Obtained results {'train_loss': 131.51488, 'epoch': 90, 'train_error': 0.098404228687286377, 'val_error': 0.096571207046508789, 'val_loss': 132.92059}
2018-03-10 13:14:05,287 INFO     Finished evaluation on {'network_fn': <function example_layout_fn at 0x7fc9ecf06ea0>, 'lr': 0.00032662425775823855, 'strip_length': 5, 'batch_size': 128, 'batch_norm': True, 'memory_factor': 2, 'l2_ratio': 0.003914105666467218, 'lr_decay': 0.7179820520533817, 'num_layers': 4, 'lr_decay_epochs': 915.1617103256091, 'n_threads': 4, 'max_epochs': 10000, 'hidden_units': 2048, 'progress_thresh': 0.1}
2018-03-10 13:14:05,291 INFO     Obtained results {'train_loss': 700.72083, 'epoch': 40, 'train_error': 0.13286000490188599, 'val_error': 0.12434893846511841, 'val_loss': 712.89355}
2018-03-10 13:20:57,744 INFO     Finished evaluation on {'network_fn': <function example_layout_fn at 0x7fc9ecf06ea0>, 'lr': 0.0006084447431132857, 'strip_length': 5, 'batch_size': 128, 'batch_norm': True, 'memory_factor': 2, 'l2_ratio': 0.0002692879025410519, 'lr_decay': 0.5264643837983485, 'num_layers': 4, 'lr_decay_epochs': 971.1038001402951, 'n_threads': 4, 'max_epochs': 10000, 'hidden_units': 1024, 'progress_thresh': 0.1}
2018-03-10 13:20:57,748 INFO     Obtained results {'train_loss': 121.8973, 'epoch': 75, 'train_error': 0.17493826150894165, 'val_error': 0.11762154102325439, 'val_loss': 122.62906}
2018-03-10 13:23:02,648 INFO     Finished evaluation on {'network_fn': <function example_layout_fn at 0x7fc9ecf06ea0>, 'lr': 0.00010463322522655796, 'strip_length': 5, 'batch_size': 128, 'batch_norm': True, 'memory_factor': 2, 'l2_ratio': 0.0030228132742936872, 'lr_decay': 0.7829230759669266, 'num_layers': 4, 'lr_decay_epochs': 606.2787246399339, 'n_threads': 4, 'max_epochs': 10000, 'hidden_units': 512, 'progress_thresh': 0.1}
2018-03-10 13:23:02,653 INFO     Obtained results {'train_loss': 51.606289, 'epoch': 70, 'train_error': 0.098997890949249268, 'val_error': 0.095703125, 'val_loss': 52.318737}
2018-03-10 13:46:00,742 INFO     Finished evaluation on {'network_fn': <function example_layout_fn at 0x7fc9ecf06ea0>, 'lr': 0.0007533264442778425, 'strip_length': 5, 'batch_size': 128, 'batch_norm': True, 'memory_factor': 2, 'l2_ratio': 0.005322975257580252, 'lr_decay': 0.8330790423039879, 'num_layers': 4, 'lr_decay_epochs': 105.63407407212448, 'n_threads': 4, 'max_epochs': 10000, 'hidden_units': 1024, 'progress_thresh': 0.1}
2018-03-10 13:46:00,743 INFO     Obtained results {'train_loss': 19143.41, 'epoch': 470, 'train_error': 0.26688355207443237, 'val_error': 0.13606768846511841, 'val_loss': 19165.32}
2018-03-10 13:52:43,140 INFO     Finished evaluation on {'network_fn': <function example_layout_fn at 0x7fc9ecf06ea0>, 'lr': 0.00012233261535609353, 'strip_length': 5, 'batch_size': 128, 'batch_norm': True, 'memory_factor': 2, 'l2_ratio': 0.0005746828945822242, 'lr_decay': 0.42441560500491826, 'num_layers': 4, 'lr_decay_epochs': 157.14271719376381, 'n_threads': 4, 'max_epochs': 10000, 'hidden_units': 512, 'progress_thresh': 0.1}
2018-03-10 13:52:43,145 INFO     Obtained results {'train_loss': 93.713142, 'epoch': 230, 'train_error': 0.093797504901885986, 'val_error': 0.089409708976745605, 'val_loss': 93.927437}
2018-03-10 13:56:23,292 INFO     Finished evaluation on {'network_fn': <function example_layout_fn at 0x7fc9ecf06ea0>, 'lr': 3.622542327544408e-05, 'strip_length': 5, 'batch_size': 128, 'batch_norm': True, 'memory_factor': 2, 'l2_ratio': 0.0005065083099173888, 'lr_decay': 0.7196173396770438, 'num_layers': 4, 'lr_decay_epochs': 618.4855462866323, 'n_threads': 4, 'max_epochs': 10000, 'hidden_units': 1024, 'progress_thresh': 0.1}
2018-03-10 13:56:23,296 INFO     Obtained results {'train_loss': 1.9619931, 'epoch': 60, 'train_error': 0.097715616226196289, 'val_error': 0.096788167953491211, 'val_loss': 2.0023732}
2018-03-10 14:03:38,200 INFO     Finished evaluation on {'network_fn': <function example_layout_fn at 0x7fc9ecf06ea0>, 'lr': 0.00019941713753039792, 'strip_length': 5, 'batch_size': 128, 'batch_norm': True, 'memory_factor': 2, 'l2_ratio': 0.00035172422056283176, 'lr_decay': 0.9379376613762513, 'num_layers': 4, 'lr_decay_epochs': 678.1204773587041, 'n_threads': 4, 'max_epochs': 10000, 'hidden_units': 512, 'progress_thresh': 0.1}
2018-03-10 14:03:38,205 INFO     Obtained results {'train_loss': 309.59982, 'epoch': 280, 'train_error': 0.097240686416625977, 'val_error': 0.097005188465118408, 'val_loss': 310.53189}
2018-03-10 14:14:52,834 INFO     Finished evaluation on {'network_fn': <function example_layout_fn at 0x7fc9ecf06ea0>, 'lr': 3.4509722285927944e-05, 'strip_length': 5, 'batch_size': 128, 'batch_norm': True, 'memory_factor': 2, 'l2_ratio': 0.00011621527918405962, 'lr_decay': 0.8584856827058519, 'num_layers': 4, 'lr_decay_epochs': 651.4429051952453, 'n_threads': 4, 'max_epochs': 10000, 'hidden_units': 1024, 'progress_thresh': 0.1}
2018-03-10 14:14:52,839 INFO     Obtained results {'train_loss': 6.3607821, 'epoch': 270, 'train_error': 0.092562675476074219, 'val_error': 0.1017795205116272, 'val_loss': 6.4034958}
2018-03-10 14:14:52,841 INFO     Using model {'network_fn': <function example_layout_fn at 0x7fc9ecf06ea0>, 'strip_length': 5, 'batch_size': 128, 'batch_norm': True, 'memory_factor': 2, 'l2_ratio': 0.00017101332258024718, 'lr_decay': 0.7142462870647465, 'num_layers': 4, 'hidden_units': 2048, 'lr_decay_epochs': 165.97322666199182, 'n_threads': 4, 'max_epochs': 465, 'lr': 7.841845577896071e-05, 'progress_thresh': 0.1} for training with results {'train_loss': 152.57472, 'epoch': 465, 'train_error': 0.093963742256164551, 'val_error': 0.088975667953491211, 'val_loss': 152.79976}
2018-03-10 14:14:52,841 INFO     Running training [0] in motor/1520687692841
2018-03-10 14:59:18,861 INFO     Queue exhausted. Read all instances
2018-03-10 14:59:18,870 INFO     Training [0] got results {'train_loss': 186.15175, 'time(s)': 2648.327651500702, 'l2': 186.16957, 'error': 0.090070068836212158, 'train_error': 0.09297943115234375, 'train_l2': 185.90717, 'loss': 186.42354}
2018-03-10 14:59:18,870 INFO     Running training [1] in motor/1520690358870
2018-03-10 15:43:47,793 INFO     Queue exhausted. Read all instances
2018-03-10 15:43:47,802 INFO     Training [1] got results {'train_loss': 186.28815, 'time(s)': 2651.397074699402, 'l2': 186.31067, 'error': 0.092804670333862305, 'train_error': 0.091759443283081055, 'train_l2': 186.0524, 'loss': 186.54913}
2018-03-10 15:43:47,802 INFO     Running training [2] in motor/1520693027803
2018-03-10 16:28:30,817 INFO     Queue exhausted. Read all instances
2018-03-10 16:28:30,854 INFO     Training [2] got results {'train_loss': 186.17017, 'time(s)': 2655.8255422115326, 'l2': 186.1911, 'error': 0.09365922212600708, 'train_error': 0.093835592269897461, 'train_l2': 185.92877, 'loss': 186.44862}
2018-03-10 16:28:30,854 INFO     Running training [3] in motor/1520695710855
2018-03-10 17:12:57,276 INFO     Queue exhausted. Read all instances
2018-03-10 17:12:57,284 INFO     Training [3] got results {'train_loss': 186.23869, 'time(s)': 2649.022573709488, 'l2': 186.25998, 'error': 0.096735596656799316, 'train_error': 0.094798803329467773, 'train_l2': 185.99591, 'loss': 186.57106}
2018-03-10 17:12:57,285 INFO     Running training [4] in motor/1520698377285
2018-03-10 17:57:26,044 INFO     Queue exhausted. Read all instances
2018-03-10 17:57:26,054 INFO     Training [4] got results {'train_loss': 186.43405, 'time(s)': 2651.2478919029236, 'l2': 186.45847, 'error': 0.095197379589080811, 'train_error': 0.09375, 'train_l2': 186.19606, 'loss': 186.70851}
2018-03-10 17:57:26,055 INFO     Running training [5] in motor/1520701046055
2018-03-10 18:41:56,745 INFO     Queue exhausted. Read all instances
2018-03-10 18:41:56,754 INFO     Training [5] got results {'train_loss': 186.26567, 'time(s)': 2652.710551738739, 'l2': 186.28659, 'error': 0.09348827600479126, 'train_error': 0.093535959720611572, 'train_l2': 186.02519, 'loss': 186.54507}
2018-03-10 18:41:56,754 INFO     Running training [6] in motor/1520703716754
2018-03-10 19:26:52,266 INFO     Queue exhausted. Read all instances
2018-03-10 19:26:52,303 INFO     Training [6] got results {'train_loss': 186.35907, 'time(s)': 2652.159741640091, 'l2': 186.38438, 'error': 0.089557349681854248, 'train_error': 0.094691753387451172, 'train_l2': 186.11946, 'loss': 186.64241}
2018-03-10 19:26:52,303 INFO     Running training [7] in motor/1520706412303
2018-03-10 20:11:20,647 INFO     Queue exhausted. Read all instances
2018-03-10 20:11:20,659 INFO     Training [7] got results {'train_loss': 186.15727, 'time(s)': 2650.8237822055817, 'l2': 186.17444, 'error': 0.13006323575973511, 'train_error': 0.092637002468109131, 'train_l2': 185.91615, 'loss': 186.58388}
2018-03-10 20:11:20,660 INFO     Running training [8] in motor/1520709080660
2018-03-10 20:55:49,153 INFO     Queue exhausted. Read all instances
2018-03-10 20:55:49,161 INFO     Training [8] got results {'train_loss': 186.23093, 'time(s)': 2650.6134753227234, 'l2': 186.25081, 'error': 0.096564710140228271, 'train_error': 0.092465758323669434, 'train_l2': 185.99016, 'loss': 186.49663}
2018-03-10 20:55:49,161 INFO     Running training [9] in motor/1520711749162
2018-03-10 21:40:12,265 INFO     Queue exhausted. Read all instances
2018-03-10 21:40:12,274 INFO     Training [9] got results {'train_loss': 186.34674, 'time(s)': 2645.6275129318237, 'l2': 186.36623, 'error': 0.10323023796081543, 'train_error': 0.092658400535583496, 'train_l2': 186.10641, 'loss': 186.6869}
2018-03-10 21:40:12,274 INFO     train_loss: 186.264252 +- 0.089396
2018-03-10 21:40:12,274 INFO     time(s): 2650.775580 +- 2.595536
2018-03-10 21:40:12,274 INFO     l2: 186.285217 +- 0.091316
2018-03-10 21:40:12,274 INFO     error: 0.098137 +- 0.011256
2018-03-10 21:40:12,274 INFO     train_error: 0.093311 +- 0.000935
2018-03-10 21:40:12,275 INFO     train_l2: 186.023773 +- 0.090885
2018-03-10 21:40:12,275 INFO     loss: 186.565567 +- 0.089843
