2018-03-12 19:29:39,570 INFO     Finished evaluation on {'memory_factor': 2, 'n_threads': 4, 'network_fn': <function kernel_example_layout_fn at 0x7f6b93808f28>, 'lr': 0.00014493985785299924, 'lr_decay': 0.634807155704699, 'l2_ratio': 0.0005983189763459211, 'hidden_units': 512, 'kernel_mean': 0.0, 'strip_length': 5, 'progress_thresh': 0.1, 'batch_size': 128, 'kernel_std': 0.9495620741372108, 'num_layers': 2, 'kernel_size': 512, 'batch_norm': True, 'lr_decay_epochs': 695.4438282137788, 'max_epochs': 10000}
2018-03-12 19:29:39,571 INFO     Obtained results {'val_loss': 2.254283, 'epoch': 50, 'train_error': 0.9095744714140892, 'val_error': 0.9016927108168602, 'train_loss': 2.2462714}
2018-03-12 19:38:24,842 INFO     Finished evaluation on {'memory_factor': 2, 'n_threads': 4, 'network_fn': <function kernel_example_layout_fn at 0x7f6b93808f28>, 'lr': 1.16468414998085e-05, 'lr_decay': 0.5300235199691756, 'l2_ratio': 0.0025134658787622603, 'hidden_units': 2048, 'kernel_mean': 0.0, 'strip_length': 5, 'progress_thresh': 0.1, 'batch_size': 128, 'kernel_std': 0.6337796502914181, 'num_layers': 2, 'kernel_size': 512, 'batch_norm': True, 'lr_decay_epochs': 394.6331054266416, 'max_epochs': 10000}
2018-03-12 19:38:24,845 INFO     Obtained results {'val_loss': 2.600069, 'epoch': 255, 'train_error': 0.90971694886684418, 'val_error': 0.904296875, 'train_loss': 2.6136577}
2018-03-12 19:39:27,181 INFO     Finished evaluation on {'memory_factor': 2, 'n_threads': 4, 'network_fn': <function kernel_example_layout_fn at 0x7f6b93808f28>, 'lr': 2.112144162270106e-05, 'lr_decay': 0.2579583417684173, 'l2_ratio': 0.00010634897555611227, 'hidden_units': 512, 'kernel_mean': 0.0, 'strip_length': 5, 'progress_thresh': 0.1, 'batch_size': 128, 'kernel_std': 0.28490571681528326, 'num_layers': 2, 'kernel_size': 2048, 'batch_norm': True, 'lr_decay_epochs': 892.4551492756452, 'max_epochs': 10000}
2018-03-12 19:39:27,184 INFO     Obtained results {'val_loss': 2.2008646, 'epoch': 25, 'train_error': 0.87906060367822647, 'val_error': 0.90234375, 'train_loss': 2.1996217}
2018-03-12 19:40:18,622 INFO     Finished evaluation on {'memory_factor': 2, 'n_threads': 4, 'network_fn': <function kernel_example_layout_fn at 0x7f6b93808f28>, 'lr': 3.9680818698973415e-05, 'lr_decay': 0.4930581430027694, 'l2_ratio': 0.000674731888667422, 'hidden_units': 1024, 'kernel_mean': 0.0, 'strip_length': 5, 'progress_thresh': 0.1, 'batch_size': 128, 'kernel_std': 0.2630665315513026, 'num_layers': 2, 'kernel_size': 1024, 'batch_norm': True, 'lr_decay_epochs': 531.298154658411, 'max_epochs': 10000}
2018-03-12 19:40:18,625 INFO     Obtained results {'val_loss': 2.5667119, 'epoch': 15, 'train_error': 0.90928951650857925, 'val_error': 0.9019097238779068, 'train_loss': 2.554004}
2018-03-12 19:48:56,799 INFO     Finished evaluation on {'memory_factor': 2, 'n_threads': 4, 'network_fn': <function kernel_example_layout_fn at 0x7f6b93808f28>, 'lr': 6.14483068676918e-05, 'lr_decay': 0.63412319019597, 'l2_ratio': 0.00010319849597504493, 'hidden_units': 2048, 'kernel_mean': 0.0, 'strip_length': 5, 'progress_thresh': 0.1, 'batch_size': 128, 'kernel_std': 0.6816777012126289, 'num_layers': 2, 'kernel_size': 2048, 'batch_norm': True, 'lr_decay_epochs': 715.6163618687717, 'max_epochs': 10000}
2018-03-12 19:48:56,803 INFO     Obtained results {'val_loss': 2.2632327, 'epoch': 75, 'train_error': 0.91026310622692108, 'val_error': 0.9001736119389534, 'train_loss': 2.2580421}
2018-03-12 19:59:25,839 INFO     Finished evaluation on {'memory_factor': 2, 'n_threads': 4, 'network_fn': <function kernel_example_layout_fn at 0x7f6b93808f28>, 'lr': 0.00011351814588686932, 'lr_decay': 0.6739285543302787, 'l2_ratio': 0.0038249301957482304, 'hidden_units': 2048, 'kernel_mean': 0.0, 'strip_length': 5, 'progress_thresh': 0.1, 'batch_size': 128, 'kernel_std': 0.7684985211262171, 'num_layers': 2, 'kernel_size': 1024, 'batch_norm': True, 'lr_decay_epochs': 526.8182927467893, 'max_epochs': 10000}
2018-03-12 19:59:25,843 INFO     Obtained results {'val_loss': 2.3780227, 'epoch': 55, 'train_error': 0.9068199098110199, 'val_error': 0.9012586772441864, 'train_loss': 2.383322}
2018-03-12 20:02:16,470 INFO     Finished evaluation on {'memory_factor': 2, 'n_threads': 4, 'network_fn': <function kernel_example_layout_fn at 0x7f6b93808f28>, 'lr': 3.716833993144087e-05, 'lr_decay': 0.2048311483770321, 'l2_ratio': 0.0004989003306933445, 'hidden_units': 1024, 'kernel_mean': 0.0, 'strip_length': 5, 'progress_thresh': 0.1, 'batch_size': 128, 'kernel_std': 0.3392031235021636, 'num_layers': 2, 'kernel_size': 512, 'batch_norm': True, 'lr_decay_epochs': 806.0513476216028, 'max_epochs': 10000}
2018-03-12 20:02:16,474 INFO     Obtained results {'val_loss': 2.3305535, 'epoch': 90, 'train_error': 0.90684365481138229, 'val_error': 0.9045138880610466, 'train_loss': 2.3419485}
2018-03-12 20:03:31,004 INFO     Finished evaluation on {'memory_factor': 2, 'n_threads': 4, 'network_fn': <function kernel_example_layout_fn at 0x7f6b93808f28>, 'lr': 0.0007966934174498027, 'lr_decay': 0.13286383872509305, 'l2_ratio': 0.0003186909697762642, 'hidden_units': 1024, 'kernel_mean': 0.0, 'strip_length': 5, 'progress_thresh': 0.1, 'batch_size': 128, 'kernel_std': 0.6168859968220425, 'num_layers': 2, 'kernel_size': 2048, 'batch_norm': True, 'lr_decay_epochs': 719.1195504121908, 'max_epochs': 10000}
2018-03-12 20:03:31,006 INFO     Obtained results {'val_loss': 2.5064747, 'epoch': 20, 'train_error': 0.90955071896314621, 'val_error': 0.9090711772441864, 'train_loss': 2.5038323}
2018-03-12 20:04:54,861 INFO     Finished evaluation on {'memory_factor': 2, 'n_threads': 4, 'network_fn': <function kernel_example_layout_fn at 0x7f6b93808f28>, 'lr': 0.0001650313328441735, 'lr_decay': 0.26240916403669706, 'l2_ratio': 0.009858869815801315, 'hidden_units': 1024, 'kernel_mean': 0.0, 'strip_length': 5, 'progress_thresh': 0.1, 'batch_size': 128, 'kernel_std': 0.5901679182786724, 'num_layers': 2, 'kernel_size': 1024, 'batch_norm': True, 'lr_decay_epochs': 928.8810955053654, 'max_epochs': 10000}
2018-03-12 20:04:54,862 INFO     Obtained results {'val_loss': 2.1888497, 'epoch': 35, 'train_error': 0.90762727707624435, 'val_error': 0.9075520858168602, 'train_loss': 2.1845238}
2018-03-12 20:06:49,136 INFO     Finished evaluation on {'memory_factor': 2, 'n_threads': 4, 'network_fn': <function kernel_example_layout_fn at 0x7f6b93808f28>, 'lr': 0.0002812435656526658, 'lr_decay': 0.26165848532139835, 'l2_ratio': 0.0006390321258486093, 'hidden_units': 1024, 'kernel_mean': 0.0, 'strip_length': 5, 'progress_thresh': 0.1, 'batch_size': 128, 'kernel_std': 0.9316754843093785, 'num_layers': 2, 'kernel_size': 512, 'batch_norm': True, 'lr_decay_epochs': 408.81712657295446, 'max_epochs': 10000}
2018-03-12 20:06:49,140 INFO     Obtained results {'val_loss': 2.5690453, 'epoch': 10, 'train_error': 0.90876709669828415, 'val_error': 0.9016927108168602, 'train_loss': 2.5637767}
2018-03-12 20:11:44,548 INFO     Finished evaluation on {'memory_factor': 2, 'n_threads': 4, 'network_fn': <function kernel_example_layout_fn at 0x7f6b93808f28>, 'lr': 0.00042650709368162535, 'lr_decay': 0.6092388675532474, 'l2_ratio': 0.00010553425129269298, 'hidden_units': 2048, 'kernel_mean': 0.0, 'strip_length': 5, 'progress_thresh': 0.1, 'batch_size': 128, 'kernel_std': 0.6706555198860105, 'num_layers': 2, 'kernel_size': 2048, 'batch_norm': True, 'lr_decay_epochs': 134.52801498963493, 'max_epochs': 10000}
2018-03-12 20:11:44,549 INFO     Obtained results {'val_loss': 2.4217181, 'epoch': 20, 'train_error': 0.90876709669828415, 'val_error': 0.9014756977558136, 'train_loss': 2.4151123}
2018-03-12 20:18:19,054 INFO     Finished evaluation on {'memory_factor': 2, 'n_threads': 4, 'network_fn': <function kernel_example_layout_fn at 0x7f6b93808f28>, 'lr': 0.0007520479497704035, 'lr_decay': 0.9877829488358761, 'l2_ratio': 0.0023917303137786687, 'hidden_units': 1024, 'kernel_mean': 0.0, 'strip_length': 5, 'progress_thresh': 0.1, 'batch_size': 128, 'kernel_std': 0.47213397741464075, 'num_layers': 2, 'kernel_size': 1024, 'batch_norm': True, 'lr_decay_epochs': 196.0641742177034, 'max_epochs': 10000}
2018-03-12 20:18:19,055 INFO     Obtained results {'val_loss': 2.2158837, 'epoch': 130, 'train_error': 0.91040558367967606, 'val_error': 0.8980034738779068, 'train_loss': 2.2216365}
2018-03-12 20:19:54,906 INFO     Finished evaluation on {'memory_factor': 2, 'n_threads': 4, 'network_fn': <function kernel_example_layout_fn at 0x7f6b93808f28>, 'lr': 0.0002571728198338889, 'lr_decay': 0.821158622336938, 'l2_ratio': 0.0006496456652656138, 'hidden_units': 512, 'kernel_mean': 0.0, 'strip_length': 5, 'progress_thresh': 0.1, 'batch_size': 128, 'kernel_std': 0.5265786333536074, 'num_layers': 2, 'kernel_size': 512, 'batch_norm': True, 'lr_decay_epochs': 592.7730308292839, 'max_epochs': 10000}
2018-03-12 20:19:54,910 INFO     Obtained results {'val_loss': 2.2003353, 'epoch': 35, 'train_error': 0.91088050603866577, 'val_error': 0.9047309011220932, 'train_loss': 2.1994941}
2018-03-12 20:29:05,035 INFO     Finished evaluation on {'memory_factor': 2, 'n_threads': 4, 'network_fn': <function kernel_example_layout_fn at 0x7f6b93808f28>, 'lr': 0.0003936798828989991, 'lr_decay': 0.1511428194799736, 'l2_ratio': 0.00010404000516389529, 'hidden_units': 2048, 'kernel_mean': 0.0, 'strip_length': 5, 'progress_thresh': 0.1, 'batch_size': 128, 'kernel_std': 0.13567645277129117, 'num_layers': 2, 'kernel_size': 2048, 'batch_norm': True, 'lr_decay_epochs': 818.1935170997879, 'max_epochs': 10000}
2018-03-12 20:29:05,039 INFO     Obtained results {'val_loss': 2.1955194, 'epoch': 70, 'train_error': 0.909621961414814, 'val_error': 0.9014756977558136, 'train_loss': 2.1977413}
2018-03-12 20:35:19,684 INFO     Finished evaluation on {'memory_factor': 2, 'n_threads': 4, 'network_fn': <function kernel_example_layout_fn at 0x7f6b93808f28>, 'lr': 1.8184914792228334e-05, 'lr_decay': 0.6195874941574273, 'l2_ratio': 0.00019318391260094992, 'hidden_units': 2048, 'kernel_mean': 0.0, 'strip_length': 5, 'progress_thresh': 0.1, 'batch_size': 128, 'kernel_std': 0.3079287831040154, 'num_layers': 2, 'kernel_size': 2048, 'batch_norm': True, 'lr_decay_epochs': 982.0786392155662, 'max_epochs': 10000}
2018-03-12 20:35:19,688 INFO     Obtained results {'val_loss': 2.4733391, 'epoch': 5, 'train_error': 0.90924201905727386, 'val_error': 0.8980034738779068, 'train_loss': 2.4763579}
2018-03-12 20:47:06,532 INFO     Finished evaluation on {'memory_factor': 2, 'n_threads': 4, 'network_fn': <function kernel_example_layout_fn at 0x7f6b93808f28>, 'lr': 1.2594969830398686e-05, 'lr_decay': 0.4308703121923152, 'l2_ratio': 0.003512693510051435, 'hidden_units': 2048, 'kernel_mean': 0.0, 'strip_length': 5, 'progress_thresh': 0.1, 'batch_size': 128, 'kernel_std': 0.6680029891895952, 'num_layers': 2, 'kernel_size': 2048, 'batch_norm': True, 'lr_decay_epochs': 516.2818601585143, 'max_epochs': 10000}
2018-03-12 20:47:06,535 INFO     Obtained results {'val_loss': 2.328171, 'epoch': 180, 'train_error': 0.91121295839548111, 'val_error': 0.8958333358168602, 'train_loss': 2.330689}
2018-03-12 20:51:06,778 INFO     Finished evaluation on {'memory_factor': 2, 'n_threads': 4, 'network_fn': <function kernel_example_layout_fn at 0x7f6b93808f28>, 'lr': 1.3881748994298384e-05, 'lr_decay': 0.2227561695991373, 'l2_ratio': 0.004724630911648758, 'hidden_units': 512, 'kernel_mean': 0.0, 'strip_length': 5, 'progress_thresh': 0.1, 'batch_size': 128, 'kernel_std': 0.8234537839139044, 'num_layers': 2, 'kernel_size': 512, 'batch_norm': True, 'lr_decay_epochs': 298.7686435130063, 'max_epochs': 10000}
2018-03-12 20:51:06,782 INFO     Obtained results {'val_loss': 2.6759753, 'epoch': 100, 'train_error': 0.90936075150966644, 'val_error': 0.8975694477558136, 'train_loss': 2.6703663}
2018-03-12 20:54:23,780 INFO     Finished evaluation on {'memory_factor': 2, 'n_threads': 4, 'network_fn': <function kernel_example_layout_fn at 0x7f6b93808f28>, 'lr': 6.564054644998827e-05, 'lr_decay': 0.7659903689894123, 'l2_ratio': 0.0006588183053370279, 'hidden_units': 2048, 'kernel_mean': 0.0, 'strip_length': 5, 'progress_thresh': 0.1, 'batch_size': 128, 'kernel_std': 0.6144629253858188, 'num_layers': 2, 'kernel_size': 512, 'batch_norm': True, 'lr_decay_epochs': 714.9379104054284, 'max_epochs': 10000}
2018-03-12 20:54:23,784 INFO     Obtained results {'val_loss': 2.8169215, 'epoch': 50, 'train_error': 0.90769851952791214, 'val_error': 0.8986545130610466, 'train_loss': 2.8110285}
2018-03-12 20:59:05,142 INFO     Finished evaluation on {'memory_factor': 2, 'n_threads': 4, 'network_fn': <function kernel_example_layout_fn at 0x7f6b93808f28>, 'lr': 0.00019440270371608994, 'lr_decay': 0.21644981361479043, 'l2_ratio': 0.0004239236617630589, 'hidden_units': 1024, 'kernel_mean': 0.0, 'strip_length': 5, 'progress_thresh': 0.1, 'batch_size': 128, 'kernel_std': 0.3672380882143317, 'num_layers': 2, 'kernel_size': 1024, 'batch_norm': True, 'lr_decay_epochs': 622.7370574654581, 'max_epochs': 10000}
2018-03-12 20:59:05,146 INFO     Obtained results {'val_loss': 2.1433649, 'epoch': 80, 'train_error': 0.90940824151039124, 'val_error': 0.9010416641831398, 'train_loss': 2.1584933}
2018-03-12 21:08:40,949 INFO     Finished evaluation on {'memory_factor': 2, 'n_threads': 4, 'network_fn': <function kernel_example_layout_fn at 0x7f6b93808f28>, 'lr': 0.00015303067491783027, 'lr_decay': 0.6881808733612164, 'l2_ratio': 0.00014362186365979494, 'hidden_units': 512, 'kernel_mean': 0.0, 'strip_length': 5, 'progress_thresh': 0.1, 'batch_size': 128, 'kernel_std': 0.5430694256503305, 'num_layers': 2, 'kernel_size': 2048, 'batch_norm': True, 'lr_decay_epochs': 390.6983765950591, 'max_epochs': 10000}
2018-03-12 21:08:40,953 INFO     Obtained results {'val_loss': 2.1179857, 'epoch': 315, 'train_error': 0.90943199396133423, 'val_error': 0.9008246511220932, 'train_loss': 2.1216562}
2018-03-12 21:11:29,000 INFO     Finished evaluation on {'memory_factor': 2, 'n_threads': 4, 'network_fn': <function kernel_example_layout_fn at 0x7f6b93808f28>, 'lr': 0.0009307429272542875, 'lr_decay': 0.19313372578492588, 'l2_ratio': 0.0022619401427658374, 'hidden_units': 1024, 'kernel_mean': 0.0, 'strip_length': 5, 'progress_thresh': 0.1, 'batch_size': 128, 'kernel_std': 0.19939134401013292, 'num_layers': 2, 'kernel_size': 2048, 'batch_norm': True, 'lr_decay_epochs': 890.6185492091802, 'max_epochs': 10000}
2018-03-12 21:11:29,004 INFO     Obtained results {'val_loss': 0.72852993, 'epoch': 55, 'train_error': 0.11861228942871094, 'val_error': 0.11046004295349121, 'train_loss': 0.73206949}
2018-03-12 21:20:58,978 INFO     Finished evaluation on {'memory_factor': 2, 'n_threads': 4, 'network_fn': <function kernel_example_layout_fn at 0x7f6b93808f28>, 'lr': 0.0001790792819262749, 'lr_decay': 0.47819851803497726, 'l2_ratio': 0.00022977233741375592, 'hidden_units': 2048, 'kernel_mean': 0.0, 'strip_length': 5, 'progress_thresh': 0.1, 'batch_size': 128, 'kernel_std': 0.6292608291001243, 'num_layers': 2, 'kernel_size': 1024, 'batch_norm': True, 'lr_decay_epochs': 860.8844066345251, 'max_epochs': 10000}
2018-03-12 21:20:58,982 INFO     Obtained results {'val_loss': 2.2973397, 'epoch': 225, 'train_error': 0.90833966434001923, 'val_error': 0.8967013880610466, 'train_loss': 2.3014996}
2018-03-12 21:25:11,876 INFO     Finished evaluation on {'memory_factor': 2, 'n_threads': 4, 'network_fn': <function kernel_example_layout_fn at 0x7f6b93808f28>, 'lr': 0.0003321438408713366, 'lr_decay': 0.15676989096856253, 'l2_ratio': 0.0035507243029105776, 'hidden_units': 1024, 'kernel_mean': 0.0, 'strip_length': 5, 'progress_thresh': 0.1, 'batch_size': 128, 'kernel_std': 0.44765247857035323, 'num_layers': 2, 'kernel_size': 1024, 'batch_norm': True, 'lr_decay_epochs': 127.61022633938775, 'max_epochs': 10000}
2018-03-12 21:25:11,877 INFO     Obtained results {'val_loss': 2.3204112, 'epoch': 45, 'train_error': 0.90805470943450928, 'val_error': 0.89453125, 'train_loss': 2.3145313}
2018-03-12 21:33:17,233 INFO     Finished evaluation on {'memory_factor': 2, 'n_threads': 4, 'network_fn': <function kernel_example_layout_fn at 0x7f6b93808f28>, 'lr': 3.5206499047284855e-05, 'lr_decay': 0.13124590506924702, 'l2_ratio': 0.0009308625254955398, 'hidden_units': 2048, 'kernel_mean': 0.0, 'strip_length': 5, 'progress_thresh': 0.1, 'batch_size': 128, 'kernel_std': 0.13751267499030081, 'num_layers': 2, 'kernel_size': 1024, 'batch_norm': True, 'lr_decay_epochs': 624.6718122780778, 'max_epochs': 10000}
2018-03-12 21:33:17,236 INFO     Obtained results {'val_loss': 1.3448761, 'epoch': 175, 'train_error': 0.11386305093765259, 'val_error': 0.13368058204650879, 'train_loss': 1.2806765}
2018-03-12 21:43:00,827 INFO     Finished evaluation on {'memory_factor': 2, 'n_threads': 4, 'network_fn': <function kernel_example_layout_fn at 0x7f6b93808f28>, 'lr': 0.0002958236452397989, 'lr_decay': 0.2081548357468732, 'l2_ratio': 0.0006566803632796081, 'hidden_units': 1024, 'kernel_mean': 0.0, 'strip_length': 5, 'progress_thresh': 0.1, 'batch_size': 128, 'kernel_std': 0.3412539978423976, 'num_layers': 2, 'kernel_size': 2048, 'batch_norm': True, 'lr_decay_epochs': 629.8564279882356, 'max_epochs': 10000}
2018-03-12 21:43:00,830 INFO     Obtained results {'val_loss': 1.2800534, 'epoch': 230, 'train_error': 0.10593181848526001, 'val_error': 0.099826395511627197, 'train_loss': 1.2840294}
2018-03-12 21:43:00,832 INFO     Using model {'batch_size': 128, 'kernel_mean': 0.0, 'strip_length': 5, 'progress_thresh': 0.1, 'kernel_std': 0.3412539978423976, 'batch_norm': True, 'lr_decay_epochs': 629.8564279882356, 'num_layers': 2, 'max_epochs': 230, 'lr': 0.0002958236452397989, 'l2_ratio': 0.0006566803632796081, 'hidden_units': 1024, 'n_threads': 4, 'lr_decay': 0.2081548357468732, 'kernel_size': 2048, 'network_fn': <function kernel_example_layout_fn at 0x7f6b93808f28>, 'memory_factor': 2} for training with results {'val_loss': 1.2800534, 'epoch': 230, 'train_error': 0.10593181848526001, 'val_error': 0.099826395511627197, 'train_loss': 1.2840294}
2018-03-12 21:43:00,832 INFO     Running training [0] in motor/1520887380833
2018-03-12 22:00:40,618 INFO     Queue exhausted. Read all instances
2018-03-12 22:00:40,627 INFO     Training [0] got results {'l2': 1.1768819, 'train_l2': 1.186051, 'train_loss': 1.2664231, 'loss': 1.2162117, 'train_error': 0.10453766584396362, 'time(s)': 556.6666052341461, 'error': 0.09297555685043335}
2018-03-12 22:00:40,627 INFO     Running training [1] in motor/1520888440628
2018-03-12 22:18:07,743 INFO     Queue exhausted. Read all instances
2018-03-12 22:18:07,752 INFO     Training [1] got results {'l2': 1.1919518, 'train_l2': 1.1858929, 'train_loss': 1.2662653, 'loss': 1.2335346, 'train_error': 0.10612159967422485, 'time(s)': 543.7473011016846, 'error': 0.090753734111785889}
2018-03-12 22:18:07,752 INFO     Running training [2] in motor/1520889487753
2018-03-12 22:35:35,793 INFO     Queue exhausted. Read all instances
2018-03-12 22:35:35,801 INFO     Training [2] got results {'l2': 1.2001103, 'train_l2': 1.1926862, 'train_loss': 1.2785627, 'loss': 1.2437773, 'train_error': 0.1079409122467041, 'time(s)': 545.6845479011536, 'error': 0.093830108642578125}
2018-03-12 22:35:35,801 INFO     Running training [3] in motor/1520890535802
2018-03-12 22:53:05,845 INFO     Queue exhausted. Read all instances
2018-03-12 22:53:05,854 INFO     Training [3] got results {'l2': 1.1812785, 'train_l2': 1.1863343, 'train_loss': 1.2626616, 'loss': 1.2218782, 'train_error': 0.10494434833526611, 'time(s)': 548.1780433654785, 'error': 0.089728236198425293}
2018-03-12 22:53:05,854 INFO     Running training [4] in motor/1520891585854
2018-03-12 23:10:36,304 INFO     Queue exhausted. Read all instances
2018-03-12 23:10:36,313 INFO     Training [4] got results {'l2': 1.1856272, 'train_l2': 1.1923032, 'train_loss': 1.2733419, 'loss': 1.2257473, 'train_error': 0.10500854253768921, 'time(s)': 548.2901227474213, 'error': 0.090753734111785889}
2018-03-12 23:10:36,313 INFO     Running training [5] in motor/1520892636313
2018-03-12 23:28:08,033 INFO     Queue exhausted. Read all instances
2018-03-12 23:28:08,041 INFO     Training [5] got results {'l2': 1.203132, 'train_l2': 1.1942313, 'train_loss': 1.2780082, 'loss': 1.2518914, 'train_error': 0.1082834005355835, 'time(s)': 549.5241725444794, 'error': 0.094001054763793945}
2018-03-12 23:28:08,042 INFO     Running training [6] in motor/1520893688042
2018-03-12 23:45:45,288 INFO     Queue exhausted. Read all instances
2018-03-12 23:45:45,297 INFO     Training [6] got results {'l2': 1.1883999, 'train_l2': 1.1881727, 'train_loss': 1.2713182, 'loss': 1.2282504, 'train_error': 0.1054152250289917, 'time(s)': 550.8137874603271, 'error': 0.089557349681854248}
2018-03-12 23:45:45,297 INFO     Running training [7] in motor/1520894745298
2018-03-13 00:03:38,611 INFO     Queue exhausted. Read all instances
2018-03-13 00:03:38,622 INFO     Training [7] got results {'l2': 1.1851193, 'train_l2': 1.1826102, 'train_loss': 1.258822, 'loss': 1.2261595, 'train_error': 0.10511559247970581, 'time(s)': 564.1930408477783, 'error': 0.087335526943206787}
2018-03-13 00:03:38,622 INFO     Running training [8] in motor/1520895818622
2018-03-13 00:21:09,505 INFO     Queue exhausted. Read all instances
2018-03-13 00:21:09,513 INFO     Training [8] got results {'l2': 1.1900537, 'train_l2': 1.1900648, 'train_loss': 1.2694782, 'loss': 1.2296433, 'train_error': 0.10573631525039673, 'time(s)': 544.3472855091095, 'error': 0.090924620628356934}
2018-03-13 00:21:09,513 INFO     Running training [9] in motor/1520896869514
2018-03-13 00:39:21,702 INFO     Queue exhausted. Read all instances
2018-03-13 00:39:21,711 INFO     Training [9] got results {'l2': 1.1887214, 'train_l2': 1.1881312, 'train_loss': 1.2693602, 'loss': 1.2307407, 'train_error': 0.10517978668212891, 'time(s)': 583.4376175403595, 'error': 0.089557349681854248}
2018-03-13 00:39:21,711 INFO     l2: 1.189128 +- 0.007524
2018-03-13 00:39:21,711 INFO     train_l2: 1.188648 +- 0.003457
2018-03-13 00:39:21,711 INFO     train_loss: 1.269424 +- 0.005944
2018-03-13 00:39:21,711 INFO     loss: 1.230783 +- 0.009839
2018-03-13 00:39:21,711 INFO     train_error: 0.105828 +- 0.001217
2018-03-13 00:39:21,712 INFO     time(s): 553.488252 +- 11.571887
2018-03-13 00:39:21,712 INFO     error: 0.090942 +- 0.002005
