2018-03-12 13:12:26,890 INFO     Finished evaluation on {'memory_factor': 2, 'lr': 2.3384883957344803e-05, 'kernel_mean': 0.0, 'strip_length': 5, 'hidden_units': 1024, 'kernel_std': 0.9014484713818965, 'l2_ratio': 0.00392661024103285, 'lr_decay_epochs': 994.1073290458376, 'n_threads': 4, 'kernel_size': 512, 'batch_norm': True, 'max_epochs': 10000, 'lr_decay': 0.13460632248579477, 'network_fn': <function kernel_example_layout_fn at 0x7f2a3dc08f28>, 'progress_thresh': 0.1, 'num_layers': 3, 'batch_size': 128}
2018-03-12 13:12:26,892 INFO     Obtained results {'epoch': 20, 'val_loss': 6.1365223, 'val_error': 0.9027777761220932, 'train_loss': 6.1336985, 'train_error': 0.90993066132068634}
2018-03-12 13:25:21,720 INFO     Finished evaluation on {'memory_factor': 2, 'lr': 1.5840508740506754e-05, 'kernel_mean': 0.0, 'strip_length': 5, 'hidden_units': 2048, 'kernel_std': 0.09394191378070665, 'l2_ratio': 0.0022733035589900226, 'lr_decay_epochs': 340.4703475602778, 'n_threads': 4, 'kernel_size': 512, 'batch_norm': True, 'max_epochs': 10000, 'lr_decay': 0.5694725044102958, 'network_fn': <function kernel_example_layout_fn at 0x7f2a3dc08f28>, 'progress_thresh': 0.1, 'num_layers': 3, 'batch_size': 128}
2018-03-12 13:25:21,720 INFO     Obtained results {'epoch': 280, 'val_loss': 1.0971437, 'val_error': 0.11414933204650879, 'train_loss': 1.0272859, 'train_error': 0.096290826797485352}
2018-03-12 13:27:17,022 INFO     Finished evaluation on {'memory_factor': 2, 'lr': 0.0002535814125193522, 'kernel_mean': 0.0, 'strip_length': 5, 'hidden_units': 512, 'kernel_std': 0.9133036439674362, 'l2_ratio': 0.005444443225444379, 'lr_decay_epochs': 446.4383576132878, 'n_threads': 4, 'kernel_size': 512, 'batch_norm': True, 'max_epochs': 10000, 'lr_decay': 0.14038821987880237, 'network_fn': <function kernel_example_layout_fn at 0x7f2a3dc08f28>, 'progress_thresh': 0.1, 'num_layers': 3, 'batch_size': 128}
2018-03-12 13:27:17,023 INFO     Obtained results {'epoch': 65, 'val_loss': 2.2256932, 'val_error': 0.9001736119389534, 'train_loss': 2.2384756, 'train_error': 0.90926576405763626}
2018-03-12 13:45:39,625 INFO     Finished evaluation on {'memory_factor': 2, 'lr': 0.0004172089047006679, 'kernel_mean': 0.0, 'strip_length': 5, 'hidden_units': 512, 'kernel_std': 0.6604173184095391, 'l2_ratio': 0.00014646742366214603, 'lr_decay_epochs': 772.3263423265815, 'n_threads': 4, 'kernel_size': 2048, 'batch_norm': True, 'max_epochs': 10000, 'lr_decay': 0.8788876452926593, 'network_fn': <function kernel_example_layout_fn at 0x7f2a3dc08f28>, 'progress_thresh': 0.1, 'num_layers': 3, 'batch_size': 128}
2018-03-12 13:45:39,630 INFO     Obtained results {'epoch': 265, 'val_loss': 2.6533122, 'val_error': 0.8969184011220932, 'train_loss': 2.6632552, 'train_error': 0.90772226452827454}
2018-03-12 13:59:32,859 INFO     Finished evaluation on {'memory_factor': 2, 'lr': 0.0004246731933513479, 'kernel_mean': 0.0, 'strip_length': 5, 'hidden_units': 2048, 'kernel_std': 0.9228389760802946, 'l2_ratio': 0.00045646877278975983, 'lr_decay_epochs': 272.1861020983295, 'n_threads': 4, 'kernel_size': 2048, 'batch_norm': True, 'max_epochs': 10000, 'lr_decay': 0.7336783703460275, 'network_fn': <function kernel_example_layout_fn at 0x7f2a3dc08f28>, 'progress_thresh': 0.1, 'num_layers': 3, 'batch_size': 128}
2018-03-12 13:59:32,861 INFO     Obtained results {'epoch': 110, 'val_loss': 6.6782284, 'val_error': 0.9049479141831398, 'train_loss': 6.6625152, 'train_error': 0.90997815132141113}
2018-03-12 14:05:25,411 INFO     Finished evaluation on {'memory_factor': 2, 'lr': 0.00014826991659426972, 'kernel_mean': 0.0, 'strip_length': 5, 'hidden_units': 512, 'kernel_std': 0.15491750557115266, 'l2_ratio': 0.0003642539617452109, 'lr_decay_epochs': 978.9749601352431, 'n_threads': 4, 'kernel_size': 1024, 'batch_norm': True, 'max_epochs': 10000, 'lr_decay': 0.9748103178821979, 'network_fn': <function kernel_example_layout_fn at 0x7f2a3dc08f28>, 'progress_thresh': 0.1, 'num_layers': 3, 'batch_size': 128}
2018-03-12 14:05:25,416 INFO     Obtained results {'epoch': 205, 'val_loss': 2.010433, 'val_error': 0.09375, 'train_loss': 1.9927075, 'train_error': 0.093607544898986816}
2018-03-12 14:21:19,166 INFO     Finished evaluation on {'memory_factor': 2, 'lr': 0.0004607295085093132, 'kernel_mean': 0.0, 'strip_length': 5, 'hidden_units': 2048, 'kernel_std': 0.989896291270679, 'l2_ratio': 0.0012014955811902124, 'lr_decay_epochs': 982.3005684931622, 'n_threads': 4, 'kernel_size': 2048, 'batch_norm': True, 'max_epochs': 10000, 'lr_decay': 0.6063314892898679, 'network_fn': <function kernel_example_layout_fn at 0x7f2a3dc08f28>, 'progress_thresh': 0.1, 'num_layers': 3, 'batch_size': 128}
2018-03-12 14:21:19,168 INFO     Obtained results {'epoch': 35, 'val_loss': 6.5858674, 'val_error': 0.9014756977558136, 'train_loss': 6.5819817, 'train_error': 0.90893331915140152}
2018-03-12 14:23:59,878 INFO     Finished evaluation on {'memory_factor': 2, 'lr': 0.00040197987147489036, 'kernel_mean': 0.0, 'strip_length': 5, 'hidden_units': 2048, 'kernel_std': 0.20013185160892819, 'l2_ratio': 0.00021019648540658033, 'lr_decay_epochs': 885.8950938906403, 'n_threads': 4, 'kernel_size': 512, 'batch_norm': True, 'max_epochs': 10000, 'lr_decay': 0.7131914588645869, 'network_fn': <function kernel_example_layout_fn at 0x7f2a3dc08f28>, 'progress_thresh': 0.1, 'num_layers': 3, 'batch_size': 128}
2018-03-12 14:23:59,883 INFO     Obtained results {'epoch': 30, 'val_loss': 2.587621, 'val_error': 0.9066840261220932, 'train_loss': 2.5868039, 'train_error': 0.9073660746216774}
2018-03-12 14:28:07,651 INFO     Finished evaluation on {'memory_factor': 2, 'lr': 0.0005020149955486812, 'kernel_mean': 0.0, 'strip_length': 5, 'hidden_units': 2048, 'kernel_std': 0.06172173148894723, 'l2_ratio': 0.009507458993375639, 'lr_decay_epochs': 226.92305712494425, 'n_threads': 4, 'kernel_size': 2048, 'batch_norm': True, 'max_epochs': 10000, 'lr_decay': 0.6727479061529616, 'network_fn': <function kernel_example_layout_fn at 0x7f2a3dc08f28>, 'progress_thresh': 0.1, 'num_layers': 3, 'batch_size': 128}
2018-03-12 14:28:07,652 INFO     Obtained results {'epoch': 20, 'val_loss': 0.81992358, 'val_error': 0.11046004295349121, 'train_loss': 0.88276035, 'train_error': 0.12675720453262329}
2018-03-12 14:33:25,124 INFO     Finished evaluation on {'memory_factor': 2, 'lr': 5.412677331263564e-05, 'kernel_mean': 0.0, 'strip_length': 5, 'hidden_units': 2048, 'kernel_std': 0.49825865860890267, 'l2_ratio': 0.00014647840560492762, 'lr_decay_epochs': 474.0503625604212, 'n_threads': 4, 'kernel_size': 512, 'batch_norm': True, 'max_epochs': 10000, 'lr_decay': 0.9204178989681163, 'network_fn': <function kernel_example_layout_fn at 0x7f2a3dc08f28>, 'progress_thresh': 0.1, 'num_layers': 3, 'batch_size': 128}
2018-03-12 14:33:25,126 INFO     Obtained results {'epoch': 35, 'val_loss': 2.4778607, 'val_error': 0.9038628488779068, 'train_loss': 2.4802094, 'train_error': 0.9095982164144516}
2018-03-12 14:56:19,044 INFO     Finished evaluation on {'memory_factor': 2, 'lr': 4.802895358380041e-05, 'kernel_mean': 0.0, 'strip_length': 5, 'hidden_units': 2048, 'kernel_std': 0.7638039785934595, 'l2_ratio': 0.008605062033587782, 'lr_decay_epochs': 656.5501378955282, 'n_threads': 4, 'kernel_size': 2048, 'batch_norm': True, 'max_epochs': 10000, 'lr_decay': 0.4232168114325373, 'network_fn': <function kernel_example_layout_fn at 0x7f2a3dc08f28>, 'progress_thresh': 0.1, 'num_layers': 3, 'batch_size': 128}
2018-03-12 14:56:19,049 INFO     Obtained results {'epoch': 140, 'val_loss': 2.1993082, 'val_error': 0.90234375, 'train_loss': 2.1922967, 'train_error': 0.91050057113170624}
2018-03-12 15:01:55,857 INFO     Finished evaluation on {'memory_factor': 2, 'lr': 0.0001604582207844961, 'kernel_mean': 0.0, 'strip_length': 5, 'hidden_units': 2048, 'kernel_std': 0.21872535232379767, 'l2_ratio': 0.00014150227453710887, 'lr_decay_epochs': 238.286280412351, 'n_threads': 4, 'kernel_size': 1024, 'batch_norm': True, 'max_epochs': 10000, 'lr_decay': 0.9816591326374654, 'network_fn': <function kernel_example_layout_fn at 0x7f2a3dc08f28>, 'progress_thresh': 0.1, 'num_layers': 3, 'batch_size': 128}
2018-03-12 15:01:55,862 INFO     Obtained results {'epoch': 20, 'val_loss': 2.4215796, 'val_error': 0.9006076380610466, 'train_loss': 2.427974, 'train_error': 0.90862461924552917}
2018-03-12 15:32:30,695 INFO     Finished evaluation on {'memory_factor': 2, 'lr': 0.00010370184150760531, 'kernel_mean': 0.0, 'strip_length': 5, 'hidden_units': 2048, 'kernel_std': 0.13765166924237995, 'l2_ratio': 0.007093795730992121, 'lr_decay_epochs': 218.38088014461533, 'n_threads': 4, 'kernel_size': 512, 'batch_norm': True, 'max_epochs': 10000, 'lr_decay': 0.6059962299240236, 'network_fn': <function kernel_example_layout_fn at 0x7f2a3dc08f28>, 'progress_thresh': 0.1, 'num_layers': 3, 'batch_size': 128}
2018-03-12 15:32:30,699 INFO     Obtained results {'epoch': 470, 'val_loss': 0.65392685, 'val_error': 0.088107645511627197, 'train_loss': 0.64531618, 'train_error': 0.09681326150894165}
2018-03-12 15:43:48,540 INFO     Finished evaluation on {'memory_factor': 2, 'lr': 0.00042540823945552984, 'kernel_mean': 0.0, 'strip_length': 5, 'hidden_units': 512, 'kernel_std': 0.11956865339474816, 'l2_ratio': 0.002394291761194702, 'lr_decay_epochs': 497.9140847734136, 'n_threads': 4, 'kernel_size': 1024, 'batch_norm': True, 'max_epochs': 10000, 'lr_decay': 0.38653430365913044, 'network_fn': <function kernel_example_layout_fn at 0x7f2a3dc08f28>, 'progress_thresh': 0.1, 'num_layers': 3, 'batch_size': 128}
2018-03-12 15:43:48,546 INFO     Obtained results {'epoch': 325, 'val_loss': 0.58334267, 'val_error': 0.087890625, 'train_loss': 0.58018231, 'train_error': 0.10125380754470825}
2018-03-12 15:50:24,765 INFO     Finished evaluation on {'memory_factor': 2, 'lr': 1.3837453355320178e-05, 'kernel_mean': 0.0, 'strip_length': 5, 'hidden_units': 1024, 'kernel_std': 0.07718474963260856, 'l2_ratio': 0.001226033655608714, 'lr_decay_epochs': 957.8942826890387, 'n_threads': 4, 'kernel_size': 1024, 'batch_norm': True, 'max_epochs': 10000, 'lr_decay': 0.1150851551316864, 'network_fn': <function kernel_example_layout_fn at 0x7f2a3dc08f28>, 'progress_thresh': 0.1, 'num_layers': 3, 'batch_size': 128}
2018-03-12 15:50:24,767 INFO     Obtained results {'epoch': 165, 'val_loss': 0.98471844, 'val_error': 0.10503470897674561, 'train_loss': 0.95101732, 'train_error': 0.094842314720153809}
2018-03-12 15:53:57,194 INFO     Finished evaluation on {'memory_factor': 2, 'lr': 5.983008217500298e-05, 'kernel_mean': 0.0, 'strip_length': 5, 'hidden_units': 512, 'kernel_std': 0.35171356283106353, 'l2_ratio': 0.00021689184584847187, 'lr_decay_epochs': 435.6869102477119, 'n_threads': 4, 'kernel_size': 512, 'batch_norm': True, 'max_epochs': 10000, 'lr_decay': 0.9155798820439967, 'network_fn': <function kernel_example_layout_fn at 0x7f2a3dc08f28>, 'progress_thresh': 0.1, 'num_layers': 3, 'batch_size': 128}
2018-03-12 15:53:57,195 INFO     Obtained results {'epoch': 10, 'val_loss': 2.2697453, 'val_error': 0.9016927108168602, 'train_loss': 2.2934027, 'train_error': 0.91031060367822647}
2018-03-12 16:06:53,675 INFO     Finished evaluation on {'memory_factor': 2, 'lr': 8.550605271121356e-05, 'kernel_mean': 0.0, 'strip_length': 5, 'hidden_units': 1024, 'kernel_std': 0.148292778477077, 'l2_ratio': 0.0022351802084074426, 'lr_decay_epochs': 435.2579917950447, 'n_threads': 4, 'kernel_size': 2048, 'batch_norm': True, 'max_epochs': 10000, 'lr_decay': 0.8674746475854409, 'network_fn': <function kernel_example_layout_fn at 0x7f2a3dc08f28>, 'progress_thresh': 0.1, 'num_layers': 3, 'batch_size': 128}
2018-03-12 16:06:53,681 INFO     Obtained results {'epoch': 250, 'val_loss': 0.60784793, 'val_error': 0.10438370704650879, 'train_loss': 0.58271492, 'train_error': 0.097976803779602051}
2018-03-12 16:10:06,703 INFO     Finished evaluation on {'memory_factor': 2, 'lr': 2.1245011662855642e-05, 'kernel_mean': 0.0, 'strip_length': 5, 'hidden_units': 512, 'kernel_std': 0.9350819173503857, 'l2_ratio': 0.0002189440893116316, 'lr_decay_epochs': 271.2425018784725, 'n_threads': 4, 'kernel_size': 2048, 'batch_norm': True, 'max_epochs': 10000, 'lr_decay': 0.24673349921317356, 'network_fn': <function kernel_example_layout_fn at 0x7f2a3dc08f28>, 'progress_thresh': 0.1, 'num_layers': 3, 'batch_size': 128}
2018-03-12 16:10:06,707 INFO     Obtained results {'epoch': 80, 'val_loss': 2.272202, 'val_error': 0.9029947891831398, 'train_loss': 2.2652314, 'train_error': 0.90985941886901855}
2018-03-12 16:11:50,118 INFO     Finished evaluation on {'memory_factor': 2, 'lr': 0.00048299094326418625, 'kernel_mean': 0.0, 'strip_length': 5, 'hidden_units': 2048, 'kernel_std': 0.1900708694750962, 'l2_ratio': 0.003414464829508504, 'lr_decay_epochs': 509.4814433633275, 'n_threads': 4, 'kernel_size': 1024, 'batch_norm': True, 'max_epochs': 10000, 'lr_decay': 0.47124255140454296, 'network_fn': <function kernel_example_layout_fn at 0x7f2a3dc08f28>, 'progress_thresh': 0.1, 'num_layers': 3, 'batch_size': 128}
2018-03-12 16:11:50,119 INFO     Obtained results {'epoch': 15, 'val_loss': 2.384114, 'val_error': 0.8995225727558136, 'train_loss': 2.393455, 'train_error': 0.90876709669828415}
2018-03-12 16:13:33,438 INFO     Finished evaluation on {'memory_factor': 2, 'lr': 0.0008953140568419143, 'kernel_mean': 0.0, 'strip_length': 5, 'hidden_units': 512, 'kernel_std': 0.6149089694091213, 'l2_ratio': 0.0005051828072293571, 'lr_decay_epochs': 273.94426482791755, 'n_threads': 4, 'kernel_size': 2048, 'batch_norm': True, 'max_epochs': 10000, 'lr_decay': 0.5208820718337164, 'network_fn': <function kernel_example_layout_fn at 0x7f2a3dc08f28>, 'progress_thresh': 0.1, 'num_layers': 3, 'batch_size': 128}
2018-03-12 16:13:33,443 INFO     Obtained results {'epoch': 5, 'val_loss': 2.7608757, 'val_error': 0.9008246511220932, 'train_loss': 2.7291486, 'train_error': 0.90689114481210709}
2018-03-12 16:32:24,614 INFO     Finished evaluation on {'memory_factor': 2, 'lr': 1.0322603130905127e-05, 'kernel_mean': 0.0, 'strip_length': 5, 'hidden_units': 2048, 'kernel_std': 0.027578193937835054, 'l2_ratio': 0.00022888690944463197, 'lr_decay_epochs': 680.999857315425, 'n_threads': 4, 'kernel_size': 2048, 'batch_norm': True, 'max_epochs': 10000, 'lr_decay': 0.33238133860725744, 'network_fn': <function kernel_example_layout_fn at 0x7f2a3dc08f28>, 'progress_thresh': 0.1, 'num_layers': 3, 'batch_size': 128}
2018-03-12 16:32:24,616 INFO     Obtained results {'epoch': 180, 'val_loss': 0.6963343, 'val_error': 0.10004341602325439, 'train_loss': 0.67200625, 'train_error': 0.097620606422424316}
2018-03-12 16:36:07,972 INFO     Finished evaluation on {'memory_factor': 2, 'lr': 0.0002827115146008084, 'kernel_mean': 0.0, 'strip_length': 5, 'hidden_units': 512, 'kernel_std': 0.9808134371018847, 'l2_ratio': 0.0004044968860526104, 'lr_decay_epochs': 680.3677014184126, 'n_threads': 4, 'kernel_size': 2048, 'batch_norm': True, 'max_epochs': 10000, 'lr_decay': 0.9650679811090724, 'network_fn': <function kernel_example_layout_fn at 0x7f2a3dc08f28>, 'progress_thresh': 0.1, 'num_layers': 3, 'batch_size': 128}
2018-03-12 16:36:07,977 INFO     Obtained results {'epoch': 70, 'val_loss': 2.50828, 'val_error': 0.8995225727558136, 'train_loss': 2.5149162, 'train_error': 0.90755604207515717}
2018-03-12 17:04:41,051 INFO     Finished evaluation on {'memory_factor': 2, 'lr': 1.7464244963211243e-05, 'kernel_mean': 0.0, 'strip_length': 5, 'hidden_units': 2048, 'kernel_std': 0.42092934664896736, 'l2_ratio': 0.000991948649212611, 'lr_decay_epochs': 801.4528161638457, 'n_threads': 4, 'kernel_size': 1024, 'batch_norm': True, 'max_epochs': 10000, 'lr_decay': 0.8439071928193294, 'network_fn': <function kernel_example_layout_fn at 0x7f2a3dc08f28>, 'progress_thresh': 0.1, 'num_layers': 3, 'batch_size': 128}
2018-03-12 17:04:41,051 INFO     Obtained results {'epoch': 50, 'val_loss': 3.992255, 'val_error': 0.9032118022441864, 'train_loss': 3.9848437, 'train_error': 0.90881458669900894}
2018-03-12 17:06:27,591 INFO     Finished evaluation on {'memory_factor': 2, 'lr': 0.00027007412256882285, 'kernel_mean': 0.0, 'strip_length': 5, 'hidden_units': 512, 'kernel_std': 0.5688886415931642, 'l2_ratio': 0.002055727232212143, 'lr_decay_epochs': 362.97484302564357, 'n_threads': 4, 'kernel_size': 512, 'batch_norm': True, 'max_epochs': 10000, 'lr_decay': 0.9242518812042834, 'network_fn': <function kernel_example_layout_fn at 0x7f2a3dc08f28>, 'progress_thresh': 0.1, 'num_layers': 3, 'batch_size': 128}
2018-03-12 17:06:27,592 INFO     Obtained results {'epoch': 10, 'val_loss': 2.8355522, 'val_error': 0.8984375, 'train_loss': 2.8532524, 'train_error': 0.91045308113098145}
2018-03-12 17:09:46,269 INFO     Finished evaluation on {'memory_factor': 2, 'lr': 3.4033791883281656e-05, 'kernel_mean': 0.0, 'strip_length': 5, 'hidden_units': 2048, 'kernel_std': 0.3619890669056157, 'l2_ratio': 0.0008868447715262595, 'lr_decay_epochs': 523.4400815908009, 'n_threads': 4, 'kernel_size': 2048, 'batch_norm': True, 'max_epochs': 10000, 'lr_decay': 0.32871320815656513, 'network_fn': <function kernel_example_layout_fn at 0x7f2a3dc08f28>, 'progress_thresh': 0.1, 'num_layers': 3, 'batch_size': 128}
2018-03-12 17:09:46,274 INFO     Obtained results {'epoch': 5, 'val_loss': 4.0706639, 'val_error': 0.9045138880610466, 'train_loss': 4.0992789, 'train_error': 0.90698613226413727}
2018-03-12 17:09:46,276 INFO     Using model {'strip_length': 5, 'batch_norm': True, 'l2_ratio': 0.002394291761194702, 'lr_decay': 0.38653430365913044, 'max_epochs': 325, 'lr_decay_epochs': 497.9140847734136, 'num_layers': 3, 'memory_factor': 2, 'kernel_mean': 0.0, 'hidden_units': 512, 'kernel_std': 0.11956865339474816, 'n_threads': 4, 'kernel_size': 1024, 'progress_thresh': 0.1, 'lr': 0.00042540823945552984, 'network_fn': <function kernel_example_layout_fn at 0x7f2a3dc08f28>, 'batch_size': 128} for training with results {'epoch': 325, 'val_loss': 0.58334267, 'val_error': 0.087890625, 'train_loss': 0.58018231, 'train_error': 0.10125380754470825}
2018-03-12 17:09:46,276 INFO     Running training [0] in motor/1520870986276
2018-03-12 17:22:17,822 INFO     Queue exhausted. Read all instances
2018-03-12 17:22:17,839 INFO     Training [0] got results {'l2': 0.48085481, 'train_loss': 0.57868612, 'loss': 0.56152099, 'error': 0.095881044864654541, 'train_error': 0.099293649196624756, 'train_l2': 0.49103019, 'time(s)': 604.5076651573181}
2018-03-12 17:22:17,839 INFO     Running training [1] in motor/1520871737840
2018-03-12 17:34:44,454 INFO     Queue exhausted. Read all instances
2018-03-12 17:34:44,463 INFO     Training [1] got results {'l2': 0.49151888, 'train_loss': 0.57892525, 'loss': 0.5713594, 'error': 0.099641084671020508, 'train_error': 0.1014554500579834, 'train_l2': 0.49124947, 'time(s)': 599.542797088623}
2018-03-12 17:34:44,463 INFO     Running training [2] in motor/1520872484464
2018-03-12 17:47:04,630 INFO     Queue exhausted. Read all instances
2018-03-12 17:47:04,639 INFO     Training [2] got results {'l2': 0.49331322, 'train_loss': 0.57750994, 'loss': 0.56351072, 'error': 0.095881044864654541, 'train_error': 0.10079193115234375, 'train_l2': 0.48910004, 'time(s)': 593.5338428020477}
2018-03-12 17:47:04,639 INFO     Running training [3] in motor/1520873224639
2018-03-12 17:59:31,917 INFO     Queue exhausted. Read all instances
2018-03-12 17:59:31,934 INFO     Training [3] got results {'l2': 0.47877783, 'train_loss': 0.57352811, 'loss': 0.55878997, 'error': 0.096735596656799316, 'train_error': 0.099550485610961914, 'train_l2': 0.4851127, 'time(s)': 600.6473495960236}
2018-03-12 17:59:31,934 INFO     Running training [4] in motor/1520873971935
2018-03-12 18:11:50,777 INFO     Queue exhausted. Read all instances
2018-03-12 18:11:50,786 INFO     Training [4] got results {'l2': 0.49232471, 'train_loss': 0.57487822, 'loss': 0.57094884, 'error': 0.09297555685043335, 'train_error': 0.099614739418029785, 'train_l2': 0.48943081, 'time(s)': 592.0527911186218}
2018-03-12 18:11:50,786 INFO     Running training [5] in motor/1520874710786
2018-03-12 18:24:08,418 INFO     Queue exhausted. Read all instances
2018-03-12 18:24:08,435 INFO     Training [5] got results {'l2': 0.48759025, 'train_loss': 0.57985979, 'loss': 0.56950533, 'error': 0.10186290740966797, 'train_error': 0.10066354274749756, 'train_l2': 0.48733756, 'time(s)': 591.1092820167542}
2018-03-12 18:24:08,435 INFO     Running training [6] in motor/1520875448436
2018-03-12 18:36:28,959 INFO     Queue exhausted. Read all instances
2018-03-12 18:36:28,967 INFO     Training [6] got results {'l2': 0.48464379, 'train_loss': 0.57800639, 'loss': 0.57324088, 'error': 0.10152113437652588, 'train_error': 0.10119861364364624, 'train_l2': 0.48999491, 'time(s)': 593.9874255657196}
2018-03-12 18:36:28,967 INFO     Running training [7] in motor/1520876188968
2018-03-12 18:48:48,126 INFO     Queue exhausted. Read all instances
2018-03-12 18:48:48,142 INFO     Training [7] got results {'l2': 0.48871711, 'train_loss': 0.57914233, 'loss': 0.56235152, 'error': 0.092633724212646484, 'train_error': 0.099614739418029785, 'train_l2': 0.49081588, 'time(s)': 592.4865972995758}
2018-03-12 18:48:48,142 INFO     Running training [8] in motor/1520876928143
2018-03-12 19:01:11,135 INFO     Queue exhausted. Read all instances
2018-03-12 19:01:11,145 INFO     Training [8] got results {'l2': 0.48502868, 'train_loss': 0.57033467, 'loss': 0.56751233, 'error': 0.093317389488220215, 'train_error': 0.098951220512390137, 'train_l2': 0.48424035, 'time(s)': 596.1299226284027}
2018-03-12 19:01:11,145 INFO     Running training [9] in motor/1520877671145
2018-03-12 19:13:43,422 INFO     Queue exhausted. Read all instances
2018-03-12 19:13:43,442 INFO     Training [9] got results {'l2': 0.49005789, 'train_loss': 0.57308757, 'loss': 0.6091432, 'error': 0.10220474004745483, 'train_error': 0.099871575832366943, 'train_l2': 0.4883486, 'time(s)': 605.4994683265686}
2018-03-12 19:13:43,445 INFO     l2: 0.487283 +- 0.004640
2018-03-12 19:13:43,446 INFO     train_loss: 0.576396 +- 0.003053
2018-03-12 19:13:43,446 INFO     loss: 0.570788 +- 0.013579
2018-03-12 19:13:43,446 INFO     error: 0.097265 +- 0.003589
2018-03-12 19:13:43,447 INFO     train_error: 0.100101 +- 0.000815
2018-03-12 19:13:43,447 INFO     train_l2: 0.488666 +- 0.002313
2018-03-12 19:13:43,448 INFO     time(s): 596.949714 +- 4.997427
