2018-03-06 18:22:49,925 INFO     Finished evaluation on {'max_layers': 2, 'batch_size': 128, 'network_fn': <function kernel_example_layout_fn at 0x7f60db71eea0>, 'lr_decay': 0.3415283139432649, 'l2_ratio': 0.00024043123592411603, 'strip_length': 5, 'kernel_size': 1024, 'memory_factor': 2, 'n_threads': 4, 'progress_thresh': 0.1, 'kernel_mean': 0.0, 'batch_norm': False, 'lr': 0.00013109741602565698, 'kernel_std': 0.8769374300180369, 'hidden_units': 1024, 'lr_decay_epochs': 348.54522207086916, 'max_epochs': 10000}
2018-03-06 18:22:49,926 INFO     Obtained results {'val_error': 0.8990885391831398, 'train_loss': 3.2013922, 'num_layers': 2, 'train_epochs': [30, 195], 'val_loss': 4.7849216, 'train_error': 0.12281537055969238}
2018-03-06 18:35:56,535 INFO     Finished evaluation on {'max_layers': 2, 'batch_size': 128, 'network_fn': <function kernel_example_layout_fn at 0x7f60db71eea0>, 'lr_decay': 0.47171538267031665, 'l2_ratio': 0.004816596501202357, 'strip_length': 5, 'kernel_size': 2048, 'memory_factor': 2, 'n_threads': 4, 'progress_thresh': 0.1, 'kernel_mean': 0.0, 'batch_norm': False, 'lr': 2.7933946314724845e-05, 'kernel_std': 0.349716255786044, 'hidden_units': 2048, 'lr_decay_epochs': 258.8806852657858, 'max_epochs': 10000}
2018-03-06 18:35:56,536 INFO     Obtained results {'val_error': 0.1052517294883728, 'train_loss': 0.86155796, 'num_layers': 2, 'train_epochs': [135, 310], 'val_loss': 0.86457038, 'train_error': 0.11364930868148804}
2018-03-06 18:41:16,560 INFO     Finished evaluation on {'max_layers': 2, 'batch_size': 128, 'network_fn': <function kernel_example_layout_fn at 0x7f60db71eea0>, 'lr_decay': 0.9246752545143793, 'l2_ratio': 0.0007039343215456028, 'strip_length': 5, 'kernel_size': 512, 'memory_factor': 2, 'n_threads': 4, 'progress_thresh': 0.1, 'kernel_mean': 0.0, 'batch_norm': False, 'lr': 0.00020969929169384758, 'kernel_std': 0.4609835922686454, 'hidden_units': 512, 'lr_decay_epochs': 965.7169353292887, 'max_epochs': 10000}
2018-03-06 18:41:16,560 INFO     Obtained results {'val_error': 0.088107645511627197, 'train_loss': 0.36006314, 'num_layers': 2, 'train_epochs': [40, 50], 'val_loss': 0.38099039, 'train_error': 0.097881853580474854}
2018-03-06 18:47:50,155 INFO     Finished evaluation on {'max_layers': 2, 'batch_size': 128, 'network_fn': <function kernel_example_layout_fn at 0x7f60db71eea0>, 'lr_decay': 0.6743064822185817, 'l2_ratio': 0.0001917255629033645, 'strip_length': 5, 'kernel_size': 2048, 'memory_factor': 2, 'n_threads': 4, 'progress_thresh': 0.1, 'kernel_mean': 0.0, 'batch_norm': False, 'lr': 0.00027012395816929834, 'kernel_std': 0.8538316335348679, 'hidden_units': 2048, 'lr_decay_epochs': 271.67698105570184, 'max_epochs': 10000}
2018-03-06 18:47:50,155 INFO     Obtained results {'val_error': 0.8980034738779068, 'train_loss': 4.5163999, 'num_layers': 2, 'train_epochs': [10, 120], 'val_loss': 6.1853971, 'train_error': 0.092325210571289062}
2018-03-06 18:50:52,420 INFO     Finished evaluation on {'max_layers': 2, 'batch_size': 128, 'network_fn': <function kernel_example_layout_fn at 0x7f60db71eea0>, 'lr_decay': 0.16242353899752499, 'l2_ratio': 0.005710534845795357, 'strip_length': 5, 'kernel_size': 2048, 'memory_factor': 2, 'n_threads': 4, 'progress_thresh': 0.1, 'kernel_mean': 0.0, 'batch_norm': False, 'lr': 0.00017792860149394682, 'kernel_std': 0.28980004013367067, 'hidden_units': 512, 'lr_decay_epochs': 505.42910979314485, 'max_epochs': 10000}
2018-03-06 18:50:52,420 INFO     Obtained results {'val_error': 0.1931423544883728, 'train_loss': 1.1135695, 'num_layers': 2, 'train_epochs': [10, 85], 'val_loss': 1.1130891, 'train_error': 0.1975446343421936}
2018-03-06 19:02:26,537 INFO     Finished evaluation on {'max_layers': 2, 'batch_size': 128, 'network_fn': <function kernel_example_layout_fn at 0x7f60db71eea0>, 'lr_decay': 0.48621143989923243, 'l2_ratio': 0.0004920505495918883, 'strip_length': 5, 'kernel_size': 2048, 'memory_factor': 2, 'n_threads': 4, 'progress_thresh': 0.1, 'kernel_mean': 0.0, 'batch_norm': False, 'lr': 0.00027477420791447127, 'kernel_std': 0.41297837513391544, 'hidden_units': 512, 'lr_decay_epochs': 647.612121615183, 'max_epochs': 10000}
2018-03-06 19:02:26,537 INFO     Obtained results {'val_error': 0.081163167953491211, 'train_loss': 1.4467182, 'num_layers': 2, 'train_epochs': [20, 70], 'val_loss': 1.4406323, 'train_error': 0.094984829425811768}
2018-03-06 19:07:41,154 INFO     Finished evaluation on {'max_layers': 2, 'batch_size': 128, 'network_fn': <function kernel_example_layout_fn at 0x7f60db71eea0>, 'lr_decay': 0.918516355061441, 'l2_ratio': 0.008894354234524685, 'strip_length': 5, 'kernel_size': 1024, 'memory_factor': 2, 'n_threads': 4, 'progress_thresh': 0.1, 'kernel_mean': 0.0, 'batch_norm': False, 'lr': 0.0008170550044048926, 'kernel_std': 0.17318460410242767, 'hidden_units': 2048, 'lr_decay_epochs': 294.036950991789, 'max_epochs': 10000}
2018-03-06 19:07:41,154 INFO     Obtained results {'val_error': 0.19618058204650879, 'train_loss': 1.1934967, 'num_layers': 1, 'train_epochs': [25], 'val_loss': 1.1826653, 'train_error': 0.20614075660705566}
2018-03-06 19:10:30,604 INFO     Finished evaluation on {'max_layers': 2, 'batch_size': 128, 'network_fn': <function kernel_example_layout_fn at 0x7f60db71eea0>, 'lr_decay': 0.4455585183685784, 'l2_ratio': 0.008128412294280967, 'strip_length': 5, 'kernel_size': 512, 'memory_factor': 2, 'n_threads': 4, 'progress_thresh': 0.1, 'kernel_mean': 0.0, 'batch_norm': False, 'lr': 0.00021566313318968023, 'kernel_std': 0.6423994342751029, 'hidden_units': 1024, 'lr_decay_epochs': 643.2072704973348, 'max_epochs': 10000}
2018-03-06 19:10:30,604 INFO     Obtained results {'val_error': 0.1013454794883728, 'train_loss': 0.82692766, 'num_layers': 2, 'train_epochs': [80, 95], 'val_loss': 0.82214427, 'train_error': 0.10878133773803711}
2018-03-06 19:23:13,650 INFO     Finished evaluation on {'max_layers': 2, 'batch_size': 128, 'network_fn': <function kernel_example_layout_fn at 0x7f60db71eea0>, 'lr_decay': 0.7089375632179529, 'l2_ratio': 0.00019462024513712913, 'strip_length': 5, 'kernel_size': 1024, 'memory_factor': 2, 'n_threads': 4, 'progress_thresh': 0.1, 'kernel_mean': 0.0, 'batch_norm': False, 'lr': 3.6793706225297194e-05, 'kernel_std': 0.15928105646279747, 'hidden_units': 1024, 'lr_decay_epochs': 401.67338091401314, 'max_epochs': 10000}
2018-03-06 19:23:13,650 INFO     Obtained results {'val_error': 0.087239563465118408, 'train_loss': 3.3937407, 'num_layers': 2, 'train_epochs': [175, 400], 'val_loss': 3.4041367, 'train_error': 0.094177424907684326}
2018-03-06 19:25:39,760 INFO     Finished evaluation on {'max_layers': 2, 'batch_size': 128, 'network_fn': <function kernel_example_layout_fn at 0x7f60db71eea0>, 'lr_decay': 0.5789115072184794, 'l2_ratio': 0.007439699366938532, 'strip_length': 5, 'kernel_size': 512, 'memory_factor': 2, 'n_threads': 4, 'progress_thresh': 0.1, 'kernel_mean': 0.0, 'batch_norm': False, 'lr': 0.00013694367979690556, 'kernel_std': 0.19338936397261478, 'hidden_units': 2048, 'lr_decay_epochs': 805.656453583965, 'max_epochs': 10000}
2018-03-06 19:25:39,760 INFO     Obtained results {'val_error': 0.13519966602325439, 'train_loss': 1.0741663, 'num_layers': 2, 'train_epochs': [20, 70], 'val_loss': 1.0755761, 'train_error': 0.14494681358337402}
2018-03-06 19:34:15,360 INFO     Finished evaluation on {'max_layers': 2, 'batch_size': 128, 'network_fn': <function kernel_example_layout_fn at 0x7f60db71eea0>, 'lr_decay': 0.7174648885971732, 'l2_ratio': 0.0008281526954315282, 'strip_length': 5, 'kernel_size': 1024, 'memory_factor': 2, 'n_threads': 4, 'progress_thresh': 0.1, 'kernel_mean': 0.0, 'batch_norm': False, 'lr': 4.553099979493609e-05, 'kernel_std': 0.8463355483085439, 'hidden_units': 1024, 'lr_decay_epochs': 454.8524548713849, 'max_epochs': 10000}
2018-03-06 19:34:15,361 INFO     Obtained results {'val_error': 0.8997395858168602, 'train_loss': 2.4417653, 'num_layers': 2, 'train_epochs': [85, 280], 'val_loss': 3.0413737, 'train_error': 0.6004464328289032}
2018-03-06 19:46:13,936 INFO     Finished evaluation on {'max_layers': 2, 'batch_size': 128, 'network_fn': <function kernel_example_layout_fn at 0x7f60db71eea0>, 'lr_decay': 0.570446172344391, 'l2_ratio': 0.0008814544053528406, 'strip_length': 5, 'kernel_size': 1024, 'memory_factor': 2, 'n_threads': 4, 'progress_thresh': 0.1, 'kernel_mean': 0.0, 'batch_norm': False, 'lr': 3.6356604851670576e-05, 'kernel_std': 0.9136222807274796, 'hidden_units': 512, 'lr_decay_epochs': 887.6620738372284, 'max_epochs': 10000}
2018-03-06 19:46:13,936 INFO     Obtained results {'val_error': 0.72222220897674561, 'train_loss': 1.545231, 'num_layers': 2, 'train_epochs': [425, 460], 'val_loss': 1.8950877, 'train_error': 0.48779445886611938}
2018-03-06 20:10:25,919 INFO     Finished evaluation on {'max_layers': 2, 'batch_size': 128, 'network_fn': <function kernel_example_layout_fn at 0x7f60db71eea0>, 'lr_decay': 0.39454951787973747, 'l2_ratio': 0.0018951753738649397, 'strip_length': 5, 'kernel_size': 512, 'memory_factor': 2, 'n_threads': 4, 'progress_thresh': 0.1, 'kernel_mean': 0.0, 'batch_norm': False, 'lr': 0.000494319576308106, 'kernel_std': 0.6582293795570261, 'hidden_units': 1024, 'lr_decay_epochs': 117.35762888019153, 'max_epochs': 10000}
2018-03-06 20:10:25,920 INFO     Obtained results {'val_error': 0.08203125, 'train_loss': 0.32846239, 'num_layers': 2, 'train_epochs': [625, 910], 'val_loss': 0.33299559, 'train_error': 0.09472358226776123}
2018-03-06 20:23:35,901 INFO     Finished evaluation on {'max_layers': 2, 'batch_size': 128, 'network_fn': <function kernel_example_layout_fn at 0x7f60db71eea0>, 'lr_decay': 0.6130722710072192, 'l2_ratio': 0.0029627344415114926, 'strip_length': 5, 'kernel_size': 2048, 'memory_factor': 2, 'n_threads': 4, 'progress_thresh': 0.1, 'kernel_mean': 0.0, 'batch_norm': False, 'lr': 5.292653997172237e-05, 'kernel_std': 0.12195915462099584, 'hidden_units': 512, 'lr_decay_epochs': 730.0800326023767, 'max_epochs': 10000}
2018-03-06 20:23:35,901 INFO     Obtained results {'val_error': 0.173828125, 'train_loss': 1.041622, 'num_layers': 1, 'train_epochs': [155], 'val_loss': 1.0361733, 'train_error': 0.19445765018463135}
2018-03-06 20:26:12,973 INFO     Finished evaluation on {'max_layers': 2, 'batch_size': 128, 'network_fn': <function kernel_example_layout_fn at 0x7f60db71eea0>, 'lr_decay': 0.2788876651231773, 'l2_ratio': 0.007268698569441117, 'strip_length': 5, 'kernel_size': 2048, 'memory_factor': 2, 'n_threads': 4, 'progress_thresh': 0.1, 'kernel_mean': 0.0, 'batch_norm': False, 'lr': 0.0006217617290082716, 'kernel_std': 0.02246033895220186, 'hidden_units': 2048, 'lr_decay_epochs': 392.1501412649229, 'max_epochs': 10000}
2018-03-06 20:26:12,973 INFO     Obtained results {'val_error': 0.43033856153488159, 'train_loss': 1.9586141, 'num_layers': 1, 'train_epochs': [40], 'val_loss': 1.9523917, 'train_error': 0.46250474452972412}
2018-03-06 20:43:27,885 INFO     Finished evaluation on {'max_layers': 2, 'batch_size': 128, 'network_fn': <function kernel_example_layout_fn at 0x7f60db71eea0>, 'lr_decay': 0.6750795258463372, 'l2_ratio': 0.005585050068231255, 'strip_length': 5, 'kernel_size': 1024, 'memory_factor': 2, 'n_threads': 4, 'progress_thresh': 0.1, 'kernel_mean': 0.0, 'batch_norm': False, 'lr': 0.00014909195599211185, 'kernel_std': 0.7830357193337582, 'hidden_units': 1024, 'lr_decay_epochs': 808.8514718207645, 'max_epochs': 10000}
2018-03-06 20:43:27,886 INFO     Obtained results {'val_error': 0.093532979488372803, 'train_loss': 0.69560987, 'num_layers': 2, 'train_epochs': [35, 495], 'val_loss': 0.68989575, 'train_error': 0.10035145282745361}
2018-03-06 20:51:47,851 INFO     Finished evaluation on {'max_layers': 2, 'batch_size': 128, 'network_fn': <function kernel_example_layout_fn at 0x7f60db71eea0>, 'lr_decay': 0.5136158685345957, 'l2_ratio': 0.0006978032422941413, 'strip_length': 5, 'kernel_size': 2048, 'memory_factor': 2, 'n_threads': 4, 'progress_thresh': 0.1, 'kernel_mean': 0.0, 'batch_norm': False, 'lr': 1.4801499298627372e-05, 'kernel_std': 0.6733245828612762, 'hidden_units': 1024, 'lr_decay_epochs': 950.2138749673195, 'max_epochs': 10000}
2018-03-06 20:51:47,851 INFO     Obtained results {'val_error': 0.8940972238779068, 'train_loss': 2.1502771, 'num_layers': 2, 'train_epochs': [10, 70], 'val_loss': 2.1569083, 'train_error': 0.82430186867713928}
2018-03-06 21:01:14,880 INFO     Finished evaluation on {'max_layers': 2, 'batch_size': 128, 'network_fn': <function kernel_example_layout_fn at 0x7f60db71eea0>, 'lr_decay': 0.2725256484555672, 'l2_ratio': 0.001314832220440841, 'strip_length': 5, 'kernel_size': 512, 'memory_factor': 2, 'n_threads': 4, 'progress_thresh': 0.1, 'kernel_mean': 0.0, 'batch_norm': False, 'lr': 0.00018356473646605293, 'kernel_std': 0.5924767458208384, 'hidden_units': 2048, 'lr_decay_epochs': 336.2818662844785, 'max_epochs': 10000}
2018-03-06 21:01:14,880 INFO     Obtained results {'val_error': 0.15907120704650879, 'train_loss': 1.0304587, 'num_layers': 2, 'train_epochs': [235, 275], 'val_loss': 1.1327662, 'train_error': 0.13499712944030762}
2018-03-06 21:04:17,436 INFO     Finished evaluation on {'max_layers': 2, 'batch_size': 128, 'network_fn': <function kernel_example_layout_fn at 0x7f60db71eea0>, 'lr_decay': 0.8084982939989631, 'l2_ratio': 0.00023408157560878944, 'strip_length': 5, 'kernel_size': 1024, 'memory_factor': 2, 'n_threads': 4, 'progress_thresh': 0.1, 'kernel_mean': 0.0, 'batch_norm': False, 'lr': 0.0002643295835620132, 'kernel_std': 0.3866784080267529, 'hidden_units': 512, 'lr_decay_epochs': 486.33219734920056, 'max_epochs': 10000}
2018-03-06 21:04:17,436 INFO     Obtained results {'val_error': 0.08984375, 'train_loss': 0.32823405, 'num_layers': 2, 'train_epochs': [75, 85], 'val_loss': 0.36064926, 'train_error': 0.093583762645721436}
2018-03-06 21:13:15,041 INFO     Finished evaluation on {'max_layers': 2, 'batch_size': 128, 'network_fn': <function kernel_example_layout_fn at 0x7f60db71eea0>, 'lr_decay': 0.7974278986051941, 'l2_ratio': 0.00034110585345282303, 'strip_length': 5, 'kernel_size': 2048, 'memory_factor': 2, 'n_threads': 4, 'progress_thresh': 0.1, 'kernel_mean': 0.0, 'batch_norm': False, 'lr': 3.11211102972483e-05, 'kernel_std': 0.9110654857060423, 'hidden_units': 1024, 'lr_decay_epochs': 773.2736120585267, 'max_epochs': 10000}
2018-03-06 21:13:15,042 INFO     Obtained results {'val_error': 0.9040798619389534, 'train_loss': 1.8250593, 'num_layers': 2, 'train_epochs': [80, 190], 'val_loss': 2.929646, 'train_error': 0.51085200905799866}
2018-03-06 21:42:43,562 INFO     Finished evaluation on {'max_layers': 2, 'batch_size': 128, 'network_fn': <function kernel_example_layout_fn at 0x7f60db71eea0>, 'lr_decay': 0.4256426443507033, 'l2_ratio': 0.0005015228681137592, 'strip_length': 5, 'kernel_size': 2048, 'memory_factor': 2, 'n_threads': 4, 'progress_thresh': 0.1, 'kernel_mean': 0.0, 'batch_norm': False, 'lr': 0.0001946728152337332, 'kernel_std': 0.7050592532417563, 'hidden_units': 512, 'lr_decay_epochs': 202.3753331387349, 'max_epochs': 10000}
2018-03-06 21:42:43,562 INFO     Obtained results {'val_error': 0.084852457046508789, 'train_loss': 1.361791, 'num_layers': 2, 'train_epochs': [365, 770], 'val_loss': 1.3672817, 'train_error': 0.093512535095214844}
2018-03-06 21:45:49,693 INFO     Finished evaluation on {'max_layers': 2, 'batch_size': 128, 'network_fn': <function kernel_example_layout_fn at 0x7f60db71eea0>, 'lr_decay': 0.9668529969310511, 'l2_ratio': 0.003300825434473332, 'strip_length': 5, 'kernel_size': 1024, 'memory_factor': 2, 'n_threads': 4, 'progress_thresh': 0.1, 'kernel_mean': 0.0, 'batch_norm': False, 'lr': 0.0009957848533872686, 'kernel_std': 0.2561833686615929, 'hidden_units': 512, 'lr_decay_epochs': 480.0930151654125, 'max_epochs': 10000}
2018-03-06 21:45:49,693 INFO     Obtained results {'val_error': 0.18229168653488159, 'train_loss': 0.97721475, 'num_layers': 2, 'train_epochs': [20, 100], 'val_loss': 0.98468792, 'train_error': 0.18284577131271362}
2018-03-06 22:09:43,315 INFO     Finished evaluation on {'max_layers': 2, 'batch_size': 128, 'network_fn': <function kernel_example_layout_fn at 0x7f60db71eea0>, 'lr_decay': 0.15206070691763288, 'l2_ratio': 0.001040813356400282, 'strip_length': 5, 'kernel_size': 1024, 'memory_factor': 2, 'n_threads': 4, 'progress_thresh': 0.1, 'kernel_mean': 0.0, 'batch_norm': False, 'lr': 0.0002891479269982255, 'kernel_std': 0.7078316468282478, 'hidden_units': 1024, 'lr_decay_epochs': 135.85068676834635, 'max_epochs': 10000}
2018-03-06 22:09:43,315 INFO     Obtained results {'val_error': 0.10091143846511841, 'train_loss': 1.2325683, 'num_layers': 1, 'train_epochs': [425], 'val_loss': 1.2809, 'train_error': 0.10258358716964722}
2018-03-06 22:20:13,515 INFO     Finished evaluation on {'max_layers': 2, 'batch_size': 128, 'network_fn': <function kernel_example_layout_fn at 0x7f60db71eea0>, 'lr_decay': 0.3252762806322844, 'l2_ratio': 0.00027957673171730824, 'strip_length': 5, 'kernel_size': 512, 'memory_factor': 2, 'n_threads': 4, 'progress_thresh': 0.1, 'kernel_mean': 0.0, 'batch_norm': False, 'lr': 7.600201821360651e-05, 'kernel_std': 0.3461315468667977, 'hidden_units': 1024, 'lr_decay_epochs': 243.33201332047776, 'max_epochs': 10000}
2018-03-06 22:20:13,515 INFO     Obtained results {'val_error': 0.095703125, 'train_loss': 0.71031618, 'num_layers': 1, 'train_epochs': [300], 'val_loss': 0.73679942, 'train_error': 0.09849923849105835}
2018-03-06 22:24:29,303 INFO     Finished evaluation on {'max_layers': 2, 'batch_size': 128, 'network_fn': <function kernel_example_layout_fn at 0x7f60db71eea0>, 'lr_decay': 0.6796012947202016, 'l2_ratio': 0.0002101003499782233, 'strip_length': 5, 'kernel_size': 2048, 'memory_factor': 2, 'n_threads': 4, 'progress_thresh': 0.1, 'kernel_mean': 0.0, 'batch_norm': False, 'lr': 2.418197119631969e-05, 'kernel_std': 0.07437590657096504, 'hidden_units': 512, 'lr_decay_epochs': 747.560084138472, 'max_epochs': 10000}
2018-03-06 22:24:29,303 INFO     Obtained results {'val_error': 0.1697048544883728, 'train_loss': 0.66370744, 'num_layers': 2, 'train_epochs': [90, 165], 'val_loss': 0.65937322, 'train_error': 0.18282198905944824}
2018-03-06 22:24:29,304 INFO     Using model {'max_layers': 2, 'batch_size': 128, 'network_fn': <function kernel_example_layout_fn at 0x7f60db71eea0>, 'lr_decay': 0.48621143989923243, 'kernel_size': 2048, 'memory_factor': 2, 'n_threads': 4, 'progress_thresh': 0.1, 'kernel_mean': 0.0, 'kernel_std': 0.41297837513391544, 'train_epochs': [20, 70], 'lr_decay_epochs': 647.612121615183, 'l2_ratio': 0.0004920505495918883, 'strip_length': 5, 'lr': 0.00027477420791447127, 'num_layers': 2, 'hidden_units': 512, 'batch_norm': False} for training with results {'val_error': 0.081163167953491211, 'train_loss': 1.4467182, 'num_layers': 2, 'train_epochs': [20, 70], 'val_loss': 1.4406323, 'train_error': 0.094984829425811768}
2018-03-06 22:24:29,305 INFO     Running training [0] in motor/1520371469305
2018-03-06 22:24:29,305 INFO     [1] Training up to epoch 20 in folder motor/1520371469305/layer_1
2018-03-06 22:24:55,603 INFO     [2] Training up to epoch 70 in folder motor/1520371469305
2018-03-06 22:26:14,836 INFO     Running prediction [0] from on motor/1520371469305
2018-03-06 22:30:32,211 INFO     Queue exhausted. Read all instances
2018-03-06 22:30:32,220 INFO     Training [0] got results {'time(s)': 105.53105330467224, 'error': 0.093317389488220215, 'train_l2': 1.3940736, 'train_loss': 1.4393284, 'l2': 1.4225709, 'train_error': 0.094242274761199951, 'loss': 1.4705483}
2018-03-06 22:30:32,220 INFO     Running training [1] in motor/1520371832221
2018-03-06 22:30:32,220 INFO     [1] Training up to epoch 20 in folder motor/1520371832221/layer_1
2018-03-06 22:31:01,642 INFO     [2] Training up to epoch 70 in folder motor/1520371832221
2018-03-06 22:32:17,243 INFO     Running prediction [1] from on motor/1520371832221
2018-03-06 22:36:34,832 INFO     Queue exhausted. Read all instances
2018-03-06 22:36:34,841 INFO     Training [1] got results {'time(s)': 105.02283716201782, 'error': 0.089386403560638428, 'train_l2': 1.3886122, 'train_loss': 1.4342686, 'l2': 1.4178735, 'train_error': 0.09411388635635376, 'loss': 1.4627925}
2018-03-06 22:36:34,841 INFO     Running training [2] in motor/1520372194841
2018-03-06 22:36:34,841 INFO     [1] Training up to epoch 20 in folder motor/1520372194841/layer_1
2018-03-06 22:37:05,175 INFO     [2] Training up to epoch 70 in folder motor/1520372194841
2018-03-06 22:38:23,552 INFO     Running prediction [2] from on motor/1520372194841
2018-03-06 22:42:41,165 INFO     Queue exhausted. Read all instances
2018-03-06 22:42:41,174 INFO     Training [2] got results {'time(s)': 108.711505651474, 'error': 0.090924620628356934, 'train_l2': 1.3937489, 'train_loss': 1.4397076, 'l2': 1.4235724, 'train_error': 0.094092488288879395, 'loss': 1.4707198}
2018-03-06 22:42:41,174 INFO     Running training [3] in motor/1520372561174
2018-03-06 22:42:41,174 INFO     [1] Training up to epoch 20 in folder motor/1520372561174/layer_1
2018-03-06 22:43:13,229 INFO     [2] Training up to epoch 70 in folder motor/1520372561174
2018-03-06 22:44:25,234 INFO     Running prediction [3] from on motor/1520372561174
2018-03-06 22:48:42,728 INFO     Queue exhausted. Read all instances
2018-03-06 22:48:42,736 INFO     Training [3] got results {'time(s)': 104.06049275398254, 'error': 0.089557349681854248, 'train_l2': 1.4021127, 'train_loss': 1.4483767, 'l2': 1.4264909, 'train_error': 0.094028234481811523, 'loss': 1.4746662}
2018-03-06 22:48:42,737 INFO     Running training [4] in motor/1520372922737
2018-03-06 22:48:42,737 INFO     [1] Training up to epoch 20 in folder motor/1520372922737/layer_1
2018-03-06 22:49:13,362 INFO     [2] Training up to epoch 70 in folder motor/1520372922737
2018-03-06 22:50:27,677 INFO     Running prediction [4] from on motor/1520372922737
2018-03-06 22:54:44,866 INFO     Queue exhausted. Read all instances
2018-03-06 22:54:44,874 INFO     Training [4] got results {'time(s)': 104.94008803367615, 'error': 0.091608285903930664, 'train_l2': 1.39888, 'train_loss': 1.4439964, 'l2': 1.4345007, 'train_error': 0.094734609127044678, 'loss': 1.4807855}
2018-03-06 22:54:44,875 INFO     Running training [5] in motor/1520373284875
2018-03-06 22:54:44,875 INFO     [1] Training up to epoch 20 in folder motor/1520373284875/layer_1
2018-03-06 22:55:15,595 INFO     [2] Training up to epoch 70 in folder motor/1520373284875
2018-03-06 22:56:28,182 INFO     Running prediction [5] from on motor/1520373284875
2018-03-06 23:00:45,663 INFO     Queue exhausted. Read all instances
2018-03-06 23:00:45,672 INFO     Training [5] got results {'time(s)': 103.30779075622559, 'error': 0.09297555685043335, 'train_l2': 1.3855203, 'train_loss': 1.4317653, 'l2': 1.4197693, 'train_error': 0.093535959720611572, 'loss': 1.4677259}
2018-03-06 23:00:45,672 INFO     Running training [6] in motor/1520373645673
2018-03-06 23:00:45,672 INFO     [1] Training up to epoch 20 in folder motor/1520373645673/layer_1
2018-03-06 23:01:16,458 INFO     [2] Training up to epoch 70 in folder motor/1520373645673
2018-03-06 23:02:49,220 INFO     Running prediction [6] from on motor/1520373645673
2018-03-06 23:07:06,794 INFO     Queue exhausted. Read all instances
2018-03-06 23:07:06,803 INFO     Training [6] got results {'time(s)': 123.54719591140747, 'error': 0.090411901473999023, 'train_l2': 1.3913449, 'train_loss': 1.4374642, 'l2': 1.4234703, 'train_error': 0.094092488288879395, 'loss': 1.4690371}
2018-03-06 23:07:06,803 INFO     Running training [7] in motor/1520374026804
2018-03-06 23:07:06,803 INFO     [1] Training up to epoch 20 in folder motor/1520374026804/layer_1
2018-03-06 23:07:37,366 INFO     [2] Training up to epoch 70 in folder motor/1520374026804
2018-03-06 23:08:51,376 INFO     Running prediction [7] from on motor/1520374026804
2018-03-06 23:13:08,611 INFO     Queue exhausted. Read all instances
2018-03-06 23:13:08,619 INFO     Training [7] got results {'time(s)': 104.57241797447205, 'error': 0.096393764019012451, 'train_l2': 1.3943715, 'train_loss': 1.4392045, 'l2': 1.4245632, 'train_error': 0.093835592269897461, 'loss': 1.4709103}
2018-03-06 23:13:08,619 INFO     Running training [8] in motor/1520374388620
2018-03-06 23:13:08,620 INFO     [1] Training up to epoch 20 in folder motor/1520374388620/layer_1
2018-03-06 23:13:39,909 INFO     [2] Training up to epoch 70 in folder motor/1520374388620
2018-03-06 23:14:54,632 INFO     Running prediction [8] from on motor/1520374388620
2018-03-06 23:19:17,477 INFO     Queue exhausted. Read all instances
2018-03-06 23:19:17,488 INFO     Training [8] got results {'time(s)': 106.01219606399536, 'error': 0.089728236198425293, 'train_l2': 1.3999437, 'train_loss': 1.4462229, 'l2': 1.4205803, 'train_error': 0.094178080558776855, 'loss': 1.469745}
2018-03-06 23:19:17,488 INFO     Running training [9] in motor/1520374757488
2018-03-06 23:19:17,488 INFO     [1] Training up to epoch 20 in folder motor/1520374757488/layer_1
2018-03-06 23:19:52,386 INFO     [2] Training up to epoch 70 in folder motor/1520374757488
2018-03-06 23:21:16,088 INFO     Running prediction [9] from on motor/1520374757488
2018-03-06 23:25:33,824 INFO     Queue exhausted. Read all instances
2018-03-06 23:25:33,833 INFO     Training [9] got results {'time(s)': 118.6007227897644, 'error': 0.089557349681854248, 'train_l2': 1.4014958, 'train_loss': 1.446277, 'l2': 1.4192069, 'train_error': 0.093172073364257812, 'loss': 1.4654917}
2018-03-06 23:25:33,833 INFO     time(s): 108.430630 +- 6.559733
2018-03-06 23:25:33,833 INFO     error: 0.091386 +- 0.002144
2018-03-06 23:25:33,833 INFO     train_l2: 1.395010 +- 0.005283
2018-03-06 23:25:33,833 INFO     train_loss: 1.440661 +- 0.005178
2018-03-06 23:25:33,833 INFO     l2: 1.423260 +- 0.004516
2018-03-06 23:25:33,833 INFO     train_error: 0.094003 +- 0.000399
2018-03-06 23:25:33,834 INFO     loss: 1.470242 +- 0.004665
