2018-03-05 22:41:18,030 INFO     Finished evaluation on {'lr': 0.000662195424602921, 'l2_ratio': 0.0001895332475324604, 'lr_decay': 0.5246575320547827, 'n_threads': 4, 'batch_norm': False, 'memory_factor': 2, 'progress_thresh': 0.1, 'batch_size': 128, 'network_fn': <function kernel_example_layout_fn at 0x7f063050aea0>, 'kernel_mean': 0.0, 'lr_decay_epochs': 470.7590325795801, 'max_epochs': 10000, 'kernel_std': 0.3632547236918804, 'max_layers': 4, 'kernel_size': 1024, 'hidden_units': 512, 'strip_length': 5}
2018-03-05 22:41:18,030 INFO     Obtained results {'val_loss': 3.7977419, 'train_loss': 3.7795959, 'num_layers': 2, 'train_error': 0.093583762645721436, 'val_error': 0.084635436534881592, 'train_epochs': [20, 105]}
2018-03-05 22:48:46,333 INFO     Finished evaluation on {'lr': 2.031001043220736e-05, 'l2_ratio': 0.00025079878938853977, 'lr_decay': 0.7730815704374028, 'n_threads': 4, 'batch_norm': False, 'memory_factor': 2, 'progress_thresh': 0.1, 'batch_size': 128, 'network_fn': <function kernel_example_layout_fn at 0x7f063050aea0>, 'kernel_mean': 0.0, 'lr_decay_epochs': 186.89349005430904, 'max_epochs': 10000, 'kernel_std': 0.973283177077398, 'max_layers': 4, 'kernel_size': 2048, 'hidden_units': 2048, 'strip_length': 5}
2018-03-05 22:48:46,333 INFO     Obtained results {'val_loss': 2.1764097, 'train_loss': 2.0306337, 'num_layers': 2, 'train_error': 0.61756744980812073, 'val_error': 0.90234375, 'train_epochs': [20, 35]}
2018-03-05 23:26:41,667 INFO     Finished evaluation on {'lr': 7.760053593061652e-05, 'l2_ratio': 0.00048595034414429555, 'lr_decay': 0.8652981466102072, 'n_threads': 4, 'batch_norm': False, 'memory_factor': 2, 'progress_thresh': 0.1, 'batch_size': 128, 'network_fn': <function kernel_example_layout_fn at 0x7f063050aea0>, 'kernel_mean': 0.0, 'lr_decay_epochs': 137.22092411101664, 'max_epochs': 10000, 'kernel_std': 0.3831762583631094, 'max_layers': 4, 'kernel_size': 2048, 'hidden_units': 1024, 'strip_length': 5}
2018-03-05 23:26:41,667 INFO     Obtained results {'val_loss': 1.524461, 'train_loss': 1.5211728, 'num_layers': 4, 'train_error': 0.093417525291442871, 'val_error': 0.086154520511627197, 'train_epochs': [310, 320, 600, 995]}
2018-03-05 23:44:37,926 INFO     Finished evaluation on {'lr': 2.2789865523095216e-05, 'l2_ratio': 0.0002894634263882877, 'lr_decay': 0.2547605165493929, 'n_threads': 4, 'batch_norm': False, 'memory_factor': 2, 'progress_thresh': 0.1, 'batch_size': 128, 'network_fn': <function kernel_example_layout_fn at 0x7f063050aea0>, 'kernel_mean': 0.0, 'lr_decay_epochs': 448.234462056155, 'max_epochs': 10000, 'kernel_std': 0.7991482013091977, 'max_layers': 4, 'kernel_size': 1024, 'hidden_units': 512, 'strip_length': 5}
2018-03-05 23:44:37,927 INFO     Obtained results {'val_loss': 2.1162348, 'train_loss': 2.0699463, 'num_layers': 4, 'train_error': 0.70065540075302124, 'val_error': 0.8005642294883728, 'train_epochs': [450, 730, 735, 740]}
2018-03-06 00:06:35,628 INFO     Finished evaluation on {'lr': 1.5513493634702093e-05, 'l2_ratio': 0.001558571421173881, 'lr_decay': 0.254600040351752, 'n_threads': 4, 'batch_norm': False, 'memory_factor': 2, 'progress_thresh': 0.1, 'batch_size': 128, 'network_fn': <function kernel_example_layout_fn at 0x7f063050aea0>, 'kernel_mean': 0.0, 'lr_decay_epochs': 747.2700036209715, 'max_epochs': 10000, 'kernel_std': 0.3773043577785977, 'max_layers': 4, 'kernel_size': 512, 'hidden_units': 1024, 'strip_length': 5}
2018-03-06 00:06:35,628 INFO     Obtained results {'val_loss': 0.64130431, 'train_loss': 0.63168252, 'num_layers': 4, 'train_error': 0.095744669437408447, 'val_error': 0.088758707046508789, 'train_epochs': [290, 470, 505, 630]}
2018-03-06 01:11:10,574 INFO     Finished evaluation on {'lr': 0.0009323670874234151, 'l2_ratio': 0.00343859688886118, 'lr_decay': 0.32219615978027494, 'n_threads': 4, 'batch_norm': False, 'memory_factor': 2, 'progress_thresh': 0.1, 'batch_size': 128, 'network_fn': <function kernel_example_layout_fn at 0x7f063050aea0>, 'kernel_mean': 0.0, 'lr_decay_epochs': 646.0902359608687, 'max_epochs': 10000, 'kernel_std': 0.8160964454551851, 'max_layers': 4, 'kernel_size': 512, 'hidden_units': 2048, 'strip_length': 5}
2018-03-06 01:11:10,574 INFO     Obtained results {'val_loss': 0.52466273, 'train_loss': 0.51972687, 'num_layers': 3, 'train_error': 0.095103561878204346, 'val_error': 0.082248270511627197, 'train_epochs': [525, 790, 2185]}
2018-03-06 01:28:08,369 INFO     Finished evaluation on {'lr': 5.082498462054072e-05, 'l2_ratio': 0.0005718639449826286, 'lr_decay': 0.9864275722826502, 'n_threads': 4, 'batch_norm': False, 'memory_factor': 2, 'progress_thresh': 0.1, 'batch_size': 128, 'network_fn': <function kernel_example_layout_fn at 0x7f063050aea0>, 'kernel_mean': 0.0, 'lr_decay_epochs': 170.179969667154, 'max_epochs': 10000, 'kernel_std': 0.5787809693772203, 'max_layers': 4, 'kernel_size': 512, 'hidden_units': 512, 'strip_length': 5}
2018-03-06 01:28:08,370 INFO     Obtained results {'val_loss': 0.73975712, 'train_loss': 0.71018088, 'num_layers': 2, 'train_error': 0.10436457395553589, 'val_error': 0.1037326455116272, 'train_epochs': [245, 305]}
2018-03-06 01:48:32,369 INFO     Finished evaluation on {'lr': 0.000784997794030458, 'l2_ratio': 0.000907979949859386, 'lr_decay': 0.7867532261484337, 'n_threads': 4, 'batch_norm': False, 'memory_factor': 2, 'progress_thresh': 0.1, 'batch_size': 128, 'network_fn': <function kernel_example_layout_fn at 0x7f063050aea0>, 'kernel_mean': 0.0, 'lr_decay_epochs': 373.82454461349124, 'max_epochs': 10000, 'kernel_std': 0.044251567597767376, 'max_layers': 4, 'kernel_size': 2048, 'hidden_units': 2048, 'strip_length': 5}
2018-03-06 01:48:32,370 INFO     Obtained results {'val_loss': 1.585937, 'train_loss': 1.5798147, 'num_layers': 1, 'train_error': 0.19075322151184082, 'val_error': 0.17881941795349121, 'train_epochs': [310]}
2018-03-06 02:01:19,537 INFO     Finished evaluation on {'lr': 3.837425164244334e-05, 'l2_ratio': 0.0003812124182094949, 'lr_decay': 0.2905658501303712, 'n_threads': 4, 'batch_norm': False, 'memory_factor': 2, 'progress_thresh': 0.1, 'batch_size': 128, 'network_fn': <function kernel_example_layout_fn at 0x7f063050aea0>, 'kernel_mean': 0.0, 'lr_decay_epochs': 761.5239594686066, 'max_epochs': 10000, 'kernel_std': 0.450372121122144, 'max_layers': 4, 'kernel_size': 2048, 'hidden_units': 512, 'strip_length': 5}
2018-03-06 02:01:19,537 INFO     Obtained results {'val_loss': 0.26892895, 'train_loss': 0.25454184, 'num_layers': 2, 'train_error': 0.095388472080230713, 'val_error': 0.087456583976745605, 'train_epochs': [130, 150]}
2018-03-06 02:46:02,333 INFO     Finished evaluation on {'lr': 0.0001653477591319825, 'l2_ratio': 0.00029435734666603244, 'lr_decay': 0.6154550219381955, 'n_threads': 4, 'batch_norm': False, 'memory_factor': 2, 'progress_thresh': 0.1, 'batch_size': 128, 'network_fn': <function kernel_example_layout_fn at 0x7f063050aea0>, 'kernel_mean': 0.0, 'lr_decay_epochs': 623.2513349072545, 'max_epochs': 10000, 'kernel_std': 0.16280658217142863, 'max_layers': 4, 'kernel_size': 2048, 'hidden_units': 2048, 'strip_length': 5}
2018-03-06 02:46:02,333 INFO     Obtained results {'val_loss': 2.6893427, 'train_loss': 2.6960113, 'num_layers': 3, 'train_error': 0.093346297740936279, 'val_error': 0.086805582046508789, 'train_epochs': [50, 190, 430]}
2018-03-06 02:52:42,658 INFO     Finished evaluation on {'lr': 0.00017114935206055283, 'l2_ratio': 0.00016481658305781487, 'lr_decay': 0.8269250827981057, 'n_threads': 4, 'batch_norm': False, 'memory_factor': 2, 'progress_thresh': 0.1, 'batch_size': 128, 'network_fn': <function kernel_example_layout_fn at 0x7f063050aea0>, 'kernel_mean': 0.0, 'lr_decay_epochs': 710.6882871420505, 'max_epochs': 10000, 'kernel_std': 0.9044437646810646, 'max_layers': 4, 'kernel_size': 512, 'hidden_units': 2048, 'strip_length': 5}
2018-03-06 02:52:42,659 INFO     Obtained results {'val_loss': 2.1461291, 'train_loss': 2.1416667, 'num_layers': 1, 'train_error': 0.86082351207733154, 'val_error': 0.8956163227558136, 'train_epochs': [250]}
2018-03-06 03:00:01,913 INFO     Finished evaluation on {'lr': 0.00043396981746289905, 'l2_ratio': 0.0022101972189124876, 'lr_decay': 0.9314811495590783, 'n_threads': 4, 'batch_norm': False, 'memory_factor': 2, 'progress_thresh': 0.1, 'batch_size': 128, 'network_fn': <function kernel_example_layout_fn at 0x7f063050aea0>, 'kernel_mean': 0.0, 'lr_decay_epochs': 420.8291983497525, 'max_epochs': 10000, 'kernel_std': 0.40194555516361025, 'max_layers': 4, 'kernel_size': 1024, 'hidden_units': 1024, 'strip_length': 5}
2018-03-06 03:00:01,913 INFO     Obtained results {'val_loss': 0.74121737, 'train_loss': 0.73947608, 'num_layers': 2, 'train_error': 0.09890294075012207, 'val_error': 0.090711832046508789, 'train_epochs': [25, 50]}
2018-03-06 03:07:14,372 INFO     Finished evaluation on {'lr': 0.00010249434899355346, 'l2_ratio': 0.00024174113639783887, 'lr_decay': 0.1512367715760353, 'n_threads': 4, 'batch_norm': False, 'memory_factor': 2, 'progress_thresh': 0.1, 'batch_size': 128, 'network_fn': <function kernel_example_layout_fn at 0x7f063050aea0>, 'kernel_mean': 0.0, 'lr_decay_epochs': 983.9448299694355, 'max_epochs': 10000, 'kernel_std': 0.13717451889710558, 'max_layers': 4, 'kernel_size': 512, 'hidden_units': 1024, 'strip_length': 5}
2018-03-06 03:07:14,372 INFO     Obtained results {'val_loss': 0.84702921, 'train_loss': 0.82898337, 'num_layers': 4, 'train_error': 0.098784208297729492, 'val_error': 0.090711832046508789, 'train_epochs': [60, 115, 185, 230]}
2018-03-06 03:18:25,961 INFO     Finished evaluation on {'lr': 0.00013018845754197254, 'l2_ratio': 0.00012953727986106823, 'lr_decay': 0.2889246407242152, 'n_threads': 4, 'batch_norm': False, 'memory_factor': 2, 'progress_thresh': 0.1, 'batch_size': 128, 'network_fn': <function kernel_example_layout_fn at 0x7f063050aea0>, 'kernel_mean': 0.0, 'lr_decay_epochs': 964.2850536306864, 'max_epochs': 10000, 'kernel_std': 0.18887058390415312, 'max_layers': 4, 'kernel_size': 1024, 'hidden_units': 512, 'strip_length': 5}
2018-03-06 03:18:25,961 INFO     Obtained results {'val_loss': 4.8003616, 'train_loss': 4.7930202, 'num_layers': 3, 'train_error': 0.10310602188110352, 'val_error': 0.09765625, 'train_epochs': [45, 150, 270]}
2018-03-06 03:46:31,541 INFO     Finished evaluation on {'lr': 1.2757831280706293e-05, 'l2_ratio': 0.003117702721020629, 'lr_decay': 0.7364059936976642, 'n_threads': 4, 'batch_norm': False, 'memory_factor': 2, 'progress_thresh': 0.1, 'batch_size': 128, 'network_fn': <function kernel_example_layout_fn at 0x7f063050aea0>, 'kernel_mean': 0.0, 'lr_decay_epochs': 356.17409322633773, 'max_epochs': 10000, 'kernel_std': 0.7215301704367112, 'max_layers': 4, 'kernel_size': 2048, 'hidden_units': 1024, 'strip_length': 5}
2018-03-06 03:46:31,542 INFO     Obtained results {'val_loss': 0.47396263, 'train_loss': 0.4760246, 'num_layers': 3, 'train_error': 0.094818592071533203, 'val_error': 0.086154520511627197, 'train_epochs': [210, 270, 285]}
2018-03-06 04:18:15,986 INFO     Finished evaluation on {'lr': 1.6767295517834115e-05, 'l2_ratio': 0.0014798910069343987, 'lr_decay': 0.40297966264628116, 'n_threads': 4, 'batch_norm': False, 'memory_factor': 2, 'progress_thresh': 0.1, 'batch_size': 128, 'network_fn': <function kernel_example_layout_fn at 0x7f063050aea0>, 'kernel_mean': 0.0, 'lr_decay_epochs': 432.81253483986444, 'max_epochs': 10000, 'kernel_std': 0.3675356334411691, 'max_layers': 4, 'kernel_size': 1024, 'hidden_units': 2048, 'strip_length': 5}
2018-03-06 04:18:15,986 INFO     Obtained results {'val_loss': 0.26767316, 'train_loss': 0.26128221, 'num_layers': 4, 'train_error': 0.096504569053649902, 'val_error': 0.087456583976745605, 'train_epochs': [515, 555, 640, 720]}
2018-03-06 04:32:48,994 INFO     Finished evaluation on {'lr': 0.00034417893700986537, 'l2_ratio': 0.0007847567823519599, 'lr_decay': 0.497141787049057, 'n_threads': 4, 'batch_norm': False, 'memory_factor': 2, 'progress_thresh': 0.1, 'batch_size': 128, 'network_fn': <function kernel_example_layout_fn at 0x7f063050aea0>, 'kernel_mean': 0.0, 'lr_decay_epochs': 353.22929364487743, 'max_epochs': 10000, 'kernel_std': 0.5139617974613696, 'max_layers': 4, 'kernel_size': 1024, 'hidden_units': 2048, 'strip_length': 5}
2018-03-06 04:32:48,994 INFO     Obtained results {'val_loss': 1.1238637, 'train_loss': 1.0970576, 'num_layers': 3, 'train_error': 0.094937324523925781, 'val_error': 0.095269083976745605, 'train_epochs': [125, 150, 315]}
2018-03-06 04:48:28,208 INFO     Finished evaluation on {'lr': 0.0008593224632088739, 'l2_ratio': 0.0015202276553697351, 'lr_decay': 0.9997689566398391, 'n_threads': 4, 'batch_norm': False, 'memory_factor': 2, 'progress_thresh': 0.1, 'batch_size': 128, 'network_fn': <function kernel_example_layout_fn at 0x7f063050aea0>, 'kernel_mean': 0.0, 'lr_decay_epochs': 461.42379085784046, 'max_epochs': 10000, 'kernel_std': 0.7739996883833954, 'max_layers': 4, 'kernel_size': 512, 'hidden_units': 512, 'strip_length': 5}
2018-03-06 04:48:28,208 INFO     Obtained results {'val_loss': 0.72525287, 'train_loss': 0.73774809, 'num_layers': 2, 'train_error': 0.095151007175445557, 'val_error': 0.084201395511627197, 'train_epochs': [25, 130]}
2018-03-06 05:20:00,827 INFO     Finished evaluation on {'lr': 5.8045607207424496e-05, 'l2_ratio': 0.008481029264412231, 'lr_decay': 0.6064749745325728, 'n_threads': 4, 'batch_norm': False, 'memory_factor': 2, 'progress_thresh': 0.1, 'batch_size': 128, 'network_fn': <function kernel_example_layout_fn at 0x7f063050aea0>, 'kernel_mean': 0.0, 'lr_decay_epochs': 920.2959986091184, 'max_epochs': 10000, 'kernel_std': 0.4739940990133894, 'max_layers': 4, 'kernel_size': 1024, 'hidden_units': 1024, 'strip_length': 5}
2018-03-06 05:20:00,828 INFO     Obtained results {'val_loss': 0.79720855, 'train_loss': 0.80325782, 'num_layers': 3, 'train_error': 0.11880224943161011, 'val_error': 0.11957466602325439, 'train_epochs': [115, 185, 345]}
2018-03-06 05:39:14,805 INFO     Finished evaluation on {'lr': 3.471270137020684e-05, 'l2_ratio': 0.00036485250231067904, 'lr_decay': 0.3466358381639004, 'n_threads': 4, 'batch_norm': False, 'memory_factor': 2, 'progress_thresh': 0.1, 'batch_size': 128, 'network_fn': <function kernel_example_layout_fn at 0x7f063050aea0>, 'kernel_mean': 0.0, 'lr_decay_epochs': 263.0551398035542, 'max_epochs': 10000, 'kernel_std': 0.9747211435986739, 'max_layers': 4, 'kernel_size': 1024, 'hidden_units': 2048, 'strip_length': 5}
2018-03-06 05:39:14,805 INFO     Obtained results {'val_loss': 2.7677267, 'train_loss': 1.3712583, 'num_layers': 2, 'train_error': 0.16311264038085938, 'val_error': 0.8904079869389534, 'train_epochs': [25, 135]}
2018-03-06 06:07:57,254 INFO     Finished evaluation on {'lr': 1.5323666609099987e-05, 'l2_ratio': 0.006618134508500714, 'lr_decay': 0.5051471822545074, 'n_threads': 4, 'batch_norm': False, 'memory_factor': 2, 'progress_thresh': 0.1, 'batch_size': 128, 'network_fn': <function kernel_example_layout_fn at 0x7f063050aea0>, 'kernel_mean': 0.0, 'lr_decay_epochs': 216.4997547345501, 'max_epochs': 10000, 'kernel_std': 0.4641212116691044, 'max_layers': 4, 'kernel_size': 1024, 'hidden_units': 512, 'strip_length': 5}
2018-03-06 06:07:57,254 INFO     Obtained results {'val_loss': 0.83697563, 'train_loss': 0.83192885, 'num_layers': 3, 'train_error': 0.12701845169067383, 'val_error': 0.12782120704650879, 'train_epochs': [435, 635, 855]}
2018-03-06 06:36:35,947 INFO     Finished evaluation on {'lr': 0.00013081873239833468, 'l2_ratio': 0.007413684511083137, 'lr_decay': 0.9332812234746154, 'n_threads': 4, 'batch_norm': False, 'memory_factor': 2, 'progress_thresh': 0.1, 'batch_size': 128, 'network_fn': <function kernel_example_layout_fn at 0x7f063050aea0>, 'kernel_mean': 0.0, 'lr_decay_epochs': 521.3381644566778, 'max_epochs': 10000, 'kernel_std': 0.390057368149975, 'max_layers': 4, 'kernel_size': 512, 'hidden_units': 2048, 'strip_length': 5}
2018-03-06 06:36:35,948 INFO     Obtained results {'val_loss': 0.69437605, 'train_loss': 0.69508392, 'num_layers': 3, 'train_error': 0.10740405321121216, 'val_error': 0.10091143846511841, 'train_epochs': [60, 600, 855]}
2018-03-06 06:43:30,769 INFO     Finished evaluation on {'lr': 0.00036457948007898196, 'l2_ratio': 0.000135508316187889, 'lr_decay': 0.19109672465038957, 'n_threads': 4, 'batch_norm': False, 'memory_factor': 2, 'progress_thresh': 0.1, 'batch_size': 128, 'network_fn': <function kernel_example_layout_fn at 0x7f063050aea0>, 'kernel_mean': 0.0, 'lr_decay_epochs': 411.7023387102303, 'max_epochs': 10000, 'kernel_std': 0.25036388682188393, 'max_layers': 4, 'kernel_size': 1024, 'hidden_units': 1024, 'strip_length': 5}
2018-03-06 06:43:30,770 INFO     Obtained results {'val_loss': 3.1151211, 'train_loss': 3.1039248, 'num_layers': 1, 'train_error': 0.098261773586273193, 'val_error': 0.088107645511627197, 'train_epochs': [195]}
2018-03-06 07:04:17,600 INFO     Finished evaluation on {'lr': 2.213811460543785e-05, 'l2_ratio': 0.0012741381055503748, 'lr_decay': 0.45865598583106026, 'n_threads': 4, 'batch_norm': False, 'memory_factor': 2, 'progress_thresh': 0.1, 'batch_size': 128, 'network_fn': <function kernel_example_layout_fn at 0x7f063050aea0>, 'kernel_mean': 0.0, 'lr_decay_epochs': 323.7032711644937, 'max_epochs': 10000, 'kernel_std': 0.3572449070835008, 'max_layers': 4, 'kernel_size': 2048, 'hidden_units': 512, 'strip_length': 5}
2018-03-06 07:04:17,600 INFO     Obtained results {'val_loss': 0.80281681, 'train_loss': 0.80183017, 'num_layers': 2, 'train_error': 0.10303473472595215, 'val_error': 0.10264754295349121, 'train_epochs': [365, 510]}
2018-03-06 07:05:54,835 INFO     Finished evaluation on {'lr': 1.779205638368459e-05, 'l2_ratio': 0.0015088573805272013, 'lr_decay': 0.471645008036905, 'n_threads': 4, 'batch_norm': False, 'memory_factor': 2, 'progress_thresh': 0.1, 'batch_size': 128, 'network_fn': <function kernel_example_layout_fn at 0x7f063050aea0>, 'kernel_mean': 0.0, 'lr_decay_epochs': 667.3553545345387, 'max_epochs': 10000, 'kernel_std': 0.6071120241057449, 'max_layers': 4, 'kernel_size': 1024, 'hidden_units': 2048, 'strip_length': 5}
2018-03-06 07:05:54,836 INFO     Obtained results {'val_loss': 3.0246241, 'train_loss': 3.023555, 'num_layers': 1, 'train_error': 0.80440254509449005, 'val_error': 0.9058159738779068, 'train_epochs': [25]}
2018-03-06 07:05:54,837 INFO     Using model {'lr': 0.0009323670874234151, 'batch_norm': False, 'l2_ratio': 0.00343859688886118, 'num_layers': 3, 'progress_thresh': 0.1, 'strip_length': 5, 'kernel_std': 0.8160964454551851, 'kernel_size': 512, 'hidden_units': 2048, 'lr_decay_epochs': 646.0902359608687, 'memory_factor': 2, 'network_fn': <function kernel_example_layout_fn at 0x7f063050aea0>, 'kernel_mean': 0.0, 'n_threads': 4, 'lr_decay': 0.32219615978027494, 'train_epochs': [525, 790, 2185], 'max_layers': 4, 'batch_size': 128} for training with results {'val_loss': 0.52466273, 'train_loss': 0.51972687, 'num_layers': 3, 'train_error': 0.095103561878204346, 'val_error': 0.082248270511627197, 'train_epochs': [525, 790, 2185]}
2018-03-06 07:05:54,837 INFO     Running training [0] in motor/1520316354838
2018-03-06 07:05:54,837 INFO     [1] Training up to epoch 525 in folder motor/1520316354838/layer_1
2018-03-06 07:17:56,084 INFO     [2] Training up to epoch 790 in folder motor/1520316354838/layer_2
2018-03-06 07:24:07,724 INFO     [3] Training up to epoch 2185 in folder motor/1520316354838
2018-03-06 08:00:42,207 INFO     Running prediction [0] from on motor/1520316354838
2018-03-06 08:05:06,500 INFO     Queue exhausted. Read all instances
2018-03-06 08:05:06,509 INFO     Training [0] got results {'loss': 0.6287266, 'train_loss': 0.52088052, 'l2': 0.53410107, 'train_error': 0.094606161117553711, 'time(s)': 3287.3700666427612, 'error': 0.091608285903930664, 'train_l2': 0.42723879}
2018-03-06 08:05:06,509 INFO     Running training [1] in motor/1520319906510
2018-03-06 08:05:06,509 INFO     [1] Training up to epoch 525 in folder motor/1520319906510/layer_1
2018-03-06 08:17:42,542 INFO     [2] Training up to epoch 790 in folder motor/1520319906510/layer_2
2018-03-06 08:23:51,795 INFO     [3] Training up to epoch 2185 in folder motor/1520319906510
2018-03-06 09:01:17,168 INFO     Running prediction [1] from on motor/1520319906510
2018-03-06 09:05:40,961 INFO     Queue exhausted. Read all instances
2018-03-06 09:05:40,969 INFO     Training [1] got results {'loss': 0.63226473, 'train_loss': 0.52068299, 'l2': 0.53524822, 'train_error': 0.094220876693725586, 'time(s)': 3370.6587924957275, 'error': 0.091950118541717529, 'train_l2': 0.4265205}
2018-03-06 09:05:40,969 INFO     Running training [2] in motor/1520323540970
2018-03-06 09:05:40,969 INFO     [1] Training up to epoch 525 in folder motor/1520323540970/layer_1
2018-03-06 09:17:32,365 INFO     [2] Training up to epoch 790 in folder motor/1520323540970/layer_2
2018-03-06 09:24:26,731 INFO     [3] Training up to epoch 2185 in folder motor/1520323540970
2018-03-06 10:00:20,703 INFO     Running prediction [2] from on motor/1520323540970
2018-03-06 10:04:44,344 INFO     Queue exhausted. Read all instances
2018-03-06 10:04:44,352 INFO     Training [2] got results {'loss': 0.63471437, 'train_loss': 0.52790725, 'l2': 0.534989, 'train_error': 0.095954596996307373, 'time(s)': 3279.733222723007, 'error': 0.095881044864654541, 'train_l2': 0.42881662}
2018-03-06 10:04:44,353 INFO     Running training [3] in motor/1520327084353
2018-03-06 10:04:44,353 INFO     [1] Training up to epoch 525 in folder motor/1520327084353/layer_1
2018-03-06 10:16:54,758 INFO     [2] Training up to epoch 790 in folder motor/1520327084353/layer_2
2018-03-06 10:23:46,024 INFO     [3] Training up to epoch 2185 in folder motor/1520327084353
2018-03-06 11:00:48,107 INFO     Running prediction [3] from on motor/1520327084353
2018-03-06 11:05:12,263 INFO     Queue exhausted. Read all instances
2018-03-06 11:05:12,272 INFO     Training [3] got results {'loss': 0.66220492, 'train_loss': 0.53610438, 'l2': 0.55289924, 'train_error': 0.09531247615814209, 'time(s)': 3363.7543408870697, 'error': 0.099811971187591553, 'train_l2': 0.43110853}
2018-03-06 11:05:12,272 INFO     Running training [4] in motor/1520330712272
2018-03-06 11:05:12,272 INFO     [1] Training up to epoch 525 in folder motor/1520330712272/layer_1
2018-03-06 11:16:58,873 INFO     [2] Training up to epoch 790 in folder motor/1520330712272/layer_2
2018-03-06 11:23:35,517 INFO     [3] Training up to epoch 2185 in folder motor/1520330712272
2018-03-06 12:01:33,259 INFO     Running prediction [4] from on motor/1520330712272
2018-03-06 12:05:57,376 INFO     Queue exhausted. Read all instances
2018-03-06 12:05:57,385 INFO     Training [4] got results {'loss': 0.62416083, 'train_loss': 0.51896131, 'l2': 0.52821732, 'train_error': 0.095034241676330566, 'time(s)': 3380.9872331619263, 'error': 0.089044630527496338, 'train_l2': 0.42568794}
2018-03-06 12:05:57,385 INFO     Running training [5] in motor/1520334357385
2018-03-06 12:05:57,385 INFO     [1] Training up to epoch 525 in folder motor/1520334357385/layer_1
2018-03-06 12:18:48,736 INFO     [2] Training up to epoch 790 in folder motor/1520334357385/layer_2
2018-03-06 12:24:56,315 INFO     [3] Training up to epoch 2185 in folder motor/1520334357385
2018-03-06 13:03:08,189 INFO     Running prediction [5] from on motor/1520334357385
2018-03-06 13:07:32,387 INFO     Queue exhausted. Read all instances
2018-03-06 13:07:32,396 INFO     Training [5] got results {'loss': 0.64353597, 'train_loss': 0.52886647, 'l2': 0.54153121, 'train_error': 0.095505118370056152, 'time(s)': 3430.803972005844, 'error': 0.089899182319641113, 'train_l2': 0.42818403}
2018-03-06 13:07:32,396 INFO     Running training [6] in motor/1520338052396
2018-03-06 13:07:32,396 INFO     [1] Training up to epoch 525 in folder motor/1520338052396/layer_1
2018-03-06 13:19:55,896 INFO     [2] Training up to epoch 790 in folder motor/1520338052396/layer_2
2018-03-06 13:26:11,711 INFO     [3] Training up to epoch 2185 in folder motor/1520338052396
2018-03-06 14:05:01,614 INFO     Running prediction [6] from on motor/1520338052396
2018-03-06 14:09:25,728 INFO     Queue exhausted. Read all instances
2018-03-06 14:09:25,740 INFO     Training [6] got results {'loss': 0.63273019, 'train_loss': 0.51999074, 'l2': 0.53536028, 'train_error': 0.094777405261993408, 'time(s)': 3449.2182400226593, 'error': 0.090582787990570068, 'train_l2': 0.42667162}
2018-03-06 14:09:25,741 INFO     Running training [7] in motor/1520341765741
2018-03-06 14:09:25,741 INFO     [1] Training up to epoch 525 in folder motor/1520341765741/layer_1
2018-03-06 14:21:31,382 INFO     [2] Training up to epoch 790 in folder motor/1520341765741/layer_2
2018-03-06 14:28:09,472 INFO     [3] Training up to epoch 2185 in folder motor/1520341765741
2018-03-06 15:04:17,163 INFO     Running prediction [7] from on motor/1520341765741
2018-03-06 15:08:41,525 INFO     Queue exhausted. Read all instances
2018-03-06 15:08:41,533 INFO     Training [7] got results {'loss': 0.65799642, 'train_loss': 0.53582603, 'l2': 0.54709673, 'train_error': 0.095911800861358643, 'time(s)': 3291.4221453666687, 'error': 0.09297555685043335, 'train_l2': 0.43040168}
2018-03-06 15:08:41,533 INFO     Running training [8] in motor/1520345321534
2018-03-06 15:08:41,533 INFO     [1] Training up to epoch 525 in folder motor/1520345321534/layer_1
2018-03-06 15:21:29,409 INFO     [2] Training up to epoch 790 in folder motor/1520345321534/layer_2
2018-03-06 15:27:42,036 INFO     [3] Training up to epoch 2185 in folder motor/1520345321534
2018-03-06 16:05:08,642 INFO     Running prediction [8] from on motor/1520345321534
2018-03-06 16:09:32,512 INFO     Queue exhausted. Read all instances
2018-03-06 16:09:32,521 INFO     Training [8] got results {'loss': 0.64549023, 'train_loss': 0.52743018, 'l2': 0.54095209, 'train_error': 0.095933198928833008, 'time(s)': 3387.108811855316, 'error': 0.092804670333862305, 'train_l2': 0.42790094}
2018-03-06 16:09:32,521 INFO     Running training [9] in motor/1520348972521
2018-03-06 16:09:32,521 INFO     [1] Training up to epoch 525 in folder motor/1520348972521/layer_1
2018-03-06 16:22:22,610 INFO     [2] Training up to epoch 790 in folder motor/1520348972521/layer_2
2018-03-06 16:28:36,349 INFO     [3] Training up to epoch 2185 in folder motor/1520348972521
2018-03-06 17:06:13,586 INFO     Running prediction [9] from on motor/1520348972521
2018-03-06 17:10:37,604 INFO     Queue exhausted. Read all instances
2018-03-06 17:10:37,612 INFO     Training [9] got results {'loss': 0.62528282, 'train_loss': 0.51686871, 'l2': 0.53001547, 'train_error': 0.094584763050079346, 'time(s)': 3401.065207004547, 'error': 0.09417194128036499, 'train_l2': 0.42531282}
2018-03-06 17:10:37,612 INFO     loss: 0.638711 +- 0.012562
2018-03-06 17:10:37,613 INFO     train_loss: 0.525352 +- 0.006572
2018-03-06 17:10:37,613 INFO     l2: 0.538041 +- 0.007240
2018-03-06 17:10:37,613 INFO     train_error: 0.095184 +- 0.000601
2018-03-06 17:10:37,613 INFO     time(s): 3364.212203 +- 56.750210
2018-03-06 17:10:37,613 INFO     error: 0.092873 +- 0.003002
2018-03-06 17:10:37,613 INFO     train_l2: 0.427784 +- 0.001810
