2018-03-07 08:27:24,706 INFO     Finished evaluation on {'batch_size': 128, 'memory_factor': 2, 'kernel_mean': 0.0, 'kernel_size': 512, 'max_layers': 3, 'network_fn': <function kernel_example_layout_fn at 0x7fd1be289ea0>, 'n_threads': 4, 'batch_norm': False, 'progress_thresh': 0.1, 'lr': 2.709693079922726e-05, 'lr_decay': 0.3551367681020918, 'strip_length': 5, 'kernel_std': 0.9029343330708292, 'l2_ratio': 0.0006582385040862979, 'lr_decay_epochs': 755.0196111210097, 'hidden_units': 1024, 'max_epochs': 10000}
2018-03-07 08:27:24,707 INFO     Obtained results {'num_layers': 3, 'train_epochs': [105, 160, 205], 'val_error': 0.8993055522441864, 'train_error': 0.69134688377380371, 'train_loss': 1.8632312, 'val_loss': 2.3239443}
2018-03-07 08:37:27,084 INFO     Finished evaluation on {'batch_size': 128, 'memory_factor': 2, 'kernel_mean': 0.0, 'kernel_size': 1024, 'max_layers': 3, 'network_fn': <function kernel_example_layout_fn at 0x7fd1be289ea0>, 'n_threads': 4, 'batch_norm': False, 'progress_thresh': 0.1, 'lr': 9.239864428504927e-05, 'lr_decay': 0.8736291853748123, 'strip_length': 5, 'kernel_std': 0.9665516262331567, 'l2_ratio': 0.0005514291617915604, 'lr_decay_epochs': 262.9617903882112, 'hidden_units': 2048, 'max_epochs': 10000}
2018-03-07 08:37:27,084 INFO     Obtained results {'num_layers': 2, 'train_epochs': [85, 105], 'val_error': 0.8927951380610466, 'train_error': 0.50854861736297607, 'train_loss': 1.5461894, 'val_loss': 2.5690665}
2018-03-07 08:57:30,648 INFO     Finished evaluation on {'batch_size': 128, 'memory_factor': 2, 'kernel_mean': 0.0, 'kernel_size': 1024, 'max_layers': 3, 'network_fn': <function kernel_example_layout_fn at 0x7fd1be289ea0>, 'n_threads': 4, 'batch_norm': False, 'progress_thresh': 0.1, 'lr': 3.126655001811997e-05, 'lr_decay': 0.17260514521026926, 'strip_length': 5, 'kernel_std': 0.5901050894263092, 'l2_ratio': 0.002998732645303557, 'lr_decay_epochs': 737.2270294783438, 'hidden_units': 512, 'max_epochs': 10000}
2018-03-07 08:57:30,648 INFO     Obtained results {'num_layers': 3, 'train_epochs': [255, 395, 725], 'val_error': 0.08203125, 'train_error': 0.09909290075302124, 'train_loss': 0.58070636, 'val_loss': 0.57694888}
2018-03-07 09:18:58,397 INFO     Finished evaluation on {'batch_size': 128, 'memory_factor': 2, 'kernel_mean': 0.0, 'kernel_size': 512, 'max_layers': 3, 'network_fn': <function kernel_example_layout_fn at 0x7fd1be289ea0>, 'n_threads': 4, 'batch_norm': False, 'progress_thresh': 0.1, 'lr': 0.00015053188905787598, 'lr_decay': 0.5976054203794968, 'strip_length': 5, 'kernel_std': 0.9699435973064855, 'l2_ratio': 0.000884460899270028, 'lr_decay_epochs': 804.0997763659406, 'hidden_units': 1024, 'max_epochs': 10000}
2018-03-07 09:18:58,397 INFO     Obtained results {'num_layers': 2, 'train_epochs': [60, 450], 'val_error': 0.8973524272441864, 'train_error': 0.51306042075157166, 'train_loss': 2.5215638, 'val_loss': 3.1540084}
2018-03-07 09:29:26,089 INFO     Finished evaluation on {'batch_size': 128, 'memory_factor': 2, 'kernel_mean': 0.0, 'kernel_size': 1024, 'max_layers': 3, 'network_fn': <function kernel_example_layout_fn at 0x7fd1be289ea0>, 'n_threads': 4, 'batch_norm': False, 'progress_thresh': 0.1, 'lr': 2.4137105727125903e-05, 'lr_decay': 0.8964974919825411, 'strip_length': 5, 'kernel_std': 0.7675982272452223, 'l2_ratio': 0.000514844512104302, 'lr_decay_epochs': 523.3176200716597, 'hidden_units': 1024, 'max_epochs': 10000}
2018-03-07 09:29:26,089 INFO     Obtained results {'num_layers': 3, 'train_epochs': [25, 190, 250], 'val_error': 0.8962673619389534, 'train_error': 0.68947094678878784, 'train_loss': 1.8684071, 'val_loss': 2.3509665}
2018-03-07 09:40:04,829 INFO     Finished evaluation on {'batch_size': 128, 'memory_factor': 2, 'kernel_mean': 0.0, 'kernel_size': 512, 'max_layers': 3, 'network_fn': <function kernel_example_layout_fn at 0x7fd1be289ea0>, 'n_threads': 4, 'batch_norm': False, 'progress_thresh': 0.1, 'lr': 0.0002415193579799148, 'lr_decay': 0.6278297048474116, 'strip_length': 5, 'kernel_std': 0.8616740862857479, 'l2_ratio': 0.002520635957939025, 'lr_decay_epochs': 877.0306124195608, 'hidden_units': 2048, 'max_epochs': 10000}
2018-03-07 09:40:04,829 INFO     Obtained results {'num_layers': 2, 'train_epochs': [75, 115], 'val_error': 0.086805582046508789, 'train_error': 0.095340967178344727, 'train_loss': 0.59198439, 'val_loss': 0.5901109}
2018-03-07 09:52:44,200 INFO     Finished evaluation on {'batch_size': 128, 'memory_factor': 2, 'kernel_mean': 0.0, 'kernel_size': 2048, 'max_layers': 3, 'network_fn': <function kernel_example_layout_fn at 0x7fd1be289ea0>, 'n_threads': 4, 'batch_norm': False, 'progress_thresh': 0.1, 'lr': 1.1084733403293743e-05, 'lr_decay': 0.17868154237281014, 'strip_length': 5, 'kernel_std': 0.3576593833972098, 'l2_ratio': 0.00010661496992816878, 'lr_decay_epochs': 949.8080143079509, 'hidden_units': 512, 'max_epochs': 10000}
2018-03-07 09:52:44,200 INFO     Obtained results {'num_layers': 3, 'train_epochs': [150, 345, 430], 'val_error': 0.099175333976745605, 'train_error': 0.098238050937652588, 'train_loss': 0.12307137, 'val_loss': 0.15016106}
2018-03-07 10:00:47,099 INFO     Finished evaluation on {'batch_size': 128, 'memory_factor': 2, 'kernel_mean': 0.0, 'kernel_size': 512, 'max_layers': 3, 'network_fn': <function kernel_example_layout_fn at 0x7fd1be289ea0>, 'n_threads': 4, 'batch_norm': False, 'progress_thresh': 0.1, 'lr': 4.602573860869265e-05, 'lr_decay': 0.9951248798534786, 'strip_length': 5, 'kernel_std': 0.10938980742856778, 'l2_ratio': 0.002513296994223561, 'lr_decay_epochs': 294.4284864561569, 'hidden_units': 1024, 'max_epochs': 10000}
2018-03-07 10:00:47,099 INFO     Obtained results {'num_layers': 3, 'train_epochs': [45, 140, 280], 'val_error': 0.15668404102325439, 'train_error': 0.16774314641952515, 'train_loss': 1.0350996, 'val_loss': 1.028618}
2018-03-07 10:24:14,895 INFO     Finished evaluation on {'batch_size': 128, 'memory_factor': 2, 'kernel_mean': 0.0, 'kernel_size': 1024, 'max_layers': 3, 'network_fn': <function kernel_example_layout_fn at 0x7fd1be289ea0>, 'n_threads': 4, 'batch_norm': False, 'progress_thresh': 0.1, 'lr': 6.10119710158912e-05, 'lr_decay': 0.3650235864422706, 'strip_length': 5, 'kernel_std': 0.023025443696783002, 'l2_ratio': 0.001063988938992032, 'lr_decay_epochs': 218.83499230048162, 'hidden_units': 2048, 'max_epochs': 10000}
2018-03-07 10:24:14,895 INFO     Obtained results {'num_layers': 1, 'train_epochs': [260], 'val_error': 0.1931423544883728, 'train_error': 0.20858663320541382, 'train_loss': 1.5865304, 'val_loss': 1.5921874}
2018-03-07 10:30:58,648 INFO     Finished evaluation on {'batch_size': 128, 'memory_factor': 2, 'kernel_mean': 0.0, 'kernel_size': 512, 'max_layers': 3, 'network_fn': <function kernel_example_layout_fn at 0x7fd1be289ea0>, 'n_threads': 4, 'batch_norm': False, 'progress_thresh': 0.1, 'lr': 4.2785035673858274e-05, 'lr_decay': 0.8261116403669924, 'strip_length': 5, 'kernel_std': 0.7643997833838145, 'l2_ratio': 0.004558726249986203, 'lr_decay_epochs': 601.5192210134753, 'hidden_units': 512, 'max_epochs': 10000}
2018-03-07 10:30:58,648 INFO     Obtained results {'num_layers': 2, 'train_epochs': [110, 180], 'val_error': 0.095052063465118408, 'train_error': 0.096765756607055664, 'train_loss': 0.69114691, 'val_loss': 0.68954903}
2018-03-07 11:11:45,874 INFO     Finished evaluation on {'batch_size': 128, 'memory_factor': 2, 'kernel_mean': 0.0, 'kernel_size': 1024, 'max_layers': 3, 'network_fn': <function kernel_example_layout_fn at 0x7fd1be289ea0>, 'n_threads': 4, 'batch_norm': False, 'progress_thresh': 0.1, 'lr': 0.00014651207776000187, 'lr_decay': 0.16476962985909874, 'strip_length': 5, 'kernel_std': 0.34690303187136584, 'l2_ratio': 0.000337017109157862, 'lr_decay_epochs': 568.4912993297733, 'hidden_units': 1024, 'max_epochs': 10000}
2018-03-07 11:11:45,875 INFO     Obtained results {'num_layers': 3, 'train_epochs': [205, 300, 595], 'val_error': 0.08203125, 'train_error': 0.093773722648620605, 'train_loss': 2.3596685, 'val_loss': 2.3646874}
2018-03-07 11:27:06,076 INFO     Finished evaluation on {'batch_size': 128, 'memory_factor': 2, 'kernel_mean': 0.0, 'kernel_size': 512, 'max_layers': 3, 'network_fn': <function kernel_example_layout_fn at 0x7fd1be289ea0>, 'n_threads': 4, 'batch_norm': False, 'progress_thresh': 0.1, 'lr': 9.032205146215857e-05, 'lr_decay': 0.9569990686789241, 'strip_length': 5, 'kernel_std': 0.9150717745916624, 'l2_ratio': 0.00013219150534118045, 'lr_decay_epochs': 748.7392397094736, 'hidden_units': 512, 'max_epochs': 10000}
2018-03-07 11:27:06,076 INFO     Obtained results {'num_layers': 3, 'train_epochs': [520, 605, 610], 'val_error': 0.587890625, 'train_error': 0.37136685848236084, 'train_loss': 1.055361, 'val_loss': 1.3268002}
2018-03-07 11:50:08,956 INFO     Finished evaluation on {'batch_size': 128, 'memory_factor': 2, 'kernel_mean': 0.0, 'kernel_size': 1024, 'max_layers': 3, 'network_fn': <function kernel_example_layout_fn at 0x7fd1be289ea0>, 'n_threads': 4, 'batch_norm': False, 'progress_thresh': 0.1, 'lr': 0.0002728944611537247, 'lr_decay': 0.9866097155757849, 'strip_length': 5, 'kernel_std': 0.5797097870817712, 'l2_ratio': 0.00037979155244478483, 'lr_decay_epochs': 956.3828917374913, 'hidden_units': 512, 'max_epochs': 10000}
2018-03-07 11:50:08,956 INFO     Obtained results {'num_layers': 2, 'train_epochs': [425, 605], 'val_error': 0.0859375, 'train_error': 0.091992795467376709, 'train_loss': 1.9445373, 'val_loss': 1.9348589}
2018-03-07 11:59:03,151 INFO     Finished evaluation on {'batch_size': 128, 'memory_factor': 2, 'kernel_mean': 0.0, 'kernel_size': 2048, 'max_layers': 3, 'network_fn': <function kernel_example_layout_fn at 0x7fd1be289ea0>, 'n_threads': 4, 'batch_norm': False, 'progress_thresh': 0.1, 'lr': 0.000550026015803671, 'lr_decay': 0.4557565604682122, 'strip_length': 5, 'kernel_std': 0.686692863609034, 'l2_ratio': 0.0025932506388114227, 'lr_decay_epochs': 176.60534845605676, 'hidden_units': 512, 'max_epochs': 10000}
2018-03-07 11:59:03,151 INFO     Obtained results {'num_layers': 3, 'train_epochs': [135, 185, 270], 'val_error': 0.097005188465118408, 'train_error': 0.099686563014984131, 'train_loss': 0.57143915, 'val_loss': 0.57018602}
2018-03-07 12:13:38,885 INFO     Finished evaluation on {'batch_size': 128, 'memory_factor': 2, 'kernel_mean': 0.0, 'kernel_size': 512, 'max_layers': 3, 'network_fn': <function kernel_example_layout_fn at 0x7fd1be289ea0>, 'n_threads': 4, 'batch_norm': False, 'progress_thresh': 0.1, 'lr': 5.2753201381509255e-05, 'lr_decay': 0.7731104096553949, 'strip_length': 5, 'kernel_std': 0.8314723264790275, 'l2_ratio': 0.0017430054998631955, 'lr_decay_epochs': 313.4956419654334, 'hidden_units': 512, 'max_epochs': 10000}
2018-03-07 12:13:38,885 INFO     Obtained results {'num_layers': 3, 'train_epochs': [320, 370, 600], 'val_error': 0.098090291023254395, 'train_error': 0.099259138107299805, 'train_loss': 0.68497336, 'val_loss': 0.6995362}
2018-03-07 12:34:11,044 INFO     Finished evaluation on {'batch_size': 128, 'memory_factor': 2, 'kernel_mean': 0.0, 'kernel_size': 1024, 'max_layers': 3, 'network_fn': <function kernel_example_layout_fn at 0x7fd1be289ea0>, 'n_threads': 4, 'batch_norm': False, 'progress_thresh': 0.1, 'lr': 0.0006893007294868393, 'lr_decay': 0.13570420627305455, 'strip_length': 5, 'kernel_std': 0.2062838503884702, 'l2_ratio': 0.002464911165152944, 'lr_decay_epochs': 586.4393510508146, 'hidden_units': 1024, 'max_epochs': 10000}
2018-03-07 12:34:11,045 INFO     Obtained results {'num_layers': 3, 'train_epochs': [150, 170, 680], 'val_error': 0.11263018846511841, 'train_error': 0.12291032075881958, 'train_loss': 0.83714336, 'val_loss': 0.83943892}
2018-03-07 12:42:14,449 INFO     Finished evaluation on {'batch_size': 128, 'memory_factor': 2, 'kernel_mean': 0.0, 'kernel_size': 512, 'max_layers': 3, 'network_fn': <function kernel_example_layout_fn at 0x7fd1be289ea0>, 'n_threads': 4, 'batch_norm': False, 'progress_thresh': 0.1, 'lr': 0.00040808898700828904, 'lr_decay': 0.23934151625720287, 'strip_length': 5, 'kernel_std': 0.7079224561228353, 'l2_ratio': 0.0001243073550949239, 'lr_decay_epochs': 171.77113097559933, 'hidden_units': 1024, 'max_epochs': 10000}
2018-03-07 12:42:14,449 INFO     Obtained results {'num_layers': 2, 'train_epochs': [15, 20], 'val_error': 0.8233506977558136, 'train_error': 0.77217894792556763, 'train_loss': 1.8778292, 'val_loss': 1.9374678}
2018-03-07 13:03:55,407 INFO     Finished evaluation on {'batch_size': 128, 'memory_factor': 2, 'kernel_mean': 0.0, 'kernel_size': 2048, 'max_layers': 3, 'network_fn': <function kernel_example_layout_fn at 0x7fd1be289ea0>, 'n_threads': 4, 'batch_norm': False, 'progress_thresh': 0.1, 'lr': 0.0004643713917611837, 'lr_decay': 0.28044356379666824, 'strip_length': 5, 'kernel_std': 0.13552917235114648, 'l2_ratio': 0.00040377894690691224, 'lr_decay_epochs': 115.47406404579772, 'hidden_units': 512, 'max_epochs': 10000}
2018-03-07 13:03:55,407 INFO     Obtained results {'num_layers': 2, 'train_epochs': [65, 330], 'val_error': 0.15907120704650879, 'train_error': 0.17007029056549072, 'train_loss': 1.975855, 'val_loss': 1.9724985}
2018-03-07 13:18:44,310 INFO     Finished evaluation on {'batch_size': 128, 'memory_factor': 2, 'kernel_mean': 0.0, 'kernel_size': 512, 'max_layers': 3, 'network_fn': <function kernel_example_layout_fn at 0x7fd1be289ea0>, 'n_threads': 4, 'batch_norm': False, 'progress_thresh': 0.1, 'lr': 0.00034738990987421176, 'lr_decay': 0.7264317160180656, 'strip_length': 5, 'kernel_std': 0.4295831201544394, 'l2_ratio': 0.003027362716666918, 'lr_decay_epochs': 331.4224053250727, 'hidden_units': 1024, 'max_epochs': 10000}
2018-03-07 13:18:44,311 INFO     Obtained results {'num_layers': 3, 'train_epochs': [75, 150, 425], 'val_error': 0.088107645511627197, 'train_error': 0.09966278076171875, 'train_loss': 0.57797027, 'val_loss': 0.58430934}
2018-03-07 13:33:56,922 INFO     Finished evaluation on {'batch_size': 128, 'memory_factor': 2, 'kernel_mean': 0.0, 'kernel_size': 2048, 'max_layers': 3, 'network_fn': <function kernel_example_layout_fn at 0x7fd1be289ea0>, 'n_threads': 4, 'batch_norm': False, 'progress_thresh': 0.1, 'lr': 2.4626595299676918e-05, 'lr_decay': 0.2163082468622641, 'strip_length': 5, 'kernel_std': 0.30101775714816587, 'l2_ratio': 0.0032023723999060447, 'lr_decay_epochs': 367.5484846690645, 'hidden_units': 512, 'max_epochs': 10000}
2018-03-07 13:33:56,922 INFO     Obtained results {'num_layers': 3, 'train_epochs': [100, 220, 355], 'val_error': 0.16362845897674561, 'train_error': 0.18313068151473999, 'train_loss': 0.90442765, 'val_loss': 0.89763683}
2018-03-07 13:59:13,632 INFO     Finished evaluation on {'batch_size': 128, 'memory_factor': 2, 'kernel_mean': 0.0, 'kernel_size': 1024, 'max_layers': 3, 'network_fn': <function kernel_example_layout_fn at 0x7fd1be289ea0>, 'n_threads': 4, 'batch_norm': False, 'progress_thresh': 0.1, 'lr': 0.00022714526459708398, 'lr_decay': 0.955319182056632, 'strip_length': 5, 'kernel_std': 0.3967179819163973, 'l2_ratio': 0.005081523286880804, 'lr_decay_epochs': 375.8628277006408, 'hidden_units': 1024, 'max_epochs': 10000}
2018-03-07 13:59:13,632 INFO     Obtained results {'num_layers': 2, 'train_epochs': [55, 735], 'val_error': 0.1076388955116272, 'train_error': 0.11702126264572144, 'train_loss': 0.8333987, 'val_loss': 0.83751613}
2018-03-07 14:14:52,484 INFO     Finished evaluation on {'batch_size': 128, 'memory_factor': 2, 'kernel_mean': 0.0, 'kernel_size': 1024, 'max_layers': 3, 'network_fn': <function kernel_example_layout_fn at 0x7fd1be289ea0>, 'n_threads': 4, 'batch_norm': False, 'progress_thresh': 0.1, 'lr': 6.065174078041754e-05, 'lr_decay': 0.7515226629032679, 'strip_length': 5, 'kernel_std': 0.5331666147585147, 'l2_ratio': 0.00011612872852921658, 'lr_decay_epochs': 497.49406820762937, 'hidden_units': 512, 'max_epochs': 10000}
2018-03-07 14:14:52,484 INFO     Obtained results {'num_layers': 1, 'train_epochs': [580], 'val_error': 0.092230916023254395, 'train_error': 0.098048090934753418, 'train_loss': 0.85836411, 'val_loss': 0.86696529}
2018-03-07 14:25:07,088 INFO     Finished evaluation on {'batch_size': 128, 'memory_factor': 2, 'kernel_mean': 0.0, 'kernel_size': 512, 'max_layers': 3, 'network_fn': <function kernel_example_layout_fn at 0x7fd1be289ea0>, 'n_threads': 4, 'batch_norm': False, 'progress_thresh': 0.1, 'lr': 0.0006647386676902994, 'lr_decay': 0.641189488972626, 'strip_length': 5, 'kernel_std': 0.5307247928952616, 'l2_ratio': 0.0011300855623323414, 'lr_decay_epochs': 915.1948511511533, 'hidden_units': 2048, 'max_epochs': 10000}
2018-03-07 14:25:07,088 INFO     Obtained results {'num_layers': 2, 'train_epochs': [105, 215], 'val_error': 0.087022542953491211, 'train_error': 0.094676077365875244, 'train_loss': 0.85127729, 'val_loss': 0.84940517}
2018-03-07 14:36:13,754 INFO     Finished evaluation on {'batch_size': 128, 'memory_factor': 2, 'kernel_mean': 0.0, 'kernel_size': 1024, 'max_layers': 3, 'network_fn': <function kernel_example_layout_fn at 0x7fd1be289ea0>, 'n_threads': 4, 'batch_norm': False, 'progress_thresh': 0.1, 'lr': 0.0008421498526546786, 'lr_decay': 0.3634052560459191, 'strip_length': 5, 'kernel_std': 0.31298767578905196, 'l2_ratio': 0.00014327196099699416, 'lr_decay_epochs': 912.9376609104637, 'hidden_units': 1024, 'max_epochs': 10000}
2018-03-07 14:36:13,754 INFO     Obtained results {'num_layers': 2, 'train_epochs': [190, 235], 'val_error': 0.090711832046508789, 'train_error': 0.092942655086517334, 'train_loss': 5.3565865, 'val_loss': 5.3717036}
2018-03-07 14:58:22,827 INFO     Finished evaluation on {'batch_size': 128, 'memory_factor': 2, 'kernel_mean': 0.0, 'kernel_size': 2048, 'max_layers': 3, 'network_fn': <function kernel_example_layout_fn at 0x7fd1be289ea0>, 'n_threads': 4, 'batch_norm': False, 'progress_thresh': 0.1, 'lr': 0.00012486516657228588, 'lr_decay': 0.8659110964803166, 'strip_length': 5, 'kernel_std': 0.445396972848513, 'l2_ratio': 0.00012484658390812665, 'lr_decay_epochs': 796.9413699875255, 'hidden_units': 512, 'max_epochs': 10000}
2018-03-07 14:58:22,827 INFO     Obtained results {'num_layers': 2, 'train_epochs': [150, 635], 'val_error': 0.084635436534881592, 'train_error': 0.093085110187530518, 'train_loss': 5.068377, 'val_loss': 5.0792904}
2018-03-07 14:58:22,828 INFO     Using model {'kernel_mean': 0.0, 'max_layers': 3, 'network_fn': <function kernel_example_layout_fn at 0x7fd1be289ea0>, 'n_threads': 4, 'batch_norm': False, 'l2_ratio': 0.002998732645303557, 'lr': 3.126655001811997e-05, 'lr_decay': 0.17260514521026926, 'train_epochs': [255, 395, 725], 'hidden_units': 512, 'num_layers': 3, 'batch_size': 128, 'memory_factor': 2, 'strip_length': 5, 'kernel_std': 0.5901050894263092, 'progress_thresh': 0.1, 'lr_decay_epochs': 737.2270294783438, 'kernel_size': 1024} for training with results {'num_layers': 3, 'train_epochs': [255, 395, 725], 'val_error': 0.08203125, 'train_error': 0.09909290075302124, 'train_loss': 0.58070636, 'val_loss': 0.57694888}
2018-03-07 14:58:22,828 INFO     Running training [0] in motor/1520431102829
2018-03-07 14:58:22,828 INFO     [1] Training up to epoch 255 in folder motor/1520431102829/layer_1
2018-03-07 15:04:13,661 INFO     [2] Training up to epoch 395 in folder motor/1520431102829/layer_2
2018-03-07 15:07:31,622 INFO     [3] Training up to epoch 725 in folder motor/1520431102829
2018-03-07 15:15:42,874 INFO     Running prediction [0] from on motor/1520431102829
2018-03-07 15:18:06,578 INFO     Queue exhausted. Read all instances
2018-03-07 15:18:06,587 INFO     Training [0] got results {'train_l2': 0.47455102, 'error': 0.094513773918151855, 'l2': 0.62065637, 'loss': 0.72461456, 'time(s)': 1040.045827627182, 'train_error': 0.097303092479705811, 'train_loss': 0.57933152}
2018-03-07 15:18:06,587 INFO     Running training [1] in motor/1520432286588
2018-03-07 15:18:06,587 INFO     [1] Training up to epoch 255 in folder motor/1520432286588/layer_1
2018-03-07 15:25:18,450 INFO     [2] Training up to epoch 395 in folder motor/1520432286588/layer_2
2018-03-07 15:28:27,838 INFO     [3] Training up to epoch 725 in folder motor/1520432286588
2018-03-07 15:36:29,622 INFO     Running prediction [1] from on motor/1520432286588
2018-03-07 15:38:52,824 INFO     Queue exhausted. Read all instances
2018-03-07 15:38:52,833 INFO     Training [1] got results {'train_l2': 0.47212893, 'error': 0.096564710140228271, 'l2': 0.62141901, 'loss': 0.7282626, 'time(s)': 1103.0350160598755, 'train_error': 0.097688376903533936, 'train_loss': 0.5778684}
2018-03-07 15:38:52,833 INFO     Running training [2] in motor/1520433532833
2018-03-07 15:38:52,833 INFO     [1] Training up to epoch 255 in folder motor/1520433532833/layer_1
2018-03-07 15:44:59,433 INFO     [2] Training up to epoch 395 in folder motor/1520433532833/layer_2
2018-03-07 15:48:02,878 INFO     [3] Training up to epoch 725 in folder motor/1520433532833
2018-03-07 15:56:12,111 INFO     Running prediction [2] from on motor/1520433532833
2018-03-07 15:58:35,218 INFO     Queue exhausted. Read all instances
2018-03-07 15:58:35,226 INFO     Training [2] got results {'train_l2': 0.47069713, 'error': 0.09417194128036499, 'l2': 0.62367237, 'loss': 0.72203684, 'time(s)': 1039.278230190277, 'train_error': 0.097431480884552002, 'train_loss': 0.57257414}
2018-03-07 15:58:35,226 INFO     Running training [3] in motor/1520434715227
2018-03-07 15:58:35,226 INFO     [1] Training up to epoch 255 in folder motor/1520434715227/layer_1
2018-03-07 16:04:41,693 INFO     [2] Training up to epoch 395 in folder motor/1520434715227/layer_2
2018-03-07 16:07:45,943 INFO     [3] Training up to epoch 725 in folder motor/1520434715227
2018-03-07 16:15:41,046 INFO     Running prediction [3] from on motor/1520434715227
2018-03-07 16:18:04,224 INFO     Queue exhausted. Read all instances
2018-03-07 16:18:04,240 INFO     Training [3] got results {'train_l2': 0.47278133, 'error': 0.095539212226867676, 'l2': 0.62228727, 'loss': 0.73062164, 'time(s)': 1025.8196167945862, 'train_error': 0.099443495273590088, 'train_loss': 0.58094978}
2018-03-07 16:18:04,241 INFO     Running training [4] in motor/1520435884241
2018-03-07 16:18:04,241 INFO     [1] Training up to epoch 255 in folder motor/1520435884241/layer_1
2018-03-07 16:24:10,226 INFO     [2] Training up to epoch 395 in folder motor/1520435884241/layer_2
2018-03-07 16:27:14,213 INFO     [3] Training up to epoch 725 in folder motor/1520435884241
2018-03-07 16:34:34,431 INFO     Running prediction [4] from on motor/1520435884241
2018-03-07 16:36:57,573 INFO     Queue exhausted. Read all instances
2018-03-07 16:36:57,582 INFO     Training [4] got results {'train_l2': 0.47235671, 'error': 0.098957419395446777, 'l2': 0.62111998, 'loss': 0.72665149, 'time(s)': 990.1907122135162, 'train_error': 0.099272251129150391, 'train_loss': 0.57854146}
2018-03-07 16:36:57,582 INFO     Running training [5] in motor/1520437017583
2018-03-07 16:36:57,582 INFO     [1] Training up to epoch 255 in folder motor/1520437017583/layer_1
2018-03-07 16:42:43,697 INFO     [2] Training up to epoch 395 in folder motor/1520437017583/layer_2
2018-03-07 16:45:48,683 INFO     [3] Training up to epoch 725 in folder motor/1520437017583
2018-03-07 16:53:13,143 INFO     Running prediction [5] from on motor/1520437017583
2018-03-07 16:55:36,480 INFO     Queue exhausted. Read all instances
2018-03-07 16:55:36,488 INFO     Training [5] got results {'train_l2': 0.47380951, 'error': 0.091608285903930664, 'l2': 0.62724221, 'loss': 0.7339372, 'time(s)': 975.5611248016357, 'train_error': 0.098480284214019775, 'train_loss': 0.57902056}
2018-03-07 16:55:36,489 INFO     Running training [6] in motor/1520438136489
2018-03-07 16:55:36,489 INFO     [1] Training up to epoch 255 in folder motor/1520438136489/layer_1
2018-03-07 17:01:46,613 INFO     [2] Training up to epoch 395 in folder motor/1520438136489/layer_2
2018-03-07 17:04:48,709 INFO     [3] Training up to epoch 725 in folder motor/1520438136489
2018-03-07 17:12:45,485 INFO     Running prediction [6] from on motor/1520438136489
2018-03-07 17:15:08,583 INFO     Queue exhausted. Read all instances
2018-03-07 17:15:08,593 INFO     Training [6] got results {'train_l2': 0.47130901, 'error': 0.098615646362304688, 'l2': 0.6202442, 'loss': 0.72626376, 'time(s)': 1028.996794462204, 'train_error': 0.09805220365524292, 'train_loss': 0.57666492}
2018-03-07 17:15:08,593 INFO     Running training [7] in motor/1520439308594
2018-03-07 17:15:08,593 INFO     [1] Training up to epoch 255 in folder motor/1520439308594/layer_1
2018-03-07 17:20:54,745 INFO     [2] Training up to epoch 395 in folder motor/1520439308594/layer_2
2018-03-07 17:23:58,991 INFO     [3] Training up to epoch 725 in folder motor/1520439308594
2018-03-07 17:32:04,126 INFO     Running prediction [7] from on motor/1520439308594
2018-03-07 17:34:27,336 INFO     Queue exhausted. Read all instances
2018-03-07 17:34:27,344 INFO     Training [7] got results {'train_l2': 0.47185874, 'error': 0.092633724212646484, 'l2': 0.62291437, 'loss': 0.72876543, 'time(s)': 1015.5323777198792, 'train_error': 0.099486291408538818, 'train_loss': 0.57606107}
2018-03-07 17:34:27,344 INFO     Running training [8] in motor/1520440467345
2018-03-07 17:34:27,345 INFO     [1] Training up to epoch 255 in folder motor/1520440467345/layer_1
2018-03-07 17:40:33,014 INFO     [2] Training up to epoch 395 in folder motor/1520440467345/layer_2
2018-03-07 17:43:37,834 INFO     [3] Training up to epoch 725 in folder motor/1520440467345
2018-03-07 17:51:02,893 INFO     Running prediction [8] from on motor/1520440467345
2018-03-07 17:53:26,023 INFO     Queue exhausted. Read all instances
2018-03-07 17:53:26,032 INFO     Training [8] got results {'train_l2': 0.47110713, 'error': 0.099982917308807373, 'l2': 0.61979103, 'loss': 0.72684026, 'time(s)': 995.5482025146484, 'train_error': 0.09997856616973877, 'train_loss': 0.57900316}
2018-03-07 17:53:26,032 INFO     Running training [9] in motor/1520441606032
2018-03-07 17:53:26,032 INFO     [1] Training up to epoch 255 in folder motor/1520441606032/layer_1
2018-03-07 17:59:30,553 INFO     [2] Training up to epoch 395 in folder motor/1520441606032/layer_2
2018-03-07 18:02:32,153 INFO     [3] Training up to epoch 725 in folder motor/1520441606032
2018-03-07 18:10:07,646 INFO     Running prediction [9] from on motor/1520441606032
2018-03-07 18:12:31,548 INFO     Queue exhausted. Read all instances
2018-03-07 18:12:31,556 INFO     Training [9] got results {'train_l2': 0.47198078, 'error': 0.094855606555938721, 'l2': 0.6212948, 'loss': 0.72985119, 'time(s)': 1001.6137192249298, 'train_error': 0.099208056926727295, 'train_loss': 0.57765889}
2018-03-07 18:12:31,559 INFO     train_l2: 0.472258 +- 0.001134
2018-03-07 18:12:31,559 INFO     error: 0.095744 +- 0.002623
2018-03-07 18:12:31,559 INFO     l2: 0.622064 +- 0.002062
2018-03-07 18:12:31,559 INFO     loss: 0.727785 +- 0.003145
2018-03-07 18:12:31,559 INFO     time(s): 1021.562162 +- 34.026488
2018-03-07 18:12:31,559 INFO     train_error: 0.098634 +- 0.000917
2018-03-07 18:12:31,559 INFO     train_loss: 0.577767 +- 0.002177
